----------------------------------------------------------------------------------------------------
                              INDIANA -- INDISTINGUISHABILITY ANALYSIS                              

                              INDIANA -- INDISTINGUISHABILITY ANALYSIS                              

                                      Ruhr-Universität Bochum                                      
                              Pascal Sasdrich (pascal.sasdrich@rub.de)                              
                        Jan Richter-Brockmann (jan.richter-brockmann@rub.de)                        

                                         Copyright (c) 2025                                         
                                           Pascal Sasdrich                                          
                                        Jan Richter-Brockmann                                       

                                         All rights reserved                                       
----------------------------------------------------------------------------------------------------


  TIME [s]    SERVICE          CONFIGURATION         INFO: CELL LIBRARY
----------------------------------------------------------------------------------------------------
     0.001    PARSER           CELLLIB               source: cell/nang45.txt
     0.001    PARSER           CELLLIB               Parsed cell library with 14 gate type(s). 
----------------------------------------------------------------------------------------------------
     0.001    PARSER           CELLLIB               [1;32mSUCCESS[0m


  TIME [s]    SERVICE          CONFIGURATION         INFO: DESIGN UNDER TEST
----------------------------------------------------------------------------------------------------
     3.503    PARSER           VERILOG               source: ./test/indistinguishability/case-studies-paper/present/present-single-round-hpc2-d1.v
     3.503    PARSER           VERILOG               	module(s) : 1
     3.503    PARSER           VERILOG               	gate(s)   : 3088
     3.503    PARSER           VERILOG               	 - comb.  : 1552
     3.504    PARSER           VERILOG               	 - seq.   : 1536
     3.504    PARSER           VERILOG               	wire(s)   : 3441
     3.504    PARSER           VERILOG               	pin(s)    : 11139
     3.504    PARSER           VERILOG               WARNING: detected 1506 unconnected pins!
----------------------------------------------------------------------------------------------------
     3.504    PARSER           VERILOG               [1;32mSUCCESS[0m


  TIME [s]    SERVICE          CONFIGURATION         INFO: ANNOTATIONS
----------------------------------------------------------------------------------------------------
     3.507    PREPROCESSOR     ANNOTATION            1 input wire was tagged as clock input.
     3.507    PREPROCESSOR     ANNOTATION            0 input wires were tagged as control inputs.
     3.507    PREPROCESSOR     ANNOTATION            64 input wires were tagged as refresh inputs.
     3.507    PREPROCESSOR     ANNOTATION            0 output wires were tagged as error flags.
     3.507    PREPROCESSOR     ANNOTATION            0 input wires were tagged with PIIDs.
     3.507    PREPROCESSOR     ANNOTATION            384 wires were tagged with a share domain.
     3.507    PREPROCESSOR     ANNOTATION            384 wires were tagged with a share index.
     3.507    PREPROCESSOR     ANNOTATION            0 wires were tagged with a fault domain.
----------------------------------------------------------------------------------------------------
     3.507    PREPROCESSOR     ANNOTATION            [1;32mSUCCESS[0m


  TIME [s]    SERVICE          CONFIGURATION         INFO: FILTERING
----------------------------------------------------------------------------------------------------
     3.508    PREPROCESSOR     FILTERING             Filtering for side-channel verification is disabled!
     3.508    PREPROCESSOR     FILTERING             Filtering for fault-injection verification is disabled!
----------------------------------------------------------------------------------------------------
     3.508    PREPROCESSOR     FILTERING             [1;32mSUCCESS[0m


  TIME [s]    SERVICE          CONFIGURATION         INFO
----------------------------------------------------------------------------------------------------
     3.508    PREPROCESSOR     MULTI-THREADING       cores: 16
     3.508    PREPROCESSOR     MULTI-THREADING       memory: 0 GB
     3.508    PREPROCESSOR     MULTI-THREADING       reordering: disabled
----------------------------------------------------------------------------------------------------
     3.508    PREPROCESSOR     MULTI-THREADING       [1;32mSUCCESS[0m


  TIME [s]    SERVICE          CONFIGURATION         INFO: MODEL POSTPROCESSING
----------------------------------------------------------------------------------------------------
     3.524    PREPROCESSOR     MODEL POSTPROCESSING  Removed clock tree from netlist (1 wire was removed).
     3.524    PREPROCESSOR     MODEL POSTPROCESSING  No control signals were found.
     3.524    PREPROCESSOR     MODEL POSTPROCESSING  Removed 1506 unconnected pins.
     3.524    PREPROCESSOR     MODEL POSTPROCESSING  Removed 0 unconnected wires.
----------------------------------------------------------------------------------------------------
     3.524    PREPROCESSOR     MODEL POSTPROCESSING  [1;32mSUCCESS[0m


  TIME [s]    SERVICE          CONFIGURATION         INFO: PROPERTIES
----------------------------------------------------------------------------------------------------
     3.602    PREPROCESSOR     MODEL PROPERTIES      Determined 128 shared inputs.
     3.602    PREPROCESSOR     MODEL PROPERTIES      	Minimum number of shares: 2
     3.602    PREPROCESSOR     MODEL PROPERTIES      Identified stage(s): 
     3.602    PREPROCESSOR     MODEL PROPERTIES      	logic    : 4
     3.602    PREPROCESSOR     MODEL PROPERTIES      	register : 3
----------------------------------------------------------------------------------------------------
     3.602    PREPROCESSOR     MODEL PROPERTIES      [1;32mSUCCESS[0m


  TIME [s]    SERVICE          CONFIGURATION         INFO: PARTITIONER
----------------------------------------------------------------------------------------------------
     3.762    PARTITIONER      BREADTH+DEPTH         Identified 64 partitions.
----------------------------------------------------------------------------------------------------
     3.762    PARTITIONER      BREADTH+DEPTH         [1;32mSUCCESS[0m


  TIME [s]    SERVICE          CONFIGURATION         INFO: Configure FIA
----------------------------------------------------------------------------------------------------
     3.762    PREPROCESSOR     FIA                   FIA preprocessor is disabled!
----------------------------------------------------------------------------------------------------
     3.762    PREPROCESSOR     FIA                   [1;32mSUCCESS[0m


  TIME [s]    SERVICE          CONFIGURATION         INFO: Configure SCA
----------------------------------------------------------------------------------------------------
     3.763    PREPROCESSOR     SCA                   Determined 1664 probe positions.
     3.763    PREPROCESSOR     SCA                   Determined 0 probe combinations.
----------------------------------------------------------------------------------------------------
     3.763    PREPROCESSOR     SCA                   [1;32mSUCCESS[0m


  TIME [s]    SERVICE          CONFIGURATION         INFO: MODULE ELABORATION
----------------------------------------------------------------------------------------------------
     3.799    PREPROCESSOR     ELABORATE             module  : virtual_module_0
     3.799    PREPROCESSOR     ELABORATE             	inputs  : 20
     3.799    PREPROCESSOR     ELABORATE             	outputs : 40
     3.799    PREPROCESSOR     ELABORATE             	wires   : 55
----------------------------------------------------------------------------------------------------
     3.799    PREPROCESSOR     ELABORATE             [1;32mSUCCESS[0m


  TIME [s]    SERVICE          CONFIGURATION         INFO: MODULE ELABORATION
----------------------------------------------------------------------------------------------------
     3.800    PREPROCESSOR     ELABORATE             module  : virtual_module_1
     3.800    PREPROCESSOR     ELABORATE             	inputs  : 20
     3.800    PREPROCESSOR     ELABORATE             	outputs : 40
     3.800    PREPROCESSOR     ELABORATE             	wires   : 55
----------------------------------------------------------------------------------------------------
     3.800    PREPROCESSOR     ELABORATE             [1;32mSUCCESS[0m


  TIME [s]    SERVICE          CONFIGURATION         INFO: MODULE ELABORATION
----------------------------------------------------------------------------------------------------
     3.800    PREPROCESSOR     ELABORATE             module  : virtual_module_2
     3.800    PREPROCESSOR     ELABORATE             	inputs  : 20
     3.800    PREPROCESSOR     ELABORATE             	outputs : 40
     3.800    PREPROCESSOR     ELABORATE             	wires   : 55
----------------------------------------------------------------------------------------------------
     3.800    PREPROCESSOR     ELABORATE             [1;32mSUCCESS[0m


  TIME [s]    SERVICE          CONFIGURATION         INFO: MODULE ELABORATION
----------------------------------------------------------------------------------------------------
     3.801    PREPROCESSOR     ELABORATE             module  : virtual_module_3
     3.801    PREPROCESSOR     ELABORATE             	inputs  : 20
     3.801    PREPROCESSOR     ELABORATE             	outputs : 40
     3.801    PREPROCESSOR     ELABORATE             	wires   : 55
----------------------------------------------------------------------------------------------------
     3.801    PREPROCESSOR     ELABORATE             [1;32mSUCCESS[0m


  TIME [s]    SERVICE          CONFIGURATION         INFO: MODULE ELABORATION
----------------------------------------------------------------------------------------------------
     3.801    PREPROCESSOR     ELABORATE             module  : virtual_module_4
     3.801    PREPROCESSOR     ELABORATE             	inputs  : 20
     3.801    PREPROCESSOR     ELABORATE             	outputs : 40
     3.801    PREPROCESSOR     ELABORATE             	wires   : 55
----------------------------------------------------------------------------------------------------
     3.801    PREPROCESSOR     ELABORATE             [1;32mSUCCESS[0m


  TIME [s]    SERVICE          CONFIGURATION         INFO: MODULE ELABORATION
----------------------------------------------------------------------------------------------------
     3.802    PREPROCESSOR     ELABORATE             module  : virtual_module_5
     3.802    PREPROCESSOR     ELABORATE             	inputs  : 20
     3.802    PREPROCESSOR     ELABORATE             	outputs : 40
     3.802    PREPROCESSOR     ELABORATE             	wires   : 55
----------------------------------------------------------------------------------------------------
     3.802    PREPROCESSOR     ELABORATE             [1;32mSUCCESS[0m


  TIME [s]    SERVICE          CONFIGURATION         INFO: MODULE ELABORATION
----------------------------------------------------------------------------------------------------
     3.803    PREPROCESSOR     ELABORATE             module  : virtual_module_6
     3.803    PREPROCESSOR     ELABORATE             	inputs  : 20
     3.803    PREPROCESSOR     ELABORATE             	outputs : 40
     3.803    PREPROCESSOR     ELABORATE             	wires   : 55
----------------------------------------------------------------------------------------------------
     3.803    PREPROCESSOR     ELABORATE             [1;32mSUCCESS[0m


  TIME [s]    SERVICE          CONFIGURATION         INFO: MODULE ELABORATION
----------------------------------------------------------------------------------------------------
     3.803    PREPROCESSOR     ELABORATE             module  : virtual_module_7
     3.803    PREPROCESSOR     ELABORATE             	inputs  : 20
     3.803    PREPROCESSOR     ELABORATE             	outputs : 40
     3.803    PREPROCESSOR     ELABORATE             	wires   : 55
----------------------------------------------------------------------------------------------------
     3.803    PREPROCESSOR     ELABORATE             [1;32mSUCCESS[0m


  TIME [s]    SERVICE          CONFIGURATION         INFO: MODULE ELABORATION
----------------------------------------------------------------------------------------------------
     3.804    PREPROCESSOR     ELABORATE             module  : virtual_module_8
     3.804    PREPROCESSOR     ELABORATE             	inputs  : 20
     3.804    PREPROCESSOR     ELABORATE             	outputs : 40
     3.804    PREPROCESSOR     ELABORATE             	wires   : 55
----------------------------------------------------------------------------------------------------
     3.804    PREPROCESSOR     ELABORATE             [1;32mSUCCESS[0m


  TIME [s]    SERVICE          CONFIGURATION         INFO: MODULE ELABORATION
----------------------------------------------------------------------------------------------------
     3.804    PREPROCESSOR     ELABORATE             module  : virtual_module_9
     3.804    PREPROCESSOR     ELABORATE             	inputs  : 20
     3.804    PREPROCESSOR     ELABORATE             	outputs : 40
     3.804    PREPROCESSOR     ELABORATE             	wires   : 55
----------------------------------------------------------------------------------------------------
     3.804    PREPROCESSOR     ELABORATE             [1;32mSUCCESS[0m


  TIME [s]    SERVICE          CONFIGURATION         INFO: MODULE ELABORATION
----------------------------------------------------------------------------------------------------
     3.805    PREPROCESSOR     ELABORATE             module  : virtual_module_10
     3.805    PREPROCESSOR     ELABORATE             	inputs  : 20
     3.805    PREPROCESSOR     ELABORATE             	outputs : 40
     3.805    PREPROCESSOR     ELABORATE             	wires   : 55
----------------------------------------------------------------------------------------------------
     3.805    PREPROCESSOR     ELABORATE             [1;32mSUCCESS[0m


  TIME [s]    SERVICE          CONFIGURATION         INFO: MODULE ELABORATION
----------------------------------------------------------------------------------------------------
     3.805    PREPROCESSOR     ELABORATE             module  : virtual_module_11
     3.805    PREPROCESSOR     ELABORATE             	inputs  : 20
     3.805    PREPROCESSOR     ELABORATE             	outputs : 40
     3.805    PREPROCESSOR     ELABORATE             	wires   : 55
----------------------------------------------------------------------------------------------------
     3.806    PREPROCESSOR     ELABORATE             [1;32mSUCCESS[0m


  TIME [s]    SERVICE          CONFIGURATION         INFO: MODULE ELABORATION
----------------------------------------------------------------------------------------------------
     3.806    PREPROCESSOR     ELABORATE             module  : virtual_module_12
     3.806    PREPROCESSOR     ELABORATE             	inputs  : 20
     3.806    PREPROCESSOR     ELABORATE             	outputs : 40
     3.806    PREPROCESSOR     ELABORATE             	wires   : 55
----------------------------------------------------------------------------------------------------
     3.806    PREPROCESSOR     ELABORATE             [1;32mSUCCESS[0m


  TIME [s]    SERVICE          CONFIGURATION         INFO: MODULE ELABORATION
----------------------------------------------------------------------------------------------------
     3.807    PREPROCESSOR     ELABORATE             module  : virtual_module_13
     3.807    PREPROCESSOR     ELABORATE             	inputs  : 20
     3.807    PREPROCESSOR     ELABORATE             	outputs : 40
     3.807    PREPROCESSOR     ELABORATE             	wires   : 55
----------------------------------------------------------------------------------------------------
     3.807    PREPROCESSOR     ELABORATE             [1;32mSUCCESS[0m


  TIME [s]    SERVICE          CONFIGURATION         INFO: MODULE ELABORATION
----------------------------------------------------------------------------------------------------
     3.807    PREPROCESSOR     ELABORATE             module  : virtual_module_14
     3.807    PREPROCESSOR     ELABORATE             	inputs  : 20
     3.807    PREPROCESSOR     ELABORATE             	outputs : 40
     3.807    PREPROCESSOR     ELABORATE             	wires   : 55
----------------------------------------------------------------------------------------------------
     3.807    PREPROCESSOR     ELABORATE             [1;32mSUCCESS[0m


  TIME [s]    SERVICE          CONFIGURATION         INFO: MODULE ELABORATION
----------------------------------------------------------------------------------------------------
     3.808    PREPROCESSOR     ELABORATE             module  : virtual_module_15
     3.808    PREPROCESSOR     ELABORATE             	inputs  : 20
     3.808    PREPROCESSOR     ELABORATE             	outputs : 40
     3.808    PREPROCESSOR     ELABORATE             	wires   : 55
----------------------------------------------------------------------------------------------------
     3.808    PREPROCESSOR     ELABORATE             [1;32mSUCCESS[0m


  TIME [s]    SERVICE          CONFIGURATION         INFO: RANDOM PROBING
----------------------------------------------------------------------------------------------------
     4.100    ANALYZER         FFT-INDIANA           leakage probability (stage 1) : 
     4.100    ANALYZER         FFT-INDIANA           	max. probes  : 50
     4.100    ANALYZER         FFT-INDIANA           	max. samples : 20
     4.100    ANALYZER         FFT-INDIANA           	virtual_module_0 (min./max.) : 8.026586e-04 / 8.026586e-04
     4.100    ANALYZER         FFT-INDIANA           	virtual_module_1 (min./max.) : 8.026586e-04 / 8.026586e-04
     4.100    ANALYZER         FFT-INDIANA           	virtual_module_2 (min./max.) : 8.026586e-04 / 8.026586e-04
     4.100    ANALYZER         FFT-INDIANA           	virtual_module_3 (min./max.) : 8.026586e-04 / 8.026586e-04
     4.100    ANALYZER         FFT-INDIANA           	virtual_module_4 (min./max.) : 8.026586e-04 / 8.026586e-04
     4.100    ANALYZER         FFT-INDIANA           	virtual_module_5 (min./max.) : 8.026586e-04 / 8.026586e-04
     4.100    ANALYZER         FFT-INDIANA           	virtual_module_6 (min./max.) : 8.026586e-04 / 8.026586e-04
     4.100    ANALYZER         FFT-INDIANA           	virtual_module_7 (min./max.) : 8.026586e-04 / 8.026586e-04
     4.100    ANALYZER         FFT-INDIANA           	virtual_module_8 (min./max.) : 8.026586e-04 / 8.026586e-04
     4.100    ANALYZER         FFT-INDIANA           	virtual_module_9 (min./max.) : 8.026586e-04 / 8.026586e-04
     4.100    ANALYZER         FFT-INDIANA           	virtual_module_10 (min./max.) : 8.026586e-04 / 8.026586e-04
     4.100    ANALYZER         FFT-INDIANA           	virtual_module_11 (min./max.) : 8.026586e-04 / 8.026586e-04
     4.100    ANALYZER         FFT-INDIANA           	virtual_module_12 (min./max.) : 8.026586e-04 / 8.026586e-04
     4.100    ANALYZER         FFT-INDIANA           	virtual_module_13 (min./max.) : 8.026586e-04 / 8.026586e-04
     4.100    ANALYZER         FFT-INDIANA           	virtual_module_14 (min./max.) : 8.026586e-04 / 8.026586e-04
     4.100    ANALYZER         FFT-INDIANA           	virtual_module_15 (min./max.) : 8.026586e-04 / 8.026586e-04
     4.100    ANALYZER         FFT-INDIANA           total (min./max.): 1.276552e-02 / 1.276552e-02

  TIME [s]    SERVICE          CONFIGURATION         INFO: FREQUENCY UPDATE
----------------------------------------------------------------------------------------------------
     4.100    ENVIRONMENT      INDIANA               [1;32mSUCCESS[0m

  TIME [s]    SERVICE          CONFIGURATION         INFO: FREQUENCY TRANSFER
----------------------------------------------------------------------------------------------------
     4.263    ENVIRONMENT      INDIANA               [1;32mSUCCESS[0m

  TIME [s]    SERVICE          CONFIGURATION         INFO: MODULE ELABORATION
----------------------------------------------------------------------------------------------------
     4.276    PREPROCESSOR     ELABORATE             module  : virtual_module_16
     4.276    PREPROCESSOR     ELABORATE             	inputs  : 40
     4.276    PREPROCESSOR     ELABORATE             	outputs : 34
     4.276    PREPROCESSOR     ELABORATE             	wires   : 92
----------------------------------------------------------------------------------------------------
     4.276    PREPROCESSOR     ELABORATE             [1;32mSUCCESS[0m


  TIME [s]    SERVICE          CONFIGURATION         INFO: MODULE ELABORATION
----------------------------------------------------------------------------------------------------
     4.290    PREPROCESSOR     ELABORATE             module  : virtual_module_17
     4.290    PREPROCESSOR     ELABORATE             	inputs  : 40
     4.290    PREPROCESSOR     ELABORATE             	outputs : 34
     4.290    PREPROCESSOR     ELABORATE             	wires   : 92
----------------------------------------------------------------------------------------------------
     4.290    PREPROCESSOR     ELABORATE             [1;32mSUCCESS[0m


  TIME [s]    SERVICE          CONFIGURATION         INFO: MODULE ELABORATION
----------------------------------------------------------------------------------------------------
     4.304    PREPROCESSOR     ELABORATE             module  : virtual_module_18
     4.304    PREPROCESSOR     ELABORATE             	inputs  : 40
     4.304    PREPROCESSOR     ELABORATE             	outputs : 34
     4.304    PREPROCESSOR     ELABORATE             	wires   : 92
----------------------------------------------------------------------------------------------------
     4.304    PREPROCESSOR     ELABORATE             [1;32mSUCCESS[0m


  TIME [s]    SERVICE          CONFIGURATION         INFO: MODULE ELABORATION
----------------------------------------------------------------------------------------------------
     4.318    PREPROCESSOR     ELABORATE             module  : virtual_module_19
     4.318    PREPROCESSOR     ELABORATE             	inputs  : 40
     4.318    PREPROCESSOR     ELABORATE             	outputs : 34
     4.318    PREPROCESSOR     ELABORATE             	wires   : 92
----------------------------------------------------------------------------------------------------
     4.318    PREPROCESSOR     ELABORATE             [1;32mSUCCESS[0m


  TIME [s]    SERVICE          CONFIGURATION         INFO: MODULE ELABORATION
----------------------------------------------------------------------------------------------------
     4.332    PREPROCESSOR     ELABORATE             module  : virtual_module_20
     4.332    PREPROCESSOR     ELABORATE             	inputs  : 40
     4.332    PREPROCESSOR     ELABORATE             	outputs : 34
     4.332    PREPROCESSOR     ELABORATE             	wires   : 92
----------------------------------------------------------------------------------------------------
     4.332    PREPROCESSOR     ELABORATE             [1;32mSUCCESS[0m


  TIME [s]    SERVICE          CONFIGURATION         INFO: MODULE ELABORATION
----------------------------------------------------------------------------------------------------
     4.346    PREPROCESSOR     ELABORATE             module  : virtual_module_21
     4.346    PREPROCESSOR     ELABORATE             	inputs  : 40
     4.346    PREPROCESSOR     ELABORATE             	outputs : 34
     4.346    PREPROCESSOR     ELABORATE             	wires   : 92
----------------------------------------------------------------------------------------------------
     4.346    PREPROCESSOR     ELABORATE             [1;32mSUCCESS[0m


  TIME [s]    SERVICE          CONFIGURATION         INFO: MODULE ELABORATION
----------------------------------------------------------------------------------------------------
     4.360    PREPROCESSOR     ELABORATE             module  : virtual_module_22
     4.360    PREPROCESSOR     ELABORATE             	inputs  : 40
     4.360    PREPROCESSOR     ELABORATE             	outputs : 34
     4.360    PREPROCESSOR     ELABORATE             	wires   : 92
----------------------------------------------------------------------------------------------------
     4.360    PREPROCESSOR     ELABORATE             [1;32mSUCCESS[0m


  TIME [s]    SERVICE          CONFIGURATION         INFO: MODULE ELABORATION
----------------------------------------------------------------------------------------------------
     4.374    PREPROCESSOR     ELABORATE             module  : virtual_module_23
     4.374    PREPROCESSOR     ELABORATE             	inputs  : 40
     4.374    PREPROCESSOR     ELABORATE             	outputs : 34
     4.374    PREPROCESSOR     ELABORATE             	wires   : 92
----------------------------------------------------------------------------------------------------
     4.374    PREPROCESSOR     ELABORATE             [1;32mSUCCESS[0m


  TIME [s]    SERVICE          CONFIGURATION         INFO: MODULE ELABORATION
----------------------------------------------------------------------------------------------------
     4.387    PREPROCESSOR     ELABORATE             module  : virtual_module_24
     4.387    PREPROCESSOR     ELABORATE             	inputs  : 40
     4.387    PREPROCESSOR     ELABORATE             	outputs : 34
     4.387    PREPROCESSOR     ELABORATE             	wires   : 92
----------------------------------------------------------------------------------------------------
     4.387    PREPROCESSOR     ELABORATE             [1;32mSUCCESS[0m


  TIME [s]    SERVICE          CONFIGURATION         INFO: MODULE ELABORATION
----------------------------------------------------------------------------------------------------
     4.401    PREPROCESSOR     ELABORATE             module  : virtual_module_25
     4.401    PREPROCESSOR     ELABORATE             	inputs  : 40
     4.401    PREPROCESSOR     ELABORATE             	outputs : 34
     4.401    PREPROCESSOR     ELABORATE             	wires   : 92
----------------------------------------------------------------------------------------------------
     4.402    PREPROCESSOR     ELABORATE             [1;32mSUCCESS[0m


  TIME [s]    SERVICE          CONFIGURATION         INFO: MODULE ELABORATION
----------------------------------------------------------------------------------------------------
     4.417    PREPROCESSOR     ELABORATE             module  : virtual_module_26
     4.417    PREPROCESSOR     ELABORATE             	inputs  : 40
     4.417    PREPROCESSOR     ELABORATE             	outputs : 34
     4.417    PREPROCESSOR     ELABORATE             	wires   : 92
----------------------------------------------------------------------------------------------------
     4.417    PREPROCESSOR     ELABORATE             [1;32mSUCCESS[0m


  TIME [s]    SERVICE          CONFIGURATION         INFO: MODULE ELABORATION
----------------------------------------------------------------------------------------------------
     4.431    PREPROCESSOR     ELABORATE             module  : virtual_module_27
     4.431    PREPROCESSOR     ELABORATE             	inputs  : 40
     4.431    PREPROCESSOR     ELABORATE             	outputs : 34
     4.431    PREPROCESSOR     ELABORATE             	wires   : 92
----------------------------------------------------------------------------------------------------
     4.431    PREPROCESSOR     ELABORATE             [1;32mSUCCESS[0m


  TIME [s]    SERVICE          CONFIGURATION         INFO: MODULE ELABORATION
----------------------------------------------------------------------------------------------------
     4.445    PREPROCESSOR     ELABORATE             module  : virtual_module_28
     4.445    PREPROCESSOR     ELABORATE             	inputs  : 40
     4.445    PREPROCESSOR     ELABORATE             	outputs : 34
     4.445    PREPROCESSOR     ELABORATE             	wires   : 92
----------------------------------------------------------------------------------------------------
     4.445    PREPROCESSOR     ELABORATE             [1;32mSUCCESS[0m


  TIME [s]    SERVICE          CONFIGURATION         INFO: MODULE ELABORATION
----------------------------------------------------------------------------------------------------
     4.459    PREPROCESSOR     ELABORATE             module  : virtual_module_29
     4.459    PREPROCESSOR     ELABORATE             	inputs  : 40
     4.459    PREPROCESSOR     ELABORATE             	outputs : 34
     4.459    PREPROCESSOR     ELABORATE             	wires   : 92
----------------------------------------------------------------------------------------------------
     4.459    PREPROCESSOR     ELABORATE             [1;32mSUCCESS[0m


  TIME [s]    SERVICE          CONFIGURATION         INFO: MODULE ELABORATION
----------------------------------------------------------------------------------------------------
     4.472    PREPROCESSOR     ELABORATE             module  : virtual_module_30
     4.472    PREPROCESSOR     ELABORATE             	inputs  : 40
     4.472    PREPROCESSOR     ELABORATE             	outputs : 34
     4.472    PREPROCESSOR     ELABORATE             	wires   : 92
----------------------------------------------------------------------------------------------------
     4.472    PREPROCESSOR     ELABORATE             [1;32mSUCCESS[0m


  TIME [s]    SERVICE          CONFIGURATION         INFO: MODULE ELABORATION
----------------------------------------------------------------------------------------------------
     4.486    PREPROCESSOR     ELABORATE             module  : virtual_module_31
     4.486    PREPROCESSOR     ELABORATE             	inputs  : 40
     4.486    PREPROCESSOR     ELABORATE             	outputs : 34
     4.486    PREPROCESSOR     ELABORATE             	wires   : 92
----------------------------------------------------------------------------------------------------
     4.486    PREPROCESSOR     ELABORATE             [1;32mSUCCESS[0m


  TIME [s]    SERVICE          CONFIGURATION         INFO: RANDOM PROBING
----------------------------------------------------------------------------------------------------
     8.692    ANALYZER         FFT-INDIANA           leakage probability (stage 2) : 
     8.692    ANALYZER         FFT-INDIANA           	max. probes  : 50
     8.692    ANALYZER         FFT-INDIANA           	max. samples : 20
     8.692    ANALYZER         FFT-INDIANA           	virtual_module_16 (min./max.) : 1.218211e-03 / 1.218215e-03
     8.692    ANALYZER         FFT-INDIANA           	virtual_module_17 (min./max.) : 1.218211e-03 / 1.218229e-03
     8.692    ANALYZER         FFT-INDIANA           	virtual_module_18 (min./max.) : 1.218211e-03 / 1.218214e-03
     8.692    ANALYZER         FFT-INDIANA           	virtual_module_19 (min./max.) : 1.218211e-03 / 1.218212e-03
     8.692    ANALYZER         FFT-INDIANA           	virtual_module_20 (min./max.) : 1.218211e-03 / 1.218217e-03
     8.692    ANALYZER         FFT-INDIANA           	virtual_module_21 (min./max.) : 1.218211e-03 / 1.218212e-03
     8.692    ANALYZER         FFT-INDIANA           	virtual_module_22 (min./max.) : 1.218211e-03 / 1.218215e-03
     8.692    ANALYZER         FFT-INDIANA           	virtual_module_23 (min./max.) : 1.218211e-03 / 1.218213e-03
     8.692    ANALYZER         FFT-INDIANA           	virtual_module_24 (min./max.) : 1.218211e-03 / 1.218213e-03
     8.692    ANALYZER         FFT-INDIANA           	virtual_module_25 (min./max.) : 1.218211e-03 / 1.218213e-03
     8.692    ANALYZER         FFT-INDIANA           	virtual_module_26 (min./max.) : 1.218211e-03 / 1.218298e-03
     8.692    ANALYZER         FFT-INDIANA           	virtual_module_27 (min./max.) : 1.218211e-03 / 1.218216e-03
     8.692    ANALYZER         FFT-INDIANA           	virtual_module_28 (min./max.) : 1.218211e-03 / 1.218212e-03
     8.692    ANALYZER         FFT-INDIANA           	virtual_module_29 (min./max.) : 1.218211e-03 / 1.218212e-03
     8.692    ANALYZER         FFT-INDIANA           	virtual_module_30 (min./max.) : 1.218211e-03 / 1.218213e-03
     8.692    ANALYZER         FFT-INDIANA           	virtual_module_31 (min./max.) : 1.218211e-03 / 1.218215e-03
     8.692    ANALYZER         FFT-INDIANA           total (min./max.): 1.931431e-02 / 1.931444e-02

  TIME [s]    SERVICE          CONFIGURATION         INFO: FREQUENCY UPDATE
----------------------------------------------------------------------------------------------------
     8.692    ENVIRONMENT      INDIANA               [1;32mSUCCESS[0m

  TIME [s]    SERVICE          CONFIGURATION         INFO: FREQUENCY TRANSFER
----------------------------------------------------------------------------------------------------
     8.881    ENVIRONMENT      INDIANA               [1;32mSUCCESS[0m

  TIME [s]    SERVICE          CONFIGURATION         INFO: MODULE ELABORATION
----------------------------------------------------------------------------------------------------
     8.898    PREPROCESSOR     ELABORATE             module  : virtual_module_32
     8.898    PREPROCESSOR     ELABORATE             	inputs  : 34
     8.898    PREPROCESSOR     ELABORATE             	outputs : 22
     8.898    PREPROCESSOR     ELABORATE             	wires   : 104
----------------------------------------------------------------------------------------------------
     8.898    PREPROCESSOR     ELABORATE             [1;32mSUCCESS[0m


  TIME [s]    SERVICE          CONFIGURATION         INFO: MODULE ELABORATION
----------------------------------------------------------------------------------------------------
     8.915    PREPROCESSOR     ELABORATE             module  : virtual_module_33
     8.915    PREPROCESSOR     ELABORATE             	inputs  : 34
     8.915    PREPROCESSOR     ELABORATE             	outputs : 22
     8.915    PREPROCESSOR     ELABORATE             	wires   : 104
----------------------------------------------------------------------------------------------------
     8.915    PREPROCESSOR     ELABORATE             [1;32mSUCCESS[0m


  TIME [s]    SERVICE          CONFIGURATION         INFO: MODULE ELABORATION
----------------------------------------------------------------------------------------------------
     8.933    PREPROCESSOR     ELABORATE             module  : virtual_module_34
     8.933    PREPROCESSOR     ELABORATE             	inputs  : 34
     8.933    PREPROCESSOR     ELABORATE             	outputs : 22
     8.933    PREPROCESSOR     ELABORATE             	wires   : 104
----------------------------------------------------------------------------------------------------
     8.933    PREPROCESSOR     ELABORATE             [1;32mSUCCESS[0m


  TIME [s]    SERVICE          CONFIGURATION         INFO: MODULE ELABORATION
----------------------------------------------------------------------------------------------------
     8.951    PREPROCESSOR     ELABORATE             module  : virtual_module_35
     8.951    PREPROCESSOR     ELABORATE             	inputs  : 34
     8.951    PREPROCESSOR     ELABORATE             	outputs : 22
     8.951    PREPROCESSOR     ELABORATE             	wires   : 104
----------------------------------------------------------------------------------------------------
     8.951    PREPROCESSOR     ELABORATE             [1;32mSUCCESS[0m


  TIME [s]    SERVICE          CONFIGURATION         INFO: MODULE ELABORATION
----------------------------------------------------------------------------------------------------
     8.968    PREPROCESSOR     ELABORATE             module  : virtual_module_36
     8.968    PREPROCESSOR     ELABORATE             	inputs  : 34
     8.968    PREPROCESSOR     ELABORATE             	outputs : 22
     8.968    PREPROCESSOR     ELABORATE             	wires   : 104
----------------------------------------------------------------------------------------------------
     8.968    PREPROCESSOR     ELABORATE             [1;32mSUCCESS[0m


  TIME [s]    SERVICE          CONFIGURATION         INFO: MODULE ELABORATION
----------------------------------------------------------------------------------------------------
     8.985    PREPROCESSOR     ELABORATE             module  : virtual_module_37
     8.985    PREPROCESSOR     ELABORATE             	inputs  : 34
     8.985    PREPROCESSOR     ELABORATE             	outputs : 22
     8.985    PREPROCESSOR     ELABORATE             	wires   : 104
----------------------------------------------------------------------------------------------------
     8.985    PREPROCESSOR     ELABORATE             [1;32mSUCCESS[0m


  TIME [s]    SERVICE          CONFIGURATION         INFO: MODULE ELABORATION
----------------------------------------------------------------------------------------------------
     9.003    PREPROCESSOR     ELABORATE             module  : virtual_module_38
     9.003    PREPROCESSOR     ELABORATE             	inputs  : 34
     9.003    PREPROCESSOR     ELABORATE             	outputs : 22
     9.003    PREPROCESSOR     ELABORATE             	wires   : 104
----------------------------------------------------------------------------------------------------
     9.003    PREPROCESSOR     ELABORATE             [1;32mSUCCESS[0m


  TIME [s]    SERVICE          CONFIGURATION         INFO: MODULE ELABORATION
----------------------------------------------------------------------------------------------------
     9.020    PREPROCESSOR     ELABORATE             module  : virtual_module_39
     9.020    PREPROCESSOR     ELABORATE             	inputs  : 34
     9.020    PREPROCESSOR     ELABORATE             	outputs : 22
     9.020    PREPROCESSOR     ELABORATE             	wires   : 104
----------------------------------------------------------------------------------------------------
     9.020    PREPROCESSOR     ELABORATE             [1;32mSUCCESS[0m


  TIME [s]    SERVICE          CONFIGURATION         INFO: MODULE ELABORATION
----------------------------------------------------------------------------------------------------
     9.038    PREPROCESSOR     ELABORATE             module  : virtual_module_40
     9.038    PREPROCESSOR     ELABORATE             	inputs  : 34
     9.038    PREPROCESSOR     ELABORATE             	outputs : 22
     9.038    PREPROCESSOR     ELABORATE             	wires   : 104
----------------------------------------------------------------------------------------------------
     9.038    PREPROCESSOR     ELABORATE             [1;32mSUCCESS[0m


  TIME [s]    SERVICE          CONFIGURATION         INFO: MODULE ELABORATION
----------------------------------------------------------------------------------------------------
     9.055    PREPROCESSOR     ELABORATE             module  : virtual_module_41
     9.055    PREPROCESSOR     ELABORATE             	inputs  : 34
     9.055    PREPROCESSOR     ELABORATE             	outputs : 22
     9.055    PREPROCESSOR     ELABORATE             	wires   : 104
----------------------------------------------------------------------------------------------------
     9.055    PREPROCESSOR     ELABORATE             [1;32mSUCCESS[0m


  TIME [s]    SERVICE          CONFIGURATION         INFO: MODULE ELABORATION
----------------------------------------------------------------------------------------------------
     9.076    PREPROCESSOR     ELABORATE             module  : virtual_module_42
     9.076    PREPROCESSOR     ELABORATE             	inputs  : 34
     9.076    PREPROCESSOR     ELABORATE             	outputs : 22
     9.076    PREPROCESSOR     ELABORATE             	wires   : 104
----------------------------------------------------------------------------------------------------
     9.076    PREPROCESSOR     ELABORATE             [1;32mSUCCESS[0m


  TIME [s]    SERVICE          CONFIGURATION         INFO: MODULE ELABORATION
----------------------------------------------------------------------------------------------------
     9.093    PREPROCESSOR     ELABORATE             module  : virtual_module_43
     9.093    PREPROCESSOR     ELABORATE             	inputs  : 34
     9.093    PREPROCESSOR     ELABORATE             	outputs : 22
     9.093    PREPROCESSOR     ELABORATE             	wires   : 104
----------------------------------------------------------------------------------------------------
     9.093    PREPROCESSOR     ELABORATE             [1;32mSUCCESS[0m


  TIME [s]    SERVICE          CONFIGURATION         INFO: MODULE ELABORATION
----------------------------------------------------------------------------------------------------
     9.111    PREPROCESSOR     ELABORATE             module  : virtual_module_44
     9.111    PREPROCESSOR     ELABORATE             	inputs  : 34
     9.111    PREPROCESSOR     ELABORATE             	outputs : 22
     9.111    PREPROCESSOR     ELABORATE             	wires   : 104
----------------------------------------------------------------------------------------------------
     9.111    PREPROCESSOR     ELABORATE             [1;32mSUCCESS[0m


  TIME [s]    SERVICE          CONFIGURATION         INFO: MODULE ELABORATION
----------------------------------------------------------------------------------------------------
     9.128    PREPROCESSOR     ELABORATE             module  : virtual_module_45
     9.128    PREPROCESSOR     ELABORATE             	inputs  : 34
     9.128    PREPROCESSOR     ELABORATE             	outputs : 22
     9.128    PREPROCESSOR     ELABORATE             	wires   : 104
----------------------------------------------------------------------------------------------------
     9.128    PREPROCESSOR     ELABORATE             [1;32mSUCCESS[0m


  TIME [s]    SERVICE          CONFIGURATION         INFO: MODULE ELABORATION
----------------------------------------------------------------------------------------------------
     9.146    PREPROCESSOR     ELABORATE             module  : virtual_module_46
     9.146    PREPROCESSOR     ELABORATE             	inputs  : 34
     9.146    PREPROCESSOR     ELABORATE             	outputs : 22
     9.146    PREPROCESSOR     ELABORATE             	wires   : 104
----------------------------------------------------------------------------------------------------
     9.146    PREPROCESSOR     ELABORATE             [1;32mSUCCESS[0m


  TIME [s]    SERVICE          CONFIGURATION         INFO: MODULE ELABORATION
----------------------------------------------------------------------------------------------------
     9.163    PREPROCESSOR     ELABORATE             module  : virtual_module_47
     9.163    PREPROCESSOR     ELABORATE             	inputs  : 34
     9.163    PREPROCESSOR     ELABORATE             	outputs : 22
     9.163    PREPROCESSOR     ELABORATE             	wires   : 104
----------------------------------------------------------------------------------------------------
     9.164    PREPROCESSOR     ELABORATE             [1;32mSUCCESS[0m


  TIME [s]    SERVICE          CONFIGURATION         INFO: RANDOM PROBING
----------------------------------------------------------------------------------------------------
   436.712    ANALYZER         FFT-INDIANA           leakage probability (stage 3) : 
   436.712    ANALYZER         FFT-INDIANA           	max. probes  : 50
   436.712    ANALYZER         FFT-INDIANA           	max. samples : 20
   436.712    ANALYZER         FFT-INDIANA           	virtual_module_32 (min./max.) : 5.089422e-03 / 6.293840e-03
   436.712    ANALYZER         FFT-INDIANA           	virtual_module_33 (min./max.) : 5.095800e-03 / 5.872137e-03
   436.712    ANALYZER         FFT-INDIANA           	virtual_module_34 (min./max.) : 5.093027e-03 / 6.167114e-03
   436.712    ANALYZER         FFT-INDIANA           	virtual_module_35 (min./max.) : 5.094812e-03 / 6.019576e-03
   436.712    ANALYZER         FFT-INDIANA           	virtual_module_36 (min./max.) : 5.095355e-03 / 6.116079e-03
   436.712    ANALYZER         FFT-INDIANA           	virtual_module_37 (min./max.) : 5.095252e-03 / 5.880421e-03
   436.712    ANALYZER         FFT-INDIANA           	virtual_module_38 (min./max.) : 5.093611e-03 / 6.038449e-03
   436.712    ANALYZER         FFT-INDIANA           	virtual_module_39 (min./max.) : 5.093749e-03 / 5.982582e-03
   436.712    ANALYZER         FFT-INDIANA           	virtual_module_40 (min./max.) : 5.096675e-03 / 6.326180e-03
   436.712    ANALYZER         FFT-INDIANA           	virtual_module_41 (min./max.) : 5.095729e-03 / 6.038299e-03
   436.712    ANALYZER         FFT-INDIANA           	virtual_module_42 (min./max.) : 5.094505e-03 / 5.919402e-03
   436.712    ANALYZER         FFT-INDIANA           	virtual_module_43 (min./max.) : 5.095782e-03 / 5.962183e-03
   436.712    ANALYZER         FFT-INDIANA           	virtual_module_44 (min./max.) : 5.096617e-03 / 6.032923e-03
   436.712    ANALYZER         FFT-INDIANA           	virtual_module_45 (min./max.) : 5.096307e-03 / 5.932217e-03
   436.712    ANALYZER         FFT-INDIANA           	virtual_module_46 (min./max.) : 5.093040e-03 / 5.957378e-03
   436.712    ANALYZER         FFT-INDIANA           	virtual_module_47 (min./max.) : 5.096766e-03 / 5.950867e-03
   436.712    ANALYZER         FFT-INDIANA           total (min./max.): 7.847448e-02 / 9.224604e-02

  TIME [s]    SERVICE          CONFIGURATION         INFO: FREQUENCY UPDATE
----------------------------------------------------------------------------------------------------
   436.712    ENVIRONMENT      INDIANA               [1;32mSUCCESS[0m

  TIME [s]    SERVICE          CONFIGURATION         INFO: FREQUENCY TRANSFER
----------------------------------------------------------------------------------------------------
   436.851    ENVIRONMENT      INDIANA               [1;32mSUCCESS[0m

  TIME [s]    SERVICE          CONFIGURATION         INFO: MODULE ELABORATION
----------------------------------------------------------------------------------------------------
   436.863    PREPROCESSOR     ELABORATE             module  : virtual_module_48
   436.863    PREPROCESSOR     ELABORATE             	inputs  : 22
   436.863    PREPROCESSOR     ELABORATE             	outputs : 8
   436.863    PREPROCESSOR     ELABORATE             	wires   : 60
----------------------------------------------------------------------------------------------------
   436.863    PREPROCESSOR     ELABORATE             [1;32mSUCCESS[0m


  TIME [s]    SERVICE          CONFIGURATION         INFO: MODULE ELABORATION
----------------------------------------------------------------------------------------------------
   436.874    PREPROCESSOR     ELABORATE             module  : virtual_module_49
   436.874    PREPROCESSOR     ELABORATE             	inputs  : 22
   436.875    PREPROCESSOR     ELABORATE             	outputs : 8
   436.875    PREPROCESSOR     ELABORATE             	wires   : 60
----------------------------------------------------------------------------------------------------
   436.875    PREPROCESSOR     ELABORATE             [1;32mSUCCESS[0m


  TIME [s]    SERVICE          CONFIGURATION         INFO: MODULE ELABORATION
----------------------------------------------------------------------------------------------------
   436.886    PREPROCESSOR     ELABORATE             module  : virtual_module_50
   436.886    PREPROCESSOR     ELABORATE             	inputs  : 22
   436.886    PREPROCESSOR     ELABORATE             	outputs : 8
   436.886    PREPROCESSOR     ELABORATE             	wires   : 60
----------------------------------------------------------------------------------------------------
   436.886    PREPROCESSOR     ELABORATE             [1;32mSUCCESS[0m


  TIME [s]    SERVICE          CONFIGURATION         INFO: MODULE ELABORATION
----------------------------------------------------------------------------------------------------
   436.899    PREPROCESSOR     ELABORATE             module  : virtual_module_51
   436.899    PREPROCESSOR     ELABORATE             	inputs  : 22
   436.899    PREPROCESSOR     ELABORATE             	outputs : 8
   436.899    PREPROCESSOR     ELABORATE             	wires   : 60
----------------------------------------------------------------------------------------------------
   436.899    PREPROCESSOR     ELABORATE             [1;32mSUCCESS[0m


  TIME [s]    SERVICE          CONFIGURATION         INFO: MODULE ELABORATION
----------------------------------------------------------------------------------------------------
   436.911    PREPROCESSOR     ELABORATE             module  : virtual_module_52
   436.911    PREPROCESSOR     ELABORATE             	inputs  : 22
   436.911    PREPROCESSOR     ELABORATE             	outputs : 8
   436.911    PREPROCESSOR     ELABORATE             	wires   : 60
----------------------------------------------------------------------------------------------------
   436.911    PREPROCESSOR     ELABORATE             [1;32mSUCCESS[0m


  TIME [s]    SERVICE          CONFIGURATION         INFO: MODULE ELABORATION
----------------------------------------------------------------------------------------------------
   436.923    PREPROCESSOR     ELABORATE             module  : virtual_module_53
   436.923    PREPROCESSOR     ELABORATE             	inputs  : 22
   436.923    PREPROCESSOR     ELABORATE             	outputs : 8
   436.923    PREPROCESSOR     ELABORATE             	wires   : 60
----------------------------------------------------------------------------------------------------
   436.923    PREPROCESSOR     ELABORATE             [1;32mSUCCESS[0m


  TIME [s]    SERVICE          CONFIGURATION         INFO: MODULE ELABORATION
----------------------------------------------------------------------------------------------------
   436.934    PREPROCESSOR     ELABORATE             module  : virtual_module_54
   436.934    PREPROCESSOR     ELABORATE             	inputs  : 22
   436.934    PREPROCESSOR     ELABORATE             	outputs : 8
   436.934    PREPROCESSOR     ELABORATE             	wires   : 60
----------------------------------------------------------------------------------------------------
   436.934    PREPROCESSOR     ELABORATE             [1;32mSUCCESS[0m


  TIME [s]    SERVICE          CONFIGURATION         INFO: MODULE ELABORATION
----------------------------------------------------------------------------------------------------
   436.946    PREPROCESSOR     ELABORATE             module  : virtual_module_55
   436.946    PREPROCESSOR     ELABORATE             	inputs  : 22
   436.946    PREPROCESSOR     ELABORATE             	outputs : 8
   436.946    PREPROCESSOR     ELABORATE             	wires   : 60
----------------------------------------------------------------------------------------------------
   436.946    PREPROCESSOR     ELABORATE             [1;32mSUCCESS[0m


  TIME [s]    SERVICE          CONFIGURATION         INFO: MODULE ELABORATION
----------------------------------------------------------------------------------------------------
   436.958    PREPROCESSOR     ELABORATE             module  : virtual_module_56
   436.958    PREPROCESSOR     ELABORATE             	inputs  : 22
   436.958    PREPROCESSOR     ELABORATE             	outputs : 8
   436.958    PREPROCESSOR     ELABORATE             	wires   : 60
----------------------------------------------------------------------------------------------------
   436.958    PREPROCESSOR     ELABORATE             [1;32mSUCCESS[0m


  TIME [s]    SERVICE          CONFIGURATION         INFO: MODULE ELABORATION
----------------------------------------------------------------------------------------------------
   436.970    PREPROCESSOR     ELABORATE             module  : virtual_module_57
   436.970    PREPROCESSOR     ELABORATE             	inputs  : 22
   436.970    PREPROCESSOR     ELABORATE             	outputs : 8
   436.970    PREPROCESSOR     ELABORATE             	wires   : 60
----------------------------------------------------------------------------------------------------
   436.970    PREPROCESSOR     ELABORATE             [1;32mSUCCESS[0m


  TIME [s]    SERVICE          CONFIGURATION         INFO: MODULE ELABORATION
----------------------------------------------------------------------------------------------------
   436.981    PREPROCESSOR     ELABORATE             module  : virtual_module_58
   436.981    PREPROCESSOR     ELABORATE             	inputs  : 22
   436.981    PREPROCESSOR     ELABORATE             	outputs : 8
   436.981    PREPROCESSOR     ELABORATE             	wires   : 60
----------------------------------------------------------------------------------------------------
   436.981    PREPROCESSOR     ELABORATE             [1;32mSUCCESS[0m


  TIME [s]    SERVICE          CONFIGURATION         INFO: MODULE ELABORATION
----------------------------------------------------------------------------------------------------
   436.993    PREPROCESSOR     ELABORATE             module  : virtual_module_59
   436.993    PREPROCESSOR     ELABORATE             	inputs  : 22
   436.993    PREPROCESSOR     ELABORATE             	outputs : 8
   436.993    PREPROCESSOR     ELABORATE             	wires   : 60
----------------------------------------------------------------------------------------------------
   436.993    PREPROCESSOR     ELABORATE             [1;32mSUCCESS[0m


  TIME [s]    SERVICE          CONFIGURATION         INFO: MODULE ELABORATION
----------------------------------------------------------------------------------------------------
   437.005    PREPROCESSOR     ELABORATE             module  : virtual_module_60
   437.005    PREPROCESSOR     ELABORATE             	inputs  : 22
   437.005    PREPROCESSOR     ELABORATE             	outputs : 8
   437.005    PREPROCESSOR     ELABORATE             	wires   : 60
----------------------------------------------------------------------------------------------------
   437.005    PREPROCESSOR     ELABORATE             [1;32mSUCCESS[0m


  TIME [s]    SERVICE          CONFIGURATION         INFO: MODULE ELABORATION
----------------------------------------------------------------------------------------------------
   437.017    PREPROCESSOR     ELABORATE             module  : virtual_module_61
   437.017    PREPROCESSOR     ELABORATE             	inputs  : 22
   437.017    PREPROCESSOR     ELABORATE             	outputs : 8
   437.017    PREPROCESSOR     ELABORATE             	wires   : 60
----------------------------------------------------------------------------------------------------
   437.017    PREPROCESSOR     ELABORATE             [1;32mSUCCESS[0m


  TIME [s]    SERVICE          CONFIGURATION         INFO: MODULE ELABORATION
----------------------------------------------------------------------------------------------------
   437.028    PREPROCESSOR     ELABORATE             module  : virtual_module_62
   437.028    PREPROCESSOR     ELABORATE             	inputs  : 22
   437.028    PREPROCESSOR     ELABORATE             	outputs : 8
   437.029    PREPROCESSOR     ELABORATE             	wires   : 60
----------------------------------------------------------------------------------------------------
   437.029    PREPROCESSOR     ELABORATE             [1;32mSUCCESS[0m


  TIME [s]    SERVICE          CONFIGURATION         INFO: MODULE ELABORATION
----------------------------------------------------------------------------------------------------
   437.039    PREPROCESSOR     ELABORATE             module  : virtual_module_63
   437.039    PREPROCESSOR     ELABORATE             	inputs  : 22
   437.039    PREPROCESSOR     ELABORATE             	outputs : 8
   437.039    PREPROCESSOR     ELABORATE             	wires   : 60
----------------------------------------------------------------------------------------------------
   437.039    PREPROCESSOR     ELABORATE             [1;32mSUCCESS[0m


  TIME [s]    SERVICE          CONFIGURATION         INFO: RANDOM PROBING
----------------------------------------------------------------------------------------------------
   491.743    ANALYZER         FFT-INDIANA           leakage probability (stage 4) : 
   491.743    ANALYZER         FFT-INDIANA           	max. probes  : 50
   491.743    ANALYZER         FFT-INDIANA           	max. samples : 20
   491.743    ANALYZER         FFT-INDIANA           	virtual_module_48 (min./max.) : 4.060025e-03 / 4.060025e-03
   491.743    ANALYZER         FFT-INDIANA           	virtual_module_49 (min./max.) : 4.060025e-03 / 4.060025e-03
   491.743    ANALYZER         FFT-INDIANA           	virtual_module_50 (min./max.) : 4.060025e-03 / 4.060025e-03
   491.743    ANALYZER         FFT-INDIANA           	virtual_module_51 (min./max.) : 4.060025e-03 / 4.060025e-03
   491.743    ANALYZER         FFT-INDIANA           	virtual_module_52 (min./max.) : 4.060025e-03 / 4.060025e-03
   491.743    ANALYZER         FFT-INDIANA           	virtual_module_53 (min./max.) : 4.060025e-03 / 4.060025e-03
   491.743    ANALYZER         FFT-INDIANA           	virtual_module_54 (min./max.) : 4.060025e-03 / 4.060025e-03
   491.743    ANALYZER         FFT-INDIANA           	virtual_module_55 (min./max.) : 4.060025e-03 / 4.060025e-03
   491.743    ANALYZER         FFT-INDIANA           	virtual_module_56 (min./max.) : 4.060025e-03 / 4.060025e-03
   491.743    ANALYZER         FFT-INDIANA           	virtual_module_57 (min./max.) : 4.060025e-03 / 4.060025e-03
   491.743    ANALYZER         FFT-INDIANA           	virtual_module_58 (min./max.) : 4.060025e-03 / 4.060025e-03
   491.743    ANALYZER         FFT-INDIANA           	virtual_module_59 (min./max.) : 4.060025e-03 / 4.060025e-03
   491.743    ANALYZER         FFT-INDIANA           	virtual_module_60 (min./max.) : 4.060025e-03 / 4.060025e-03
   491.743    ANALYZER         FFT-INDIANA           	virtual_module_61 (min./max.) : 4.060025e-03 / 4.060025e-03
   491.743    ANALYZER         FFT-INDIANA           	virtual_module_62 (min./max.) : 4.060025e-03 / 4.060025e-03
   491.743    ANALYZER         FFT-INDIANA           	virtual_module_63 (min./max.) : 4.060025e-03 / 4.060025e-03
   491.743    ANALYZER         FFT-INDIANA           total (min./max.): 6.301933e-02 / 6.301933e-02

  TIME [s]    SERVICE          CONFIGURATION         INFO: FREQUENCY UPDATE
----------------------------------------------------------------------------------------------------
   491.743    ENVIRONMENT      INDIANA               [1;32mSUCCESS[0m

  TIME [s]    SERVICE          CONFIGURATION         INFO
----------------------------------------------------------------------------------------------------
   491.745    VERICA           SCA                   DONE!
