----------------------------------------------------------------------------------------------------
                              INDIANA -- INDISTINGUISHABILITY ANALYSIS                              

                              INDIANA -- INDISTINGUISHABILITY ANALYSIS                              

                                      Ruhr-Universität Bochum                                      
                              Pascal Sasdrich (pascal.sasdrich@rub.de)                              
                        Jan Richter-Brockmann (jan.richter-brockmann@rub.de)                        

                                         Copyright (c) 2025                                         
                                           Pascal Sasdrich                                          
                                        Jan Richter-Brockmann                                       

                                         All rights reserved                                       
----------------------------------------------------------------------------------------------------


  TIME [s]    SERVICE          CONFIGURATION         INFO: CELL LIBRARY
----------------------------------------------------------------------------------------------------
     0.001    PARSER           CELLLIB               source: cell/nang45.txt
     0.001    PARSER           CELLLIB               Parsed cell library with 14 gate type(s). 
----------------------------------------------------------------------------------------------------
     0.001    PARSER           CELLLIB               [1;32mSUCCESS[0m


  TIME [s]    SERVICE          CONFIGURATION         INFO: DESIGN UNDER TEST
----------------------------------------------------------------------------------------------------
     3.516    PARSER           VERILOG               source: ./test/indistinguishability/case-studies-paper/present/present-single-round-hpc2-d1.v
     3.517    PARSER           VERILOG               	module(s) : 1
     3.517    PARSER           VERILOG               	gate(s)   : 3088
     3.517    PARSER           VERILOG               	 - comb.  : 1552
     3.517    PARSER           VERILOG               	 - seq.   : 1536
     3.517    PARSER           VERILOG               	wire(s)   : 3441
     3.517    PARSER           VERILOG               	pin(s)    : 11139
     3.517    PARSER           VERILOG               WARNING: detected 1506 unconnected pins!
----------------------------------------------------------------------------------------------------
     3.517    PARSER           VERILOG               [1;32mSUCCESS[0m


  TIME [s]    SERVICE          CONFIGURATION         INFO: ANNOTATIONS
----------------------------------------------------------------------------------------------------
     3.520    PREPROCESSOR     ANNOTATION            1 input wire was tagged as clock input.
     3.520    PREPROCESSOR     ANNOTATION            0 input wires were tagged as control inputs.
     3.520    PREPROCESSOR     ANNOTATION            64 input wires were tagged as refresh inputs.
     3.520    PREPROCESSOR     ANNOTATION            0 output wires were tagged as error flags.
     3.520    PREPROCESSOR     ANNOTATION            0 input wires were tagged with PIIDs.
     3.520    PREPROCESSOR     ANNOTATION            384 wires were tagged with a share domain.
     3.520    PREPROCESSOR     ANNOTATION            384 wires were tagged with a share index.
     3.520    PREPROCESSOR     ANNOTATION            0 wires were tagged with a fault domain.
----------------------------------------------------------------------------------------------------
     3.520    PREPROCESSOR     ANNOTATION            [1;32mSUCCESS[0m


  TIME [s]    SERVICE          CONFIGURATION         INFO: FILTERING
----------------------------------------------------------------------------------------------------
     3.522    PREPROCESSOR     FILTERING             Filtering for side-channel verification is disabled!
     3.522    PREPROCESSOR     FILTERING             Filtering for fault-injection verification is disabled!
----------------------------------------------------------------------------------------------------
     3.522    PREPROCESSOR     FILTERING             [1;32mSUCCESS[0m


  TIME [s]    SERVICE          CONFIGURATION         INFO
----------------------------------------------------------------------------------------------------
     3.522    PREPROCESSOR     MULTI-THREADING       cores: 16
     3.522    PREPROCESSOR     MULTI-THREADING       memory: 0 GB
     3.522    PREPROCESSOR     MULTI-THREADING       reordering: disabled
----------------------------------------------------------------------------------------------------
     3.522    PREPROCESSOR     MULTI-THREADING       [1;32mSUCCESS[0m


  TIME [s]    SERVICE          CONFIGURATION         INFO: MODEL POSTPROCESSING
----------------------------------------------------------------------------------------------------
     3.537    PREPROCESSOR     MODEL POSTPROCESSING  Removed clock tree from netlist (1 wire was removed).
     3.537    PREPROCESSOR     MODEL POSTPROCESSING  No control signals were found.
     3.537    PREPROCESSOR     MODEL POSTPROCESSING  Removed 1506 unconnected pins.
     3.537    PREPROCESSOR     MODEL POSTPROCESSING  Removed 0 unconnected wires.
----------------------------------------------------------------------------------------------------
     3.538    PREPROCESSOR     MODEL POSTPROCESSING  [1;32mSUCCESS[0m


  TIME [s]    SERVICE          CONFIGURATION         INFO: PROPERTIES
----------------------------------------------------------------------------------------------------
     3.616    PREPROCESSOR     MODEL PROPERTIES      Determined 128 shared inputs.
     3.616    PREPROCESSOR     MODEL PROPERTIES      	Minimum number of shares: 2
     3.616    PREPROCESSOR     MODEL PROPERTIES      Identified stage(s): 
     3.616    PREPROCESSOR     MODEL PROPERTIES      	logic    : 4
     3.616    PREPROCESSOR     MODEL PROPERTIES      	register : 3
----------------------------------------------------------------------------------------------------
     3.616    PREPROCESSOR     MODEL PROPERTIES      [1;32mSUCCESS[0m


  TIME [s]    SERVICE          CONFIGURATION         INFO: PARTITIONER
----------------------------------------------------------------------------------------------------
     3.774    PARTITIONER      BREADTH+DEPTH         Identified 64 partitions.
----------------------------------------------------------------------------------------------------
     3.774    PARTITIONER      BREADTH+DEPTH         [1;32mSUCCESS[0m


  TIME [s]    SERVICE          CONFIGURATION         INFO: Configure FIA
----------------------------------------------------------------------------------------------------
     3.774    PREPROCESSOR     FIA                   FIA preprocessor is disabled!
----------------------------------------------------------------------------------------------------
     3.774    PREPROCESSOR     FIA                   [1;32mSUCCESS[0m


  TIME [s]    SERVICE          CONFIGURATION         INFO: Configure SCA
----------------------------------------------------------------------------------------------------
     3.775    PREPROCESSOR     SCA                   Determined 1664 probe positions.
     3.775    PREPROCESSOR     SCA                   Determined 0 probe combinations.
----------------------------------------------------------------------------------------------------
     3.775    PREPROCESSOR     SCA                   [1;32mSUCCESS[0m


  TIME [s]    SERVICE          CONFIGURATION         INFO: MODULE ELABORATION
----------------------------------------------------------------------------------------------------
     3.811    PREPROCESSOR     ELABORATE             module  : virtual_module_0
     3.811    PREPROCESSOR     ELABORATE             	inputs  : 20
     3.811    PREPROCESSOR     ELABORATE             	outputs : 40
     3.811    PREPROCESSOR     ELABORATE             	wires   : 55
----------------------------------------------------------------------------------------------------
     3.811    PREPROCESSOR     ELABORATE             [1;32mSUCCESS[0m


  TIME [s]    SERVICE          CONFIGURATION         INFO: MODULE ELABORATION
----------------------------------------------------------------------------------------------------
     3.812    PREPROCESSOR     ELABORATE             module  : virtual_module_1
     3.812    PREPROCESSOR     ELABORATE             	inputs  : 20
     3.812    PREPROCESSOR     ELABORATE             	outputs : 40
     3.812    PREPROCESSOR     ELABORATE             	wires   : 55
----------------------------------------------------------------------------------------------------
     3.812    PREPROCESSOR     ELABORATE             [1;32mSUCCESS[0m


  TIME [s]    SERVICE          CONFIGURATION         INFO: MODULE ELABORATION
----------------------------------------------------------------------------------------------------
     3.812    PREPROCESSOR     ELABORATE             module  : virtual_module_2
     3.812    PREPROCESSOR     ELABORATE             	inputs  : 20
     3.812    PREPROCESSOR     ELABORATE             	outputs : 40
     3.812    PREPROCESSOR     ELABORATE             	wires   : 55
----------------------------------------------------------------------------------------------------
     3.812    PREPROCESSOR     ELABORATE             [1;32mSUCCESS[0m


  TIME [s]    SERVICE          CONFIGURATION         INFO: MODULE ELABORATION
----------------------------------------------------------------------------------------------------
     3.813    PREPROCESSOR     ELABORATE             module  : virtual_module_3
     3.813    PREPROCESSOR     ELABORATE             	inputs  : 20
     3.813    PREPROCESSOR     ELABORATE             	outputs : 40
     3.813    PREPROCESSOR     ELABORATE             	wires   : 55
----------------------------------------------------------------------------------------------------
     3.813    PREPROCESSOR     ELABORATE             [1;32mSUCCESS[0m


  TIME [s]    SERVICE          CONFIGURATION         INFO: MODULE ELABORATION
----------------------------------------------------------------------------------------------------
     3.813    PREPROCESSOR     ELABORATE             module  : virtual_module_4
     3.813    PREPROCESSOR     ELABORATE             	inputs  : 20
     3.813    PREPROCESSOR     ELABORATE             	outputs : 40
     3.813    PREPROCESSOR     ELABORATE             	wires   : 55
----------------------------------------------------------------------------------------------------
     3.813    PREPROCESSOR     ELABORATE             [1;32mSUCCESS[0m


  TIME [s]    SERVICE          CONFIGURATION         INFO: MODULE ELABORATION
----------------------------------------------------------------------------------------------------
     3.814    PREPROCESSOR     ELABORATE             module  : virtual_module_5
     3.814    PREPROCESSOR     ELABORATE             	inputs  : 20
     3.814    PREPROCESSOR     ELABORATE             	outputs : 40
     3.814    PREPROCESSOR     ELABORATE             	wires   : 55
----------------------------------------------------------------------------------------------------
     3.814    PREPROCESSOR     ELABORATE             [1;32mSUCCESS[0m


  TIME [s]    SERVICE          CONFIGURATION         INFO: MODULE ELABORATION
----------------------------------------------------------------------------------------------------
     3.814    PREPROCESSOR     ELABORATE             module  : virtual_module_6
     3.814    PREPROCESSOR     ELABORATE             	inputs  : 20
     3.815    PREPROCESSOR     ELABORATE             	outputs : 40
     3.815    PREPROCESSOR     ELABORATE             	wires   : 55
----------------------------------------------------------------------------------------------------
     3.815    PREPROCESSOR     ELABORATE             [1;32mSUCCESS[0m


  TIME [s]    SERVICE          CONFIGURATION         INFO: MODULE ELABORATION
----------------------------------------------------------------------------------------------------
     3.815    PREPROCESSOR     ELABORATE             module  : virtual_module_7
     3.815    PREPROCESSOR     ELABORATE             	inputs  : 20
     3.815    PREPROCESSOR     ELABORATE             	outputs : 40
     3.815    PREPROCESSOR     ELABORATE             	wires   : 55
----------------------------------------------------------------------------------------------------
     3.815    PREPROCESSOR     ELABORATE             [1;32mSUCCESS[0m


  TIME [s]    SERVICE          CONFIGURATION         INFO: MODULE ELABORATION
----------------------------------------------------------------------------------------------------
     3.816    PREPROCESSOR     ELABORATE             module  : virtual_module_8
     3.816    PREPROCESSOR     ELABORATE             	inputs  : 20
     3.816    PREPROCESSOR     ELABORATE             	outputs : 40
     3.816    PREPROCESSOR     ELABORATE             	wires   : 55
----------------------------------------------------------------------------------------------------
     3.816    PREPROCESSOR     ELABORATE             [1;32mSUCCESS[0m


  TIME [s]    SERVICE          CONFIGURATION         INFO: MODULE ELABORATION
----------------------------------------------------------------------------------------------------
     3.816    PREPROCESSOR     ELABORATE             module  : virtual_module_9
     3.816    PREPROCESSOR     ELABORATE             	inputs  : 20
     3.816    PREPROCESSOR     ELABORATE             	outputs : 40
     3.816    PREPROCESSOR     ELABORATE             	wires   : 55
----------------------------------------------------------------------------------------------------
     3.816    PREPROCESSOR     ELABORATE             [1;32mSUCCESS[0m


  TIME [s]    SERVICE          CONFIGURATION         INFO: MODULE ELABORATION
----------------------------------------------------------------------------------------------------
     3.817    PREPROCESSOR     ELABORATE             module  : virtual_module_10
     3.817    PREPROCESSOR     ELABORATE             	inputs  : 20
     3.817    PREPROCESSOR     ELABORATE             	outputs : 40
     3.817    PREPROCESSOR     ELABORATE             	wires   : 55
----------------------------------------------------------------------------------------------------
     3.817    PREPROCESSOR     ELABORATE             [1;32mSUCCESS[0m


  TIME [s]    SERVICE          CONFIGURATION         INFO: MODULE ELABORATION
----------------------------------------------------------------------------------------------------
     3.817    PREPROCESSOR     ELABORATE             module  : virtual_module_11
     3.817    PREPROCESSOR     ELABORATE             	inputs  : 20
     3.817    PREPROCESSOR     ELABORATE             	outputs : 40
     3.817    PREPROCESSOR     ELABORATE             	wires   : 55
----------------------------------------------------------------------------------------------------
     3.817    PREPROCESSOR     ELABORATE             [1;32mSUCCESS[0m


  TIME [s]    SERVICE          CONFIGURATION         INFO: MODULE ELABORATION
----------------------------------------------------------------------------------------------------
     3.818    PREPROCESSOR     ELABORATE             module  : virtual_module_12
     3.818    PREPROCESSOR     ELABORATE             	inputs  : 20
     3.818    PREPROCESSOR     ELABORATE             	outputs : 40
     3.818    PREPROCESSOR     ELABORATE             	wires   : 55
----------------------------------------------------------------------------------------------------
     3.818    PREPROCESSOR     ELABORATE             [1;32mSUCCESS[0m


  TIME [s]    SERVICE          CONFIGURATION         INFO: MODULE ELABORATION
----------------------------------------------------------------------------------------------------
     3.818    PREPROCESSOR     ELABORATE             module  : virtual_module_13
     3.818    PREPROCESSOR     ELABORATE             	inputs  : 20
     3.818    PREPROCESSOR     ELABORATE             	outputs : 40
     3.818    PREPROCESSOR     ELABORATE             	wires   : 55
----------------------------------------------------------------------------------------------------
     3.818    PREPROCESSOR     ELABORATE             [1;32mSUCCESS[0m


  TIME [s]    SERVICE          CONFIGURATION         INFO: MODULE ELABORATION
----------------------------------------------------------------------------------------------------
     3.819    PREPROCESSOR     ELABORATE             module  : virtual_module_14
     3.819    PREPROCESSOR     ELABORATE             	inputs  : 20
     3.819    PREPROCESSOR     ELABORATE             	outputs : 40
     3.819    PREPROCESSOR     ELABORATE             	wires   : 55
----------------------------------------------------------------------------------------------------
     3.819    PREPROCESSOR     ELABORATE             [1;32mSUCCESS[0m


  TIME [s]    SERVICE          CONFIGURATION         INFO: MODULE ELABORATION
----------------------------------------------------------------------------------------------------
     3.820    PREPROCESSOR     ELABORATE             module  : virtual_module_15
     3.820    PREPROCESSOR     ELABORATE             	inputs  : 20
     3.820    PREPROCESSOR     ELABORATE             	outputs : 40
     3.820    PREPROCESSOR     ELABORATE             	wires   : 55
----------------------------------------------------------------------------------------------------
     3.820    PREPROCESSOR     ELABORATE             [1;32mSUCCESS[0m


  TIME [s]    SERVICE          CONFIGURATION         INFO: RANDOM PROBING
----------------------------------------------------------------------------------------------------
     4.100    ANALYZER         FFT-INDIANA           leakage probability (stage 1) : 
     4.100    ANALYZER         FFT-INDIANA           	max. probes  : 40
     4.100    ANALYZER         FFT-INDIANA           	max. samples : 10
     4.100    ANALYZER         FFT-INDIANA           	virtual_module_0 (min./max.) : 8.026586e-04 / 8.026586e-04
     4.100    ANALYZER         FFT-INDIANA           	virtual_module_1 (min./max.) : 8.026586e-04 / 8.026586e-04
     4.100    ANALYZER         FFT-INDIANA           	virtual_module_2 (min./max.) : 8.026586e-04 / 8.026586e-04
     4.100    ANALYZER         FFT-INDIANA           	virtual_module_3 (min./max.) : 8.026586e-04 / 8.026586e-04
     4.100    ANALYZER         FFT-INDIANA           	virtual_module_4 (min./max.) : 8.026586e-04 / 8.026586e-04
     4.100    ANALYZER         FFT-INDIANA           	virtual_module_5 (min./max.) : 8.026586e-04 / 8.026586e-04
     4.100    ANALYZER         FFT-INDIANA           	virtual_module_6 (min./max.) : 8.026586e-04 / 8.026586e-04
     4.100    ANALYZER         FFT-INDIANA           	virtual_module_7 (min./max.) : 8.026586e-04 / 8.026586e-04
     4.100    ANALYZER         FFT-INDIANA           	virtual_module_8 (min./max.) : 8.026586e-04 / 8.026586e-04
     4.100    ANALYZER         FFT-INDIANA           	virtual_module_9 (min./max.) : 8.026586e-04 / 8.026586e-04
     4.100    ANALYZER         FFT-INDIANA           	virtual_module_10 (min./max.) : 8.026586e-04 / 8.026586e-04
     4.100    ANALYZER         FFT-INDIANA           	virtual_module_11 (min./max.) : 8.026586e-04 / 8.026586e-04
     4.100    ANALYZER         FFT-INDIANA           	virtual_module_12 (min./max.) : 8.026586e-04 / 8.026586e-04
     4.100    ANALYZER         FFT-INDIANA           	virtual_module_13 (min./max.) : 8.026586e-04 / 8.026586e-04
     4.100    ANALYZER         FFT-INDIANA           	virtual_module_14 (min./max.) : 8.026586e-04 / 8.026586e-04
     4.100    ANALYZER         FFT-INDIANA           	virtual_module_15 (min./max.) : 8.026586e-04 / 8.026586e-04
     4.100    ANALYZER         FFT-INDIANA           total (min./max.): 1.276552e-02 / 1.276552e-02

  TIME [s]    SERVICE          CONFIGURATION         INFO: FREQUENCY UPDATE
----------------------------------------------------------------------------------------------------
     4.100    ENVIRONMENT      INDIANA               [1;32mSUCCESS[0m

  TIME [s]    SERVICE          CONFIGURATION         INFO: FREQUENCY TRANSFER
----------------------------------------------------------------------------------------------------
     4.262    ENVIRONMENT      INDIANA               [1;32mSUCCESS[0m

  TIME [s]    SERVICE          CONFIGURATION         INFO: MODULE ELABORATION
----------------------------------------------------------------------------------------------------
     4.275    PREPROCESSOR     ELABORATE             module  : virtual_module_16
     4.275    PREPROCESSOR     ELABORATE             	inputs  : 40
     4.275    PREPROCESSOR     ELABORATE             	outputs : 34
     4.275    PREPROCESSOR     ELABORATE             	wires   : 92
----------------------------------------------------------------------------------------------------
     4.275    PREPROCESSOR     ELABORATE             [1;32mSUCCESS[0m


  TIME [s]    SERVICE          CONFIGURATION         INFO: MODULE ELABORATION
----------------------------------------------------------------------------------------------------
     4.289    PREPROCESSOR     ELABORATE             module  : virtual_module_17
     4.289    PREPROCESSOR     ELABORATE             	inputs  : 40
     4.289    PREPROCESSOR     ELABORATE             	outputs : 34
     4.289    PREPROCESSOR     ELABORATE             	wires   : 92
----------------------------------------------------------------------------------------------------
     4.289    PREPROCESSOR     ELABORATE             [1;32mSUCCESS[0m


  TIME [s]    SERVICE          CONFIGURATION         INFO: MODULE ELABORATION
----------------------------------------------------------------------------------------------------
     4.303    PREPROCESSOR     ELABORATE             module  : virtual_module_18
     4.303    PREPROCESSOR     ELABORATE             	inputs  : 40
     4.303    PREPROCESSOR     ELABORATE             	outputs : 34
     4.303    PREPROCESSOR     ELABORATE             	wires   : 92
----------------------------------------------------------------------------------------------------
     4.303    PREPROCESSOR     ELABORATE             [1;32mSUCCESS[0m


  TIME [s]    SERVICE          CONFIGURATION         INFO: MODULE ELABORATION
----------------------------------------------------------------------------------------------------
     4.317    PREPROCESSOR     ELABORATE             module  : virtual_module_19
     4.317    PREPROCESSOR     ELABORATE             	inputs  : 40
     4.317    PREPROCESSOR     ELABORATE             	outputs : 34
     4.317    PREPROCESSOR     ELABORATE             	wires   : 92
----------------------------------------------------------------------------------------------------
     4.317    PREPROCESSOR     ELABORATE             [1;32mSUCCESS[0m


  TIME [s]    SERVICE          CONFIGURATION         INFO: MODULE ELABORATION
----------------------------------------------------------------------------------------------------
     4.331    PREPROCESSOR     ELABORATE             module  : virtual_module_20
     4.331    PREPROCESSOR     ELABORATE             	inputs  : 40
     4.331    PREPROCESSOR     ELABORATE             	outputs : 34
     4.331    PREPROCESSOR     ELABORATE             	wires   : 92
----------------------------------------------------------------------------------------------------
     4.331    PREPROCESSOR     ELABORATE             [1;32mSUCCESS[0m


  TIME [s]    SERVICE          CONFIGURATION         INFO: MODULE ELABORATION
----------------------------------------------------------------------------------------------------
     4.345    PREPROCESSOR     ELABORATE             module  : virtual_module_21
     4.345    PREPROCESSOR     ELABORATE             	inputs  : 40
     4.345    PREPROCESSOR     ELABORATE             	outputs : 34
     4.345    PREPROCESSOR     ELABORATE             	wires   : 92
----------------------------------------------------------------------------------------------------
     4.345    PREPROCESSOR     ELABORATE             [1;32mSUCCESS[0m


  TIME [s]    SERVICE          CONFIGURATION         INFO: MODULE ELABORATION
----------------------------------------------------------------------------------------------------
     4.359    PREPROCESSOR     ELABORATE             module  : virtual_module_22
     4.359    PREPROCESSOR     ELABORATE             	inputs  : 40
     4.359    PREPROCESSOR     ELABORATE             	outputs : 34
     4.359    PREPROCESSOR     ELABORATE             	wires   : 92
----------------------------------------------------------------------------------------------------
     4.359    PREPROCESSOR     ELABORATE             [1;32mSUCCESS[0m


  TIME [s]    SERVICE          CONFIGURATION         INFO: MODULE ELABORATION
----------------------------------------------------------------------------------------------------
     4.373    PREPROCESSOR     ELABORATE             module  : virtual_module_23
     4.373    PREPROCESSOR     ELABORATE             	inputs  : 40
     4.373    PREPROCESSOR     ELABORATE             	outputs : 34
     4.373    PREPROCESSOR     ELABORATE             	wires   : 92
----------------------------------------------------------------------------------------------------
     4.373    PREPROCESSOR     ELABORATE             [1;32mSUCCESS[0m


  TIME [s]    SERVICE          CONFIGURATION         INFO: MODULE ELABORATION
----------------------------------------------------------------------------------------------------
     4.387    PREPROCESSOR     ELABORATE             module  : virtual_module_24
     4.387    PREPROCESSOR     ELABORATE             	inputs  : 40
     4.387    PREPROCESSOR     ELABORATE             	outputs : 34
     4.387    PREPROCESSOR     ELABORATE             	wires   : 92
----------------------------------------------------------------------------------------------------
     4.387    PREPROCESSOR     ELABORATE             [1;32mSUCCESS[0m


  TIME [s]    SERVICE          CONFIGURATION         INFO: MODULE ELABORATION
----------------------------------------------------------------------------------------------------
     4.401    PREPROCESSOR     ELABORATE             module  : virtual_module_25
     4.401    PREPROCESSOR     ELABORATE             	inputs  : 40
     4.401    PREPROCESSOR     ELABORATE             	outputs : 34
     4.401    PREPROCESSOR     ELABORATE             	wires   : 92
----------------------------------------------------------------------------------------------------
     4.401    PREPROCESSOR     ELABORATE             [1;32mSUCCESS[0m


  TIME [s]    SERVICE          CONFIGURATION         INFO: MODULE ELABORATION
----------------------------------------------------------------------------------------------------
     4.416    PREPROCESSOR     ELABORATE             module  : virtual_module_26
     4.416    PREPROCESSOR     ELABORATE             	inputs  : 40
     4.416    PREPROCESSOR     ELABORATE             	outputs : 34
     4.416    PREPROCESSOR     ELABORATE             	wires   : 92
----------------------------------------------------------------------------------------------------
     4.416    PREPROCESSOR     ELABORATE             [1;32mSUCCESS[0m


  TIME [s]    SERVICE          CONFIGURATION         INFO: MODULE ELABORATION
----------------------------------------------------------------------------------------------------
     4.430    PREPROCESSOR     ELABORATE             module  : virtual_module_27
     4.430    PREPROCESSOR     ELABORATE             	inputs  : 40
     4.430    PREPROCESSOR     ELABORATE             	outputs : 34
     4.430    PREPROCESSOR     ELABORATE             	wires   : 92
----------------------------------------------------------------------------------------------------
     4.430    PREPROCESSOR     ELABORATE             [1;32mSUCCESS[0m


  TIME [s]    SERVICE          CONFIGURATION         INFO: MODULE ELABORATION
----------------------------------------------------------------------------------------------------
     4.444    PREPROCESSOR     ELABORATE             module  : virtual_module_28
     4.444    PREPROCESSOR     ELABORATE             	inputs  : 40
     4.444    PREPROCESSOR     ELABORATE             	outputs : 34
     4.444    PREPROCESSOR     ELABORATE             	wires   : 92
----------------------------------------------------------------------------------------------------
     4.444    PREPROCESSOR     ELABORATE             [1;32mSUCCESS[0m


  TIME [s]    SERVICE          CONFIGURATION         INFO: MODULE ELABORATION
----------------------------------------------------------------------------------------------------
     4.458    PREPROCESSOR     ELABORATE             module  : virtual_module_29
     4.458    PREPROCESSOR     ELABORATE             	inputs  : 40
     4.458    PREPROCESSOR     ELABORATE             	outputs : 34
     4.458    PREPROCESSOR     ELABORATE             	wires   : 92
----------------------------------------------------------------------------------------------------
     4.458    PREPROCESSOR     ELABORATE             [1;32mSUCCESS[0m


  TIME [s]    SERVICE          CONFIGURATION         INFO: MODULE ELABORATION
----------------------------------------------------------------------------------------------------
     4.472    PREPROCESSOR     ELABORATE             module  : virtual_module_30
     4.472    PREPROCESSOR     ELABORATE             	inputs  : 40
     4.472    PREPROCESSOR     ELABORATE             	outputs : 34
     4.472    PREPROCESSOR     ELABORATE             	wires   : 92
----------------------------------------------------------------------------------------------------
     4.472    PREPROCESSOR     ELABORATE             [1;32mSUCCESS[0m


  TIME [s]    SERVICE          CONFIGURATION         INFO: MODULE ELABORATION
----------------------------------------------------------------------------------------------------
     4.486    PREPROCESSOR     ELABORATE             module  : virtual_module_31
     4.486    PREPROCESSOR     ELABORATE             	inputs  : 40
     4.486    PREPROCESSOR     ELABORATE             	outputs : 34
     4.486    PREPROCESSOR     ELABORATE             	wires   : 92
----------------------------------------------------------------------------------------------------
     4.486    PREPROCESSOR     ELABORATE             [1;32mSUCCESS[0m


  TIME [s]    SERVICE          CONFIGURATION         INFO: RANDOM PROBING
----------------------------------------------------------------------------------------------------
     5.511    ANALYZER         FFT-INDIANA           leakage probability (stage 2) : 
     5.511    ANALYZER         FFT-INDIANA           	max. probes  : 40
     5.512    ANALYZER         FFT-INDIANA           	max. samples : 10
     5.512    ANALYZER         FFT-INDIANA           	virtual_module_16 (min./max.) : 1.218184e-03 / 2.143529e-03
     5.512    ANALYZER         FFT-INDIANA           	virtual_module_17 (min./max.) : 1.218193e-03 / 1.873313e-03
     5.512    ANALYZER         FFT-INDIANA           	virtual_module_18 (min./max.) : 1.218202e-03 / 1.738150e-03
     5.512    ANALYZER         FFT-INDIANA           	virtual_module_19 (min./max.) : 1.216237e-03 / 1.884869e-03
     5.512    ANALYZER         FFT-INDIANA           	virtual_module_20 (min./max.) : 1.218211e-03 / 1.982508e-03
     5.512    ANALYZER         FFT-INDIANA           	virtual_module_21 (min./max.) : 1.218193e-03 / 1.861800e-03
     5.512    ANALYZER         FFT-INDIANA           	virtual_module_22 (min./max.) : 1.217280e-03 / 2.005556e-03
     5.512    ANALYZER         FFT-INDIANA           	virtual_module_23 (min./max.) : 1.218202e-03 / 2.243999e-03
     5.512    ANALYZER         FFT-INDIANA           	virtual_module_24 (min./max.) : 1.218211e-03 / 1.774800e-03
     5.512    ANALYZER         FFT-INDIANA           	virtual_module_25 (min./max.) : 1.218184e-03 / 2.107115e-03
     5.512    ANALYZER         FFT-INDIANA           	virtual_module_26 (min./max.) : 1.218211e-03 / 1.873755e-03
     5.512    ANALYZER         FFT-INDIANA           	virtual_module_27 (min./max.) : 1.218211e-03 / 1.608169e-03
     5.512    ANALYZER         FFT-INDIANA           	virtual_module_28 (min./max.) : 1.218193e-03 / 1.967848e-03
     5.512    ANALYZER         FFT-INDIANA           	virtual_module_29 (min./max.) : 1.218184e-03 / 2.158083e-03
     5.512    ANALYZER         FFT-INDIANA           	virtual_module_30 (min./max.) : 1.218156e-03 / 2.346676e-03
     5.512    ANALYZER         FFT-INDIANA           	virtual_module_31 (min./max.) : 1.218193e-03 / 2.020753e-03
     5.512    ANALYZER         FFT-INDIANA           total (min./max.): 1.931123e-02 / 3.112767e-02

  TIME [s]    SERVICE          CONFIGURATION         INFO: FREQUENCY UPDATE
----------------------------------------------------------------------------------------------------
     5.512    ENVIRONMENT      INDIANA               [1;32mSUCCESS[0m

  TIME [s]    SERVICE          CONFIGURATION         INFO: FREQUENCY TRANSFER
----------------------------------------------------------------------------------------------------
     5.702    ENVIRONMENT      INDIANA               [1;32mSUCCESS[0m

  TIME [s]    SERVICE          CONFIGURATION         INFO: MODULE ELABORATION
----------------------------------------------------------------------------------------------------
     5.720    PREPROCESSOR     ELABORATE             module  : virtual_module_32
     5.720    PREPROCESSOR     ELABORATE             	inputs  : 34
     5.720    PREPROCESSOR     ELABORATE             	outputs : 22
     5.720    PREPROCESSOR     ELABORATE             	wires   : 104
----------------------------------------------------------------------------------------------------
     5.720    PREPROCESSOR     ELABORATE             [1;32mSUCCESS[0m


  TIME [s]    SERVICE          CONFIGURATION         INFO: MODULE ELABORATION
----------------------------------------------------------------------------------------------------
     5.736    PREPROCESSOR     ELABORATE             module  : virtual_module_33
     5.736    PREPROCESSOR     ELABORATE             	inputs  : 34
     5.736    PREPROCESSOR     ELABORATE             	outputs : 22
     5.737    PREPROCESSOR     ELABORATE             	wires   : 104
----------------------------------------------------------------------------------------------------
     5.737    PREPROCESSOR     ELABORATE             [1;32mSUCCESS[0m


  TIME [s]    SERVICE          CONFIGURATION         INFO: MODULE ELABORATION
----------------------------------------------------------------------------------------------------
     5.754    PREPROCESSOR     ELABORATE             module  : virtual_module_34
     5.754    PREPROCESSOR     ELABORATE             	inputs  : 34
     5.754    PREPROCESSOR     ELABORATE             	outputs : 22
     5.754    PREPROCESSOR     ELABORATE             	wires   : 104
----------------------------------------------------------------------------------------------------
     5.754    PREPROCESSOR     ELABORATE             [1;32mSUCCESS[0m


  TIME [s]    SERVICE          CONFIGURATION         INFO: MODULE ELABORATION
----------------------------------------------------------------------------------------------------
     5.771    PREPROCESSOR     ELABORATE             module  : virtual_module_35
     5.771    PREPROCESSOR     ELABORATE             	inputs  : 34
     5.771    PREPROCESSOR     ELABORATE             	outputs : 22
     5.771    PREPROCESSOR     ELABORATE             	wires   : 104
----------------------------------------------------------------------------------------------------
     5.771    PREPROCESSOR     ELABORATE             [1;32mSUCCESS[0m


  TIME [s]    SERVICE          CONFIGURATION         INFO: MODULE ELABORATION
----------------------------------------------------------------------------------------------------
     5.789    PREPROCESSOR     ELABORATE             module  : virtual_module_36
     5.789    PREPROCESSOR     ELABORATE             	inputs  : 34
     5.789    PREPROCESSOR     ELABORATE             	outputs : 22
     5.789    PREPROCESSOR     ELABORATE             	wires   : 104
----------------------------------------------------------------------------------------------------
     5.789    PREPROCESSOR     ELABORATE             [1;32mSUCCESS[0m


  TIME [s]    SERVICE          CONFIGURATION         INFO: MODULE ELABORATION
----------------------------------------------------------------------------------------------------
     5.806    PREPROCESSOR     ELABORATE             module  : virtual_module_37
     5.806    PREPROCESSOR     ELABORATE             	inputs  : 34
     5.806    PREPROCESSOR     ELABORATE             	outputs : 22
     5.806    PREPROCESSOR     ELABORATE             	wires   : 104
----------------------------------------------------------------------------------------------------
     5.806    PREPROCESSOR     ELABORATE             [1;32mSUCCESS[0m


  TIME [s]    SERVICE          CONFIGURATION         INFO: MODULE ELABORATION
----------------------------------------------------------------------------------------------------
     5.823    PREPROCESSOR     ELABORATE             module  : virtual_module_38
     5.823    PREPROCESSOR     ELABORATE             	inputs  : 34
     5.823    PREPROCESSOR     ELABORATE             	outputs : 22
     5.823    PREPROCESSOR     ELABORATE             	wires   : 104
----------------------------------------------------------------------------------------------------
     5.823    PREPROCESSOR     ELABORATE             [1;32mSUCCESS[0m


  TIME [s]    SERVICE          CONFIGURATION         INFO: MODULE ELABORATION
----------------------------------------------------------------------------------------------------
     5.840    PREPROCESSOR     ELABORATE             module  : virtual_module_39
     5.841    PREPROCESSOR     ELABORATE             	inputs  : 34
     5.841    PREPROCESSOR     ELABORATE             	outputs : 22
     5.841    PREPROCESSOR     ELABORATE             	wires   : 104
----------------------------------------------------------------------------------------------------
     5.841    PREPROCESSOR     ELABORATE             [1;32mSUCCESS[0m


  TIME [s]    SERVICE          CONFIGURATION         INFO: MODULE ELABORATION
----------------------------------------------------------------------------------------------------
     5.858    PREPROCESSOR     ELABORATE             module  : virtual_module_40
     5.858    PREPROCESSOR     ELABORATE             	inputs  : 34
     5.858    PREPROCESSOR     ELABORATE             	outputs : 22
     5.858    PREPROCESSOR     ELABORATE             	wires   : 104
----------------------------------------------------------------------------------------------------
     5.858    PREPROCESSOR     ELABORATE             [1;32mSUCCESS[0m


  TIME [s]    SERVICE          CONFIGURATION         INFO: MODULE ELABORATION
----------------------------------------------------------------------------------------------------
     5.875    PREPROCESSOR     ELABORATE             module  : virtual_module_41
     5.875    PREPROCESSOR     ELABORATE             	inputs  : 34
     5.875    PREPROCESSOR     ELABORATE             	outputs : 22
     5.875    PREPROCESSOR     ELABORATE             	wires   : 104
----------------------------------------------------------------------------------------------------
     5.875    PREPROCESSOR     ELABORATE             [1;32mSUCCESS[0m


  TIME [s]    SERVICE          CONFIGURATION         INFO: MODULE ELABORATION
----------------------------------------------------------------------------------------------------
     5.895    PREPROCESSOR     ELABORATE             module  : virtual_module_42
     5.895    PREPROCESSOR     ELABORATE             	inputs  : 34
     5.895    PREPROCESSOR     ELABORATE             	outputs : 22
     5.895    PREPROCESSOR     ELABORATE             	wires   : 104
----------------------------------------------------------------------------------------------------
     5.895    PREPROCESSOR     ELABORATE             [1;32mSUCCESS[0m


  TIME [s]    SERVICE          CONFIGURATION         INFO: MODULE ELABORATION
----------------------------------------------------------------------------------------------------
     5.913    PREPROCESSOR     ELABORATE             module  : virtual_module_43
     5.913    PREPROCESSOR     ELABORATE             	inputs  : 34
     5.913    PREPROCESSOR     ELABORATE             	outputs : 22
     5.913    PREPROCESSOR     ELABORATE             	wires   : 104
----------------------------------------------------------------------------------------------------
     5.913    PREPROCESSOR     ELABORATE             [1;32mSUCCESS[0m


  TIME [s]    SERVICE          CONFIGURATION         INFO: MODULE ELABORATION
----------------------------------------------------------------------------------------------------
     5.930    PREPROCESSOR     ELABORATE             module  : virtual_module_44
     5.930    PREPROCESSOR     ELABORATE             	inputs  : 34
     5.930    PREPROCESSOR     ELABORATE             	outputs : 22
     5.930    PREPROCESSOR     ELABORATE             	wires   : 104
----------------------------------------------------------------------------------------------------
     5.930    PREPROCESSOR     ELABORATE             [1;32mSUCCESS[0m


  TIME [s]    SERVICE          CONFIGURATION         INFO: MODULE ELABORATION
----------------------------------------------------------------------------------------------------
     5.947    PREPROCESSOR     ELABORATE             module  : virtual_module_45
     5.947    PREPROCESSOR     ELABORATE             	inputs  : 34
     5.947    PREPROCESSOR     ELABORATE             	outputs : 22
     5.947    PREPROCESSOR     ELABORATE             	wires   : 104
----------------------------------------------------------------------------------------------------
     5.947    PREPROCESSOR     ELABORATE             [1;32mSUCCESS[0m


  TIME [s]    SERVICE          CONFIGURATION         INFO: MODULE ELABORATION
----------------------------------------------------------------------------------------------------
     5.965    PREPROCESSOR     ELABORATE             module  : virtual_module_46
     5.965    PREPROCESSOR     ELABORATE             	inputs  : 34
     5.965    PREPROCESSOR     ELABORATE             	outputs : 22
     5.965    PREPROCESSOR     ELABORATE             	wires   : 104
----------------------------------------------------------------------------------------------------
     5.965    PREPROCESSOR     ELABORATE             [1;32mSUCCESS[0m


  TIME [s]    SERVICE          CONFIGURATION         INFO: MODULE ELABORATION
----------------------------------------------------------------------------------------------------
     5.982    PREPROCESSOR     ELABORATE             module  : virtual_module_47
     5.982    PREPROCESSOR     ELABORATE             	inputs  : 34
     5.982    PREPROCESSOR     ELABORATE             	outputs : 22
     5.982    PREPROCESSOR     ELABORATE             	wires   : 104
----------------------------------------------------------------------------------------------------
     5.982    PREPROCESSOR     ELABORATE             [1;32mSUCCESS[0m


  TIME [s]    SERVICE          CONFIGURATION         INFO: RANDOM PROBING
----------------------------------------------------------------------------------------------------
    32.378    ANALYZER         FFT-INDIANA           leakage probability (stage 3) : 
    32.379    ANALYZER         FFT-INDIANA           	max. probes  : 40
    32.379    ANALYZER         FFT-INDIANA           	max. samples : 10
    32.380    ANALYZER         FFT-INDIANA           	virtual_module_32 (min./max.) : 4.589851e-03 / 2.900870e-02
    32.380    ANALYZER         FFT-INDIANA           	virtual_module_33 (min./max.) : 4.704273e-03 / 3.325979e-02
    32.380    ANALYZER         FFT-INDIANA           	virtual_module_34 (min./max.) : 4.512999e-03 / 2.953522e-02
    32.380    ANALYZER         FFT-INDIANA           	virtual_module_35 (min./max.) : 4.618964e-03 / 2.895985e-02
    32.380    ANALYZER         FFT-INDIANA           	virtual_module_36 (min./max.) : 4.499262e-03 / 3.765155e-02
    32.380    ANALYZER         FFT-INDIANA           	virtual_module_37 (min./max.) : 4.912690e-03 / 3.713723e-02
    32.380    ANALYZER         FFT-INDIANA           	virtual_module_38 (min./max.) : 4.911337e-03 / 3.019597e-02
    32.380    ANALYZER         FFT-INDIANA           	virtual_module_39 (min./max.) : 4.627954e-03 / 3.019992e-02
    32.380    ANALYZER         FFT-INDIANA           	virtual_module_40 (min./max.) : 4.390447e-03 / 2.896237e-02
    32.380    ANALYZER         FFT-INDIANA           	virtual_module_41 (min./max.) : 4.506220e-03 / 3.241404e-02
    32.380    ANALYZER         FFT-INDIANA           	virtual_module_42 (min./max.) : 4.796895e-03 / 3.186486e-02
    32.380    ANALYZER         FFT-INDIANA           	virtual_module_43 (min./max.) : 4.905547e-03 / 3.155646e-02
    32.380    ANALYZER         FFT-INDIANA           	virtual_module_44 (min./max.) : 4.591503e-03 / 3.417177e-02
    32.380    ANALYZER         FFT-INDIANA           	virtual_module_45 (min./max.) : 4.806414e-03 / 2.864347e-02
    32.380    ANALYZER         FFT-INDIANA           	virtual_module_46 (min./max.) : 5.000982e-03 / 3.028590e-02
    32.380    ANALYZER         FFT-INDIANA           	virtual_module_47 (min./max.) : 4.910086e-03 / 2.893799e-02
    32.380    ANALYZER         FFT-INDIANA           total (min./max.): 7.268630e-02 / 4.000567e-01

  TIME [s]    SERVICE          CONFIGURATION         INFO: FREQUENCY UPDATE
----------------------------------------------------------------------------------------------------
    32.380    ENVIRONMENT      INDIANA               [1;32mSUCCESS[0m

  TIME [s]    SERVICE          CONFIGURATION         INFO: FREQUENCY TRANSFER
----------------------------------------------------------------------------------------------------
    32.484    ENVIRONMENT      INDIANA               [1;32mSUCCESS[0m

  TIME [s]    SERVICE          CONFIGURATION         INFO: MODULE ELABORATION
----------------------------------------------------------------------------------------------------
    32.496    PREPROCESSOR     ELABORATE             module  : virtual_module_48
    32.496    PREPROCESSOR     ELABORATE             	inputs  : 22
    32.496    PREPROCESSOR     ELABORATE             	outputs : 8
    32.496    PREPROCESSOR     ELABORATE             	wires   : 60
----------------------------------------------------------------------------------------------------
    32.496    PREPROCESSOR     ELABORATE             [1;32mSUCCESS[0m


  TIME [s]    SERVICE          CONFIGURATION         INFO: MODULE ELABORATION
----------------------------------------------------------------------------------------------------
    32.508    PREPROCESSOR     ELABORATE             module  : virtual_module_49
    32.508    PREPROCESSOR     ELABORATE             	inputs  : 22
    32.508    PREPROCESSOR     ELABORATE             	outputs : 8
    32.508    PREPROCESSOR     ELABORATE             	wires   : 60
----------------------------------------------------------------------------------------------------
    32.508    PREPROCESSOR     ELABORATE             [1;32mSUCCESS[0m


  TIME [s]    SERVICE          CONFIGURATION         INFO: MODULE ELABORATION
----------------------------------------------------------------------------------------------------
    32.520    PREPROCESSOR     ELABORATE             module  : virtual_module_50
    32.520    PREPROCESSOR     ELABORATE             	inputs  : 22
    32.520    PREPROCESSOR     ELABORATE             	outputs : 8
    32.520    PREPROCESSOR     ELABORATE             	wires   : 60
----------------------------------------------------------------------------------------------------
    32.520    PREPROCESSOR     ELABORATE             [1;32mSUCCESS[0m


  TIME [s]    SERVICE          CONFIGURATION         INFO: MODULE ELABORATION
----------------------------------------------------------------------------------------------------
    32.532    PREPROCESSOR     ELABORATE             module  : virtual_module_51
    32.532    PREPROCESSOR     ELABORATE             	inputs  : 22
    32.532    PREPROCESSOR     ELABORATE             	outputs : 8
    32.532    PREPROCESSOR     ELABORATE             	wires   : 60
----------------------------------------------------------------------------------------------------
    32.532    PREPROCESSOR     ELABORATE             [1;32mSUCCESS[0m


  TIME [s]    SERVICE          CONFIGURATION         INFO: MODULE ELABORATION
----------------------------------------------------------------------------------------------------
    32.543    PREPROCESSOR     ELABORATE             module  : virtual_module_52
    32.543    PREPROCESSOR     ELABORATE             	inputs  : 22
    32.543    PREPROCESSOR     ELABORATE             	outputs : 8
    32.543    PREPROCESSOR     ELABORATE             	wires   : 60
----------------------------------------------------------------------------------------------------
    32.543    PREPROCESSOR     ELABORATE             [1;32mSUCCESS[0m


  TIME [s]    SERVICE          CONFIGURATION         INFO: MODULE ELABORATION
----------------------------------------------------------------------------------------------------
    32.555    PREPROCESSOR     ELABORATE             module  : virtual_module_53
    32.555    PREPROCESSOR     ELABORATE             	inputs  : 22
    32.555    PREPROCESSOR     ELABORATE             	outputs : 8
    32.555    PREPROCESSOR     ELABORATE             	wires   : 60
----------------------------------------------------------------------------------------------------
    32.555    PREPROCESSOR     ELABORATE             [1;32mSUCCESS[0m


  TIME [s]    SERVICE          CONFIGURATION         INFO: MODULE ELABORATION
----------------------------------------------------------------------------------------------------
    32.567    PREPROCESSOR     ELABORATE             module  : virtual_module_54
    32.567    PREPROCESSOR     ELABORATE             	inputs  : 22
    32.567    PREPROCESSOR     ELABORATE             	outputs : 8
    32.567    PREPROCESSOR     ELABORATE             	wires   : 60
----------------------------------------------------------------------------------------------------
    32.567    PREPROCESSOR     ELABORATE             [1;32mSUCCESS[0m


  TIME [s]    SERVICE          CONFIGURATION         INFO: MODULE ELABORATION
----------------------------------------------------------------------------------------------------
    32.579    PREPROCESSOR     ELABORATE             module  : virtual_module_55
    32.579    PREPROCESSOR     ELABORATE             	inputs  : 22
    32.579    PREPROCESSOR     ELABORATE             	outputs : 8
    32.579    PREPROCESSOR     ELABORATE             	wires   : 60
----------------------------------------------------------------------------------------------------
    32.579    PREPROCESSOR     ELABORATE             [1;32mSUCCESS[0m


  TIME [s]    SERVICE          CONFIGURATION         INFO: MODULE ELABORATION
----------------------------------------------------------------------------------------------------
    32.591    PREPROCESSOR     ELABORATE             module  : virtual_module_56
    32.591    PREPROCESSOR     ELABORATE             	inputs  : 22
    32.591    PREPROCESSOR     ELABORATE             	outputs : 8
    32.591    PREPROCESSOR     ELABORATE             	wires   : 60
----------------------------------------------------------------------------------------------------
    32.591    PREPROCESSOR     ELABORATE             [1;32mSUCCESS[0m


  TIME [s]    SERVICE          CONFIGURATION         INFO: MODULE ELABORATION
----------------------------------------------------------------------------------------------------
    32.603    PREPROCESSOR     ELABORATE             module  : virtual_module_57
    32.603    PREPROCESSOR     ELABORATE             	inputs  : 22
    32.603    PREPROCESSOR     ELABORATE             	outputs : 8
    32.603    PREPROCESSOR     ELABORATE             	wires   : 60
----------------------------------------------------------------------------------------------------
    32.603    PREPROCESSOR     ELABORATE             [1;32mSUCCESS[0m


  TIME [s]    SERVICE          CONFIGURATION         INFO: MODULE ELABORATION
----------------------------------------------------------------------------------------------------
    32.615    PREPROCESSOR     ELABORATE             module  : virtual_module_58
    32.615    PREPROCESSOR     ELABORATE             	inputs  : 22
    32.615    PREPROCESSOR     ELABORATE             	outputs : 8
    32.615    PREPROCESSOR     ELABORATE             	wires   : 60
----------------------------------------------------------------------------------------------------
    32.615    PREPROCESSOR     ELABORATE             [1;32mSUCCESS[0m


  TIME [s]    SERVICE          CONFIGURATION         INFO: MODULE ELABORATION
----------------------------------------------------------------------------------------------------
    32.626    PREPROCESSOR     ELABORATE             module  : virtual_module_59
    32.626    PREPROCESSOR     ELABORATE             	inputs  : 22
    32.626    PREPROCESSOR     ELABORATE             	outputs : 8
    32.626    PREPROCESSOR     ELABORATE             	wires   : 60
----------------------------------------------------------------------------------------------------
    32.626    PREPROCESSOR     ELABORATE             [1;32mSUCCESS[0m


  TIME [s]    SERVICE          CONFIGURATION         INFO: MODULE ELABORATION
----------------------------------------------------------------------------------------------------
    32.638    PREPROCESSOR     ELABORATE             module  : virtual_module_60
    32.638    PREPROCESSOR     ELABORATE             	inputs  : 22
    32.638    PREPROCESSOR     ELABORATE             	outputs : 8
    32.638    PREPROCESSOR     ELABORATE             	wires   : 60
----------------------------------------------------------------------------------------------------
    32.638    PREPROCESSOR     ELABORATE             [1;32mSUCCESS[0m


  TIME [s]    SERVICE          CONFIGURATION         INFO: MODULE ELABORATION
----------------------------------------------------------------------------------------------------
    32.650    PREPROCESSOR     ELABORATE             module  : virtual_module_61
    32.650    PREPROCESSOR     ELABORATE             	inputs  : 22
    32.650    PREPROCESSOR     ELABORATE             	outputs : 8
    32.650    PREPROCESSOR     ELABORATE             	wires   : 60
----------------------------------------------------------------------------------------------------
    32.650    PREPROCESSOR     ELABORATE             [1;32mSUCCESS[0m


  TIME [s]    SERVICE          CONFIGURATION         INFO: MODULE ELABORATION
----------------------------------------------------------------------------------------------------
    32.661    PREPROCESSOR     ELABORATE             module  : virtual_module_62
    32.661    PREPROCESSOR     ELABORATE             	inputs  : 22
    32.661    PREPROCESSOR     ELABORATE             	outputs : 8
    32.661    PREPROCESSOR     ELABORATE             	wires   : 60
----------------------------------------------------------------------------------------------------
    32.661    PREPROCESSOR     ELABORATE             [1;32mSUCCESS[0m


  TIME [s]    SERVICE          CONFIGURATION         INFO: MODULE ELABORATION
----------------------------------------------------------------------------------------------------
    32.672    PREPROCESSOR     ELABORATE             module  : virtual_module_63
    32.672    PREPROCESSOR     ELABORATE             	inputs  : 22
    32.672    PREPROCESSOR     ELABORATE             	outputs : 8
    32.672    PREPROCESSOR     ELABORATE             	wires   : 60
----------------------------------------------------------------------------------------------------
    32.672    PREPROCESSOR     ELABORATE             [1;32mSUCCESS[0m


  TIME [s]    SERVICE          CONFIGURATION         INFO: RANDOM PROBING
----------------------------------------------------------------------------------------------------
    51.608    ANALYZER         FFT-INDIANA           leakage probability (stage 4) : 
    51.608    ANALYZER         FFT-INDIANA           	max. probes  : 40
    51.608    ANALYZER         FFT-INDIANA           	max. samples : 10
    51.608    ANALYZER         FFT-INDIANA           	virtual_module_48 (min./max.) : 4.060025e-03 / 4.103770e-03
    51.608    ANALYZER         FFT-INDIANA           	virtual_module_49 (min./max.) : 4.059998e-03 / 4.090181e-03
    51.608    ANALYZER         FFT-INDIANA           	virtual_module_50 (min./max.) : 4.060015e-03 / 4.238512e-03
    51.608    ANALYZER         FFT-INDIANA           	virtual_module_51 (min./max.) : 4.060015e-03 / 4.112825e-03
    51.608    ANALYZER         FFT-INDIANA           	virtual_module_52 (min./max.) : 4.060025e-03 / 4.100363e-03
    51.608    ANALYZER         FFT-INDIANA           	virtual_module_53 (min./max.) : 4.060025e-03 / 4.112971e-03
    51.608    ANALYZER         FFT-INDIANA           	virtual_module_54 (min./max.) : 4.059025e-03 / 4.107868e-03
    51.608    ANALYZER         FFT-INDIANA           	virtual_module_55 (min./max.) : 4.060025e-03 / 4.078063e-03
    51.608    ANALYZER         FFT-INDIANA           	virtual_module_56 (min./max.) : 4.060024e-03 / 4.119424e-03
    51.608    ANALYZER         FFT-INDIANA           	virtual_module_57 (min./max.) : 4.060007e-03 / 4.182877e-03
    51.608    ANALYZER         FFT-INDIANA           	virtual_module_58 (min./max.) : 4.060007e-03 / 4.138749e-03
    51.608    ANALYZER         FFT-INDIANA           	virtual_module_59 (min./max.) : 4.059104e-03 / 4.125063e-03
    51.608    ANALYZER         FFT-INDIANA           	virtual_module_60 (min./max.) : 4.060025e-03 / 4.105430e-03
    51.608    ANALYZER         FFT-INDIANA           	virtual_module_61 (min./max.) : 4.060015e-03 / 4.093401e-03
    51.608    ANALYZER         FFT-INDIANA           	virtual_module_62 (min./max.) : 4.060016e-03 / 4.081333e-03
    51.608    ANALYZER         FFT-INDIANA           	virtual_module_63 (min./max.) : 4.060016e-03 / 4.095885e-03
    51.608    ANALYZER         FFT-INDIANA           total (min./max.): 6.301742e-02 / 6.389044e-02

  TIME [s]    SERVICE          CONFIGURATION         INFO: FREQUENCY UPDATE
----------------------------------------------------------------------------------------------------
    51.608    ENVIRONMENT      INDIANA               [1;32mSUCCESS[0m

  TIME [s]    SERVICE          CONFIGURATION         INFO
----------------------------------------------------------------------------------------------------
    51.610    VERICA           SCA                   DONE!
