----------------------------------------------------------------------------------------------------
                              INDIANA -- INDISTINGUISHABILITY ANALYSIS                              

                              INDIANA -- INDISTINGUISHABILITY ANALYSIS                              

                                      Ruhr-Universität Bochum                                      
                              Pascal Sasdrich (pascal.sasdrich@rub.de)                              
                        Jan Richter-Brockmann (jan.richter-brockmann@rub.de)                        

                                         Copyright (c) 2025                                         
                                           Pascal Sasdrich                                          
                                        Jan Richter-Brockmann                                       

                                         All rights reserved                                       
----------------------------------------------------------------------------------------------------


  TIME [s]    SERVICE          CONFIGURATION         INFO: CELL LIBRARY
----------------------------------------------------------------------------------------------------
     0.001    PARSER           CELLLIB               source: cell/nang45.txt
     0.001    PARSER           CELLLIB               Parsed cell library with 14 gate type(s). 
----------------------------------------------------------------------------------------------------
     0.001    PARSER           CELLLIB               [1;32mSUCCESS[0m


  TIME [s]    SERVICE          CONFIGURATION         INFO: DESIGN UNDER TEST
----------------------------------------------------------------------------------------------------
     3.512    PARSER           VERILOG               source: ./test/indistinguishability/case-studies-paper/present/present-single-round-hpc2-d1.v
     3.512    PARSER           VERILOG               	module(s) : 1
     3.512    PARSER           VERILOG               	gate(s)   : 3088
     3.512    PARSER           VERILOG               	 - comb.  : 1552
     3.512    PARSER           VERILOG               	 - seq.   : 1536
     3.512    PARSER           VERILOG               	wire(s)   : 3441
     3.512    PARSER           VERILOG               	pin(s)    : 11139
     3.512    PARSER           VERILOG               WARNING: detected 1506 unconnected pins!
----------------------------------------------------------------------------------------------------
     3.512    PARSER           VERILOG               [1;32mSUCCESS[0m


  TIME [s]    SERVICE          CONFIGURATION         INFO: ANNOTATIONS
----------------------------------------------------------------------------------------------------
     3.515    PREPROCESSOR     ANNOTATION            1 input wire was tagged as clock input.
     3.515    PREPROCESSOR     ANNOTATION            0 input wires were tagged as control inputs.
     3.515    PREPROCESSOR     ANNOTATION            64 input wires were tagged as refresh inputs.
     3.515    PREPROCESSOR     ANNOTATION            0 output wires were tagged as error flags.
     3.515    PREPROCESSOR     ANNOTATION            0 input wires were tagged with PIIDs.
     3.515    PREPROCESSOR     ANNOTATION            384 wires were tagged with a share domain.
     3.515    PREPROCESSOR     ANNOTATION            384 wires were tagged with a share index.
     3.515    PREPROCESSOR     ANNOTATION            0 wires were tagged with a fault domain.
----------------------------------------------------------------------------------------------------
     3.515    PREPROCESSOR     ANNOTATION            [1;32mSUCCESS[0m


  TIME [s]    SERVICE          CONFIGURATION         INFO: FILTERING
----------------------------------------------------------------------------------------------------
     3.517    PREPROCESSOR     FILTERING             Filtering for side-channel verification is disabled!
     3.517    PREPROCESSOR     FILTERING             Filtering for fault-injection verification is disabled!
----------------------------------------------------------------------------------------------------
     3.517    PREPROCESSOR     FILTERING             [1;32mSUCCESS[0m


  TIME [s]    SERVICE          CONFIGURATION         INFO
----------------------------------------------------------------------------------------------------
     3.517    PREPROCESSOR     MULTI-THREADING       cores: 16
     3.517    PREPROCESSOR     MULTI-THREADING       memory: 0 GB
     3.517    PREPROCESSOR     MULTI-THREADING       reordering: disabled
----------------------------------------------------------------------------------------------------
     3.517    PREPROCESSOR     MULTI-THREADING       [1;32mSUCCESS[0m


  TIME [s]    SERVICE          CONFIGURATION         INFO: MODEL POSTPROCESSING
----------------------------------------------------------------------------------------------------
     3.532    PREPROCESSOR     MODEL POSTPROCESSING  Removed clock tree from netlist (1 wire was removed).
     3.532    PREPROCESSOR     MODEL POSTPROCESSING  No control signals were found.
     3.532    PREPROCESSOR     MODEL POSTPROCESSING  Removed 1506 unconnected pins.
     3.532    PREPROCESSOR     MODEL POSTPROCESSING  Removed 0 unconnected wires.
----------------------------------------------------------------------------------------------------
     3.532    PREPROCESSOR     MODEL POSTPROCESSING  [1;32mSUCCESS[0m


  TIME [s]    SERVICE          CONFIGURATION         INFO: PROPERTIES
----------------------------------------------------------------------------------------------------
     3.611    PREPROCESSOR     MODEL PROPERTIES      Determined 128 shared inputs.
     3.611    PREPROCESSOR     MODEL PROPERTIES      	Minimum number of shares: 2
     3.611    PREPROCESSOR     MODEL PROPERTIES      Identified stage(s): 
     3.611    PREPROCESSOR     MODEL PROPERTIES      	logic    : 4
     3.611    PREPROCESSOR     MODEL PROPERTIES      	register : 3
----------------------------------------------------------------------------------------------------
     3.611    PREPROCESSOR     MODEL PROPERTIES      [1;32mSUCCESS[0m


  TIME [s]    SERVICE          CONFIGURATION         INFO: PARTITIONER
----------------------------------------------------------------------------------------------------
     3.769    PARTITIONER      BREADTH+DEPTH         Identified 64 partitions.
----------------------------------------------------------------------------------------------------
     3.769    PARTITIONER      BREADTH+DEPTH         [1;32mSUCCESS[0m


  TIME [s]    SERVICE          CONFIGURATION         INFO: Configure FIA
----------------------------------------------------------------------------------------------------
     3.769    PREPROCESSOR     FIA                   FIA preprocessor is disabled!
----------------------------------------------------------------------------------------------------
     3.769    PREPROCESSOR     FIA                   [1;32mSUCCESS[0m


  TIME [s]    SERVICE          CONFIGURATION         INFO: Configure SCA
----------------------------------------------------------------------------------------------------
     3.770    PREPROCESSOR     SCA                   Determined 1664 probe positions.
     3.770    PREPROCESSOR     SCA                   Determined 0 probe combinations.
----------------------------------------------------------------------------------------------------
     3.770    PREPROCESSOR     SCA                   [1;32mSUCCESS[0m


  TIME [s]    SERVICE          CONFIGURATION         INFO: MODULE ELABORATION
----------------------------------------------------------------------------------------------------
     3.806    PREPROCESSOR     ELABORATE             module  : virtual_module_0
     3.806    PREPROCESSOR     ELABORATE             	inputs  : 20
     3.806    PREPROCESSOR     ELABORATE             	outputs : 40
     3.806    PREPROCESSOR     ELABORATE             	wires   : 55
----------------------------------------------------------------------------------------------------
     3.806    PREPROCESSOR     ELABORATE             [1;32mSUCCESS[0m


  TIME [s]    SERVICE          CONFIGURATION         INFO: MODULE ELABORATION
----------------------------------------------------------------------------------------------------
     3.807    PREPROCESSOR     ELABORATE             module  : virtual_module_1
     3.807    PREPROCESSOR     ELABORATE             	inputs  : 20
     3.807    PREPROCESSOR     ELABORATE             	outputs : 40
     3.807    PREPROCESSOR     ELABORATE             	wires   : 55
----------------------------------------------------------------------------------------------------
     3.807    PREPROCESSOR     ELABORATE             [1;32mSUCCESS[0m


  TIME [s]    SERVICE          CONFIGURATION         INFO: MODULE ELABORATION
----------------------------------------------------------------------------------------------------
     3.807    PREPROCESSOR     ELABORATE             module  : virtual_module_2
     3.807    PREPROCESSOR     ELABORATE             	inputs  : 20
     3.807    PREPROCESSOR     ELABORATE             	outputs : 40
     3.807    PREPROCESSOR     ELABORATE             	wires   : 55
----------------------------------------------------------------------------------------------------
     3.807    PREPROCESSOR     ELABORATE             [1;32mSUCCESS[0m


  TIME [s]    SERVICE          CONFIGURATION         INFO: MODULE ELABORATION
----------------------------------------------------------------------------------------------------
     3.808    PREPROCESSOR     ELABORATE             module  : virtual_module_3
     3.808    PREPROCESSOR     ELABORATE             	inputs  : 20
     3.808    PREPROCESSOR     ELABORATE             	outputs : 40
     3.808    PREPROCESSOR     ELABORATE             	wires   : 55
----------------------------------------------------------------------------------------------------
     3.808    PREPROCESSOR     ELABORATE             [1;32mSUCCESS[0m


  TIME [s]    SERVICE          CONFIGURATION         INFO: MODULE ELABORATION
----------------------------------------------------------------------------------------------------
     3.808    PREPROCESSOR     ELABORATE             module  : virtual_module_4
     3.808    PREPROCESSOR     ELABORATE             	inputs  : 20
     3.808    PREPROCESSOR     ELABORATE             	outputs : 40
     3.808    PREPROCESSOR     ELABORATE             	wires   : 55
----------------------------------------------------------------------------------------------------
     3.808    PREPROCESSOR     ELABORATE             [1;32mSUCCESS[0m


  TIME [s]    SERVICE          CONFIGURATION         INFO: MODULE ELABORATION
----------------------------------------------------------------------------------------------------
     3.809    PREPROCESSOR     ELABORATE             module  : virtual_module_5
     3.809    PREPROCESSOR     ELABORATE             	inputs  : 20
     3.809    PREPROCESSOR     ELABORATE             	outputs : 40
     3.809    PREPROCESSOR     ELABORATE             	wires   : 55
----------------------------------------------------------------------------------------------------
     3.809    PREPROCESSOR     ELABORATE             [1;32mSUCCESS[0m


  TIME [s]    SERVICE          CONFIGURATION         INFO: MODULE ELABORATION
----------------------------------------------------------------------------------------------------
     3.809    PREPROCESSOR     ELABORATE             module  : virtual_module_6
     3.809    PREPROCESSOR     ELABORATE             	inputs  : 20
     3.809    PREPROCESSOR     ELABORATE             	outputs : 40
     3.809    PREPROCESSOR     ELABORATE             	wires   : 55
----------------------------------------------------------------------------------------------------
     3.810    PREPROCESSOR     ELABORATE             [1;32mSUCCESS[0m


  TIME [s]    SERVICE          CONFIGURATION         INFO: MODULE ELABORATION
----------------------------------------------------------------------------------------------------
     3.810    PREPROCESSOR     ELABORATE             module  : virtual_module_7
     3.810    PREPROCESSOR     ELABORATE             	inputs  : 20
     3.810    PREPROCESSOR     ELABORATE             	outputs : 40
     3.810    PREPROCESSOR     ELABORATE             	wires   : 55
----------------------------------------------------------------------------------------------------
     3.810    PREPROCESSOR     ELABORATE             [1;32mSUCCESS[0m


  TIME [s]    SERVICE          CONFIGURATION         INFO: MODULE ELABORATION
----------------------------------------------------------------------------------------------------
     3.811    PREPROCESSOR     ELABORATE             module  : virtual_module_8
     3.811    PREPROCESSOR     ELABORATE             	inputs  : 20
     3.811    PREPROCESSOR     ELABORATE             	outputs : 40
     3.811    PREPROCESSOR     ELABORATE             	wires   : 55
----------------------------------------------------------------------------------------------------
     3.811    PREPROCESSOR     ELABORATE             [1;32mSUCCESS[0m


  TIME [s]    SERVICE          CONFIGURATION         INFO: MODULE ELABORATION
----------------------------------------------------------------------------------------------------
     3.811    PREPROCESSOR     ELABORATE             module  : virtual_module_9
     3.811    PREPROCESSOR     ELABORATE             	inputs  : 20
     3.811    PREPROCESSOR     ELABORATE             	outputs : 40
     3.811    PREPROCESSOR     ELABORATE             	wires   : 55
----------------------------------------------------------------------------------------------------
     3.811    PREPROCESSOR     ELABORATE             [1;32mSUCCESS[0m


  TIME [s]    SERVICE          CONFIGURATION         INFO: MODULE ELABORATION
----------------------------------------------------------------------------------------------------
     3.812    PREPROCESSOR     ELABORATE             module  : virtual_module_10
     3.812    PREPROCESSOR     ELABORATE             	inputs  : 20
     3.812    PREPROCESSOR     ELABORATE             	outputs : 40
     3.812    PREPROCESSOR     ELABORATE             	wires   : 55
----------------------------------------------------------------------------------------------------
     3.812    PREPROCESSOR     ELABORATE             [1;32mSUCCESS[0m


  TIME [s]    SERVICE          CONFIGURATION         INFO: MODULE ELABORATION
----------------------------------------------------------------------------------------------------
     3.812    PREPROCESSOR     ELABORATE             module  : virtual_module_11
     3.812    PREPROCESSOR     ELABORATE             	inputs  : 20
     3.812    PREPROCESSOR     ELABORATE             	outputs : 40
     3.812    PREPROCESSOR     ELABORATE             	wires   : 55
----------------------------------------------------------------------------------------------------
     3.812    PREPROCESSOR     ELABORATE             [1;32mSUCCESS[0m


  TIME [s]    SERVICE          CONFIGURATION         INFO: MODULE ELABORATION
----------------------------------------------------------------------------------------------------
     3.813    PREPROCESSOR     ELABORATE             module  : virtual_module_12
     3.813    PREPROCESSOR     ELABORATE             	inputs  : 20
     3.813    PREPROCESSOR     ELABORATE             	outputs : 40
     3.813    PREPROCESSOR     ELABORATE             	wires   : 55
----------------------------------------------------------------------------------------------------
     3.813    PREPROCESSOR     ELABORATE             [1;32mSUCCESS[0m


  TIME [s]    SERVICE          CONFIGURATION         INFO: MODULE ELABORATION
----------------------------------------------------------------------------------------------------
     3.813    PREPROCESSOR     ELABORATE             module  : virtual_module_13
     3.813    PREPROCESSOR     ELABORATE             	inputs  : 20
     3.813    PREPROCESSOR     ELABORATE             	outputs : 40
     3.813    PREPROCESSOR     ELABORATE             	wires   : 55
----------------------------------------------------------------------------------------------------
     3.813    PREPROCESSOR     ELABORATE             [1;32mSUCCESS[0m


  TIME [s]    SERVICE          CONFIGURATION         INFO: MODULE ELABORATION
----------------------------------------------------------------------------------------------------
     3.814    PREPROCESSOR     ELABORATE             module  : virtual_module_14
     3.814    PREPROCESSOR     ELABORATE             	inputs  : 20
     3.814    PREPROCESSOR     ELABORATE             	outputs : 40
     3.814    PREPROCESSOR     ELABORATE             	wires   : 55
----------------------------------------------------------------------------------------------------
     3.814    PREPROCESSOR     ELABORATE             [1;32mSUCCESS[0m


  TIME [s]    SERVICE          CONFIGURATION         INFO: MODULE ELABORATION
----------------------------------------------------------------------------------------------------
     3.814    PREPROCESSOR     ELABORATE             module  : virtual_module_15
     3.814    PREPROCESSOR     ELABORATE             	inputs  : 20
     3.814    PREPROCESSOR     ELABORATE             	outputs : 40
     3.814    PREPROCESSOR     ELABORATE             	wires   : 55
----------------------------------------------------------------------------------------------------
     3.814    PREPROCESSOR     ELABORATE             [1;32mSUCCESS[0m


  TIME [s]    SERVICE          CONFIGURATION         INFO: RANDOM PROBING
----------------------------------------------------------------------------------------------------
     4.108    ANALYZER         FFT-INDIANA           leakage probability (stage 1) : 
     4.108    ANALYZER         FFT-INDIANA           	max. probes  : 40
     4.108    ANALYZER         FFT-INDIANA           	max. samples : 20
     4.108    ANALYZER         FFT-INDIANA           	virtual_module_0 (min./max.) : 8.026586e-04 / 8.026586e-04
     4.108    ANALYZER         FFT-INDIANA           	virtual_module_1 (min./max.) : 8.026586e-04 / 8.026586e-04
     4.108    ANALYZER         FFT-INDIANA           	virtual_module_2 (min./max.) : 8.026586e-04 / 8.026586e-04
     4.108    ANALYZER         FFT-INDIANA           	virtual_module_3 (min./max.) : 8.026586e-04 / 8.026586e-04
     4.108    ANALYZER         FFT-INDIANA           	virtual_module_4 (min./max.) : 8.026586e-04 / 8.026586e-04
     4.109    ANALYZER         FFT-INDIANA           	virtual_module_5 (min./max.) : 8.026586e-04 / 8.026586e-04
     4.109    ANALYZER         FFT-INDIANA           	virtual_module_6 (min./max.) : 8.026586e-04 / 8.026586e-04
     4.109    ANALYZER         FFT-INDIANA           	virtual_module_7 (min./max.) : 8.026586e-04 / 8.026586e-04
     4.109    ANALYZER         FFT-INDIANA           	virtual_module_8 (min./max.) : 8.026586e-04 / 8.026586e-04
     4.109    ANALYZER         FFT-INDIANA           	virtual_module_9 (min./max.) : 8.026586e-04 / 8.026586e-04
     4.109    ANALYZER         FFT-INDIANA           	virtual_module_10 (min./max.) : 8.026586e-04 / 8.026586e-04
     4.109    ANALYZER         FFT-INDIANA           	virtual_module_11 (min./max.) : 8.026586e-04 / 8.026586e-04
     4.109    ANALYZER         FFT-INDIANA           	virtual_module_12 (min./max.) : 8.026586e-04 / 8.026586e-04
     4.109    ANALYZER         FFT-INDIANA           	virtual_module_13 (min./max.) : 8.026586e-04 / 8.026586e-04
     4.109    ANALYZER         FFT-INDIANA           	virtual_module_14 (min./max.) : 8.026586e-04 / 8.026586e-04
     4.109    ANALYZER         FFT-INDIANA           	virtual_module_15 (min./max.) : 8.026586e-04 / 8.026586e-04
     4.109    ANALYZER         FFT-INDIANA           total (min./max.): 1.276552e-02 / 1.276552e-02

  TIME [s]    SERVICE          CONFIGURATION         INFO: FREQUENCY UPDATE
----------------------------------------------------------------------------------------------------
     4.109    ENVIRONMENT      INDIANA               [1;32mSUCCESS[0m

  TIME [s]    SERVICE          CONFIGURATION         INFO: FREQUENCY TRANSFER
----------------------------------------------------------------------------------------------------
     4.272    ENVIRONMENT      INDIANA               [1;32mSUCCESS[0m

  TIME [s]    SERVICE          CONFIGURATION         INFO: MODULE ELABORATION
----------------------------------------------------------------------------------------------------
     4.285    PREPROCESSOR     ELABORATE             module  : virtual_module_16
     4.285    PREPROCESSOR     ELABORATE             	inputs  : 40
     4.285    PREPROCESSOR     ELABORATE             	outputs : 34
     4.285    PREPROCESSOR     ELABORATE             	wires   : 92
----------------------------------------------------------------------------------------------------
     4.285    PREPROCESSOR     ELABORATE             [1;32mSUCCESS[0m


  TIME [s]    SERVICE          CONFIGURATION         INFO: MODULE ELABORATION
----------------------------------------------------------------------------------------------------
     4.299    PREPROCESSOR     ELABORATE             module  : virtual_module_17
     4.299    PREPROCESSOR     ELABORATE             	inputs  : 40
     4.299    PREPROCESSOR     ELABORATE             	outputs : 34
     4.299    PREPROCESSOR     ELABORATE             	wires   : 92
----------------------------------------------------------------------------------------------------
     4.299    PREPROCESSOR     ELABORATE             [1;32mSUCCESS[0m


  TIME [s]    SERVICE          CONFIGURATION         INFO: MODULE ELABORATION
----------------------------------------------------------------------------------------------------
     4.313    PREPROCESSOR     ELABORATE             module  : virtual_module_18
     4.313    PREPROCESSOR     ELABORATE             	inputs  : 40
     4.313    PREPROCESSOR     ELABORATE             	outputs : 34
     4.313    PREPROCESSOR     ELABORATE             	wires   : 92
----------------------------------------------------------------------------------------------------
     4.313    PREPROCESSOR     ELABORATE             [1;32mSUCCESS[0m


  TIME [s]    SERVICE          CONFIGURATION         INFO: MODULE ELABORATION
----------------------------------------------------------------------------------------------------
     4.327    PREPROCESSOR     ELABORATE             module  : virtual_module_19
     4.327    PREPROCESSOR     ELABORATE             	inputs  : 40
     4.327    PREPROCESSOR     ELABORATE             	outputs : 34
     4.327    PREPROCESSOR     ELABORATE             	wires   : 92
----------------------------------------------------------------------------------------------------
     4.327    PREPROCESSOR     ELABORATE             [1;32mSUCCESS[0m


  TIME [s]    SERVICE          CONFIGURATION         INFO: MODULE ELABORATION
----------------------------------------------------------------------------------------------------
     4.341    PREPROCESSOR     ELABORATE             module  : virtual_module_20
     4.341    PREPROCESSOR     ELABORATE             	inputs  : 40
     4.341    PREPROCESSOR     ELABORATE             	outputs : 34
     4.341    PREPROCESSOR     ELABORATE             	wires   : 92
----------------------------------------------------------------------------------------------------
     4.341    PREPROCESSOR     ELABORATE             [1;32mSUCCESS[0m


  TIME [s]    SERVICE          CONFIGURATION         INFO: MODULE ELABORATION
----------------------------------------------------------------------------------------------------
     4.355    PREPROCESSOR     ELABORATE             module  : virtual_module_21
     4.355    PREPROCESSOR     ELABORATE             	inputs  : 40
     4.355    PREPROCESSOR     ELABORATE             	outputs : 34
     4.355    PREPROCESSOR     ELABORATE             	wires   : 92
----------------------------------------------------------------------------------------------------
     4.355    PREPROCESSOR     ELABORATE             [1;32mSUCCESS[0m


  TIME [s]    SERVICE          CONFIGURATION         INFO: MODULE ELABORATION
----------------------------------------------------------------------------------------------------
     4.369    PREPROCESSOR     ELABORATE             module  : virtual_module_22
     4.369    PREPROCESSOR     ELABORATE             	inputs  : 40
     4.369    PREPROCESSOR     ELABORATE             	outputs : 34
     4.369    PREPROCESSOR     ELABORATE             	wires   : 92
----------------------------------------------------------------------------------------------------
     4.369    PREPROCESSOR     ELABORATE             [1;32mSUCCESS[0m


  TIME [s]    SERVICE          CONFIGURATION         INFO: MODULE ELABORATION
----------------------------------------------------------------------------------------------------
     4.383    PREPROCESSOR     ELABORATE             module  : virtual_module_23
     4.383    PREPROCESSOR     ELABORATE             	inputs  : 40
     4.383    PREPROCESSOR     ELABORATE             	outputs : 34
     4.383    PREPROCESSOR     ELABORATE             	wires   : 92
----------------------------------------------------------------------------------------------------
     4.383    PREPROCESSOR     ELABORATE             [1;32mSUCCESS[0m


  TIME [s]    SERVICE          CONFIGURATION         INFO: MODULE ELABORATION
----------------------------------------------------------------------------------------------------
     4.397    PREPROCESSOR     ELABORATE             module  : virtual_module_24
     4.397    PREPROCESSOR     ELABORATE             	inputs  : 40
     4.397    PREPROCESSOR     ELABORATE             	outputs : 34
     4.397    PREPROCESSOR     ELABORATE             	wires   : 92
----------------------------------------------------------------------------------------------------
     4.397    PREPROCESSOR     ELABORATE             [1;32mSUCCESS[0m


  TIME [s]    SERVICE          CONFIGURATION         INFO: MODULE ELABORATION
----------------------------------------------------------------------------------------------------
     4.411    PREPROCESSOR     ELABORATE             module  : virtual_module_25
     4.411    PREPROCESSOR     ELABORATE             	inputs  : 40
     4.411    PREPROCESSOR     ELABORATE             	outputs : 34
     4.411    PREPROCESSOR     ELABORATE             	wires   : 92
----------------------------------------------------------------------------------------------------
     4.411    PREPROCESSOR     ELABORATE             [1;32mSUCCESS[0m


  TIME [s]    SERVICE          CONFIGURATION         INFO: MODULE ELABORATION
----------------------------------------------------------------------------------------------------
     4.426    PREPROCESSOR     ELABORATE             module  : virtual_module_26
     4.426    PREPROCESSOR     ELABORATE             	inputs  : 40
     4.426    PREPROCESSOR     ELABORATE             	outputs : 34
     4.426    PREPROCESSOR     ELABORATE             	wires   : 92
----------------------------------------------------------------------------------------------------
     4.426    PREPROCESSOR     ELABORATE             [1;32mSUCCESS[0m


  TIME [s]    SERVICE          CONFIGURATION         INFO: MODULE ELABORATION
----------------------------------------------------------------------------------------------------
     4.440    PREPROCESSOR     ELABORATE             module  : virtual_module_27
     4.440    PREPROCESSOR     ELABORATE             	inputs  : 40
     4.441    PREPROCESSOR     ELABORATE             	outputs : 34
     4.441    PREPROCESSOR     ELABORATE             	wires   : 92
----------------------------------------------------------------------------------------------------
     4.441    PREPROCESSOR     ELABORATE             [1;32mSUCCESS[0m


  TIME [s]    SERVICE          CONFIGURATION         INFO: MODULE ELABORATION
----------------------------------------------------------------------------------------------------
     4.454    PREPROCESSOR     ELABORATE             module  : virtual_module_28
     4.454    PREPROCESSOR     ELABORATE             	inputs  : 40
     4.454    PREPROCESSOR     ELABORATE             	outputs : 34
     4.454    PREPROCESSOR     ELABORATE             	wires   : 92
----------------------------------------------------------------------------------------------------
     4.454    PREPROCESSOR     ELABORATE             [1;32mSUCCESS[0m


  TIME [s]    SERVICE          CONFIGURATION         INFO: MODULE ELABORATION
----------------------------------------------------------------------------------------------------
     4.468    PREPROCESSOR     ELABORATE             module  : virtual_module_29
     4.468    PREPROCESSOR     ELABORATE             	inputs  : 40
     4.468    PREPROCESSOR     ELABORATE             	outputs : 34
     4.468    PREPROCESSOR     ELABORATE             	wires   : 92
----------------------------------------------------------------------------------------------------
     4.468    PREPROCESSOR     ELABORATE             [1;32mSUCCESS[0m


  TIME [s]    SERVICE          CONFIGURATION         INFO: MODULE ELABORATION
----------------------------------------------------------------------------------------------------
     4.482    PREPROCESSOR     ELABORATE             module  : virtual_module_30
     4.482    PREPROCESSOR     ELABORATE             	inputs  : 40
     4.482    PREPROCESSOR     ELABORATE             	outputs : 34
     4.482    PREPROCESSOR     ELABORATE             	wires   : 92
----------------------------------------------------------------------------------------------------
     4.482    PREPROCESSOR     ELABORATE             [1;32mSUCCESS[0m


  TIME [s]    SERVICE          CONFIGURATION         INFO: MODULE ELABORATION
----------------------------------------------------------------------------------------------------
     4.496    PREPROCESSOR     ELABORATE             module  : virtual_module_31
     4.496    PREPROCESSOR     ELABORATE             	inputs  : 40
     4.496    PREPROCESSOR     ELABORATE             	outputs : 34
     4.496    PREPROCESSOR     ELABORATE             	wires   : 92
----------------------------------------------------------------------------------------------------
     4.496    PREPROCESSOR     ELABORATE             [1;32mSUCCESS[0m


  TIME [s]    SERVICE          CONFIGURATION         INFO: RANDOM PROBING
----------------------------------------------------------------------------------------------------
     6.676    ANALYZER         FFT-INDIANA           leakage probability (stage 2) : 
     6.676    ANALYZER         FFT-INDIANA           	max. probes  : 40
     6.676    ANALYZER         FFT-INDIANA           	max. samples : 20
     6.676    ANALYZER         FFT-INDIANA           	virtual_module_16 (min./max.) : 1.218211e-03 / 1.242986e-03
     6.676    ANALYZER         FFT-INDIANA           	virtual_module_17 (min./max.) : 1.218202e-03 / 1.248812e-03
     6.676    ANALYZER         FFT-INDIANA           	virtual_module_18 (min./max.) : 1.218211e-03 / 1.246576e-03
     6.676    ANALYZER         FFT-INDIANA           	virtual_module_19 (min./max.) : 1.218211e-03 / 1.260552e-03
     6.676    ANALYZER         FFT-INDIANA           	virtual_module_20 (min./max.) : 1.218211e-03 / 1.257364e-03
     6.676    ANALYZER         FFT-INDIANA           	virtual_module_21 (min./max.) : 1.218211e-03 / 1.291793e-03
     6.676    ANALYZER         FFT-INDIANA           	virtual_module_22 (min./max.) : 1.218211e-03 / 1.315683e-03
     6.676    ANALYZER         FFT-INDIANA           	virtual_module_23 (min./max.) : 1.218211e-03 / 1.255410e-03
     6.676    ANALYZER         FFT-INDIANA           	virtual_module_24 (min./max.) : 1.218211e-03 / 1.244861e-03
     6.676    ANALYZER         FFT-INDIANA           	virtual_module_25 (min./max.) : 1.218211e-03 / 1.309014e-03
     6.676    ANALYZER         FFT-INDIANA           	virtual_module_26 (min./max.) : 1.218211e-03 / 1.248089e-03
     6.676    ANALYZER         FFT-INDIANA           	virtual_module_27 (min./max.) : 1.218211e-03 / 1.264715e-03
     6.676    ANALYZER         FFT-INDIANA           	virtual_module_28 (min./max.) : 1.218211e-03 / 1.253231e-03
     6.676    ANALYZER         FFT-INDIANA           	virtual_module_29 (min./max.) : 1.218211e-03 / 1.252592e-03
     6.676    ANALYZER         FFT-INDIANA           	virtual_module_30 (min./max.) : 1.218202e-03 / 1.252754e-03
     6.676    ANALYZER         FFT-INDIANA           	virtual_module_31 (min./max.) : 1.218211e-03 / 1.249385e-03
     6.676    ANALYZER         FFT-INDIANA           total (min./max.): 1.931429e-02 / 2.000379e-02

  TIME [s]    SERVICE          CONFIGURATION         INFO: FREQUENCY UPDATE
----------------------------------------------------------------------------------------------------
     6.676    ENVIRONMENT      INDIANA               [1;32mSUCCESS[0m

  TIME [s]    SERVICE          CONFIGURATION         INFO: FREQUENCY TRANSFER
----------------------------------------------------------------------------------------------------
     6.852    ENVIRONMENT      INDIANA               [1;32mSUCCESS[0m

  TIME [s]    SERVICE          CONFIGURATION         INFO: MODULE ELABORATION
----------------------------------------------------------------------------------------------------
     6.870    PREPROCESSOR     ELABORATE             module  : virtual_module_32
     6.870    PREPROCESSOR     ELABORATE             	inputs  : 34
     6.870    PREPROCESSOR     ELABORATE             	outputs : 22
     6.870    PREPROCESSOR     ELABORATE             	wires   : 104
----------------------------------------------------------------------------------------------------
     6.870    PREPROCESSOR     ELABORATE             [1;32mSUCCESS[0m


  TIME [s]    SERVICE          CONFIGURATION         INFO: MODULE ELABORATION
----------------------------------------------------------------------------------------------------
     6.887    PREPROCESSOR     ELABORATE             module  : virtual_module_33
     6.887    PREPROCESSOR     ELABORATE             	inputs  : 34
     6.887    PREPROCESSOR     ELABORATE             	outputs : 22
     6.887    PREPROCESSOR     ELABORATE             	wires   : 104
----------------------------------------------------------------------------------------------------
     6.887    PREPROCESSOR     ELABORATE             [1;32mSUCCESS[0m


  TIME [s]    SERVICE          CONFIGURATION         INFO: MODULE ELABORATION
----------------------------------------------------------------------------------------------------
     6.904    PREPROCESSOR     ELABORATE             module  : virtual_module_34
     6.904    PREPROCESSOR     ELABORATE             	inputs  : 34
     6.904    PREPROCESSOR     ELABORATE             	outputs : 22
     6.904    PREPROCESSOR     ELABORATE             	wires   : 104
----------------------------------------------------------------------------------------------------
     6.904    PREPROCESSOR     ELABORATE             [1;32mSUCCESS[0m


  TIME [s]    SERVICE          CONFIGURATION         INFO: MODULE ELABORATION
----------------------------------------------------------------------------------------------------
     6.921    PREPROCESSOR     ELABORATE             module  : virtual_module_35
     6.921    PREPROCESSOR     ELABORATE             	inputs  : 34
     6.922    PREPROCESSOR     ELABORATE             	outputs : 22
     6.922    PREPROCESSOR     ELABORATE             	wires   : 104
----------------------------------------------------------------------------------------------------
     6.922    PREPROCESSOR     ELABORATE             [1;32mSUCCESS[0m


  TIME [s]    SERVICE          CONFIGURATION         INFO: MODULE ELABORATION
----------------------------------------------------------------------------------------------------
     6.939    PREPROCESSOR     ELABORATE             module  : virtual_module_36
     6.939    PREPROCESSOR     ELABORATE             	inputs  : 34
     6.939    PREPROCESSOR     ELABORATE             	outputs : 22
     6.939    PREPROCESSOR     ELABORATE             	wires   : 104
----------------------------------------------------------------------------------------------------
     6.939    PREPROCESSOR     ELABORATE             [1;32mSUCCESS[0m


  TIME [s]    SERVICE          CONFIGURATION         INFO: MODULE ELABORATION
----------------------------------------------------------------------------------------------------
     6.956    PREPROCESSOR     ELABORATE             module  : virtual_module_37
     6.956    PREPROCESSOR     ELABORATE             	inputs  : 34
     6.956    PREPROCESSOR     ELABORATE             	outputs : 22
     6.956    PREPROCESSOR     ELABORATE             	wires   : 104
----------------------------------------------------------------------------------------------------
     6.956    PREPROCESSOR     ELABORATE             [1;32mSUCCESS[0m


  TIME [s]    SERVICE          CONFIGURATION         INFO: MODULE ELABORATION
----------------------------------------------------------------------------------------------------
     6.973    PREPROCESSOR     ELABORATE             module  : virtual_module_38
     6.973    PREPROCESSOR     ELABORATE             	inputs  : 34
     6.973    PREPROCESSOR     ELABORATE             	outputs : 22
     6.973    PREPROCESSOR     ELABORATE             	wires   : 104
----------------------------------------------------------------------------------------------------
     6.973    PREPROCESSOR     ELABORATE             [1;32mSUCCESS[0m


  TIME [s]    SERVICE          CONFIGURATION         INFO: MODULE ELABORATION
----------------------------------------------------------------------------------------------------
     6.990    PREPROCESSOR     ELABORATE             module  : virtual_module_39
     6.990    PREPROCESSOR     ELABORATE             	inputs  : 34
     6.990    PREPROCESSOR     ELABORATE             	outputs : 22
     6.990    PREPROCESSOR     ELABORATE             	wires   : 104
----------------------------------------------------------------------------------------------------
     6.990    PREPROCESSOR     ELABORATE             [1;32mSUCCESS[0m


  TIME [s]    SERVICE          CONFIGURATION         INFO: MODULE ELABORATION
----------------------------------------------------------------------------------------------------
     7.007    PREPROCESSOR     ELABORATE             module  : virtual_module_40
     7.007    PREPROCESSOR     ELABORATE             	inputs  : 34
     7.008    PREPROCESSOR     ELABORATE             	outputs : 22
     7.008    PREPROCESSOR     ELABORATE             	wires   : 104
----------------------------------------------------------------------------------------------------
     7.008    PREPROCESSOR     ELABORATE             [1;32mSUCCESS[0m


  TIME [s]    SERVICE          CONFIGURATION         INFO: MODULE ELABORATION
----------------------------------------------------------------------------------------------------
     7.025    PREPROCESSOR     ELABORATE             module  : virtual_module_41
     7.025    PREPROCESSOR     ELABORATE             	inputs  : 34
     7.025    PREPROCESSOR     ELABORATE             	outputs : 22
     7.025    PREPROCESSOR     ELABORATE             	wires   : 104
----------------------------------------------------------------------------------------------------
     7.025    PREPROCESSOR     ELABORATE             [1;32mSUCCESS[0m


  TIME [s]    SERVICE          CONFIGURATION         INFO: MODULE ELABORATION
----------------------------------------------------------------------------------------------------
     7.045    PREPROCESSOR     ELABORATE             module  : virtual_module_42
     7.045    PREPROCESSOR     ELABORATE             	inputs  : 34
     7.045    PREPROCESSOR     ELABORATE             	outputs : 22
     7.045    PREPROCESSOR     ELABORATE             	wires   : 104
----------------------------------------------------------------------------------------------------
     7.045    PREPROCESSOR     ELABORATE             [1;32mSUCCESS[0m


  TIME [s]    SERVICE          CONFIGURATION         INFO: MODULE ELABORATION
----------------------------------------------------------------------------------------------------
     7.062    PREPROCESSOR     ELABORATE             module  : virtual_module_43
     7.062    PREPROCESSOR     ELABORATE             	inputs  : 34
     7.062    PREPROCESSOR     ELABORATE             	outputs : 22
     7.062    PREPROCESSOR     ELABORATE             	wires   : 104
----------------------------------------------------------------------------------------------------
     7.062    PREPROCESSOR     ELABORATE             [1;32mSUCCESS[0m


  TIME [s]    SERVICE          CONFIGURATION         INFO: MODULE ELABORATION
----------------------------------------------------------------------------------------------------
     7.079    PREPROCESSOR     ELABORATE             module  : virtual_module_44
     7.079    PREPROCESSOR     ELABORATE             	inputs  : 34
     7.079    PREPROCESSOR     ELABORATE             	outputs : 22
     7.079    PREPROCESSOR     ELABORATE             	wires   : 104
----------------------------------------------------------------------------------------------------
     7.079    PREPROCESSOR     ELABORATE             [1;32mSUCCESS[0m


  TIME [s]    SERVICE          CONFIGURATION         INFO: MODULE ELABORATION
----------------------------------------------------------------------------------------------------
     7.097    PREPROCESSOR     ELABORATE             module  : virtual_module_45
     7.097    PREPROCESSOR     ELABORATE             	inputs  : 34
     7.097    PREPROCESSOR     ELABORATE             	outputs : 22
     7.097    PREPROCESSOR     ELABORATE             	wires   : 104
----------------------------------------------------------------------------------------------------
     7.097    PREPROCESSOR     ELABORATE             [1;32mSUCCESS[0m


  TIME [s]    SERVICE          CONFIGURATION         INFO: MODULE ELABORATION
----------------------------------------------------------------------------------------------------
     7.114    PREPROCESSOR     ELABORATE             module  : virtual_module_46
     7.114    PREPROCESSOR     ELABORATE             	inputs  : 34
     7.114    PREPROCESSOR     ELABORATE             	outputs : 22
     7.114    PREPROCESSOR     ELABORATE             	wires   : 104
----------------------------------------------------------------------------------------------------
     7.114    PREPROCESSOR     ELABORATE             [1;32mSUCCESS[0m


  TIME [s]    SERVICE          CONFIGURATION         INFO: MODULE ELABORATION
----------------------------------------------------------------------------------------------------
     7.131    PREPROCESSOR     ELABORATE             module  : virtual_module_47
     7.131    PREPROCESSOR     ELABORATE             	inputs  : 34
     7.131    PREPROCESSOR     ELABORATE             	outputs : 22
     7.131    PREPROCESSOR     ELABORATE             	wires   : 104
----------------------------------------------------------------------------------------------------
     7.131    PREPROCESSOR     ELABORATE             [1;32mSUCCESS[0m


  TIME [s]    SERVICE          CONFIGURATION         INFO: RANDOM PROBING
----------------------------------------------------------------------------------------------------
    63.734    ANALYZER         FFT-INDIANA           leakage probability (stage 3) : 
    63.734    ANALYZER         FFT-INDIANA           	max. probes  : 40
    63.735    ANALYZER         FFT-INDIANA           	max. samples : 20
    63.735    ANALYZER         FFT-INDIANA           	virtual_module_32 (min./max.) : 5.068189e-03 / 1.205888e-02
    63.735    ANALYZER         FFT-INDIANA           	virtual_module_33 (min./max.) : 5.066492e-03 / 1.290463e-02
    63.735    ANALYZER         FFT-INDIANA           	virtual_module_34 (min./max.) : 5.061167e-03 / 1.375126e-02
    63.735    ANALYZER         FFT-INDIANA           	virtual_module_35 (min./max.) : 4.981935e-03 / 1.244870e-02
    63.735    ANALYZER         FFT-INDIANA           	virtual_module_36 (min./max.) : 5.075650e-03 / 1.279965e-02
    63.735    ANALYZER         FFT-INDIANA           	virtual_module_37 (min./max.) : 5.046307e-03 / 1.190884e-02
    63.735    ANALYZER         FFT-INDIANA           	virtual_module_38 (min./max.) : 5.069479e-03 / 1.320618e-02
    63.735    ANALYZER         FFT-INDIANA           	virtual_module_39 (min./max.) : 5.059665e-03 / 1.229321e-02
    63.735    ANALYZER         FFT-INDIANA           	virtual_module_40 (min./max.) : 5.063784e-03 / 1.215827e-02
    63.735    ANALYZER         FFT-INDIANA           	virtual_module_41 (min./max.) : 5.067757e-03 / 1.243796e-02
    63.735    ANALYZER         FFT-INDIANA           	virtual_module_42 (min./max.) : 5.072283e-03 / 1.280054e-02
    63.735    ANALYZER         FFT-INDIANA           	virtual_module_43 (min./max.) : 5.058558e-03 / 1.248386e-02
    63.735    ANALYZER         FFT-INDIANA           	virtual_module_44 (min./max.) : 5.069780e-03 / 1.177722e-02
    63.735    ANALYZER         FFT-INDIANA           	virtual_module_45 (min./max.) : 5.056316e-03 / 1.137318e-02
    63.735    ANALYZER         FFT-INDIANA           	virtual_module_46 (min./max.) : 4.974999e-03 / 1.221310e-02
    63.735    ANALYZER         FFT-INDIANA           	virtual_module_47 (min./max.) : 5.070618e-03 / 1.247442e-02
    63.735    ANALYZER         FFT-INDIANA           total (min./max.): 7.786903e-02 / 1.815488e-01

  TIME [s]    SERVICE          CONFIGURATION         INFO: FREQUENCY UPDATE
----------------------------------------------------------------------------------------------------
    63.735    ENVIRONMENT      INDIANA               [1;32mSUCCESS[0m

  TIME [s]    SERVICE          CONFIGURATION         INFO: FREQUENCY TRANSFER
----------------------------------------------------------------------------------------------------
    63.845    ENVIRONMENT      INDIANA               [1;32mSUCCESS[0m

  TIME [s]    SERVICE          CONFIGURATION         INFO: MODULE ELABORATION
----------------------------------------------------------------------------------------------------
    63.856    PREPROCESSOR     ELABORATE             module  : virtual_module_48
    63.857    PREPROCESSOR     ELABORATE             	inputs  : 22
    63.857    PREPROCESSOR     ELABORATE             	outputs : 8
    63.857    PREPROCESSOR     ELABORATE             	wires   : 60
----------------------------------------------------------------------------------------------------
    63.857    PREPROCESSOR     ELABORATE             [1;32mSUCCESS[0m


  TIME [s]    SERVICE          CONFIGURATION         INFO: MODULE ELABORATION
----------------------------------------------------------------------------------------------------
    63.868    PREPROCESSOR     ELABORATE             module  : virtual_module_49
    63.868    PREPROCESSOR     ELABORATE             	inputs  : 22
    63.868    PREPROCESSOR     ELABORATE             	outputs : 8
    63.868    PREPROCESSOR     ELABORATE             	wires   : 60
----------------------------------------------------------------------------------------------------
    63.868    PREPROCESSOR     ELABORATE             [1;32mSUCCESS[0m


  TIME [s]    SERVICE          CONFIGURATION         INFO: MODULE ELABORATION
----------------------------------------------------------------------------------------------------
    63.880    PREPROCESSOR     ELABORATE             module  : virtual_module_50
    63.880    PREPROCESSOR     ELABORATE             	inputs  : 22
    63.880    PREPROCESSOR     ELABORATE             	outputs : 8
    63.880    PREPROCESSOR     ELABORATE             	wires   : 60
----------------------------------------------------------------------------------------------------
    63.880    PREPROCESSOR     ELABORATE             [1;32mSUCCESS[0m


  TIME [s]    SERVICE          CONFIGURATION         INFO: MODULE ELABORATION
----------------------------------------------------------------------------------------------------
    63.892    PREPROCESSOR     ELABORATE             module  : virtual_module_51
    63.892    PREPROCESSOR     ELABORATE             	inputs  : 22
    63.892    PREPROCESSOR     ELABORATE             	outputs : 8
    63.892    PREPROCESSOR     ELABORATE             	wires   : 60
----------------------------------------------------------------------------------------------------
    63.892    PREPROCESSOR     ELABORATE             [1;32mSUCCESS[0m


  TIME [s]    SERVICE          CONFIGURATION         INFO: MODULE ELABORATION
----------------------------------------------------------------------------------------------------
    63.904    PREPROCESSOR     ELABORATE             module  : virtual_module_52
    63.904    PREPROCESSOR     ELABORATE             	inputs  : 22
    63.904    PREPROCESSOR     ELABORATE             	outputs : 8
    63.904    PREPROCESSOR     ELABORATE             	wires   : 60
----------------------------------------------------------------------------------------------------
    63.904    PREPROCESSOR     ELABORATE             [1;32mSUCCESS[0m


  TIME [s]    SERVICE          CONFIGURATION         INFO: MODULE ELABORATION
----------------------------------------------------------------------------------------------------
    63.916    PREPROCESSOR     ELABORATE             module  : virtual_module_53
    63.916    PREPROCESSOR     ELABORATE             	inputs  : 22
    63.916    PREPROCESSOR     ELABORATE             	outputs : 8
    63.916    PREPROCESSOR     ELABORATE             	wires   : 60
----------------------------------------------------------------------------------------------------
    63.916    PREPROCESSOR     ELABORATE             [1;32mSUCCESS[0m


  TIME [s]    SERVICE          CONFIGURATION         INFO: MODULE ELABORATION
----------------------------------------------------------------------------------------------------
    63.928    PREPROCESSOR     ELABORATE             module  : virtual_module_54
    63.928    PREPROCESSOR     ELABORATE             	inputs  : 22
    63.928    PREPROCESSOR     ELABORATE             	outputs : 8
    63.928    PREPROCESSOR     ELABORATE             	wires   : 60
----------------------------------------------------------------------------------------------------
    63.928    PREPROCESSOR     ELABORATE             [1;32mSUCCESS[0m


  TIME [s]    SERVICE          CONFIGURATION         INFO: MODULE ELABORATION
----------------------------------------------------------------------------------------------------
    63.939    PREPROCESSOR     ELABORATE             module  : virtual_module_55
    63.939    PREPROCESSOR     ELABORATE             	inputs  : 22
    63.939    PREPROCESSOR     ELABORATE             	outputs : 8
    63.939    PREPROCESSOR     ELABORATE             	wires   : 60
----------------------------------------------------------------------------------------------------
    63.939    PREPROCESSOR     ELABORATE             [1;32mSUCCESS[0m


  TIME [s]    SERVICE          CONFIGURATION         INFO: MODULE ELABORATION
----------------------------------------------------------------------------------------------------
    63.951    PREPROCESSOR     ELABORATE             module  : virtual_module_56
    63.951    PREPROCESSOR     ELABORATE             	inputs  : 22
    63.951    PREPROCESSOR     ELABORATE             	outputs : 8
    63.951    PREPROCESSOR     ELABORATE             	wires   : 60
----------------------------------------------------------------------------------------------------
    63.951    PREPROCESSOR     ELABORATE             [1;32mSUCCESS[0m


  TIME [s]    SERVICE          CONFIGURATION         INFO: MODULE ELABORATION
----------------------------------------------------------------------------------------------------
    63.962    PREPROCESSOR     ELABORATE             module  : virtual_module_57
    63.962    PREPROCESSOR     ELABORATE             	inputs  : 22
    63.962    PREPROCESSOR     ELABORATE             	outputs : 8
    63.962    PREPROCESSOR     ELABORATE             	wires   : 60
----------------------------------------------------------------------------------------------------
    63.962    PREPROCESSOR     ELABORATE             [1;32mSUCCESS[0m


  TIME [s]    SERVICE          CONFIGURATION         INFO: MODULE ELABORATION
----------------------------------------------------------------------------------------------------
    63.974    PREPROCESSOR     ELABORATE             module  : virtual_module_58
    63.974    PREPROCESSOR     ELABORATE             	inputs  : 22
    63.975    PREPROCESSOR     ELABORATE             	outputs : 8
    63.975    PREPROCESSOR     ELABORATE             	wires   : 60
----------------------------------------------------------------------------------------------------
    63.975    PREPROCESSOR     ELABORATE             [1;32mSUCCESS[0m


  TIME [s]    SERVICE          CONFIGURATION         INFO: MODULE ELABORATION
----------------------------------------------------------------------------------------------------
    63.986    PREPROCESSOR     ELABORATE             module  : virtual_module_59
    63.986    PREPROCESSOR     ELABORATE             	inputs  : 22
    63.986    PREPROCESSOR     ELABORATE             	outputs : 8
    63.986    PREPROCESSOR     ELABORATE             	wires   : 60
----------------------------------------------------------------------------------------------------
    63.986    PREPROCESSOR     ELABORATE             [1;32mSUCCESS[0m


  TIME [s]    SERVICE          CONFIGURATION         INFO: MODULE ELABORATION
----------------------------------------------------------------------------------------------------
    63.998    PREPROCESSOR     ELABORATE             module  : virtual_module_60
    63.998    PREPROCESSOR     ELABORATE             	inputs  : 22
    63.998    PREPROCESSOR     ELABORATE             	outputs : 8
    63.998    PREPROCESSOR     ELABORATE             	wires   : 60
----------------------------------------------------------------------------------------------------
    63.998    PREPROCESSOR     ELABORATE             [1;32mSUCCESS[0m


  TIME [s]    SERVICE          CONFIGURATION         INFO: MODULE ELABORATION
----------------------------------------------------------------------------------------------------
    64.009    PREPROCESSOR     ELABORATE             module  : virtual_module_61
    64.009    PREPROCESSOR     ELABORATE             	inputs  : 22
    64.009    PREPROCESSOR     ELABORATE             	outputs : 8
    64.009    PREPROCESSOR     ELABORATE             	wires   : 60
----------------------------------------------------------------------------------------------------
    64.009    PREPROCESSOR     ELABORATE             [1;32mSUCCESS[0m


  TIME [s]    SERVICE          CONFIGURATION         INFO: MODULE ELABORATION
----------------------------------------------------------------------------------------------------
    64.021    PREPROCESSOR     ELABORATE             module  : virtual_module_62
    64.021    PREPROCESSOR     ELABORATE             	inputs  : 22
    64.021    PREPROCESSOR     ELABORATE             	outputs : 8
    64.021    PREPROCESSOR     ELABORATE             	wires   : 60
----------------------------------------------------------------------------------------------------
    64.021    PREPROCESSOR     ELABORATE             [1;32mSUCCESS[0m


  TIME [s]    SERVICE          CONFIGURATION         INFO: MODULE ELABORATION
----------------------------------------------------------------------------------------------------
    64.032    PREPROCESSOR     ELABORATE             module  : virtual_module_63
    64.032    PREPROCESSOR     ELABORATE             	inputs  : 22
    64.032    PREPROCESSOR     ELABORATE             	outputs : 8
    64.032    PREPROCESSOR     ELABORATE             	wires   : 60
----------------------------------------------------------------------------------------------------
    64.032    PREPROCESSOR     ELABORATE             [1;32mSUCCESS[0m


  TIME [s]    SERVICE          CONFIGURATION         INFO: RANDOM PROBING
----------------------------------------------------------------------------------------------------
    99.943    ANALYZER         FFT-INDIANA           leakage probability (stage 4) : 
    99.943    ANALYZER         FFT-INDIANA           	max. probes  : 40
    99.943    ANALYZER         FFT-INDIANA           	max. samples : 20
    99.943    ANALYZER         FFT-INDIANA           	virtual_module_48 (min./max.) : 4.060025e-03 / 4.060723e-03
    99.943    ANALYZER         FFT-INDIANA           	virtual_module_49 (min./max.) : 4.060025e-03 / 4.060505e-03
    99.943    ANALYZER         FFT-INDIANA           	virtual_module_50 (min./max.) : 4.060025e-03 / 4.061194e-03
    99.943    ANALYZER         FFT-INDIANA           	virtual_module_51 (min./max.) : 4.060025e-03 / 4.061101e-03
    99.943    ANALYZER         FFT-INDIANA           	virtual_module_52 (min./max.) : 4.060016e-03 / 4.060728e-03
    99.943    ANALYZER         FFT-INDIANA           	virtual_module_53 (min./max.) : 4.060025e-03 / 4.060673e-03
    99.943    ANALYZER         FFT-INDIANA           	virtual_module_54 (min./max.) : 4.060025e-03 / 4.060737e-03
    99.943    ANALYZER         FFT-INDIANA           	virtual_module_55 (min./max.) : 4.060025e-03 / 4.064262e-03
    99.943    ANALYZER         FFT-INDIANA           	virtual_module_56 (min./max.) : 4.060025e-03 / 4.060549e-03
    99.943    ANALYZER         FFT-INDIANA           	virtual_module_57 (min./max.) : 4.060025e-03 / 4.061322e-03
    99.943    ANALYZER         FFT-INDIANA           	virtual_module_58 (min./max.) : 4.060025e-03 / 4.060637e-03
    99.943    ANALYZER         FFT-INDIANA           	virtual_module_59 (min./max.) : 4.060025e-03 / 4.060384e-03
    99.943    ANALYZER         FFT-INDIANA           	virtual_module_60 (min./max.) : 4.060025e-03 / 4.060924e-03
    99.943    ANALYZER         FFT-INDIANA           	virtual_module_61 (min./max.) : 4.060025e-03 / 4.060382e-03
    99.943    ANALYZER         FFT-INDIANA           	virtual_module_62 (min./max.) : 4.060025e-03 / 4.060805e-03
    99.943    ANALYZER         FFT-INDIANA           	virtual_module_63 (min./max.) : 4.060025e-03 / 4.060711e-03
    99.943    ANALYZER         FFT-INDIANA           total (min./max.): 6.301932e-02 / 6.303367e-02

  TIME [s]    SERVICE          CONFIGURATION         INFO: FREQUENCY UPDATE
----------------------------------------------------------------------------------------------------
    99.943    ENVIRONMENT      INDIANA               [1;32mSUCCESS[0m

  TIME [s]    SERVICE          CONFIGURATION         INFO
----------------------------------------------------------------------------------------------------
    99.945    VERICA           SCA                   DONE!
