----------------------------------------------------------------------------------------------------
                              INDIANA -- INDISTINGUISHABILITY ANALYSIS                              

                              INDIANA -- INDISTINGUISHABILITY ANALYSIS                              

                                      Ruhr-Universität Bochum                                      
                              Pascal Sasdrich (pascal.sasdrich@rub.de)                              
                        Jan Richter-Brockmann (jan.richter-brockmann@rub.de)                        

                                         Copyright (c) 2025                                         
                                           Pascal Sasdrich                                          
                                        Jan Richter-Brockmann                                       

                                         All rights reserved                                       
----------------------------------------------------------------------------------------------------


  TIME [s]    SERVICE          CONFIGURATION         INFO: CELL LIBRARY
----------------------------------------------------------------------------------------------------
     0.001    PARSER           CELLLIB               source: cell/nang45.txt
     0.001    PARSER           CELLLIB               Parsed cell library with 14 gate type(s). 
----------------------------------------------------------------------------------------------------
     0.001    PARSER           CELLLIB               [1;32mSUCCESS[0m


  TIME [s]    SERVICE          CONFIGURATION         INFO: DESIGN UNDER TEST
----------------------------------------------------------------------------------------------------
     3.505    PARSER           VERILOG               source: ./test/indistinguishability/case-studies-paper/present/present-single-round-hpc2-d1.v
     3.505    PARSER           VERILOG               	module(s) : 1
     3.505    PARSER           VERILOG               	gate(s)   : 3088
     3.505    PARSER           VERILOG               	 - comb.  : 1552
     3.505    PARSER           VERILOG               	 - seq.   : 1536
     3.505    PARSER           VERILOG               	wire(s)   : 3441
     3.505    PARSER           VERILOG               	pin(s)    : 11139
     3.505    PARSER           VERILOG               WARNING: detected 1506 unconnected pins!
----------------------------------------------------------------------------------------------------
     3.505    PARSER           VERILOG               [1;32mSUCCESS[0m


  TIME [s]    SERVICE          CONFIGURATION         INFO: ANNOTATIONS
----------------------------------------------------------------------------------------------------
     3.508    PREPROCESSOR     ANNOTATION            1 input wire was tagged as clock input.
     3.508    PREPROCESSOR     ANNOTATION            0 input wires were tagged as control inputs.
     3.508    PREPROCESSOR     ANNOTATION            64 input wires were tagged as refresh inputs.
     3.508    PREPROCESSOR     ANNOTATION            0 output wires were tagged as error flags.
     3.508    PREPROCESSOR     ANNOTATION            0 input wires were tagged with PIIDs.
     3.508    PREPROCESSOR     ANNOTATION            384 wires were tagged with a share domain.
     3.508    PREPROCESSOR     ANNOTATION            384 wires were tagged with a share index.
     3.508    PREPROCESSOR     ANNOTATION            0 wires were tagged with a fault domain.
----------------------------------------------------------------------------------------------------
     3.508    PREPROCESSOR     ANNOTATION            [1;32mSUCCESS[0m


  TIME [s]    SERVICE          CONFIGURATION         INFO: FILTERING
----------------------------------------------------------------------------------------------------
     3.510    PREPROCESSOR     FILTERING             Filtering for side-channel verification is disabled!
     3.510    PREPROCESSOR     FILTERING             Filtering for fault-injection verification is disabled!
----------------------------------------------------------------------------------------------------
     3.510    PREPROCESSOR     FILTERING             [1;32mSUCCESS[0m


  TIME [s]    SERVICE          CONFIGURATION         INFO
----------------------------------------------------------------------------------------------------
     3.510    PREPROCESSOR     MULTI-THREADING       cores: 16
     3.510    PREPROCESSOR     MULTI-THREADING       memory: 0 GB
     3.510    PREPROCESSOR     MULTI-THREADING       reordering: disabled
----------------------------------------------------------------------------------------------------
     3.510    PREPROCESSOR     MULTI-THREADING       [1;32mSUCCESS[0m


  TIME [s]    SERVICE          CONFIGURATION         INFO: MODEL POSTPROCESSING
----------------------------------------------------------------------------------------------------
     3.526    PREPROCESSOR     MODEL POSTPROCESSING  Removed clock tree from netlist (1 wire was removed).
     3.526    PREPROCESSOR     MODEL POSTPROCESSING  No control signals were found.
     3.526    PREPROCESSOR     MODEL POSTPROCESSING  Removed 1506 unconnected pins.
     3.526    PREPROCESSOR     MODEL POSTPROCESSING  Removed 0 unconnected wires.
----------------------------------------------------------------------------------------------------
     3.526    PREPROCESSOR     MODEL POSTPROCESSING  [1;32mSUCCESS[0m


  TIME [s]    SERVICE          CONFIGURATION         INFO: PROPERTIES
----------------------------------------------------------------------------------------------------
     3.605    PREPROCESSOR     MODEL PROPERTIES      Determined 128 shared inputs.
     3.605    PREPROCESSOR     MODEL PROPERTIES      	Minimum number of shares: 2
     3.605    PREPROCESSOR     MODEL PROPERTIES      Identified stage(s): 
     3.605    PREPROCESSOR     MODEL PROPERTIES      	logic    : 4
     3.605    PREPROCESSOR     MODEL PROPERTIES      	register : 3
----------------------------------------------------------------------------------------------------
     3.605    PREPROCESSOR     MODEL PROPERTIES      [1;32mSUCCESS[0m


  TIME [s]    SERVICE          CONFIGURATION         INFO: PARTITIONER
----------------------------------------------------------------------------------------------------
     3.764    PARTITIONER      BREADTH+DEPTH         Identified 64 partitions.
----------------------------------------------------------------------------------------------------
     3.764    PARTITIONER      BREADTH+DEPTH         [1;32mSUCCESS[0m


  TIME [s]    SERVICE          CONFIGURATION         INFO: Configure FIA
----------------------------------------------------------------------------------------------------
     3.764    PREPROCESSOR     FIA                   FIA preprocessor is disabled!
----------------------------------------------------------------------------------------------------
     3.764    PREPROCESSOR     FIA                   [1;32mSUCCESS[0m


  TIME [s]    SERVICE          CONFIGURATION         INFO: Configure SCA
----------------------------------------------------------------------------------------------------
     3.765    PREPROCESSOR     SCA                   Determined 1664 probe positions.
     3.765    PREPROCESSOR     SCA                   Determined 0 probe combinations.
----------------------------------------------------------------------------------------------------
     3.765    PREPROCESSOR     SCA                   [1;32mSUCCESS[0m


  TIME [s]    SERVICE          CONFIGURATION         INFO: MODULE ELABORATION
----------------------------------------------------------------------------------------------------
     3.801    PREPROCESSOR     ELABORATE             module  : virtual_module_0
     3.801    PREPROCESSOR     ELABORATE             	inputs  : 20
     3.801    PREPROCESSOR     ELABORATE             	outputs : 40
     3.801    PREPROCESSOR     ELABORATE             	wires   : 55
----------------------------------------------------------------------------------------------------
     3.802    PREPROCESSOR     ELABORATE             [1;32mSUCCESS[0m


  TIME [s]    SERVICE          CONFIGURATION         INFO: MODULE ELABORATION
----------------------------------------------------------------------------------------------------
     3.802    PREPROCESSOR     ELABORATE             module  : virtual_module_1
     3.802    PREPROCESSOR     ELABORATE             	inputs  : 20
     3.802    PREPROCESSOR     ELABORATE             	outputs : 40
     3.802    PREPROCESSOR     ELABORATE             	wires   : 55
----------------------------------------------------------------------------------------------------
     3.802    PREPROCESSOR     ELABORATE             [1;32mSUCCESS[0m


  TIME [s]    SERVICE          CONFIGURATION         INFO: MODULE ELABORATION
----------------------------------------------------------------------------------------------------
     3.803    PREPROCESSOR     ELABORATE             module  : virtual_module_2
     3.803    PREPROCESSOR     ELABORATE             	inputs  : 20
     3.803    PREPROCESSOR     ELABORATE             	outputs : 40
     3.803    PREPROCESSOR     ELABORATE             	wires   : 55
----------------------------------------------------------------------------------------------------
     3.803    PREPROCESSOR     ELABORATE             [1;32mSUCCESS[0m


  TIME [s]    SERVICE          CONFIGURATION         INFO: MODULE ELABORATION
----------------------------------------------------------------------------------------------------
     3.803    PREPROCESSOR     ELABORATE             module  : virtual_module_3
     3.803    PREPROCESSOR     ELABORATE             	inputs  : 20
     3.803    PREPROCESSOR     ELABORATE             	outputs : 40
     3.803    PREPROCESSOR     ELABORATE             	wires   : 55
----------------------------------------------------------------------------------------------------
     3.803    PREPROCESSOR     ELABORATE             [1;32mSUCCESS[0m


  TIME [s]    SERVICE          CONFIGURATION         INFO: MODULE ELABORATION
----------------------------------------------------------------------------------------------------
     3.804    PREPROCESSOR     ELABORATE             module  : virtual_module_4
     3.804    PREPROCESSOR     ELABORATE             	inputs  : 20
     3.804    PREPROCESSOR     ELABORATE             	outputs : 40
     3.804    PREPROCESSOR     ELABORATE             	wires   : 55
----------------------------------------------------------------------------------------------------
     3.804    PREPROCESSOR     ELABORATE             [1;32mSUCCESS[0m


  TIME [s]    SERVICE          CONFIGURATION         INFO: MODULE ELABORATION
----------------------------------------------------------------------------------------------------
     3.804    PREPROCESSOR     ELABORATE             module  : virtual_module_5
     3.804    PREPROCESSOR     ELABORATE             	inputs  : 20
     3.804    PREPROCESSOR     ELABORATE             	outputs : 40
     3.804    PREPROCESSOR     ELABORATE             	wires   : 55
----------------------------------------------------------------------------------------------------
     3.804    PREPROCESSOR     ELABORATE             [1;32mSUCCESS[0m


  TIME [s]    SERVICE          CONFIGURATION         INFO: MODULE ELABORATION
----------------------------------------------------------------------------------------------------
     3.805    PREPROCESSOR     ELABORATE             module  : virtual_module_6
     3.805    PREPROCESSOR     ELABORATE             	inputs  : 20
     3.805    PREPROCESSOR     ELABORATE             	outputs : 40
     3.805    PREPROCESSOR     ELABORATE             	wires   : 55
----------------------------------------------------------------------------------------------------
     3.805    PREPROCESSOR     ELABORATE             [1;32mSUCCESS[0m


  TIME [s]    SERVICE          CONFIGURATION         INFO: MODULE ELABORATION
----------------------------------------------------------------------------------------------------
     3.805    PREPROCESSOR     ELABORATE             module  : virtual_module_7
     3.805    PREPROCESSOR     ELABORATE             	inputs  : 20
     3.805    PREPROCESSOR     ELABORATE             	outputs : 40
     3.805    PREPROCESSOR     ELABORATE             	wires   : 55
----------------------------------------------------------------------------------------------------
     3.805    PREPROCESSOR     ELABORATE             [1;32mSUCCESS[0m


  TIME [s]    SERVICE          CONFIGURATION         INFO: MODULE ELABORATION
----------------------------------------------------------------------------------------------------
     3.806    PREPROCESSOR     ELABORATE             module  : virtual_module_8
     3.806    PREPROCESSOR     ELABORATE             	inputs  : 20
     3.806    PREPROCESSOR     ELABORATE             	outputs : 40
     3.806    PREPROCESSOR     ELABORATE             	wires   : 55
----------------------------------------------------------------------------------------------------
     3.806    PREPROCESSOR     ELABORATE             [1;32mSUCCESS[0m


  TIME [s]    SERVICE          CONFIGURATION         INFO: MODULE ELABORATION
----------------------------------------------------------------------------------------------------
     3.807    PREPROCESSOR     ELABORATE             module  : virtual_module_9
     3.807    PREPROCESSOR     ELABORATE             	inputs  : 20
     3.807    PREPROCESSOR     ELABORATE             	outputs : 40
     3.807    PREPROCESSOR     ELABORATE             	wires   : 55
----------------------------------------------------------------------------------------------------
     3.807    PREPROCESSOR     ELABORATE             [1;32mSUCCESS[0m


  TIME [s]    SERVICE          CONFIGURATION         INFO: MODULE ELABORATION
----------------------------------------------------------------------------------------------------
     3.807    PREPROCESSOR     ELABORATE             module  : virtual_module_10
     3.807    PREPROCESSOR     ELABORATE             	inputs  : 20
     3.807    PREPROCESSOR     ELABORATE             	outputs : 40
     3.807    PREPROCESSOR     ELABORATE             	wires   : 55
----------------------------------------------------------------------------------------------------
     3.807    PREPROCESSOR     ELABORATE             [1;32mSUCCESS[0m


  TIME [s]    SERVICE          CONFIGURATION         INFO: MODULE ELABORATION
----------------------------------------------------------------------------------------------------
     3.808    PREPROCESSOR     ELABORATE             module  : virtual_module_11
     3.808    PREPROCESSOR     ELABORATE             	inputs  : 20
     3.808    PREPROCESSOR     ELABORATE             	outputs : 40
     3.808    PREPROCESSOR     ELABORATE             	wires   : 55
----------------------------------------------------------------------------------------------------
     3.808    PREPROCESSOR     ELABORATE             [1;32mSUCCESS[0m


  TIME [s]    SERVICE          CONFIGURATION         INFO: MODULE ELABORATION
----------------------------------------------------------------------------------------------------
     3.808    PREPROCESSOR     ELABORATE             module  : virtual_module_12
     3.808    PREPROCESSOR     ELABORATE             	inputs  : 20
     3.808    PREPROCESSOR     ELABORATE             	outputs : 40
     3.808    PREPROCESSOR     ELABORATE             	wires   : 55
----------------------------------------------------------------------------------------------------
     3.808    PREPROCESSOR     ELABORATE             [1;32mSUCCESS[0m


  TIME [s]    SERVICE          CONFIGURATION         INFO: MODULE ELABORATION
----------------------------------------------------------------------------------------------------
     3.809    PREPROCESSOR     ELABORATE             module  : virtual_module_13
     3.809    PREPROCESSOR     ELABORATE             	inputs  : 20
     3.809    PREPROCESSOR     ELABORATE             	outputs : 40
     3.809    PREPROCESSOR     ELABORATE             	wires   : 55
----------------------------------------------------------------------------------------------------
     3.809    PREPROCESSOR     ELABORATE             [1;32mSUCCESS[0m


  TIME [s]    SERVICE          CONFIGURATION         INFO: MODULE ELABORATION
----------------------------------------------------------------------------------------------------
     3.809    PREPROCESSOR     ELABORATE             module  : virtual_module_14
     3.809    PREPROCESSOR     ELABORATE             	inputs  : 20
     3.809    PREPROCESSOR     ELABORATE             	outputs : 40
     3.809    PREPROCESSOR     ELABORATE             	wires   : 55
----------------------------------------------------------------------------------------------------
     3.809    PREPROCESSOR     ELABORATE             [1;32mSUCCESS[0m


  TIME [s]    SERVICE          CONFIGURATION         INFO: MODULE ELABORATION
----------------------------------------------------------------------------------------------------
     3.810    PREPROCESSOR     ELABORATE             module  : virtual_module_15
     3.810    PREPROCESSOR     ELABORATE             	inputs  : 20
     3.810    PREPROCESSOR     ELABORATE             	outputs : 40
     3.810    PREPROCESSOR     ELABORATE             	wires   : 55
----------------------------------------------------------------------------------------------------
     3.810    PREPROCESSOR     ELABORATE             [1;32mSUCCESS[0m


  TIME [s]    SERVICE          CONFIGURATION         INFO: RANDOM PROBING
----------------------------------------------------------------------------------------------------
     4.091    ANALYZER         FFT-INDIANA           leakage probability (stage 1) : 
     4.091    ANALYZER         FFT-INDIANA           	max. probes  : 30
     4.092    ANALYZER         FFT-INDIANA           	max. samples : 50
     4.092    ANALYZER         FFT-INDIANA           	virtual_module_0 (min./max.) : 8.026586e-04 / 8.026586e-04
     4.092    ANALYZER         FFT-INDIANA           	virtual_module_1 (min./max.) : 8.026586e-04 / 8.026586e-04
     4.092    ANALYZER         FFT-INDIANA           	virtual_module_2 (min./max.) : 8.026586e-04 / 8.026586e-04
     4.092    ANALYZER         FFT-INDIANA           	virtual_module_3 (min./max.) : 8.026586e-04 / 8.026586e-04
     4.092    ANALYZER         FFT-INDIANA           	virtual_module_4 (min./max.) : 8.026586e-04 / 8.026586e-04
     4.092    ANALYZER         FFT-INDIANA           	virtual_module_5 (min./max.) : 8.026586e-04 / 8.026586e-04
     4.092    ANALYZER         FFT-INDIANA           	virtual_module_6 (min./max.) : 8.026586e-04 / 8.026586e-04
     4.092    ANALYZER         FFT-INDIANA           	virtual_module_7 (min./max.) : 8.026586e-04 / 8.026586e-04
     4.092    ANALYZER         FFT-INDIANA           	virtual_module_8 (min./max.) : 8.026586e-04 / 8.026586e-04
     4.092    ANALYZER         FFT-INDIANA           	virtual_module_9 (min./max.) : 8.026586e-04 / 8.026586e-04
     4.092    ANALYZER         FFT-INDIANA           	virtual_module_10 (min./max.) : 8.026586e-04 / 8.026586e-04
     4.092    ANALYZER         FFT-INDIANA           	virtual_module_11 (min./max.) : 8.026586e-04 / 8.026586e-04
     4.092    ANALYZER         FFT-INDIANA           	virtual_module_12 (min./max.) : 8.026586e-04 / 8.026586e-04
     4.092    ANALYZER         FFT-INDIANA           	virtual_module_13 (min./max.) : 8.026586e-04 / 8.026586e-04
     4.092    ANALYZER         FFT-INDIANA           	virtual_module_14 (min./max.) : 8.026586e-04 / 8.026586e-04
     4.092    ANALYZER         FFT-INDIANA           	virtual_module_15 (min./max.) : 8.026586e-04 / 8.026586e-04
     4.092    ANALYZER         FFT-INDIANA           total (min./max.): 1.276552e-02 / 1.276552e-02

  TIME [s]    SERVICE          CONFIGURATION         INFO: FREQUENCY UPDATE
----------------------------------------------------------------------------------------------------
     4.093    ENVIRONMENT      INDIANA               [1;32mSUCCESS[0m

  TIME [s]    SERVICE          CONFIGURATION         INFO: FREQUENCY TRANSFER
----------------------------------------------------------------------------------------------------
     4.255    ENVIRONMENT      INDIANA               [1;32mSUCCESS[0m

  TIME [s]    SERVICE          CONFIGURATION         INFO: MODULE ELABORATION
----------------------------------------------------------------------------------------------------
     4.268    PREPROCESSOR     ELABORATE             module  : virtual_module_16
     4.268    PREPROCESSOR     ELABORATE             	inputs  : 40
     4.268    PREPROCESSOR     ELABORATE             	outputs : 34
     4.268    PREPROCESSOR     ELABORATE             	wires   : 92
----------------------------------------------------------------------------------------------------
     4.268    PREPROCESSOR     ELABORATE             [1;32mSUCCESS[0m


  TIME [s]    SERVICE          CONFIGURATION         INFO: MODULE ELABORATION
----------------------------------------------------------------------------------------------------
     4.282    PREPROCESSOR     ELABORATE             module  : virtual_module_17
     4.282    PREPROCESSOR     ELABORATE             	inputs  : 40
     4.282    PREPROCESSOR     ELABORATE             	outputs : 34
     4.282    PREPROCESSOR     ELABORATE             	wires   : 92
----------------------------------------------------------------------------------------------------
     4.282    PREPROCESSOR     ELABORATE             [1;32mSUCCESS[0m


  TIME [s]    SERVICE          CONFIGURATION         INFO: MODULE ELABORATION
----------------------------------------------------------------------------------------------------
     4.296    PREPROCESSOR     ELABORATE             module  : virtual_module_18
     4.296    PREPROCESSOR     ELABORATE             	inputs  : 40
     4.296    PREPROCESSOR     ELABORATE             	outputs : 34
     4.296    PREPROCESSOR     ELABORATE             	wires   : 92
----------------------------------------------------------------------------------------------------
     4.296    PREPROCESSOR     ELABORATE             [1;32mSUCCESS[0m


  TIME [s]    SERVICE          CONFIGURATION         INFO: MODULE ELABORATION
----------------------------------------------------------------------------------------------------
     4.310    PREPROCESSOR     ELABORATE             module  : virtual_module_19
     4.310    PREPROCESSOR     ELABORATE             	inputs  : 40
     4.310    PREPROCESSOR     ELABORATE             	outputs : 34
     4.310    PREPROCESSOR     ELABORATE             	wires   : 92
----------------------------------------------------------------------------------------------------
     4.310    PREPROCESSOR     ELABORATE             [1;32mSUCCESS[0m


  TIME [s]    SERVICE          CONFIGURATION         INFO: MODULE ELABORATION
----------------------------------------------------------------------------------------------------
     4.324    PREPROCESSOR     ELABORATE             module  : virtual_module_20
     4.324    PREPROCESSOR     ELABORATE             	inputs  : 40
     4.324    PREPROCESSOR     ELABORATE             	outputs : 34
     4.324    PREPROCESSOR     ELABORATE             	wires   : 92
----------------------------------------------------------------------------------------------------
     4.324    PREPROCESSOR     ELABORATE             [1;32mSUCCESS[0m


  TIME [s]    SERVICE          CONFIGURATION         INFO: MODULE ELABORATION
----------------------------------------------------------------------------------------------------
     4.338    PREPROCESSOR     ELABORATE             module  : virtual_module_21
     4.338    PREPROCESSOR     ELABORATE             	inputs  : 40
     4.338    PREPROCESSOR     ELABORATE             	outputs : 34
     4.338    PREPROCESSOR     ELABORATE             	wires   : 92
----------------------------------------------------------------------------------------------------
     4.338    PREPROCESSOR     ELABORATE             [1;32mSUCCESS[0m


  TIME [s]    SERVICE          CONFIGURATION         INFO: MODULE ELABORATION
----------------------------------------------------------------------------------------------------
     4.352    PREPROCESSOR     ELABORATE             module  : virtual_module_22
     4.352    PREPROCESSOR     ELABORATE             	inputs  : 40
     4.352    PREPROCESSOR     ELABORATE             	outputs : 34
     4.352    PREPROCESSOR     ELABORATE             	wires   : 92
----------------------------------------------------------------------------------------------------
     4.352    PREPROCESSOR     ELABORATE             [1;32mSUCCESS[0m


  TIME [s]    SERVICE          CONFIGURATION         INFO: MODULE ELABORATION
----------------------------------------------------------------------------------------------------
     4.366    PREPROCESSOR     ELABORATE             module  : virtual_module_23
     4.366    PREPROCESSOR     ELABORATE             	inputs  : 40
     4.366    PREPROCESSOR     ELABORATE             	outputs : 34
     4.366    PREPROCESSOR     ELABORATE             	wires   : 92
----------------------------------------------------------------------------------------------------
     4.366    PREPROCESSOR     ELABORATE             [1;32mSUCCESS[0m


  TIME [s]    SERVICE          CONFIGURATION         INFO: MODULE ELABORATION
----------------------------------------------------------------------------------------------------
     4.380    PREPROCESSOR     ELABORATE             module  : virtual_module_24
     4.380    PREPROCESSOR     ELABORATE             	inputs  : 40
     4.380    PREPROCESSOR     ELABORATE             	outputs : 34
     4.380    PREPROCESSOR     ELABORATE             	wires   : 92
----------------------------------------------------------------------------------------------------
     4.380    PREPROCESSOR     ELABORATE             [1;32mSUCCESS[0m


  TIME [s]    SERVICE          CONFIGURATION         INFO: MODULE ELABORATION
----------------------------------------------------------------------------------------------------
     4.394    PREPROCESSOR     ELABORATE             module  : virtual_module_25
     4.394    PREPROCESSOR     ELABORATE             	inputs  : 40
     4.394    PREPROCESSOR     ELABORATE             	outputs : 34
     4.394    PREPROCESSOR     ELABORATE             	wires   : 92
----------------------------------------------------------------------------------------------------
     4.394    PREPROCESSOR     ELABORATE             [1;32mSUCCESS[0m


  TIME [s]    SERVICE          CONFIGURATION         INFO: MODULE ELABORATION
----------------------------------------------------------------------------------------------------
     4.409    PREPROCESSOR     ELABORATE             module  : virtual_module_26
     4.409    PREPROCESSOR     ELABORATE             	inputs  : 40
     4.410    PREPROCESSOR     ELABORATE             	outputs : 34
     4.410    PREPROCESSOR     ELABORATE             	wires   : 92
----------------------------------------------------------------------------------------------------
     4.410    PREPROCESSOR     ELABORATE             [1;32mSUCCESS[0m


  TIME [s]    SERVICE          CONFIGURATION         INFO: MODULE ELABORATION
----------------------------------------------------------------------------------------------------
     4.423    PREPROCESSOR     ELABORATE             module  : virtual_module_27
     4.423    PREPROCESSOR     ELABORATE             	inputs  : 40
     4.423    PREPROCESSOR     ELABORATE             	outputs : 34
     4.423    PREPROCESSOR     ELABORATE             	wires   : 92
----------------------------------------------------------------------------------------------------
     4.423    PREPROCESSOR     ELABORATE             [1;32mSUCCESS[0m


  TIME [s]    SERVICE          CONFIGURATION         INFO: MODULE ELABORATION
----------------------------------------------------------------------------------------------------
     4.438    PREPROCESSOR     ELABORATE             module  : virtual_module_28
     4.438    PREPROCESSOR     ELABORATE             	inputs  : 40
     4.438    PREPROCESSOR     ELABORATE             	outputs : 34
     4.438    PREPROCESSOR     ELABORATE             	wires   : 92
----------------------------------------------------------------------------------------------------
     4.438    PREPROCESSOR     ELABORATE             [1;32mSUCCESS[0m


  TIME [s]    SERVICE          CONFIGURATION         INFO: MODULE ELABORATION
----------------------------------------------------------------------------------------------------
     4.452    PREPROCESSOR     ELABORATE             module  : virtual_module_29
     4.452    PREPROCESSOR     ELABORATE             	inputs  : 40
     4.452    PREPROCESSOR     ELABORATE             	outputs : 34
     4.452    PREPROCESSOR     ELABORATE             	wires   : 92
----------------------------------------------------------------------------------------------------
     4.452    PREPROCESSOR     ELABORATE             [1;32mSUCCESS[0m


  TIME [s]    SERVICE          CONFIGURATION         INFO: MODULE ELABORATION
----------------------------------------------------------------------------------------------------
     4.466    PREPROCESSOR     ELABORATE             module  : virtual_module_30
     4.466    PREPROCESSOR     ELABORATE             	inputs  : 40
     4.466    PREPROCESSOR     ELABORATE             	outputs : 34
     4.466    PREPROCESSOR     ELABORATE             	wires   : 92
----------------------------------------------------------------------------------------------------
     4.466    PREPROCESSOR     ELABORATE             [1;32mSUCCESS[0m


  TIME [s]    SERVICE          CONFIGURATION         INFO: MODULE ELABORATION
----------------------------------------------------------------------------------------------------
     4.480    PREPROCESSOR     ELABORATE             module  : virtual_module_31
     4.480    PREPROCESSOR     ELABORATE             	inputs  : 40
     4.480    PREPROCESSOR     ELABORATE             	outputs : 34
     4.480    PREPROCESSOR     ELABORATE             	wires   : 92
----------------------------------------------------------------------------------------------------
     4.480    PREPROCESSOR     ELABORATE             [1;32mSUCCESS[0m


  TIME [s]    SERVICE          CONFIGURATION         INFO: RANDOM PROBING
----------------------------------------------------------------------------------------------------
     8.696    ANALYZER         FFT-INDIANA           leakage probability (stage 2) : 
     8.696    ANALYZER         FFT-INDIANA           	max. probes  : 30
     8.696    ANALYZER         FFT-INDIANA           	max. samples : 50
     8.696    ANALYZER         FFT-INDIANA           	virtual_module_16 (min./max.) : 1.218211e-03 / 1.360065e-03
     8.696    ANALYZER         FFT-INDIANA           	virtual_module_17 (min./max.) : 1.218193e-03 / 1.395987e-03
     8.696    ANALYZER         FFT-INDIANA           	virtual_module_18 (min./max.) : 1.218211e-03 / 1.392981e-03
     8.696    ANALYZER         FFT-INDIANA           	virtual_module_19 (min./max.) : 1.218211e-03 / 1.380537e-03
     8.696    ANALYZER         FFT-INDIANA           	virtual_module_20 (min./max.) : 1.218202e-03 / 1.384695e-03
     8.696    ANALYZER         FFT-INDIANA           	virtual_module_21 (min./max.) : 1.218211e-03 / 1.368073e-03
     8.696    ANALYZER         FFT-INDIANA           	virtual_module_22 (min./max.) : 1.218184e-03 / 1.371197e-03
     8.696    ANALYZER         FFT-INDIANA           	virtual_module_23 (min./max.) : 1.218184e-03 / 1.389226e-03
     8.696    ANALYZER         FFT-INDIANA           	virtual_module_24 (min./max.) : 1.218211e-03 / 1.372303e-03
     8.696    ANALYZER         FFT-INDIANA           	virtual_module_25 (min./max.) : 1.218211e-03 / 1.377879e-03
     8.696    ANALYZER         FFT-INDIANA           	virtual_module_26 (min./max.) : 1.218211e-03 / 1.361033e-03
     8.696    ANALYZER         FFT-INDIANA           	virtual_module_27 (min./max.) : 1.218193e-03 / 1.397925e-03
     8.696    ANALYZER         FFT-INDIANA           	virtual_module_28 (min./max.) : 1.218202e-03 / 1.377527e-03
     8.696    ANALYZER         FFT-INDIANA           	virtual_module_29 (min./max.) : 1.218202e-03 / 1.388220e-03
     8.696    ANALYZER         FFT-INDIANA           	virtual_module_30 (min./max.) : 1.218193e-03 / 1.349600e-03
     8.696    ANALYZER         FFT-INDIANA           	virtual_module_31 (min./max.) : 1.218202e-03 / 1.372934e-03
     8.696    ANALYZER         FFT-INDIANA           total (min./max.): 1.931416e-02 / 2.181394e-02

  TIME [s]    SERVICE          CONFIGURATION         INFO: FREQUENCY UPDATE
----------------------------------------------------------------------------------------------------
     8.696    ENVIRONMENT      INDIANA               [1;32mSUCCESS[0m

  TIME [s]    SERVICE          CONFIGURATION         INFO: FREQUENCY TRANSFER
----------------------------------------------------------------------------------------------------
     8.876    ENVIRONMENT      INDIANA               [1;32mSUCCESS[0m

  TIME [s]    SERVICE          CONFIGURATION         INFO: MODULE ELABORATION
----------------------------------------------------------------------------------------------------
     8.893    PREPROCESSOR     ELABORATE             module  : virtual_module_32
     8.893    PREPROCESSOR     ELABORATE             	inputs  : 34
     8.893    PREPROCESSOR     ELABORATE             	outputs : 22
     8.893    PREPROCESSOR     ELABORATE             	wires   : 104
----------------------------------------------------------------------------------------------------
     8.893    PREPROCESSOR     ELABORATE             [1;32mSUCCESS[0m


  TIME [s]    SERVICE          CONFIGURATION         INFO: MODULE ELABORATION
----------------------------------------------------------------------------------------------------
     8.910    PREPROCESSOR     ELABORATE             module  : virtual_module_33
     8.910    PREPROCESSOR     ELABORATE             	inputs  : 34
     8.910    PREPROCESSOR     ELABORATE             	outputs : 22
     8.910    PREPROCESSOR     ELABORATE             	wires   : 104
----------------------------------------------------------------------------------------------------
     8.910    PREPROCESSOR     ELABORATE             [1;32mSUCCESS[0m


  TIME [s]    SERVICE          CONFIGURATION         INFO: MODULE ELABORATION
----------------------------------------------------------------------------------------------------
     8.927    PREPROCESSOR     ELABORATE             module  : virtual_module_34
     8.927    PREPROCESSOR     ELABORATE             	inputs  : 34
     8.927    PREPROCESSOR     ELABORATE             	outputs : 22
     8.927    PREPROCESSOR     ELABORATE             	wires   : 104
----------------------------------------------------------------------------------------------------
     8.927    PREPROCESSOR     ELABORATE             [1;32mSUCCESS[0m


  TIME [s]    SERVICE          CONFIGURATION         INFO: MODULE ELABORATION
----------------------------------------------------------------------------------------------------
     8.945    PREPROCESSOR     ELABORATE             module  : virtual_module_35
     8.945    PREPROCESSOR     ELABORATE             	inputs  : 34
     8.945    PREPROCESSOR     ELABORATE             	outputs : 22
     8.945    PREPROCESSOR     ELABORATE             	wires   : 104
----------------------------------------------------------------------------------------------------
     8.945    PREPROCESSOR     ELABORATE             [1;32mSUCCESS[0m


  TIME [s]    SERVICE          CONFIGURATION         INFO: MODULE ELABORATION
----------------------------------------------------------------------------------------------------
     8.962    PREPROCESSOR     ELABORATE             module  : virtual_module_36
     8.962    PREPROCESSOR     ELABORATE             	inputs  : 34
     8.962    PREPROCESSOR     ELABORATE             	outputs : 22
     8.962    PREPROCESSOR     ELABORATE             	wires   : 104
----------------------------------------------------------------------------------------------------
     8.962    PREPROCESSOR     ELABORATE             [1;32mSUCCESS[0m


  TIME [s]    SERVICE          CONFIGURATION         INFO: MODULE ELABORATION
----------------------------------------------------------------------------------------------------
     8.979    PREPROCESSOR     ELABORATE             module  : virtual_module_37
     8.979    PREPROCESSOR     ELABORATE             	inputs  : 34
     8.979    PREPROCESSOR     ELABORATE             	outputs : 22
     8.979    PREPROCESSOR     ELABORATE             	wires   : 104
----------------------------------------------------------------------------------------------------
     8.979    PREPROCESSOR     ELABORATE             [1;32mSUCCESS[0m


  TIME [s]    SERVICE          CONFIGURATION         INFO: MODULE ELABORATION
----------------------------------------------------------------------------------------------------
     8.997    PREPROCESSOR     ELABORATE             module  : virtual_module_38
     8.997    PREPROCESSOR     ELABORATE             	inputs  : 34
     8.997    PREPROCESSOR     ELABORATE             	outputs : 22
     8.997    PREPROCESSOR     ELABORATE             	wires   : 104
----------------------------------------------------------------------------------------------------
     8.997    PREPROCESSOR     ELABORATE             [1;32mSUCCESS[0m


  TIME [s]    SERVICE          CONFIGURATION         INFO: MODULE ELABORATION
----------------------------------------------------------------------------------------------------
     9.014    PREPROCESSOR     ELABORATE             module  : virtual_module_39
     9.014    PREPROCESSOR     ELABORATE             	inputs  : 34
     9.014    PREPROCESSOR     ELABORATE             	outputs : 22
     9.014    PREPROCESSOR     ELABORATE             	wires   : 104
----------------------------------------------------------------------------------------------------
     9.014    PREPROCESSOR     ELABORATE             [1;32mSUCCESS[0m


  TIME [s]    SERVICE          CONFIGURATION         INFO: MODULE ELABORATION
----------------------------------------------------------------------------------------------------
     9.031    PREPROCESSOR     ELABORATE             module  : virtual_module_40
     9.031    PREPROCESSOR     ELABORATE             	inputs  : 34
     9.031    PREPROCESSOR     ELABORATE             	outputs : 22
     9.031    PREPROCESSOR     ELABORATE             	wires   : 104
----------------------------------------------------------------------------------------------------
     9.031    PREPROCESSOR     ELABORATE             [1;32mSUCCESS[0m


  TIME [s]    SERVICE          CONFIGURATION         INFO: MODULE ELABORATION
----------------------------------------------------------------------------------------------------
     9.048    PREPROCESSOR     ELABORATE             module  : virtual_module_41
     9.048    PREPROCESSOR     ELABORATE             	inputs  : 34
     9.048    PREPROCESSOR     ELABORATE             	outputs : 22
     9.048    PREPROCESSOR     ELABORATE             	wires   : 104
----------------------------------------------------------------------------------------------------
     9.048    PREPROCESSOR     ELABORATE             [1;32mSUCCESS[0m


  TIME [s]    SERVICE          CONFIGURATION         INFO: MODULE ELABORATION
----------------------------------------------------------------------------------------------------
     9.068    PREPROCESSOR     ELABORATE             module  : virtual_module_42
     9.068    PREPROCESSOR     ELABORATE             	inputs  : 34
     9.068    PREPROCESSOR     ELABORATE             	outputs : 22
     9.068    PREPROCESSOR     ELABORATE             	wires   : 104
----------------------------------------------------------------------------------------------------
     9.068    PREPROCESSOR     ELABORATE             [1;32mSUCCESS[0m


  TIME [s]    SERVICE          CONFIGURATION         INFO: MODULE ELABORATION
----------------------------------------------------------------------------------------------------
     9.085    PREPROCESSOR     ELABORATE             module  : virtual_module_43
     9.085    PREPROCESSOR     ELABORATE             	inputs  : 34
     9.085    PREPROCESSOR     ELABORATE             	outputs : 22
     9.085    PREPROCESSOR     ELABORATE             	wires   : 104
----------------------------------------------------------------------------------------------------
     9.085    PREPROCESSOR     ELABORATE             [1;32mSUCCESS[0m


  TIME [s]    SERVICE          CONFIGURATION         INFO: MODULE ELABORATION
----------------------------------------------------------------------------------------------------
     9.103    PREPROCESSOR     ELABORATE             module  : virtual_module_44
     9.103    PREPROCESSOR     ELABORATE             	inputs  : 34
     9.103    PREPROCESSOR     ELABORATE             	outputs : 22
     9.103    PREPROCESSOR     ELABORATE             	wires   : 104
----------------------------------------------------------------------------------------------------
     9.103    PREPROCESSOR     ELABORATE             [1;32mSUCCESS[0m


  TIME [s]    SERVICE          CONFIGURATION         INFO: MODULE ELABORATION
----------------------------------------------------------------------------------------------------
     9.120    PREPROCESSOR     ELABORATE             module  : virtual_module_45
     9.120    PREPROCESSOR     ELABORATE             	inputs  : 34
     9.120    PREPROCESSOR     ELABORATE             	outputs : 22
     9.120    PREPROCESSOR     ELABORATE             	wires   : 104
----------------------------------------------------------------------------------------------------
     9.120    PREPROCESSOR     ELABORATE             [1;32mSUCCESS[0m


  TIME [s]    SERVICE          CONFIGURATION         INFO: MODULE ELABORATION
----------------------------------------------------------------------------------------------------
     9.138    PREPROCESSOR     ELABORATE             module  : virtual_module_46
     9.138    PREPROCESSOR     ELABORATE             	inputs  : 34
     9.138    PREPROCESSOR     ELABORATE             	outputs : 22
     9.138    PREPROCESSOR     ELABORATE             	wires   : 104
----------------------------------------------------------------------------------------------------
     9.138    PREPROCESSOR     ELABORATE             [1;32mSUCCESS[0m


  TIME [s]    SERVICE          CONFIGURATION         INFO: MODULE ELABORATION
----------------------------------------------------------------------------------------------------
     9.155    PREPROCESSOR     ELABORATE             module  : virtual_module_47
     9.155    PREPROCESSOR     ELABORATE             	inputs  : 34
     9.155    PREPROCESSOR     ELABORATE             	outputs : 22
     9.155    PREPROCESSOR     ELABORATE             	wires   : 104
----------------------------------------------------------------------------------------------------
     9.155    PREPROCESSOR     ELABORATE             [1;32mSUCCESS[0m


  TIME [s]    SERVICE          CONFIGURATION         INFO: RANDOM PROBING
----------------------------------------------------------------------------------------------------
    63.254    ANALYZER         FFT-INDIANA           leakage probability (stage 3) : 
    63.254    ANALYZER         FFT-INDIANA           	max. probes  : 30
    63.254    ANALYZER         FFT-INDIANA           	max. samples : 50
    63.254    ANALYZER         FFT-INDIANA           	virtual_module_32 (min./max.) : 5.052056e-03 / 1.326456e-02
    63.254    ANALYZER         FFT-INDIANA           	virtual_module_33 (min./max.) : 5.062501e-03 / 1.336405e-02
    63.254    ANALYZER         FFT-INDIANA           	virtual_module_34 (min./max.) : 5.043875e-03 / 1.290734e-02
    63.254    ANALYZER         FFT-INDIANA           	virtual_module_35 (min./max.) : 5.050259e-03 / 1.309035e-02
    63.254    ANALYZER         FFT-INDIANA           	virtual_module_36 (min./max.) : 5.062589e-03 / 1.312745e-02
    63.254    ANALYZER         FFT-INDIANA           	virtual_module_37 (min./max.) : 5.045910e-03 / 1.316576e-02
    63.254    ANALYZER         FFT-INDIANA           	virtual_module_38 (min./max.) : 5.058968e-03 / 1.326918e-02
    63.254    ANALYZER         FFT-INDIANA           	virtual_module_39 (min./max.) : 5.050557e-03 / 1.310765e-02
    63.254    ANALYZER         FFT-INDIANA           	virtual_module_40 (min./max.) : 5.043970e-03 / 1.285115e-02
    63.254    ANALYZER         FFT-INDIANA           	virtual_module_41 (min./max.) : 5.061032e-03 / 1.277174e-02
    63.254    ANALYZER         FFT-INDIANA           	virtual_module_42 (min./max.) : 5.053597e-03 / 1.321033e-02
    63.254    ANALYZER         FFT-INDIANA           	virtual_module_43 (min./max.) : 5.064518e-03 / 1.322674e-02
    63.254    ANALYZER         FFT-INDIANA           	virtual_module_44 (min./max.) : 5.037735e-03 / 1.340396e-02
    63.254    ANALYZER         FFT-INDIANA           	virtual_module_45 (min./max.) : 5.069940e-03 / 1.266175e-02
    63.254    ANALYZER         FFT-INDIANA           	virtual_module_46 (min./max.) : 5.048898e-03 / 1.297253e-02
    63.254    ANALYZER         FFT-INDIANA           	virtual_module_47 (min./max.) : 5.061987e-03 / 1.357579e-02
    63.254    ANALYZER         FFT-INDIANA           total (min./max.): 7.787404e-02 / 1.905180e-01

  TIME [s]    SERVICE          CONFIGURATION         INFO: FREQUENCY UPDATE
----------------------------------------------------------------------------------------------------
    63.254    ENVIRONMENT      INDIANA               [1;32mSUCCESS[0m

  TIME [s]    SERVICE          CONFIGURATION         INFO: FREQUENCY TRANSFER
----------------------------------------------------------------------------------------------------
    63.387    ENVIRONMENT      INDIANA               [1;32mSUCCESS[0m

  TIME [s]    SERVICE          CONFIGURATION         INFO: MODULE ELABORATION
----------------------------------------------------------------------------------------------------
    63.399    PREPROCESSOR     ELABORATE             module  : virtual_module_48
    63.399    PREPROCESSOR     ELABORATE             	inputs  : 22
    63.399    PREPROCESSOR     ELABORATE             	outputs : 8
    63.399    PREPROCESSOR     ELABORATE             	wires   : 60
----------------------------------------------------------------------------------------------------
    63.399    PREPROCESSOR     ELABORATE             [1;32mSUCCESS[0m


  TIME [s]    SERVICE          CONFIGURATION         INFO: MODULE ELABORATION
----------------------------------------------------------------------------------------------------
    63.411    PREPROCESSOR     ELABORATE             module  : virtual_module_49
    63.411    PREPROCESSOR     ELABORATE             	inputs  : 22
    63.411    PREPROCESSOR     ELABORATE             	outputs : 8
    63.411    PREPROCESSOR     ELABORATE             	wires   : 60
----------------------------------------------------------------------------------------------------
    63.411    PREPROCESSOR     ELABORATE             [1;32mSUCCESS[0m


  TIME [s]    SERVICE          CONFIGURATION         INFO: MODULE ELABORATION
----------------------------------------------------------------------------------------------------
    63.423    PREPROCESSOR     ELABORATE             module  : virtual_module_50
    63.423    PREPROCESSOR     ELABORATE             	inputs  : 22
    63.423    PREPROCESSOR     ELABORATE             	outputs : 8
    63.423    PREPROCESSOR     ELABORATE             	wires   : 60
----------------------------------------------------------------------------------------------------
    63.423    PREPROCESSOR     ELABORATE             [1;32mSUCCESS[0m


  TIME [s]    SERVICE          CONFIGURATION         INFO: MODULE ELABORATION
----------------------------------------------------------------------------------------------------
    63.436    PREPROCESSOR     ELABORATE             module  : virtual_module_51
    63.436    PREPROCESSOR     ELABORATE             	inputs  : 22
    63.436    PREPROCESSOR     ELABORATE             	outputs : 8
    63.436    PREPROCESSOR     ELABORATE             	wires   : 60
----------------------------------------------------------------------------------------------------
    63.436    PREPROCESSOR     ELABORATE             [1;32mSUCCESS[0m


  TIME [s]    SERVICE          CONFIGURATION         INFO: MODULE ELABORATION
----------------------------------------------------------------------------------------------------
    63.448    PREPROCESSOR     ELABORATE             module  : virtual_module_52
    63.448    PREPROCESSOR     ELABORATE             	inputs  : 22
    63.448    PREPROCESSOR     ELABORATE             	outputs : 8
    63.448    PREPROCESSOR     ELABORATE             	wires   : 60
----------------------------------------------------------------------------------------------------
    63.448    PREPROCESSOR     ELABORATE             [1;32mSUCCESS[0m


  TIME [s]    SERVICE          CONFIGURATION         INFO: MODULE ELABORATION
----------------------------------------------------------------------------------------------------
    63.460    PREPROCESSOR     ELABORATE             module  : virtual_module_53
    63.460    PREPROCESSOR     ELABORATE             	inputs  : 22
    63.460    PREPROCESSOR     ELABORATE             	outputs : 8
    63.460    PREPROCESSOR     ELABORATE             	wires   : 60
----------------------------------------------------------------------------------------------------
    63.460    PREPROCESSOR     ELABORATE             [1;32mSUCCESS[0m


  TIME [s]    SERVICE          CONFIGURATION         INFO: MODULE ELABORATION
----------------------------------------------------------------------------------------------------
    63.472    PREPROCESSOR     ELABORATE             module  : virtual_module_54
    63.472    PREPROCESSOR     ELABORATE             	inputs  : 22
    63.472    PREPROCESSOR     ELABORATE             	outputs : 8
    63.472    PREPROCESSOR     ELABORATE             	wires   : 60
----------------------------------------------------------------------------------------------------
    63.472    PREPROCESSOR     ELABORATE             [1;32mSUCCESS[0m


  TIME [s]    SERVICE          CONFIGURATION         INFO: MODULE ELABORATION
----------------------------------------------------------------------------------------------------
    63.483    PREPROCESSOR     ELABORATE             module  : virtual_module_55
    63.484    PREPROCESSOR     ELABORATE             	inputs  : 22
    63.484    PREPROCESSOR     ELABORATE             	outputs : 8
    63.484    PREPROCESSOR     ELABORATE             	wires   : 60
----------------------------------------------------------------------------------------------------
    63.484    PREPROCESSOR     ELABORATE             [1;32mSUCCESS[0m


  TIME [s]    SERVICE          CONFIGURATION         INFO: MODULE ELABORATION
----------------------------------------------------------------------------------------------------
    63.495    PREPROCESSOR     ELABORATE             module  : virtual_module_56
    63.495    PREPROCESSOR     ELABORATE             	inputs  : 22
    63.495    PREPROCESSOR     ELABORATE             	outputs : 8
    63.495    PREPROCESSOR     ELABORATE             	wires   : 60
----------------------------------------------------------------------------------------------------
    63.495    PREPROCESSOR     ELABORATE             [1;32mSUCCESS[0m


  TIME [s]    SERVICE          CONFIGURATION         INFO: MODULE ELABORATION
----------------------------------------------------------------------------------------------------
    63.507    PREPROCESSOR     ELABORATE             module  : virtual_module_57
    63.507    PREPROCESSOR     ELABORATE             	inputs  : 22
    63.507    PREPROCESSOR     ELABORATE             	outputs : 8
    63.507    PREPROCESSOR     ELABORATE             	wires   : 60
----------------------------------------------------------------------------------------------------
    63.507    PREPROCESSOR     ELABORATE             [1;32mSUCCESS[0m


  TIME [s]    SERVICE          CONFIGURATION         INFO: MODULE ELABORATION
----------------------------------------------------------------------------------------------------
    63.519    PREPROCESSOR     ELABORATE             module  : virtual_module_58
    63.519    PREPROCESSOR     ELABORATE             	inputs  : 22
    63.519    PREPROCESSOR     ELABORATE             	outputs : 8
    63.519    PREPROCESSOR     ELABORATE             	wires   : 60
----------------------------------------------------------------------------------------------------
    63.519    PREPROCESSOR     ELABORATE             [1;32mSUCCESS[0m


  TIME [s]    SERVICE          CONFIGURATION         INFO: MODULE ELABORATION
----------------------------------------------------------------------------------------------------
    63.531    PREPROCESSOR     ELABORATE             module  : virtual_module_59
    63.531    PREPROCESSOR     ELABORATE             	inputs  : 22
    63.531    PREPROCESSOR     ELABORATE             	outputs : 8
    63.531    PREPROCESSOR     ELABORATE             	wires   : 60
----------------------------------------------------------------------------------------------------
    63.531    PREPROCESSOR     ELABORATE             [1;32mSUCCESS[0m


  TIME [s]    SERVICE          CONFIGURATION         INFO: MODULE ELABORATION
----------------------------------------------------------------------------------------------------
    63.543    PREPROCESSOR     ELABORATE             module  : virtual_module_60
    63.543    PREPROCESSOR     ELABORATE             	inputs  : 22
    63.543    PREPROCESSOR     ELABORATE             	outputs : 8
    63.543    PREPROCESSOR     ELABORATE             	wires   : 60
----------------------------------------------------------------------------------------------------
    63.543    PREPROCESSOR     ELABORATE             [1;32mSUCCESS[0m


  TIME [s]    SERVICE          CONFIGURATION         INFO: MODULE ELABORATION
----------------------------------------------------------------------------------------------------
    63.555    PREPROCESSOR     ELABORATE             module  : virtual_module_61
    63.555    PREPROCESSOR     ELABORATE             	inputs  : 22
    63.555    PREPROCESSOR     ELABORATE             	outputs : 8
    63.555    PREPROCESSOR     ELABORATE             	wires   : 60
----------------------------------------------------------------------------------------------------
    63.555    PREPROCESSOR     ELABORATE             [1;32mSUCCESS[0m


  TIME [s]    SERVICE          CONFIGURATION         INFO: MODULE ELABORATION
----------------------------------------------------------------------------------------------------
    63.567    PREPROCESSOR     ELABORATE             module  : virtual_module_62
    63.567    PREPROCESSOR     ELABORATE             	inputs  : 22
    63.567    PREPROCESSOR     ELABORATE             	outputs : 8
    63.567    PREPROCESSOR     ELABORATE             	wires   : 60
----------------------------------------------------------------------------------------------------
    63.567    PREPROCESSOR     ELABORATE             [1;32mSUCCESS[0m


  TIME [s]    SERVICE          CONFIGURATION         INFO: MODULE ELABORATION
----------------------------------------------------------------------------------------------------
    63.578    PREPROCESSOR     ELABORATE             module  : virtual_module_63
    63.578    PREPROCESSOR     ELABORATE             	inputs  : 22
    63.578    PREPROCESSOR     ELABORATE             	outputs : 8
    63.578    PREPROCESSOR     ELABORATE             	wires   : 60
----------------------------------------------------------------------------------------------------
    63.578    PREPROCESSOR     ELABORATE             [1;32mSUCCESS[0m


  TIME [s]    SERVICE          CONFIGURATION         INFO: RANDOM PROBING
----------------------------------------------------------------------------------------------------
    82.708    ANALYZER         FFT-INDIANA           leakage probability (stage 4) : 
    82.708    ANALYZER         FFT-INDIANA           	max. probes  : 30
    82.708    ANALYZER         FFT-INDIANA           	max. samples : 50
    82.708    ANALYZER         FFT-INDIANA           	virtual_module_48 (min./max.) : 4.060016e-03 / 4.075379e-03
    82.708    ANALYZER         FFT-INDIANA           	virtual_module_49 (min./max.) : 4.060024e-03 / 4.076392e-03
    82.708    ANALYZER         FFT-INDIANA           	virtual_module_50 (min./max.) : 4.060024e-03 / 4.079605e-03
    82.708    ANALYZER         FFT-INDIANA           	virtual_module_51 (min./max.) : 4.060015e-03 / 4.075675e-03
    82.708    ANALYZER         FFT-INDIANA           	virtual_module_52 (min./max.) : 4.060025e-03 / 4.075398e-03
    82.708    ANALYZER         FFT-INDIANA           	virtual_module_53 (min./max.) : 4.060024e-03 / 4.071847e-03
    82.708    ANALYZER         FFT-INDIANA           	virtual_module_54 (min./max.) : 4.060025e-03 / 4.072131e-03
    82.708    ANALYZER         FFT-INDIANA           	virtual_module_55 (min./max.) : 4.060025e-03 / 4.074144e-03
    82.708    ANALYZER         FFT-INDIANA           	virtual_module_56 (min./max.) : 4.060025e-03 / 4.078823e-03
    82.708    ANALYZER         FFT-INDIANA           	virtual_module_57 (min./max.) : 4.060025e-03 / 4.074110e-03
    82.708    ANALYZER         FFT-INDIANA           	virtual_module_58 (min./max.) : 4.060015e-03 / 4.074595e-03
    82.708    ANALYZER         FFT-INDIANA           	virtual_module_59 (min./max.) : 4.060024e-03 / 4.074045e-03
    82.708    ANALYZER         FFT-INDIANA           	virtual_module_60 (min./max.) : 4.060016e-03 / 4.072698e-03
    82.708    ANALYZER         FFT-INDIANA           	virtual_module_61 (min./max.) : 4.060025e-03 / 4.074595e-03
    82.708    ANALYZER         FFT-INDIANA           	virtual_module_62 (min./max.) : 4.060024e-03 / 4.075266e-03
    82.708    ANALYZER         FFT-INDIANA           	virtual_module_63 (min./max.) : 4.060025e-03 / 4.073570e-03
    82.708    ANALYZER         FFT-INDIANA           total (min./max.): 6.301929e-02 / 6.324310e-02

  TIME [s]    SERVICE          CONFIGURATION         INFO: FREQUENCY UPDATE
----------------------------------------------------------------------------------------------------
    82.708    ENVIRONMENT      INDIANA               [1;32mSUCCESS[0m

  TIME [s]    SERVICE          CONFIGURATION         INFO
----------------------------------------------------------------------------------------------------
    82.710    VERICA           SCA                   DONE!
