----------------------------------------------------------------------------------------------------
                              INDIANA -- INDISTINGUISHABILITY ANALYSIS                              

                              INDIANA -- INDISTINGUISHABILITY ANALYSIS                              

                                      Ruhr-Universität Bochum                                      
                              Pascal Sasdrich (pascal.sasdrich@rub.de)                              
                        Jan Richter-Brockmann (jan.richter-brockmann@rub.de)                        

                                         Copyright (c) 2025                                         
                                           Pascal Sasdrich                                          
                                        Jan Richter-Brockmann                                       

                                         All rights reserved                                       
----------------------------------------------------------------------------------------------------


  TIME [s]    SERVICE          CONFIGURATION         INFO: CELL LIBRARY
----------------------------------------------------------------------------------------------------
     0.001    PARSER           CELLLIB               source: cell/nang45.txt
     0.001    PARSER           CELLLIB               Parsed cell library with 14 gate type(s). 
----------------------------------------------------------------------------------------------------
     0.001    PARSER           CELLLIB               [1;32mSUCCESS[0m


  TIME [s]    SERVICE          CONFIGURATION         INFO: DESIGN UNDER TEST
----------------------------------------------------------------------------------------------------
     3.508    PARSER           VERILOG               source: ./test/indistinguishability/case-studies-paper/present/present-single-round-hpc2-d1.v
     3.508    PARSER           VERILOG               	module(s) : 1
     3.508    PARSER           VERILOG               	gate(s)   : 3088
     3.510    PARSER           VERILOG               	 - comb.  : 1552
     3.510    PARSER           VERILOG               	 - seq.   : 1536
     3.510    PARSER           VERILOG               	wire(s)   : 3441
     3.510    PARSER           VERILOG               	pin(s)    : 11139
     3.510    PARSER           VERILOG               WARNING: detected 1506 unconnected pins!
----------------------------------------------------------------------------------------------------
     3.510    PARSER           VERILOG               [1;32mSUCCESS[0m


  TIME [s]    SERVICE          CONFIGURATION         INFO: ANNOTATIONS
----------------------------------------------------------------------------------------------------
     3.513    PREPROCESSOR     ANNOTATION            1 input wire was tagged as clock input.
     3.513    PREPROCESSOR     ANNOTATION            0 input wires were tagged as control inputs.
     3.513    PREPROCESSOR     ANNOTATION            64 input wires were tagged as refresh inputs.
     3.513    PREPROCESSOR     ANNOTATION            0 output wires were tagged as error flags.
     3.513    PREPROCESSOR     ANNOTATION            0 input wires were tagged with PIIDs.
     3.513    PREPROCESSOR     ANNOTATION            384 wires were tagged with a share domain.
     3.513    PREPROCESSOR     ANNOTATION            384 wires were tagged with a share index.
     3.513    PREPROCESSOR     ANNOTATION            0 wires were tagged with a fault domain.
----------------------------------------------------------------------------------------------------
     3.513    PREPROCESSOR     ANNOTATION            [1;32mSUCCESS[0m


  TIME [s]    SERVICE          CONFIGURATION         INFO: FILTERING
----------------------------------------------------------------------------------------------------
     3.515    PREPROCESSOR     FILTERING             Filtering for side-channel verification is disabled!
     3.515    PREPROCESSOR     FILTERING             Filtering for fault-injection verification is disabled!
----------------------------------------------------------------------------------------------------
     3.515    PREPROCESSOR     FILTERING             [1;32mSUCCESS[0m


  TIME [s]    SERVICE          CONFIGURATION         INFO
----------------------------------------------------------------------------------------------------
     3.515    PREPROCESSOR     MULTI-THREADING       cores: 16
     3.515    PREPROCESSOR     MULTI-THREADING       memory: 0 GB
     3.515    PREPROCESSOR     MULTI-THREADING       reordering: disabled
----------------------------------------------------------------------------------------------------
     3.515    PREPROCESSOR     MULTI-THREADING       [1;32mSUCCESS[0m


  TIME [s]    SERVICE          CONFIGURATION         INFO: MODEL POSTPROCESSING
----------------------------------------------------------------------------------------------------
     3.531    PREPROCESSOR     MODEL POSTPROCESSING  Removed clock tree from netlist (1 wire was removed).
     3.531    PREPROCESSOR     MODEL POSTPROCESSING  No control signals were found.
     3.531    PREPROCESSOR     MODEL POSTPROCESSING  Removed 1506 unconnected pins.
     3.531    PREPROCESSOR     MODEL POSTPROCESSING  Removed 0 unconnected wires.
----------------------------------------------------------------------------------------------------
     3.531    PREPROCESSOR     MODEL POSTPROCESSING  [1;32mSUCCESS[0m


  TIME [s]    SERVICE          CONFIGURATION         INFO: PROPERTIES
----------------------------------------------------------------------------------------------------
     3.609    PREPROCESSOR     MODEL PROPERTIES      Determined 128 shared inputs.
     3.609    PREPROCESSOR     MODEL PROPERTIES      	Minimum number of shares: 2
     3.609    PREPROCESSOR     MODEL PROPERTIES      Identified stage(s): 
     3.609    PREPROCESSOR     MODEL PROPERTIES      	logic    : 4
     3.609    PREPROCESSOR     MODEL PROPERTIES      	register : 3
----------------------------------------------------------------------------------------------------
     3.609    PREPROCESSOR     MODEL PROPERTIES      [1;32mSUCCESS[0m


  TIME [s]    SERVICE          CONFIGURATION         INFO: PARTITIONER
----------------------------------------------------------------------------------------------------
     3.769    PARTITIONER      BREADTH+DEPTH         Identified 64 partitions.
----------------------------------------------------------------------------------------------------
     3.769    PARTITIONER      BREADTH+DEPTH         [1;32mSUCCESS[0m


  TIME [s]    SERVICE          CONFIGURATION         INFO: Configure FIA
----------------------------------------------------------------------------------------------------
     3.769    PREPROCESSOR     FIA                   FIA preprocessor is disabled!
----------------------------------------------------------------------------------------------------
     3.769    PREPROCESSOR     FIA                   [1;32mSUCCESS[0m


  TIME [s]    SERVICE          CONFIGURATION         INFO: Configure SCA
----------------------------------------------------------------------------------------------------
     3.770    PREPROCESSOR     SCA                   Determined 1664 probe positions.
     3.770    PREPROCESSOR     SCA                   Determined 0 probe combinations.
----------------------------------------------------------------------------------------------------
     3.770    PREPROCESSOR     SCA                   [1;32mSUCCESS[0m


  TIME [s]    SERVICE          CONFIGURATION         INFO: MODULE ELABORATION
----------------------------------------------------------------------------------------------------
     3.806    PREPROCESSOR     ELABORATE             module  : virtual_module_0
     3.806    PREPROCESSOR     ELABORATE             	inputs  : 20
     3.806    PREPROCESSOR     ELABORATE             	outputs : 40
     3.806    PREPROCESSOR     ELABORATE             	wires   : 55
----------------------------------------------------------------------------------------------------
     3.806    PREPROCESSOR     ELABORATE             [1;32mSUCCESS[0m


  TIME [s]    SERVICE          CONFIGURATION         INFO: MODULE ELABORATION
----------------------------------------------------------------------------------------------------
     3.807    PREPROCESSOR     ELABORATE             module  : virtual_module_1
     3.807    PREPROCESSOR     ELABORATE             	inputs  : 20
     3.807    PREPROCESSOR     ELABORATE             	outputs : 40
     3.807    PREPROCESSOR     ELABORATE             	wires   : 55
----------------------------------------------------------------------------------------------------
     3.807    PREPROCESSOR     ELABORATE             [1;32mSUCCESS[0m


  TIME [s]    SERVICE          CONFIGURATION         INFO: MODULE ELABORATION
----------------------------------------------------------------------------------------------------
     3.808    PREPROCESSOR     ELABORATE             module  : virtual_module_2
     3.808    PREPROCESSOR     ELABORATE             	inputs  : 20
     3.808    PREPROCESSOR     ELABORATE             	outputs : 40
     3.808    PREPROCESSOR     ELABORATE             	wires   : 55
----------------------------------------------------------------------------------------------------
     3.808    PREPROCESSOR     ELABORATE             [1;32mSUCCESS[0m


  TIME [s]    SERVICE          CONFIGURATION         INFO: MODULE ELABORATION
----------------------------------------------------------------------------------------------------
     3.808    PREPROCESSOR     ELABORATE             module  : virtual_module_3
     3.808    PREPROCESSOR     ELABORATE             	inputs  : 20
     3.808    PREPROCESSOR     ELABORATE             	outputs : 40
     3.808    PREPROCESSOR     ELABORATE             	wires   : 55
----------------------------------------------------------------------------------------------------
     3.808    PREPROCESSOR     ELABORATE             [1;32mSUCCESS[0m


  TIME [s]    SERVICE          CONFIGURATION         INFO: MODULE ELABORATION
----------------------------------------------------------------------------------------------------
     3.809    PREPROCESSOR     ELABORATE             module  : virtual_module_4
     3.809    PREPROCESSOR     ELABORATE             	inputs  : 20
     3.809    PREPROCESSOR     ELABORATE             	outputs : 40
     3.809    PREPROCESSOR     ELABORATE             	wires   : 55
----------------------------------------------------------------------------------------------------
     3.809    PREPROCESSOR     ELABORATE             [1;32mSUCCESS[0m


  TIME [s]    SERVICE          CONFIGURATION         INFO: MODULE ELABORATION
----------------------------------------------------------------------------------------------------
     3.809    PREPROCESSOR     ELABORATE             module  : virtual_module_5
     3.809    PREPROCESSOR     ELABORATE             	inputs  : 20
     3.809    PREPROCESSOR     ELABORATE             	outputs : 40
     3.809    PREPROCESSOR     ELABORATE             	wires   : 55
----------------------------------------------------------------------------------------------------
     3.809    PREPROCESSOR     ELABORATE             [1;32mSUCCESS[0m


  TIME [s]    SERVICE          CONFIGURATION         INFO: MODULE ELABORATION
----------------------------------------------------------------------------------------------------
     3.810    PREPROCESSOR     ELABORATE             module  : virtual_module_6
     3.810    PREPROCESSOR     ELABORATE             	inputs  : 20
     3.810    PREPROCESSOR     ELABORATE             	outputs : 40
     3.810    PREPROCESSOR     ELABORATE             	wires   : 55
----------------------------------------------------------------------------------------------------
     3.810    PREPROCESSOR     ELABORATE             [1;32mSUCCESS[0m


  TIME [s]    SERVICE          CONFIGURATION         INFO: MODULE ELABORATION
----------------------------------------------------------------------------------------------------
     3.810    PREPROCESSOR     ELABORATE             module  : virtual_module_7
     3.810    PREPROCESSOR     ELABORATE             	inputs  : 20
     3.810    PREPROCESSOR     ELABORATE             	outputs : 40
     3.811    PREPROCESSOR     ELABORATE             	wires   : 55
----------------------------------------------------------------------------------------------------
     3.811    PREPROCESSOR     ELABORATE             [1;32mSUCCESS[0m


  TIME [s]    SERVICE          CONFIGURATION         INFO: MODULE ELABORATION
----------------------------------------------------------------------------------------------------
     3.811    PREPROCESSOR     ELABORATE             module  : virtual_module_8
     3.811    PREPROCESSOR     ELABORATE             	inputs  : 20
     3.811    PREPROCESSOR     ELABORATE             	outputs : 40
     3.811    PREPROCESSOR     ELABORATE             	wires   : 55
----------------------------------------------------------------------------------------------------
     3.811    PREPROCESSOR     ELABORATE             [1;32mSUCCESS[0m


  TIME [s]    SERVICE          CONFIGURATION         INFO: MODULE ELABORATION
----------------------------------------------------------------------------------------------------
     3.812    PREPROCESSOR     ELABORATE             module  : virtual_module_9
     3.812    PREPROCESSOR     ELABORATE             	inputs  : 20
     3.812    PREPROCESSOR     ELABORATE             	outputs : 40
     3.812    PREPROCESSOR     ELABORATE             	wires   : 55
----------------------------------------------------------------------------------------------------
     3.812    PREPROCESSOR     ELABORATE             [1;32mSUCCESS[0m


  TIME [s]    SERVICE          CONFIGURATION         INFO: MODULE ELABORATION
----------------------------------------------------------------------------------------------------
     3.812    PREPROCESSOR     ELABORATE             module  : virtual_module_10
     3.812    PREPROCESSOR     ELABORATE             	inputs  : 20
     3.812    PREPROCESSOR     ELABORATE             	outputs : 40
     3.812    PREPROCESSOR     ELABORATE             	wires   : 55
----------------------------------------------------------------------------------------------------
     3.812    PREPROCESSOR     ELABORATE             [1;32mSUCCESS[0m


  TIME [s]    SERVICE          CONFIGURATION         INFO: MODULE ELABORATION
----------------------------------------------------------------------------------------------------
     3.813    PREPROCESSOR     ELABORATE             module  : virtual_module_11
     3.813    PREPROCESSOR     ELABORATE             	inputs  : 20
     3.813    PREPROCESSOR     ELABORATE             	outputs : 40
     3.813    PREPROCESSOR     ELABORATE             	wires   : 55
----------------------------------------------------------------------------------------------------
     3.813    PREPROCESSOR     ELABORATE             [1;32mSUCCESS[0m


  TIME [s]    SERVICE          CONFIGURATION         INFO: MODULE ELABORATION
----------------------------------------------------------------------------------------------------
     3.813    PREPROCESSOR     ELABORATE             module  : virtual_module_12
     3.813    PREPROCESSOR     ELABORATE             	inputs  : 20
     3.813    PREPROCESSOR     ELABORATE             	outputs : 40
     3.813    PREPROCESSOR     ELABORATE             	wires   : 55
----------------------------------------------------------------------------------------------------
     3.813    PREPROCESSOR     ELABORATE             [1;32mSUCCESS[0m


  TIME [s]    SERVICE          CONFIGURATION         INFO: MODULE ELABORATION
----------------------------------------------------------------------------------------------------
     3.814    PREPROCESSOR     ELABORATE             module  : virtual_module_13
     3.814    PREPROCESSOR     ELABORATE             	inputs  : 20
     3.814    PREPROCESSOR     ELABORATE             	outputs : 40
     3.814    PREPROCESSOR     ELABORATE             	wires   : 55
----------------------------------------------------------------------------------------------------
     3.814    PREPROCESSOR     ELABORATE             [1;32mSUCCESS[0m


  TIME [s]    SERVICE          CONFIGURATION         INFO: MODULE ELABORATION
----------------------------------------------------------------------------------------------------
     3.814    PREPROCESSOR     ELABORATE             module  : virtual_module_14
     3.814    PREPROCESSOR     ELABORATE             	inputs  : 20
     3.814    PREPROCESSOR     ELABORATE             	outputs : 40
     3.814    PREPROCESSOR     ELABORATE             	wires   : 55
----------------------------------------------------------------------------------------------------
     3.814    PREPROCESSOR     ELABORATE             [1;32mSUCCESS[0m


  TIME [s]    SERVICE          CONFIGURATION         INFO: MODULE ELABORATION
----------------------------------------------------------------------------------------------------
     3.815    PREPROCESSOR     ELABORATE             module  : virtual_module_15
     3.815    PREPROCESSOR     ELABORATE             	inputs  : 20
     3.815    PREPROCESSOR     ELABORATE             	outputs : 40
     3.815    PREPROCESSOR     ELABORATE             	wires   : 55
----------------------------------------------------------------------------------------------------
     3.815    PREPROCESSOR     ELABORATE             [1;32mSUCCESS[0m


  TIME [s]    SERVICE          CONFIGURATION         INFO: RANDOM PROBING
----------------------------------------------------------------------------------------------------
     4.104    ANALYZER         FFT-INDIANA           leakage probability (stage 1) : 
     4.104    ANALYZER         FFT-INDIANA           	max. probes  : 60
     4.104    ANALYZER         FFT-INDIANA           	max. samples : 30
     4.105    ANALYZER         FFT-INDIANA           	virtual_module_0 (min./max.) : 8.026586e-04 / 8.026586e-04
     4.105    ANALYZER         FFT-INDIANA           	virtual_module_1 (min./max.) : 8.026586e-04 / 8.026586e-04
     4.105    ANALYZER         FFT-INDIANA           	virtual_module_2 (min./max.) : 8.026586e-04 / 8.026586e-04
     4.105    ANALYZER         FFT-INDIANA           	virtual_module_3 (min./max.) : 8.026586e-04 / 8.026586e-04
     4.105    ANALYZER         FFT-INDIANA           	virtual_module_4 (min./max.) : 8.026586e-04 / 8.026586e-04
     4.105    ANALYZER         FFT-INDIANA           	virtual_module_5 (min./max.) : 8.026586e-04 / 8.026586e-04
     4.105    ANALYZER         FFT-INDIANA           	virtual_module_6 (min./max.) : 8.026586e-04 / 8.026586e-04
     4.105    ANALYZER         FFT-INDIANA           	virtual_module_7 (min./max.) : 8.026586e-04 / 8.026586e-04
     4.105    ANALYZER         FFT-INDIANA           	virtual_module_8 (min./max.) : 8.026586e-04 / 8.026586e-04
     4.105    ANALYZER         FFT-INDIANA           	virtual_module_9 (min./max.) : 8.026586e-04 / 8.026586e-04
     4.105    ANALYZER         FFT-INDIANA           	virtual_module_10 (min./max.) : 8.026586e-04 / 8.026586e-04
     4.105    ANALYZER         FFT-INDIANA           	virtual_module_11 (min./max.) : 8.026586e-04 / 8.026586e-04
     4.105    ANALYZER         FFT-INDIANA           	virtual_module_12 (min./max.) : 8.026586e-04 / 8.026586e-04
     4.105    ANALYZER         FFT-INDIANA           	virtual_module_13 (min./max.) : 8.026586e-04 / 8.026586e-04
     4.105    ANALYZER         FFT-INDIANA           	virtual_module_14 (min./max.) : 8.026586e-04 / 8.026586e-04
     4.105    ANALYZER         FFT-INDIANA           	virtual_module_15 (min./max.) : 8.026586e-04 / 8.026586e-04
     4.105    ANALYZER         FFT-INDIANA           total (min./max.): 1.276552e-02 / 1.276552e-02

  TIME [s]    SERVICE          CONFIGURATION         INFO: FREQUENCY UPDATE
----------------------------------------------------------------------------------------------------
     4.105    ENVIRONMENT      INDIANA               [1;32mSUCCESS[0m

  TIME [s]    SERVICE          CONFIGURATION         INFO: FREQUENCY TRANSFER
----------------------------------------------------------------------------------------------------
     4.266    ENVIRONMENT      INDIANA               [1;32mSUCCESS[0m

  TIME [s]    SERVICE          CONFIGURATION         INFO: MODULE ELABORATION
----------------------------------------------------------------------------------------------------
     4.280    PREPROCESSOR     ELABORATE             module  : virtual_module_16
     4.280    PREPROCESSOR     ELABORATE             	inputs  : 40
     4.280    PREPROCESSOR     ELABORATE             	outputs : 34
     4.280    PREPROCESSOR     ELABORATE             	wires   : 92
----------------------------------------------------------------------------------------------------
     4.280    PREPROCESSOR     ELABORATE             [1;32mSUCCESS[0m


  TIME [s]    SERVICE          CONFIGURATION         INFO: MODULE ELABORATION
----------------------------------------------------------------------------------------------------
     4.293    PREPROCESSOR     ELABORATE             module  : virtual_module_17
     4.293    PREPROCESSOR     ELABORATE             	inputs  : 40
     4.293    PREPROCESSOR     ELABORATE             	outputs : 34
     4.293    PREPROCESSOR     ELABORATE             	wires   : 92
----------------------------------------------------------------------------------------------------
     4.293    PREPROCESSOR     ELABORATE             [1;32mSUCCESS[0m


  TIME [s]    SERVICE          CONFIGURATION         INFO: MODULE ELABORATION
----------------------------------------------------------------------------------------------------
     4.307    PREPROCESSOR     ELABORATE             module  : virtual_module_18
     4.307    PREPROCESSOR     ELABORATE             	inputs  : 40
     4.307    PREPROCESSOR     ELABORATE             	outputs : 34
     4.307    PREPROCESSOR     ELABORATE             	wires   : 92
----------------------------------------------------------------------------------------------------
     4.307    PREPROCESSOR     ELABORATE             [1;32mSUCCESS[0m


  TIME [s]    SERVICE          CONFIGURATION         INFO: MODULE ELABORATION
----------------------------------------------------------------------------------------------------
     4.321    PREPROCESSOR     ELABORATE             module  : virtual_module_19
     4.321    PREPROCESSOR     ELABORATE             	inputs  : 40
     4.321    PREPROCESSOR     ELABORATE             	outputs : 34
     4.321    PREPROCESSOR     ELABORATE             	wires   : 92
----------------------------------------------------------------------------------------------------
     4.321    PREPROCESSOR     ELABORATE             [1;32mSUCCESS[0m


  TIME [s]    SERVICE          CONFIGURATION         INFO: MODULE ELABORATION
----------------------------------------------------------------------------------------------------
     4.335    PREPROCESSOR     ELABORATE             module  : virtual_module_20
     4.335    PREPROCESSOR     ELABORATE             	inputs  : 40
     4.335    PREPROCESSOR     ELABORATE             	outputs : 34
     4.335    PREPROCESSOR     ELABORATE             	wires   : 92
----------------------------------------------------------------------------------------------------
     4.335    PREPROCESSOR     ELABORATE             [1;32mSUCCESS[0m


  TIME [s]    SERVICE          CONFIGURATION         INFO: MODULE ELABORATION
----------------------------------------------------------------------------------------------------
     4.349    PREPROCESSOR     ELABORATE             module  : virtual_module_21
     4.349    PREPROCESSOR     ELABORATE             	inputs  : 40
     4.349    PREPROCESSOR     ELABORATE             	outputs : 34
     4.349    PREPROCESSOR     ELABORATE             	wires   : 92
----------------------------------------------------------------------------------------------------
     4.349    PREPROCESSOR     ELABORATE             [1;32mSUCCESS[0m


  TIME [s]    SERVICE          CONFIGURATION         INFO: MODULE ELABORATION
----------------------------------------------------------------------------------------------------
     4.363    PREPROCESSOR     ELABORATE             module  : virtual_module_22
     4.363    PREPROCESSOR     ELABORATE             	inputs  : 40
     4.363    PREPROCESSOR     ELABORATE             	outputs : 34
     4.363    PREPROCESSOR     ELABORATE             	wires   : 92
----------------------------------------------------------------------------------------------------
     4.363    PREPROCESSOR     ELABORATE             [1;32mSUCCESS[0m


  TIME [s]    SERVICE          CONFIGURATION         INFO: MODULE ELABORATION
----------------------------------------------------------------------------------------------------
     4.377    PREPROCESSOR     ELABORATE             module  : virtual_module_23
     4.377    PREPROCESSOR     ELABORATE             	inputs  : 40
     4.377    PREPROCESSOR     ELABORATE             	outputs : 34
     4.377    PREPROCESSOR     ELABORATE             	wires   : 92
----------------------------------------------------------------------------------------------------
     4.377    PREPROCESSOR     ELABORATE             [1;32mSUCCESS[0m


  TIME [s]    SERVICE          CONFIGURATION         INFO: MODULE ELABORATION
----------------------------------------------------------------------------------------------------
     4.391    PREPROCESSOR     ELABORATE             module  : virtual_module_24
     4.391    PREPROCESSOR     ELABORATE             	inputs  : 40
     4.391    PREPROCESSOR     ELABORATE             	outputs : 34
     4.391    PREPROCESSOR     ELABORATE             	wires   : 92
----------------------------------------------------------------------------------------------------
     4.391    PREPROCESSOR     ELABORATE             [1;32mSUCCESS[0m


  TIME [s]    SERVICE          CONFIGURATION         INFO: MODULE ELABORATION
----------------------------------------------------------------------------------------------------
     4.406    PREPROCESSOR     ELABORATE             module  : virtual_module_25
     4.406    PREPROCESSOR     ELABORATE             	inputs  : 40
     4.406    PREPROCESSOR     ELABORATE             	outputs : 34
     4.406    PREPROCESSOR     ELABORATE             	wires   : 92
----------------------------------------------------------------------------------------------------
     4.406    PREPROCESSOR     ELABORATE             [1;32mSUCCESS[0m


  TIME [s]    SERVICE          CONFIGURATION         INFO: MODULE ELABORATION
----------------------------------------------------------------------------------------------------
     4.421    PREPROCESSOR     ELABORATE             module  : virtual_module_26
     4.421    PREPROCESSOR     ELABORATE             	inputs  : 40
     4.421    PREPROCESSOR     ELABORATE             	outputs : 34
     4.421    PREPROCESSOR     ELABORATE             	wires   : 92
----------------------------------------------------------------------------------------------------
     4.421    PREPROCESSOR     ELABORATE             [1;32mSUCCESS[0m


  TIME [s]    SERVICE          CONFIGURATION         INFO: MODULE ELABORATION
----------------------------------------------------------------------------------------------------
     4.435    PREPROCESSOR     ELABORATE             module  : virtual_module_27
     4.435    PREPROCESSOR     ELABORATE             	inputs  : 40
     4.435    PREPROCESSOR     ELABORATE             	outputs : 34
     4.435    PREPROCESSOR     ELABORATE             	wires   : 92
----------------------------------------------------------------------------------------------------
     4.435    PREPROCESSOR     ELABORATE             [1;32mSUCCESS[0m


  TIME [s]    SERVICE          CONFIGURATION         INFO: MODULE ELABORATION
----------------------------------------------------------------------------------------------------
     4.449    PREPROCESSOR     ELABORATE             module  : virtual_module_28
     4.449    PREPROCESSOR     ELABORATE             	inputs  : 40
     4.449    PREPROCESSOR     ELABORATE             	outputs : 34
     4.449    PREPROCESSOR     ELABORATE             	wires   : 92
----------------------------------------------------------------------------------------------------
     4.449    PREPROCESSOR     ELABORATE             [1;32mSUCCESS[0m


  TIME [s]    SERVICE          CONFIGURATION         INFO: MODULE ELABORATION
----------------------------------------------------------------------------------------------------
     4.463    PREPROCESSOR     ELABORATE             module  : virtual_module_29
     4.463    PREPROCESSOR     ELABORATE             	inputs  : 40
     4.463    PREPROCESSOR     ELABORATE             	outputs : 34
     4.463    PREPROCESSOR     ELABORATE             	wires   : 92
----------------------------------------------------------------------------------------------------
     4.463    PREPROCESSOR     ELABORATE             [1;32mSUCCESS[0m


  TIME [s]    SERVICE          CONFIGURATION         INFO: MODULE ELABORATION
----------------------------------------------------------------------------------------------------
     4.477    PREPROCESSOR     ELABORATE             module  : virtual_module_30
     4.477    PREPROCESSOR     ELABORATE             	inputs  : 40
     4.477    PREPROCESSOR     ELABORATE             	outputs : 34
     4.477    PREPROCESSOR     ELABORATE             	wires   : 92
----------------------------------------------------------------------------------------------------
     4.477    PREPROCESSOR     ELABORATE             [1;32mSUCCESS[0m


  TIME [s]    SERVICE          CONFIGURATION         INFO: MODULE ELABORATION
----------------------------------------------------------------------------------------------------
     4.491    PREPROCESSOR     ELABORATE             module  : virtual_module_31
     4.491    PREPROCESSOR     ELABORATE             	inputs  : 40
     4.491    PREPROCESSOR     ELABORATE             	outputs : 34
     4.491    PREPROCESSOR     ELABORATE             	wires   : 92
----------------------------------------------------------------------------------------------------
     4.491    PREPROCESSOR     ELABORATE             [1;32mSUCCESS[0m


  TIME [s]    SERVICE          CONFIGURATION         INFO: RANDOM PROBING
----------------------------------------------------------------------------------------------------
     5.388    ANALYZER         FFT-INDIANA           leakage probability (stage 2) : 
     5.388    ANALYZER         FFT-INDIANA           	max. probes  : 60
     5.388    ANALYZER         FFT-INDIANA           	max. samples : 30
     5.388    ANALYZER         FFT-INDIANA           	virtual_module_16 (min./max.) : 1.218211e-03 / 1.218211e-03
     5.388    ANALYZER         FFT-INDIANA           	virtual_module_17 (min./max.) : 1.218211e-03 / 1.218211e-03
     5.388    ANALYZER         FFT-INDIANA           	virtual_module_18 (min./max.) : 1.218211e-03 / 1.218211e-03
     5.388    ANALYZER         FFT-INDIANA           	virtual_module_19 (min./max.) : 1.218211e-03 / 1.218211e-03
     5.388    ANALYZER         FFT-INDIANA           	virtual_module_20 (min./max.) : 1.218211e-03 / 1.218211e-03
     5.388    ANALYZER         FFT-INDIANA           	virtual_module_21 (min./max.) : 1.218211e-03 / 1.218211e-03
     5.388    ANALYZER         FFT-INDIANA           	virtual_module_22 (min./max.) : 1.218211e-03 / 1.218211e-03
     5.388    ANALYZER         FFT-INDIANA           	virtual_module_23 (min./max.) : 1.218211e-03 / 1.218211e-03
     5.388    ANALYZER         FFT-INDIANA           	virtual_module_24 (min./max.) : 1.218211e-03 / 1.218211e-03
     5.388    ANALYZER         FFT-INDIANA           	virtual_module_25 (min./max.) : 1.218211e-03 / 1.218211e-03
     5.388    ANALYZER         FFT-INDIANA           	virtual_module_26 (min./max.) : 1.218211e-03 / 1.218211e-03
     5.388    ANALYZER         FFT-INDIANA           	virtual_module_27 (min./max.) : 1.218211e-03 / 1.218211e-03
     5.388    ANALYZER         FFT-INDIANA           	virtual_module_28 (min./max.) : 1.218211e-03 / 1.218211e-03
     5.388    ANALYZER         FFT-INDIANA           	virtual_module_29 (min./max.) : 1.218211e-03 / 1.218211e-03
     5.388    ANALYZER         FFT-INDIANA           	virtual_module_30 (min./max.) : 1.218211e-03 / 1.218211e-03
     5.388    ANALYZER         FFT-INDIANA           	virtual_module_31 (min./max.) : 1.218211e-03 / 1.218211e-03
     5.388    ANALYZER         FFT-INDIANA           total (min./max.): 1.931431e-02 / 1.931431e-02

  TIME [s]    SERVICE          CONFIGURATION         INFO: FREQUENCY UPDATE
----------------------------------------------------------------------------------------------------
     5.388    ENVIRONMENT      INDIANA               [1;32mSUCCESS[0m

  TIME [s]    SERVICE          CONFIGURATION         INFO: FREQUENCY TRANSFER
----------------------------------------------------------------------------------------------------
     5.584    ENVIRONMENT      INDIANA               [1;32mSUCCESS[0m

  TIME [s]    SERVICE          CONFIGURATION         INFO: MODULE ELABORATION
----------------------------------------------------------------------------------------------------
     5.602    PREPROCESSOR     ELABORATE             module  : virtual_module_32
     5.602    PREPROCESSOR     ELABORATE             	inputs  : 34
     5.602    PREPROCESSOR     ELABORATE             	outputs : 22
     5.602    PREPROCESSOR     ELABORATE             	wires   : 104
----------------------------------------------------------------------------------------------------
     5.602    PREPROCESSOR     ELABORATE             [1;32mSUCCESS[0m


  TIME [s]    SERVICE          CONFIGURATION         INFO: MODULE ELABORATION
----------------------------------------------------------------------------------------------------
     5.619    PREPROCESSOR     ELABORATE             module  : virtual_module_33
     5.619    PREPROCESSOR     ELABORATE             	inputs  : 34
     5.619    PREPROCESSOR     ELABORATE             	outputs : 22
     5.619    PREPROCESSOR     ELABORATE             	wires   : 104
----------------------------------------------------------------------------------------------------
     5.619    PREPROCESSOR     ELABORATE             [1;32mSUCCESS[0m


  TIME [s]    SERVICE          CONFIGURATION         INFO: MODULE ELABORATION
----------------------------------------------------------------------------------------------------
     5.636    PREPROCESSOR     ELABORATE             module  : virtual_module_34
     5.636    PREPROCESSOR     ELABORATE             	inputs  : 34
     5.636    PREPROCESSOR     ELABORATE             	outputs : 22
     5.636    PREPROCESSOR     ELABORATE             	wires   : 104
----------------------------------------------------------------------------------------------------
     5.636    PREPROCESSOR     ELABORATE             [1;32mSUCCESS[0m


  TIME [s]    SERVICE          CONFIGURATION         INFO: MODULE ELABORATION
----------------------------------------------------------------------------------------------------
     5.653    PREPROCESSOR     ELABORATE             module  : virtual_module_35
     5.653    PREPROCESSOR     ELABORATE             	inputs  : 34
     5.653    PREPROCESSOR     ELABORATE             	outputs : 22
     5.653    PREPROCESSOR     ELABORATE             	wires   : 104
----------------------------------------------------------------------------------------------------
     5.653    PREPROCESSOR     ELABORATE             [1;32mSUCCESS[0m


  TIME [s]    SERVICE          CONFIGURATION         INFO: MODULE ELABORATION
----------------------------------------------------------------------------------------------------
     5.670    PREPROCESSOR     ELABORATE             module  : virtual_module_36
     5.670    PREPROCESSOR     ELABORATE             	inputs  : 34
     5.670    PREPROCESSOR     ELABORATE             	outputs : 22
     5.670    PREPROCESSOR     ELABORATE             	wires   : 104
----------------------------------------------------------------------------------------------------
     5.671    PREPROCESSOR     ELABORATE             [1;32mSUCCESS[0m


  TIME [s]    SERVICE          CONFIGURATION         INFO: MODULE ELABORATION
----------------------------------------------------------------------------------------------------
     5.688    PREPROCESSOR     ELABORATE             module  : virtual_module_37
     5.688    PREPROCESSOR     ELABORATE             	inputs  : 34
     5.688    PREPROCESSOR     ELABORATE             	outputs : 22
     5.688    PREPROCESSOR     ELABORATE             	wires   : 104
----------------------------------------------------------------------------------------------------
     5.688    PREPROCESSOR     ELABORATE             [1;32mSUCCESS[0m


  TIME [s]    SERVICE          CONFIGURATION         INFO: MODULE ELABORATION
----------------------------------------------------------------------------------------------------
     5.706    PREPROCESSOR     ELABORATE             module  : virtual_module_38
     5.706    PREPROCESSOR     ELABORATE             	inputs  : 34
     5.706    PREPROCESSOR     ELABORATE             	outputs : 22
     5.706    PREPROCESSOR     ELABORATE             	wires   : 104
----------------------------------------------------------------------------------------------------
     5.706    PREPROCESSOR     ELABORATE             [1;32mSUCCESS[0m


  TIME [s]    SERVICE          CONFIGURATION         INFO: MODULE ELABORATION
----------------------------------------------------------------------------------------------------
     5.723    PREPROCESSOR     ELABORATE             module  : virtual_module_39
     5.723    PREPROCESSOR     ELABORATE             	inputs  : 34
     5.723    PREPROCESSOR     ELABORATE             	outputs : 22
     5.723    PREPROCESSOR     ELABORATE             	wires   : 104
----------------------------------------------------------------------------------------------------
     5.723    PREPROCESSOR     ELABORATE             [1;32mSUCCESS[0m


  TIME [s]    SERVICE          CONFIGURATION         INFO: MODULE ELABORATION
----------------------------------------------------------------------------------------------------
     5.741    PREPROCESSOR     ELABORATE             module  : virtual_module_40
     5.741    PREPROCESSOR     ELABORATE             	inputs  : 34
     5.741    PREPROCESSOR     ELABORATE             	outputs : 22
     5.741    PREPROCESSOR     ELABORATE             	wires   : 104
----------------------------------------------------------------------------------------------------
     5.741    PREPROCESSOR     ELABORATE             [1;32mSUCCESS[0m


  TIME [s]    SERVICE          CONFIGURATION         INFO: MODULE ELABORATION
----------------------------------------------------------------------------------------------------
     5.758    PREPROCESSOR     ELABORATE             module  : virtual_module_41
     5.758    PREPROCESSOR     ELABORATE             	inputs  : 34
     5.758    PREPROCESSOR     ELABORATE             	outputs : 22
     5.758    PREPROCESSOR     ELABORATE             	wires   : 104
----------------------------------------------------------------------------------------------------
     5.758    PREPROCESSOR     ELABORATE             [1;32mSUCCESS[0m


  TIME [s]    SERVICE          CONFIGURATION         INFO: MODULE ELABORATION
----------------------------------------------------------------------------------------------------
     5.778    PREPROCESSOR     ELABORATE             module  : virtual_module_42
     5.778    PREPROCESSOR     ELABORATE             	inputs  : 34
     5.778    PREPROCESSOR     ELABORATE             	outputs : 22
     5.778    PREPROCESSOR     ELABORATE             	wires   : 104
----------------------------------------------------------------------------------------------------
     5.778    PREPROCESSOR     ELABORATE             [1;32mSUCCESS[0m


  TIME [s]    SERVICE          CONFIGURATION         INFO: MODULE ELABORATION
----------------------------------------------------------------------------------------------------
     5.795    PREPROCESSOR     ELABORATE             module  : virtual_module_43
     5.795    PREPROCESSOR     ELABORATE             	inputs  : 34
     5.795    PREPROCESSOR     ELABORATE             	outputs : 22
     5.796    PREPROCESSOR     ELABORATE             	wires   : 104
----------------------------------------------------------------------------------------------------
     5.796    PREPROCESSOR     ELABORATE             [1;32mSUCCESS[0m


  TIME [s]    SERVICE          CONFIGURATION         INFO: MODULE ELABORATION
----------------------------------------------------------------------------------------------------
     5.813    PREPROCESSOR     ELABORATE             module  : virtual_module_44
     5.813    PREPROCESSOR     ELABORATE             	inputs  : 34
     5.813    PREPROCESSOR     ELABORATE             	outputs : 22
     5.813    PREPROCESSOR     ELABORATE             	wires   : 104
----------------------------------------------------------------------------------------------------
     5.813    PREPROCESSOR     ELABORATE             [1;32mSUCCESS[0m


  TIME [s]    SERVICE          CONFIGURATION         INFO: MODULE ELABORATION
----------------------------------------------------------------------------------------------------
     5.831    PREPROCESSOR     ELABORATE             module  : virtual_module_45
     5.831    PREPROCESSOR     ELABORATE             	inputs  : 34
     5.831    PREPROCESSOR     ELABORATE             	outputs : 22
     5.831    PREPROCESSOR     ELABORATE             	wires   : 104
----------------------------------------------------------------------------------------------------
     5.831    PREPROCESSOR     ELABORATE             [1;32mSUCCESS[0m


  TIME [s]    SERVICE          CONFIGURATION         INFO: MODULE ELABORATION
----------------------------------------------------------------------------------------------------
     5.848    PREPROCESSOR     ELABORATE             module  : virtual_module_46
     5.848    PREPROCESSOR     ELABORATE             	inputs  : 34
     5.848    PREPROCESSOR     ELABORATE             	outputs : 22
     5.848    PREPROCESSOR     ELABORATE             	wires   : 104
----------------------------------------------------------------------------------------------------
     5.848    PREPROCESSOR     ELABORATE             [1;32mSUCCESS[0m


  TIME [s]    SERVICE          CONFIGURATION         INFO: MODULE ELABORATION
----------------------------------------------------------------------------------------------------
     5.866    PREPROCESSOR     ELABORATE             module  : virtual_module_47
     5.866    PREPROCESSOR     ELABORATE             	inputs  : 34
     5.866    PREPROCESSOR     ELABORATE             	outputs : 22
     5.866    PREPROCESSOR     ELABORATE             	wires   : 104
----------------------------------------------------------------------------------------------------
     5.866    PREPROCESSOR     ELABORATE             [1;32mSUCCESS[0m


  TIME [s]    SERVICE          CONFIGURATION         INFO: RANDOM PROBING
----------------------------------------------------------------------------------------------------
  4610.506    ANALYZER         FFT-INDIANA           leakage probability (stage 3) : 
  4610.506    ANALYZER         FFT-INDIANA           	max. probes  : 60
  4610.506    ANALYZER         FFT-INDIANA           	max. samples : 30
  4610.506    ANALYZER         FFT-INDIANA           	virtual_module_32 (min./max.) : 5.097761e-03 / 5.104944e-03
  4610.506    ANALYZER         FFT-INDIANA           	virtual_module_33 (min./max.) : 5.097761e-03 / 5.100263e-03
  4610.506    ANALYZER         FFT-INDIANA           	virtual_module_34 (min./max.) : 5.097762e-03 / 5.100095e-03
  4610.506    ANALYZER         FFT-INDIANA           	virtual_module_35 (min./max.) : 5.097762e-03 / 5.102133e-03
  4610.506    ANALYZER         FFT-INDIANA           	virtual_module_36 (min./max.) : 5.097761e-03 / 5.100396e-03
  4610.506    ANALYZER         FFT-INDIANA           	virtual_module_37 (min./max.) : 5.097763e-03 / 5.100788e-03
  4610.506    ANALYZER         FFT-INDIANA           	virtual_module_38 (min./max.) : 5.097762e-03 / 5.101254e-03
  4610.506    ANALYZER         FFT-INDIANA           	virtual_module_39 (min./max.) : 5.097763e-03 / 5.100185e-03
  4610.506    ANALYZER         FFT-INDIANA           	virtual_module_40 (min./max.) : 5.097753e-03 / 5.102870e-03
  4610.506    ANALYZER         FFT-INDIANA           	virtual_module_41 (min./max.) : 5.097761e-03 / 5.102468e-03
  4610.506    ANALYZER         FFT-INDIANA           	virtual_module_42 (min./max.) : 5.097763e-03 / 5.100345e-03
  4610.506    ANALYZER         FFT-INDIANA           	virtual_module_43 (min./max.) : 5.097762e-03 / 5.100661e-03
  4610.506    ANALYZER         FFT-INDIANA           	virtual_module_44 (min./max.) : 5.097763e-03 / 5.100782e-03
  4610.506    ANALYZER         FFT-INDIANA           	virtual_module_45 (min./max.) : 5.097763e-03 / 5.100932e-03
  4610.506    ANALYZER         FFT-INDIANA           	virtual_module_46 (min./max.) : 5.097761e-03 / 5.101347e-03
  4610.506    ANALYZER         FFT-INDIANA           	virtual_module_47 (min./max.) : 5.097763e-03 / 5.105050e-03
  4610.506    ANALYZER         FFT-INDIANA           total (min./max.): 7.851870e-02 / 7.857457e-02

  TIME [s]    SERVICE          CONFIGURATION         INFO: FREQUENCY UPDATE
----------------------------------------------------------------------------------------------------
  4610.506    ENVIRONMENT      INDIANA               [1;32mSUCCESS[0m

  TIME [s]    SERVICE          CONFIGURATION         INFO: FREQUENCY TRANSFER
----------------------------------------------------------------------------------------------------
  4610.618    ENVIRONMENT      INDIANA               [1;32mSUCCESS[0m

  TIME [s]    SERVICE          CONFIGURATION         INFO: MODULE ELABORATION
----------------------------------------------------------------------------------------------------
  4610.630    PREPROCESSOR     ELABORATE             module  : virtual_module_48
  4610.630    PREPROCESSOR     ELABORATE             	inputs  : 22
  4610.631    PREPROCESSOR     ELABORATE             	outputs : 8
  4610.631    PREPROCESSOR     ELABORATE             	wires   : 60
----------------------------------------------------------------------------------------------------
  4610.631    PREPROCESSOR     ELABORATE             [1;32mSUCCESS[0m


  TIME [s]    SERVICE          CONFIGURATION         INFO: MODULE ELABORATION
----------------------------------------------------------------------------------------------------
  4610.643    PREPROCESSOR     ELABORATE             module  : virtual_module_49
  4610.643    PREPROCESSOR     ELABORATE             	inputs  : 22
  4610.643    PREPROCESSOR     ELABORATE             	outputs : 8
  4610.643    PREPROCESSOR     ELABORATE             	wires   : 60
----------------------------------------------------------------------------------------------------
  4610.643    PREPROCESSOR     ELABORATE             [1;32mSUCCESS[0m


  TIME [s]    SERVICE          CONFIGURATION         INFO: MODULE ELABORATION
----------------------------------------------------------------------------------------------------
  4610.654    PREPROCESSOR     ELABORATE             module  : virtual_module_50
  4610.654    PREPROCESSOR     ELABORATE             	inputs  : 22
  4610.655    PREPROCESSOR     ELABORATE             	outputs : 8
  4610.655    PREPROCESSOR     ELABORATE             	wires   : 60
----------------------------------------------------------------------------------------------------
  4610.655    PREPROCESSOR     ELABORATE             [1;32mSUCCESS[0m


  TIME [s]    SERVICE          CONFIGURATION         INFO: MODULE ELABORATION
----------------------------------------------------------------------------------------------------
  4610.667    PREPROCESSOR     ELABORATE             module  : virtual_module_51
  4610.667    PREPROCESSOR     ELABORATE             	inputs  : 22
  4610.667    PREPROCESSOR     ELABORATE             	outputs : 8
  4610.667    PREPROCESSOR     ELABORATE             	wires   : 60
----------------------------------------------------------------------------------------------------
  4610.667    PREPROCESSOR     ELABORATE             [1;32mSUCCESS[0m


  TIME [s]    SERVICE          CONFIGURATION         INFO: MODULE ELABORATION
----------------------------------------------------------------------------------------------------
  4610.678    PREPROCESSOR     ELABORATE             module  : virtual_module_52
  4610.678    PREPROCESSOR     ELABORATE             	inputs  : 22
  4610.678    PREPROCESSOR     ELABORATE             	outputs : 8
  4610.678    PREPROCESSOR     ELABORATE             	wires   : 60
----------------------------------------------------------------------------------------------------
  4610.678    PREPROCESSOR     ELABORATE             [1;32mSUCCESS[0m


  TIME [s]    SERVICE          CONFIGURATION         INFO: MODULE ELABORATION
----------------------------------------------------------------------------------------------------
  4610.690    PREPROCESSOR     ELABORATE             module  : virtual_module_53
  4610.690    PREPROCESSOR     ELABORATE             	inputs  : 22
  4610.690    PREPROCESSOR     ELABORATE             	outputs : 8
  4610.690    PREPROCESSOR     ELABORATE             	wires   : 60
----------------------------------------------------------------------------------------------------
  4610.690    PREPROCESSOR     ELABORATE             [1;32mSUCCESS[0m


  TIME [s]    SERVICE          CONFIGURATION         INFO: MODULE ELABORATION
----------------------------------------------------------------------------------------------------
  4610.702    PREPROCESSOR     ELABORATE             module  : virtual_module_54
  4610.702    PREPROCESSOR     ELABORATE             	inputs  : 22
  4610.702    PREPROCESSOR     ELABORATE             	outputs : 8
  4610.702    PREPROCESSOR     ELABORATE             	wires   : 60
----------------------------------------------------------------------------------------------------
  4610.702    PREPROCESSOR     ELABORATE             [1;32mSUCCESS[0m


  TIME [s]    SERVICE          CONFIGURATION         INFO: MODULE ELABORATION
----------------------------------------------------------------------------------------------------
  4610.714    PREPROCESSOR     ELABORATE             module  : virtual_module_55
  4610.714    PREPROCESSOR     ELABORATE             	inputs  : 22
  4610.714    PREPROCESSOR     ELABORATE             	outputs : 8
  4610.714    PREPROCESSOR     ELABORATE             	wires   : 60
----------------------------------------------------------------------------------------------------
  4610.714    PREPROCESSOR     ELABORATE             [1;32mSUCCESS[0m


  TIME [s]    SERVICE          CONFIGURATION         INFO: MODULE ELABORATION
----------------------------------------------------------------------------------------------------
  4610.726    PREPROCESSOR     ELABORATE             module  : virtual_module_56
  4610.726    PREPROCESSOR     ELABORATE             	inputs  : 22
  4610.726    PREPROCESSOR     ELABORATE             	outputs : 8
  4610.726    PREPROCESSOR     ELABORATE             	wires   : 60
----------------------------------------------------------------------------------------------------
  4610.726    PREPROCESSOR     ELABORATE             [1;32mSUCCESS[0m


  TIME [s]    SERVICE          CONFIGURATION         INFO: MODULE ELABORATION
----------------------------------------------------------------------------------------------------
  4610.738    PREPROCESSOR     ELABORATE             module  : virtual_module_57
  4610.738    PREPROCESSOR     ELABORATE             	inputs  : 22
  4610.738    PREPROCESSOR     ELABORATE             	outputs : 8
  4610.738    PREPROCESSOR     ELABORATE             	wires   : 60
----------------------------------------------------------------------------------------------------
  4610.738    PREPROCESSOR     ELABORATE             [1;32mSUCCESS[0m


  TIME [s]    SERVICE          CONFIGURATION         INFO: MODULE ELABORATION
----------------------------------------------------------------------------------------------------
  4610.749    PREPROCESSOR     ELABORATE             module  : virtual_module_58
  4610.749    PREPROCESSOR     ELABORATE             	inputs  : 22
  4610.749    PREPROCESSOR     ELABORATE             	outputs : 8
  4610.749    PREPROCESSOR     ELABORATE             	wires   : 60
----------------------------------------------------------------------------------------------------
  4610.749    PREPROCESSOR     ELABORATE             [1;32mSUCCESS[0m


  TIME [s]    SERVICE          CONFIGURATION         INFO: MODULE ELABORATION
----------------------------------------------------------------------------------------------------
  4610.761    PREPROCESSOR     ELABORATE             module  : virtual_module_59
  4610.761    PREPROCESSOR     ELABORATE             	inputs  : 22
  4610.761    PREPROCESSOR     ELABORATE             	outputs : 8
  4610.761    PREPROCESSOR     ELABORATE             	wires   : 60
----------------------------------------------------------------------------------------------------
  4610.761    PREPROCESSOR     ELABORATE             [1;32mSUCCESS[0m


  TIME [s]    SERVICE          CONFIGURATION         INFO: MODULE ELABORATION
----------------------------------------------------------------------------------------------------
  4610.773    PREPROCESSOR     ELABORATE             module  : virtual_module_60
  4610.773    PREPROCESSOR     ELABORATE             	inputs  : 22
  4610.773    PREPROCESSOR     ELABORATE             	outputs : 8
  4610.773    PREPROCESSOR     ELABORATE             	wires   : 60
----------------------------------------------------------------------------------------------------
  4610.773    PREPROCESSOR     ELABORATE             [1;32mSUCCESS[0m


  TIME [s]    SERVICE          CONFIGURATION         INFO: MODULE ELABORATION
----------------------------------------------------------------------------------------------------
  4610.785    PREPROCESSOR     ELABORATE             module  : virtual_module_61
  4610.785    PREPROCESSOR     ELABORATE             	inputs  : 22
  4610.785    PREPROCESSOR     ELABORATE             	outputs : 8
  4610.785    PREPROCESSOR     ELABORATE             	wires   : 60
----------------------------------------------------------------------------------------------------
  4610.785    PREPROCESSOR     ELABORATE             [1;32mSUCCESS[0m


  TIME [s]    SERVICE          CONFIGURATION         INFO: MODULE ELABORATION
----------------------------------------------------------------------------------------------------
  4610.797    PREPROCESSOR     ELABORATE             module  : virtual_module_62
  4610.797    PREPROCESSOR     ELABORATE             	inputs  : 22
  4610.797    PREPROCESSOR     ELABORATE             	outputs : 8
  4610.797    PREPROCESSOR     ELABORATE             	wires   : 60
----------------------------------------------------------------------------------------------------
  4610.797    PREPROCESSOR     ELABORATE             [1;32mSUCCESS[0m


  TIME [s]    SERVICE          CONFIGURATION         INFO: MODULE ELABORATION
----------------------------------------------------------------------------------------------------
  4610.808    PREPROCESSOR     ELABORATE             module  : virtual_module_63
  4610.808    PREPROCESSOR     ELABORATE             	inputs  : 22
  4610.808    PREPROCESSOR     ELABORATE             	outputs : 8
  4610.808    PREPROCESSOR     ELABORATE             	wires   : 60
----------------------------------------------------------------------------------------------------
  4610.808    PREPROCESSOR     ELABORATE             [1;32mSUCCESS[0m


  TIME [s]    SERVICE          CONFIGURATION         INFO: RANDOM PROBING
----------------------------------------------------------------------------------------------------
  4620.001    ANALYZER         FFT-INDIANA           leakage probability (stage 4) : 
  4620.001    ANALYZER         FFT-INDIANA           	max. probes  : 60
  4620.001    ANALYZER         FFT-INDIANA           	max. samples : 30
  4620.001    ANALYZER         FFT-INDIANA           	virtual_module_48 (min./max.) : 4.060025e-03 / 4.060025e-03
  4620.001    ANALYZER         FFT-INDIANA           	virtual_module_49 (min./max.) : 4.060025e-03 / 4.060025e-03
  4620.001    ANALYZER         FFT-INDIANA           	virtual_module_50 (min./max.) : 4.060025e-03 / 4.060025e-03
  4620.001    ANALYZER         FFT-INDIANA           	virtual_module_51 (min./max.) : 4.060025e-03 / 4.060025e-03
  4620.001    ANALYZER         FFT-INDIANA           	virtual_module_52 (min./max.) : 4.060025e-03 / 4.060025e-03
  4620.001    ANALYZER         FFT-INDIANA           	virtual_module_53 (min./max.) : 4.060025e-03 / 4.060025e-03
  4620.001    ANALYZER         FFT-INDIANA           	virtual_module_54 (min./max.) : 4.060025e-03 / 4.060025e-03
  4620.001    ANALYZER         FFT-INDIANA           	virtual_module_55 (min./max.) : 4.060025e-03 / 4.060025e-03
  4620.001    ANALYZER         FFT-INDIANA           	virtual_module_56 (min./max.) : 4.060025e-03 / 4.060025e-03
  4620.001    ANALYZER         FFT-INDIANA           	virtual_module_57 (min./max.) : 4.060025e-03 / 4.060025e-03
  4620.001    ANALYZER         FFT-INDIANA           	virtual_module_58 (min./max.) : 4.060025e-03 / 4.060025e-03
  4620.001    ANALYZER         FFT-INDIANA           	virtual_module_59 (min./max.) : 4.060025e-03 / 4.060025e-03
  4620.001    ANALYZER         FFT-INDIANA           	virtual_module_60 (min./max.) : 4.060025e-03 / 4.060025e-03
  4620.001    ANALYZER         FFT-INDIANA           	virtual_module_61 (min./max.) : 4.060025e-03 / 4.060025e-03
  4620.001    ANALYZER         FFT-INDIANA           	virtual_module_62 (min./max.) : 4.060025e-03 / 4.060025e-03
  4620.001    ANALYZER         FFT-INDIANA           	virtual_module_63 (min./max.) : 4.060025e-03 / 4.060025e-03
  4620.001    ANALYZER         FFT-INDIANA           total (min./max.): 6.301933e-02 / 6.301933e-02

  TIME [s]    SERVICE          CONFIGURATION         INFO: FREQUENCY UPDATE
----------------------------------------------------------------------------------------------------
  4620.001    ENVIRONMENT      INDIANA               [1;32mSUCCESS[0m

  TIME [s]    SERVICE          CONFIGURATION         INFO
----------------------------------------------------------------------------------------------------
  4620.003    VERICA           SCA                   DONE!
