----------------------------------------------------------------------------------------------------
                              INDIANA -- INDISTINGUISHABILITY ANALYSIS                              

                              INDIANA -- INDISTINGUISHABILITY ANALYSIS                              

                                      Ruhr-Universität Bochum                                      
                              Pascal Sasdrich (pascal.sasdrich@rub.de)                              
                        Jan Richter-Brockmann (jan.richter-brockmann@rub.de)                        

                                         Copyright (c) 2025                                         
                                           Pascal Sasdrich                                          
                                        Jan Richter-Brockmann                                       

                                         All rights reserved                                       
----------------------------------------------------------------------------------------------------


  TIME [s]    SERVICE          CONFIGURATION         INFO: CELL LIBRARY
----------------------------------------------------------------------------------------------------
     0.001    PARSER           CELLLIB               source: cell/nang45.txt
     0.001    PARSER           CELLLIB               Parsed cell library with 14 gate type(s). 
----------------------------------------------------------------------------------------------------
     0.001    PARSER           CELLLIB               [1;32mSUCCESS[0m


  TIME [s]    SERVICE          CONFIGURATION         INFO: DESIGN UNDER TEST
----------------------------------------------------------------------------------------------------
     3.503    PARSER           VERILOG               source: ./test/indistinguishability/case-studies-paper/present/present-single-round-hpc2-d1.v
     3.503    PARSER           VERILOG               	module(s) : 1
     3.503    PARSER           VERILOG               	gate(s)   : 3088
     3.503    PARSER           VERILOG               	 - comb.  : 1552
     3.503    PARSER           VERILOG               	 - seq.   : 1536
     3.503    PARSER           VERILOG               	wire(s)   : 3441
     3.503    PARSER           VERILOG               	pin(s)    : 11139
     3.503    PARSER           VERILOG               WARNING: detected 1506 unconnected pins!
----------------------------------------------------------------------------------------------------
     3.503    PARSER           VERILOG               [1;32mSUCCESS[0m


  TIME [s]    SERVICE          CONFIGURATION         INFO: ANNOTATIONS
----------------------------------------------------------------------------------------------------
     3.506    PREPROCESSOR     ANNOTATION            1 input wire was tagged as clock input.
     3.506    PREPROCESSOR     ANNOTATION            0 input wires were tagged as control inputs.
     3.506    PREPROCESSOR     ANNOTATION            64 input wires were tagged as refresh inputs.
     3.506    PREPROCESSOR     ANNOTATION            0 output wires were tagged as error flags.
     3.506    PREPROCESSOR     ANNOTATION            0 input wires were tagged with PIIDs.
     3.506    PREPROCESSOR     ANNOTATION            384 wires were tagged with a share domain.
     3.506    PREPROCESSOR     ANNOTATION            384 wires were tagged with a share index.
     3.506    PREPROCESSOR     ANNOTATION            0 wires were tagged with a fault domain.
----------------------------------------------------------------------------------------------------
     3.506    PREPROCESSOR     ANNOTATION            [1;32mSUCCESS[0m


  TIME [s]    SERVICE          CONFIGURATION         INFO: FILTERING
----------------------------------------------------------------------------------------------------
     3.508    PREPROCESSOR     FILTERING             Filtering for side-channel verification is disabled!
     3.508    PREPROCESSOR     FILTERING             Filtering for fault-injection verification is disabled!
----------------------------------------------------------------------------------------------------
     3.508    PREPROCESSOR     FILTERING             [1;32mSUCCESS[0m


  TIME [s]    SERVICE          CONFIGURATION         INFO
----------------------------------------------------------------------------------------------------
     3.508    PREPROCESSOR     MULTI-THREADING       cores: 16
     3.508    PREPROCESSOR     MULTI-THREADING       memory: 0 GB
     3.508    PREPROCESSOR     MULTI-THREADING       reordering: disabled
----------------------------------------------------------------------------------------------------
     3.508    PREPROCESSOR     MULTI-THREADING       [1;32mSUCCESS[0m


  TIME [s]    SERVICE          CONFIGURATION         INFO: MODEL POSTPROCESSING
----------------------------------------------------------------------------------------------------
     3.524    PREPROCESSOR     MODEL POSTPROCESSING  Removed clock tree from netlist (1 wire was removed).
     3.524    PREPROCESSOR     MODEL POSTPROCESSING  No control signals were found.
     3.524    PREPROCESSOR     MODEL POSTPROCESSING  Removed 1506 unconnected pins.
     3.524    PREPROCESSOR     MODEL POSTPROCESSING  Removed 0 unconnected wires.
----------------------------------------------------------------------------------------------------
     3.524    PREPROCESSOR     MODEL POSTPROCESSING  [1;32mSUCCESS[0m


  TIME [s]    SERVICE          CONFIGURATION         INFO: PROPERTIES
----------------------------------------------------------------------------------------------------
     3.602    PREPROCESSOR     MODEL PROPERTIES      Determined 128 shared inputs.
     3.602    PREPROCESSOR     MODEL PROPERTIES      	Minimum number of shares: 2
     3.602    PREPROCESSOR     MODEL PROPERTIES      Identified stage(s): 
     3.602    PREPROCESSOR     MODEL PROPERTIES      	logic    : 4
     3.602    PREPROCESSOR     MODEL PROPERTIES      	register : 3
----------------------------------------------------------------------------------------------------
     3.602    PREPROCESSOR     MODEL PROPERTIES      [1;32mSUCCESS[0m


  TIME [s]    SERVICE          CONFIGURATION         INFO: PARTITIONER
----------------------------------------------------------------------------------------------------
     3.761    PARTITIONER      BREADTH+DEPTH         Identified 64 partitions.
----------------------------------------------------------------------------------------------------
     3.761    PARTITIONER      BREADTH+DEPTH         [1;32mSUCCESS[0m


  TIME [s]    SERVICE          CONFIGURATION         INFO: Configure FIA
----------------------------------------------------------------------------------------------------
     3.761    PREPROCESSOR     FIA                   FIA preprocessor is disabled!
----------------------------------------------------------------------------------------------------
     3.761    PREPROCESSOR     FIA                   [1;32mSUCCESS[0m


  TIME [s]    SERVICE          CONFIGURATION         INFO: Configure SCA
----------------------------------------------------------------------------------------------------
     3.762    PREPROCESSOR     SCA                   Determined 1664 probe positions.
     3.762    PREPROCESSOR     SCA                   Determined 0 probe combinations.
----------------------------------------------------------------------------------------------------
     3.762    PREPROCESSOR     SCA                   [1;32mSUCCESS[0m


  TIME [s]    SERVICE          CONFIGURATION         INFO: MODULE ELABORATION
----------------------------------------------------------------------------------------------------
     3.798    PREPROCESSOR     ELABORATE             module  : virtual_module_0
     3.798    PREPROCESSOR     ELABORATE             	inputs  : 20
     3.798    PREPROCESSOR     ELABORATE             	outputs : 40
     3.798    PREPROCESSOR     ELABORATE             	wires   : 55
----------------------------------------------------------------------------------------------------
     3.798    PREPROCESSOR     ELABORATE             [1;32mSUCCESS[0m


  TIME [s]    SERVICE          CONFIGURATION         INFO: MODULE ELABORATION
----------------------------------------------------------------------------------------------------
     3.799    PREPROCESSOR     ELABORATE             module  : virtual_module_1
     3.799    PREPROCESSOR     ELABORATE             	inputs  : 20
     3.799    PREPROCESSOR     ELABORATE             	outputs : 40
     3.799    PREPROCESSOR     ELABORATE             	wires   : 55
----------------------------------------------------------------------------------------------------
     3.799    PREPROCESSOR     ELABORATE             [1;32mSUCCESS[0m


  TIME [s]    SERVICE          CONFIGURATION         INFO: MODULE ELABORATION
----------------------------------------------------------------------------------------------------
     3.799    PREPROCESSOR     ELABORATE             module  : virtual_module_2
     3.799    PREPROCESSOR     ELABORATE             	inputs  : 20
     3.799    PREPROCESSOR     ELABORATE             	outputs : 40
     3.799    PREPROCESSOR     ELABORATE             	wires   : 55
----------------------------------------------------------------------------------------------------
     3.800    PREPROCESSOR     ELABORATE             [1;32mSUCCESS[0m


  TIME [s]    SERVICE          CONFIGURATION         INFO: MODULE ELABORATION
----------------------------------------------------------------------------------------------------
     3.800    PREPROCESSOR     ELABORATE             module  : virtual_module_3
     3.800    PREPROCESSOR     ELABORATE             	inputs  : 20
     3.800    PREPROCESSOR     ELABORATE             	outputs : 40
     3.800    PREPROCESSOR     ELABORATE             	wires   : 55
----------------------------------------------------------------------------------------------------
     3.800    PREPROCESSOR     ELABORATE             [1;32mSUCCESS[0m


  TIME [s]    SERVICE          CONFIGURATION         INFO: MODULE ELABORATION
----------------------------------------------------------------------------------------------------
     3.801    PREPROCESSOR     ELABORATE             module  : virtual_module_4
     3.801    PREPROCESSOR     ELABORATE             	inputs  : 20
     3.801    PREPROCESSOR     ELABORATE             	outputs : 40
     3.801    PREPROCESSOR     ELABORATE             	wires   : 55
----------------------------------------------------------------------------------------------------
     3.801    PREPROCESSOR     ELABORATE             [1;32mSUCCESS[0m


  TIME [s]    SERVICE          CONFIGURATION         INFO: MODULE ELABORATION
----------------------------------------------------------------------------------------------------
     3.801    PREPROCESSOR     ELABORATE             module  : virtual_module_5
     3.801    PREPROCESSOR     ELABORATE             	inputs  : 20
     3.801    PREPROCESSOR     ELABORATE             	outputs : 40
     3.801    PREPROCESSOR     ELABORATE             	wires   : 55
----------------------------------------------------------------------------------------------------
     3.801    PREPROCESSOR     ELABORATE             [1;32mSUCCESS[0m


  TIME [s]    SERVICE          CONFIGURATION         INFO: MODULE ELABORATION
----------------------------------------------------------------------------------------------------
     3.802    PREPROCESSOR     ELABORATE             module  : virtual_module_6
     3.802    PREPROCESSOR     ELABORATE             	inputs  : 20
     3.802    PREPROCESSOR     ELABORATE             	outputs : 40
     3.802    PREPROCESSOR     ELABORATE             	wires   : 55
----------------------------------------------------------------------------------------------------
     3.802    PREPROCESSOR     ELABORATE             [1;32mSUCCESS[0m


  TIME [s]    SERVICE          CONFIGURATION         INFO: MODULE ELABORATION
----------------------------------------------------------------------------------------------------
     3.802    PREPROCESSOR     ELABORATE             module  : virtual_module_7
     3.802    PREPROCESSOR     ELABORATE             	inputs  : 20
     3.802    PREPROCESSOR     ELABORATE             	outputs : 40
     3.802    PREPROCESSOR     ELABORATE             	wires   : 55
----------------------------------------------------------------------------------------------------
     3.802    PREPROCESSOR     ELABORATE             [1;32mSUCCESS[0m


  TIME [s]    SERVICE          CONFIGURATION         INFO: MODULE ELABORATION
----------------------------------------------------------------------------------------------------
     3.803    PREPROCESSOR     ELABORATE             module  : virtual_module_8
     3.803    PREPROCESSOR     ELABORATE             	inputs  : 20
     3.803    PREPROCESSOR     ELABORATE             	outputs : 40
     3.803    PREPROCESSOR     ELABORATE             	wires   : 55
----------------------------------------------------------------------------------------------------
     3.803    PREPROCESSOR     ELABORATE             [1;32mSUCCESS[0m


  TIME [s]    SERVICE          CONFIGURATION         INFO: MODULE ELABORATION
----------------------------------------------------------------------------------------------------
     3.803    PREPROCESSOR     ELABORATE             module  : virtual_module_9
     3.803    PREPROCESSOR     ELABORATE             	inputs  : 20
     3.803    PREPROCESSOR     ELABORATE             	outputs : 40
     3.803    PREPROCESSOR     ELABORATE             	wires   : 55
----------------------------------------------------------------------------------------------------
     3.804    PREPROCESSOR     ELABORATE             [1;32mSUCCESS[0m


  TIME [s]    SERVICE          CONFIGURATION         INFO: MODULE ELABORATION
----------------------------------------------------------------------------------------------------
     3.804    PREPROCESSOR     ELABORATE             module  : virtual_module_10
     3.804    PREPROCESSOR     ELABORATE             	inputs  : 20
     3.804    PREPROCESSOR     ELABORATE             	outputs : 40
     3.804    PREPROCESSOR     ELABORATE             	wires   : 55
----------------------------------------------------------------------------------------------------
     3.804    PREPROCESSOR     ELABORATE             [1;32mSUCCESS[0m


  TIME [s]    SERVICE          CONFIGURATION         INFO: MODULE ELABORATION
----------------------------------------------------------------------------------------------------
     3.805    PREPROCESSOR     ELABORATE             module  : virtual_module_11
     3.805    PREPROCESSOR     ELABORATE             	inputs  : 20
     3.805    PREPROCESSOR     ELABORATE             	outputs : 40
     3.805    PREPROCESSOR     ELABORATE             	wires   : 55
----------------------------------------------------------------------------------------------------
     3.805    PREPROCESSOR     ELABORATE             [1;32mSUCCESS[0m


  TIME [s]    SERVICE          CONFIGURATION         INFO: MODULE ELABORATION
----------------------------------------------------------------------------------------------------
     3.805    PREPROCESSOR     ELABORATE             module  : virtual_module_12
     3.805    PREPROCESSOR     ELABORATE             	inputs  : 20
     3.805    PREPROCESSOR     ELABORATE             	outputs : 40
     3.805    PREPROCESSOR     ELABORATE             	wires   : 55
----------------------------------------------------------------------------------------------------
     3.805    PREPROCESSOR     ELABORATE             [1;32mSUCCESS[0m


  TIME [s]    SERVICE          CONFIGURATION         INFO: MODULE ELABORATION
----------------------------------------------------------------------------------------------------
     3.806    PREPROCESSOR     ELABORATE             module  : virtual_module_13
     3.806    PREPROCESSOR     ELABORATE             	inputs  : 20
     3.806    PREPROCESSOR     ELABORATE             	outputs : 40
     3.806    PREPROCESSOR     ELABORATE             	wires   : 55
----------------------------------------------------------------------------------------------------
     3.806    PREPROCESSOR     ELABORATE             [1;32mSUCCESS[0m


  TIME [s]    SERVICE          CONFIGURATION         INFO: MODULE ELABORATION
----------------------------------------------------------------------------------------------------
     3.806    PREPROCESSOR     ELABORATE             module  : virtual_module_14
     3.806    PREPROCESSOR     ELABORATE             	inputs  : 20
     3.806    PREPROCESSOR     ELABORATE             	outputs : 40
     3.806    PREPROCESSOR     ELABORATE             	wires   : 55
----------------------------------------------------------------------------------------------------
     3.806    PREPROCESSOR     ELABORATE             [1;32mSUCCESS[0m


  TIME [s]    SERVICE          CONFIGURATION         INFO: MODULE ELABORATION
----------------------------------------------------------------------------------------------------
     3.807    PREPROCESSOR     ELABORATE             module  : virtual_module_15
     3.807    PREPROCESSOR     ELABORATE             	inputs  : 20
     3.807    PREPROCESSOR     ELABORATE             	outputs : 40
     3.807    PREPROCESSOR     ELABORATE             	wires   : 55
----------------------------------------------------------------------------------------------------
     3.807    PREPROCESSOR     ELABORATE             [1;32mSUCCESS[0m


  TIME [s]    SERVICE          CONFIGURATION         INFO: RANDOM PROBING
----------------------------------------------------------------------------------------------------
     4.087    ANALYZER         FFT-INDIANA           leakage probability (stage 1) : 
     4.087    ANALYZER         FFT-INDIANA           	max. probes  : 50
     4.087    ANALYZER         FFT-INDIANA           	max. samples : 50
     4.087    ANALYZER         FFT-INDIANA           	virtual_module_0 (min./max.) : 8.026586e-04 / 8.026586e-04
     4.087    ANALYZER         FFT-INDIANA           	virtual_module_1 (min./max.) : 8.026586e-04 / 8.026586e-04
     4.087    ANALYZER         FFT-INDIANA           	virtual_module_2 (min./max.) : 8.026586e-04 / 8.026586e-04
     4.087    ANALYZER         FFT-INDIANA           	virtual_module_3 (min./max.) : 8.026586e-04 / 8.026586e-04
     4.087    ANALYZER         FFT-INDIANA           	virtual_module_4 (min./max.) : 8.026586e-04 / 8.026586e-04
     4.087    ANALYZER         FFT-INDIANA           	virtual_module_5 (min./max.) : 8.026586e-04 / 8.026586e-04
     4.087    ANALYZER         FFT-INDIANA           	virtual_module_6 (min./max.) : 8.026586e-04 / 8.026586e-04
     4.087    ANALYZER         FFT-INDIANA           	virtual_module_7 (min./max.) : 8.026586e-04 / 8.026586e-04
     4.087    ANALYZER         FFT-INDIANA           	virtual_module_8 (min./max.) : 8.026586e-04 / 8.026586e-04
     4.087    ANALYZER         FFT-INDIANA           	virtual_module_9 (min./max.) : 8.026586e-04 / 8.026586e-04
     4.087    ANALYZER         FFT-INDIANA           	virtual_module_10 (min./max.) : 8.026586e-04 / 8.026586e-04
     4.087    ANALYZER         FFT-INDIANA           	virtual_module_11 (min./max.) : 8.026586e-04 / 8.026586e-04
     4.087    ANALYZER         FFT-INDIANA           	virtual_module_12 (min./max.) : 8.026586e-04 / 8.026586e-04
     4.087    ANALYZER         FFT-INDIANA           	virtual_module_13 (min./max.) : 8.026586e-04 / 8.026586e-04
     4.087    ANALYZER         FFT-INDIANA           	virtual_module_14 (min./max.) : 8.026586e-04 / 8.026586e-04
     4.087    ANALYZER         FFT-INDIANA           	virtual_module_15 (min./max.) : 8.026586e-04 / 8.026586e-04
     4.087    ANALYZER         FFT-INDIANA           total (min./max.): 1.276552e-02 / 1.276552e-02

  TIME [s]    SERVICE          CONFIGURATION         INFO: FREQUENCY UPDATE
----------------------------------------------------------------------------------------------------
     4.087    ENVIRONMENT      INDIANA               [1;32mSUCCESS[0m

  TIME [s]    SERVICE          CONFIGURATION         INFO: FREQUENCY TRANSFER
----------------------------------------------------------------------------------------------------
     4.250    ENVIRONMENT      INDIANA               [1;32mSUCCESS[0m

  TIME [s]    SERVICE          CONFIGURATION         INFO: MODULE ELABORATION
----------------------------------------------------------------------------------------------------
     4.263    PREPROCESSOR     ELABORATE             module  : virtual_module_16
     4.263    PREPROCESSOR     ELABORATE             	inputs  : 40
     4.263    PREPROCESSOR     ELABORATE             	outputs : 34
     4.263    PREPROCESSOR     ELABORATE             	wires   : 92
----------------------------------------------------------------------------------------------------
     4.263    PREPROCESSOR     ELABORATE             [1;32mSUCCESS[0m


  TIME [s]    SERVICE          CONFIGURATION         INFO: MODULE ELABORATION
----------------------------------------------------------------------------------------------------
     4.277    PREPROCESSOR     ELABORATE             module  : virtual_module_17
     4.277    PREPROCESSOR     ELABORATE             	inputs  : 40
     4.277    PREPROCESSOR     ELABORATE             	outputs : 34
     4.277    PREPROCESSOR     ELABORATE             	wires   : 92
----------------------------------------------------------------------------------------------------
     4.277    PREPROCESSOR     ELABORATE             [1;32mSUCCESS[0m


  TIME [s]    SERVICE          CONFIGURATION         INFO: MODULE ELABORATION
----------------------------------------------------------------------------------------------------
     4.291    PREPROCESSOR     ELABORATE             module  : virtual_module_18
     4.291    PREPROCESSOR     ELABORATE             	inputs  : 40
     4.291    PREPROCESSOR     ELABORATE             	outputs : 34
     4.291    PREPROCESSOR     ELABORATE             	wires   : 92
----------------------------------------------------------------------------------------------------
     4.291    PREPROCESSOR     ELABORATE             [1;32mSUCCESS[0m


  TIME [s]    SERVICE          CONFIGURATION         INFO: MODULE ELABORATION
----------------------------------------------------------------------------------------------------
     4.305    PREPROCESSOR     ELABORATE             module  : virtual_module_19
     4.305    PREPROCESSOR     ELABORATE             	inputs  : 40
     4.305    PREPROCESSOR     ELABORATE             	outputs : 34
     4.305    PREPROCESSOR     ELABORATE             	wires   : 92
----------------------------------------------------------------------------------------------------
     4.305    PREPROCESSOR     ELABORATE             [1;32mSUCCESS[0m


  TIME [s]    SERVICE          CONFIGURATION         INFO: MODULE ELABORATION
----------------------------------------------------------------------------------------------------
     4.319    PREPROCESSOR     ELABORATE             module  : virtual_module_20
     4.319    PREPROCESSOR     ELABORATE             	inputs  : 40
     4.319    PREPROCESSOR     ELABORATE             	outputs : 34
     4.319    PREPROCESSOR     ELABORATE             	wires   : 92
----------------------------------------------------------------------------------------------------
     4.319    PREPROCESSOR     ELABORATE             [1;32mSUCCESS[0m


  TIME [s]    SERVICE          CONFIGURATION         INFO: MODULE ELABORATION
----------------------------------------------------------------------------------------------------
     4.332    PREPROCESSOR     ELABORATE             module  : virtual_module_21
     4.332    PREPROCESSOR     ELABORATE             	inputs  : 40
     4.332    PREPROCESSOR     ELABORATE             	outputs : 34
     4.332    PREPROCESSOR     ELABORATE             	wires   : 92
----------------------------------------------------------------------------------------------------
     4.332    PREPROCESSOR     ELABORATE             [1;32mSUCCESS[0m


  TIME [s]    SERVICE          CONFIGURATION         INFO: MODULE ELABORATION
----------------------------------------------------------------------------------------------------
     4.346    PREPROCESSOR     ELABORATE             module  : virtual_module_22
     4.346    PREPROCESSOR     ELABORATE             	inputs  : 40
     4.346    PREPROCESSOR     ELABORATE             	outputs : 34
     4.346    PREPROCESSOR     ELABORATE             	wires   : 92
----------------------------------------------------------------------------------------------------
     4.346    PREPROCESSOR     ELABORATE             [1;32mSUCCESS[0m


  TIME [s]    SERVICE          CONFIGURATION         INFO: MODULE ELABORATION
----------------------------------------------------------------------------------------------------
     4.360    PREPROCESSOR     ELABORATE             module  : virtual_module_23
     4.360    PREPROCESSOR     ELABORATE             	inputs  : 40
     4.360    PREPROCESSOR     ELABORATE             	outputs : 34
     4.360    PREPROCESSOR     ELABORATE             	wires   : 92
----------------------------------------------------------------------------------------------------
     4.360    PREPROCESSOR     ELABORATE             [1;32mSUCCESS[0m


  TIME [s]    SERVICE          CONFIGURATION         INFO: MODULE ELABORATION
----------------------------------------------------------------------------------------------------
     4.374    PREPROCESSOR     ELABORATE             module  : virtual_module_24
     4.374    PREPROCESSOR     ELABORATE             	inputs  : 40
     4.374    PREPROCESSOR     ELABORATE             	outputs : 34
     4.374    PREPROCESSOR     ELABORATE             	wires   : 92
----------------------------------------------------------------------------------------------------
     4.374    PREPROCESSOR     ELABORATE             [1;32mSUCCESS[0m


  TIME [s]    SERVICE          CONFIGURATION         INFO: MODULE ELABORATION
----------------------------------------------------------------------------------------------------
     4.388    PREPROCESSOR     ELABORATE             module  : virtual_module_25
     4.388    PREPROCESSOR     ELABORATE             	inputs  : 40
     4.388    PREPROCESSOR     ELABORATE             	outputs : 34
     4.388    PREPROCESSOR     ELABORATE             	wires   : 92
----------------------------------------------------------------------------------------------------
     4.388    PREPROCESSOR     ELABORATE             [1;32mSUCCESS[0m


  TIME [s]    SERVICE          CONFIGURATION         INFO: MODULE ELABORATION
----------------------------------------------------------------------------------------------------
     4.403    PREPROCESSOR     ELABORATE             module  : virtual_module_26
     4.403    PREPROCESSOR     ELABORATE             	inputs  : 40
     4.403    PREPROCESSOR     ELABORATE             	outputs : 34
     4.403    PREPROCESSOR     ELABORATE             	wires   : 92
----------------------------------------------------------------------------------------------------
     4.403    PREPROCESSOR     ELABORATE             [1;32mSUCCESS[0m


  TIME [s]    SERVICE          CONFIGURATION         INFO: MODULE ELABORATION
----------------------------------------------------------------------------------------------------
     4.417    PREPROCESSOR     ELABORATE             module  : virtual_module_27
     4.417    PREPROCESSOR     ELABORATE             	inputs  : 40
     4.417    PREPROCESSOR     ELABORATE             	outputs : 34
     4.417    PREPROCESSOR     ELABORATE             	wires   : 92
----------------------------------------------------------------------------------------------------
     4.417    PREPROCESSOR     ELABORATE             [1;32mSUCCESS[0m


  TIME [s]    SERVICE          CONFIGURATION         INFO: MODULE ELABORATION
----------------------------------------------------------------------------------------------------
     4.431    PREPROCESSOR     ELABORATE             module  : virtual_module_28
     4.431    PREPROCESSOR     ELABORATE             	inputs  : 40
     4.431    PREPROCESSOR     ELABORATE             	outputs : 34
     4.431    PREPROCESSOR     ELABORATE             	wires   : 92
----------------------------------------------------------------------------------------------------
     4.431    PREPROCESSOR     ELABORATE             [1;32mSUCCESS[0m


  TIME [s]    SERVICE          CONFIGURATION         INFO: MODULE ELABORATION
----------------------------------------------------------------------------------------------------
     4.445    PREPROCESSOR     ELABORATE             module  : virtual_module_29
     4.445    PREPROCESSOR     ELABORATE             	inputs  : 40
     4.445    PREPROCESSOR     ELABORATE             	outputs : 34
     4.445    PREPROCESSOR     ELABORATE             	wires   : 92
----------------------------------------------------------------------------------------------------
     4.445    PREPROCESSOR     ELABORATE             [1;32mSUCCESS[0m


  TIME [s]    SERVICE          CONFIGURATION         INFO: MODULE ELABORATION
----------------------------------------------------------------------------------------------------
     4.459    PREPROCESSOR     ELABORATE             module  : virtual_module_30
     4.459    PREPROCESSOR     ELABORATE             	inputs  : 40
     4.459    PREPROCESSOR     ELABORATE             	outputs : 34
     4.459    PREPROCESSOR     ELABORATE             	wires   : 92
----------------------------------------------------------------------------------------------------
     4.459    PREPROCESSOR     ELABORATE             [1;32mSUCCESS[0m


  TIME [s]    SERVICE          CONFIGURATION         INFO: MODULE ELABORATION
----------------------------------------------------------------------------------------------------
     4.473    PREPROCESSOR     ELABORATE             module  : virtual_module_31
     4.473    PREPROCESSOR     ELABORATE             	inputs  : 40
     4.473    PREPROCESSOR     ELABORATE             	outputs : 34
     4.473    PREPROCESSOR     ELABORATE             	wires   : 92
----------------------------------------------------------------------------------------------------
     4.473    PREPROCESSOR     ELABORATE             [1;32mSUCCESS[0m

