----------------------------------------------------------------------------------------------------
                              INDIANA -- INDISTINGUISHABILITY ANALYSIS                              

                              INDIANA -- INDISTINGUISHABILITY ANALYSIS                              

                                      Ruhr-Universität Bochum                                      
                              Pascal Sasdrich (pascal.sasdrich@rub.de)                              
                        Jan Richter-Brockmann (jan.richter-brockmann@rub.de)                        

                                         Copyright (c) 2025                                         
                                           Pascal Sasdrich                                          
                                        Jan Richter-Brockmann                                       

                                         All rights reserved                                       
----------------------------------------------------------------------------------------------------


  TIME [s]    SERVICE          CONFIGURATION         INFO: CELL LIBRARY
----------------------------------------------------------------------------------------------------
     0.000    PARSER           CELLLIB               source: cell/nang45.txt
     0.001    PARSER           CELLLIB               Parsed cell library with 14 gate type(s). 
----------------------------------------------------------------------------------------------------
     0.001    PARSER           CELLLIB               [1;32mSUCCESS[0m


  TIME [s]    SERVICE          CONFIGURATION         INFO: DESIGN UNDER TEST
----------------------------------------------------------------------------------------------------
     3.515    PARSER           VERILOG               source: ./test/indistinguishability/case-studies-paper/present/present-single-round-hpc2-d1.v
     3.515    PARSER           VERILOG               	module(s) : 1
     3.515    PARSER           VERILOG               	gate(s)   : 3088
     3.515    PARSER           VERILOG               	 - comb.  : 1552
     3.515    PARSER           VERILOG               	 - seq.   : 1536
     3.515    PARSER           VERILOG               	wire(s)   : 3441
     3.515    PARSER           VERILOG               	pin(s)    : 11139
     3.515    PARSER           VERILOG               WARNING: detected 1506 unconnected pins!
----------------------------------------------------------------------------------------------------
     3.515    PARSER           VERILOG               [1;32mSUCCESS[0m


  TIME [s]    SERVICE          CONFIGURATION         INFO: ANNOTATIONS
----------------------------------------------------------------------------------------------------
     3.518    PREPROCESSOR     ANNOTATION            1 input wire was tagged as clock input.
     3.518    PREPROCESSOR     ANNOTATION            0 input wires were tagged as control inputs.
     3.518    PREPROCESSOR     ANNOTATION            64 input wires were tagged as refresh inputs.
     3.518    PREPROCESSOR     ANNOTATION            0 output wires were tagged as error flags.
     3.518    PREPROCESSOR     ANNOTATION            0 input wires were tagged with PIIDs.
     3.518    PREPROCESSOR     ANNOTATION            384 wires were tagged with a share domain.
     3.518    PREPROCESSOR     ANNOTATION            384 wires were tagged with a share index.
     3.518    PREPROCESSOR     ANNOTATION            0 wires were tagged with a fault domain.
----------------------------------------------------------------------------------------------------
     3.518    PREPROCESSOR     ANNOTATION            [1;32mSUCCESS[0m


  TIME [s]    SERVICE          CONFIGURATION         INFO: FILTERING
----------------------------------------------------------------------------------------------------
     3.520    PREPROCESSOR     FILTERING             Filtering for side-channel verification is disabled!
     3.520    PREPROCESSOR     FILTERING             Filtering for fault-injection verification is disabled!
----------------------------------------------------------------------------------------------------
     3.520    PREPROCESSOR     FILTERING             [1;32mSUCCESS[0m


  TIME [s]    SERVICE          CONFIGURATION         INFO
----------------------------------------------------------------------------------------------------
     3.520    PREPROCESSOR     MULTI-THREADING       cores: 16
     3.520    PREPROCESSOR     MULTI-THREADING       memory: 0 GB
     3.520    PREPROCESSOR     MULTI-THREADING       reordering: disabled
----------------------------------------------------------------------------------------------------
     3.520    PREPROCESSOR     MULTI-THREADING       [1;32mSUCCESS[0m


  TIME [s]    SERVICE          CONFIGURATION         INFO: MODEL POSTPROCESSING
----------------------------------------------------------------------------------------------------
     3.535    PREPROCESSOR     MODEL POSTPROCESSING  Removed clock tree from netlist (1 wire was removed).
     3.535    PREPROCESSOR     MODEL POSTPROCESSING  No control signals were found.
     3.535    PREPROCESSOR     MODEL POSTPROCESSING  Removed 1506 unconnected pins.
     3.535    PREPROCESSOR     MODEL POSTPROCESSING  Removed 0 unconnected wires.
----------------------------------------------------------------------------------------------------
     3.535    PREPROCESSOR     MODEL POSTPROCESSING  [1;32mSUCCESS[0m


  TIME [s]    SERVICE          CONFIGURATION         INFO: PROPERTIES
----------------------------------------------------------------------------------------------------
     3.614    PREPROCESSOR     MODEL PROPERTIES      Determined 128 shared inputs.
     3.614    PREPROCESSOR     MODEL PROPERTIES      	Minimum number of shares: 2
     3.614    PREPROCESSOR     MODEL PROPERTIES      Identified stage(s): 
     3.614    PREPROCESSOR     MODEL PROPERTIES      	logic    : 4
     3.614    PREPROCESSOR     MODEL PROPERTIES      	register : 3
----------------------------------------------------------------------------------------------------
     3.614    PREPROCESSOR     MODEL PROPERTIES      [1;32mSUCCESS[0m


  TIME [s]    SERVICE          CONFIGURATION         INFO: PARTITIONER
----------------------------------------------------------------------------------------------------
     3.773    PARTITIONER      BREADTH+DEPTH         Identified 64 partitions.
----------------------------------------------------------------------------------------------------
     3.773    PARTITIONER      BREADTH+DEPTH         [1;32mSUCCESS[0m


  TIME [s]    SERVICE          CONFIGURATION         INFO: Configure FIA
----------------------------------------------------------------------------------------------------
     3.773    PREPROCESSOR     FIA                   FIA preprocessor is disabled!
----------------------------------------------------------------------------------------------------
     3.773    PREPROCESSOR     FIA                   [1;32mSUCCESS[0m


  TIME [s]    SERVICE          CONFIGURATION         INFO: Configure SCA
----------------------------------------------------------------------------------------------------
     3.773    PREPROCESSOR     SCA                   Determined 1664 probe positions.
     3.773    PREPROCESSOR     SCA                   Determined 0 probe combinations.
----------------------------------------------------------------------------------------------------
     3.773    PREPROCESSOR     SCA                   [1;32mSUCCESS[0m


  TIME [s]    SERVICE          CONFIGURATION         INFO: MODULE ELABORATION
----------------------------------------------------------------------------------------------------
     3.810    PREPROCESSOR     ELABORATE             module  : virtual_module_0
     3.810    PREPROCESSOR     ELABORATE             	inputs  : 20
     3.810    PREPROCESSOR     ELABORATE             	outputs : 40
     3.810    PREPROCESSOR     ELABORATE             	wires   : 55
----------------------------------------------------------------------------------------------------
     3.810    PREPROCESSOR     ELABORATE             [1;32mSUCCESS[0m


  TIME [s]    SERVICE          CONFIGURATION         INFO: MODULE ELABORATION
----------------------------------------------------------------------------------------------------
     3.811    PREPROCESSOR     ELABORATE             module  : virtual_module_1
     3.811    PREPROCESSOR     ELABORATE             	inputs  : 20
     3.811    PREPROCESSOR     ELABORATE             	outputs : 40
     3.811    PREPROCESSOR     ELABORATE             	wires   : 55
----------------------------------------------------------------------------------------------------
     3.811    PREPROCESSOR     ELABORATE             [1;32mSUCCESS[0m


  TIME [s]    SERVICE          CONFIGURATION         INFO: MODULE ELABORATION
----------------------------------------------------------------------------------------------------
     3.811    PREPROCESSOR     ELABORATE             module  : virtual_module_2
     3.812    PREPROCESSOR     ELABORATE             	inputs  : 20
     3.812    PREPROCESSOR     ELABORATE             	outputs : 40
     3.812    PREPROCESSOR     ELABORATE             	wires   : 55
----------------------------------------------------------------------------------------------------
     3.812    PREPROCESSOR     ELABORATE             [1;32mSUCCESS[0m


  TIME [s]    SERVICE          CONFIGURATION         INFO: MODULE ELABORATION
----------------------------------------------------------------------------------------------------
     3.812    PREPROCESSOR     ELABORATE             module  : virtual_module_3
     3.812    PREPROCESSOR     ELABORATE             	inputs  : 20
     3.812    PREPROCESSOR     ELABORATE             	outputs : 40
     3.812    PREPROCESSOR     ELABORATE             	wires   : 55
----------------------------------------------------------------------------------------------------
     3.812    PREPROCESSOR     ELABORATE             [1;32mSUCCESS[0m


  TIME [s]    SERVICE          CONFIGURATION         INFO: MODULE ELABORATION
----------------------------------------------------------------------------------------------------
     3.813    PREPROCESSOR     ELABORATE             module  : virtual_module_4
     3.813    PREPROCESSOR     ELABORATE             	inputs  : 20
     3.813    PREPROCESSOR     ELABORATE             	outputs : 40
     3.813    PREPROCESSOR     ELABORATE             	wires   : 55
----------------------------------------------------------------------------------------------------
     3.813    PREPROCESSOR     ELABORATE             [1;32mSUCCESS[0m


  TIME [s]    SERVICE          CONFIGURATION         INFO: MODULE ELABORATION
----------------------------------------------------------------------------------------------------
     3.813    PREPROCESSOR     ELABORATE             module  : virtual_module_5
     3.813    PREPROCESSOR     ELABORATE             	inputs  : 20
     3.813    PREPROCESSOR     ELABORATE             	outputs : 40
     3.813    PREPROCESSOR     ELABORATE             	wires   : 55
----------------------------------------------------------------------------------------------------
     3.813    PREPROCESSOR     ELABORATE             [1;32mSUCCESS[0m


  TIME [s]    SERVICE          CONFIGURATION         INFO: MODULE ELABORATION
----------------------------------------------------------------------------------------------------
     3.814    PREPROCESSOR     ELABORATE             module  : virtual_module_6
     3.814    PREPROCESSOR     ELABORATE             	inputs  : 20
     3.814    PREPROCESSOR     ELABORATE             	outputs : 40
     3.814    PREPROCESSOR     ELABORATE             	wires   : 55
----------------------------------------------------------------------------------------------------
     3.814    PREPROCESSOR     ELABORATE             [1;32mSUCCESS[0m


  TIME [s]    SERVICE          CONFIGURATION         INFO: MODULE ELABORATION
----------------------------------------------------------------------------------------------------
     3.814    PREPROCESSOR     ELABORATE             module  : virtual_module_7
     3.814    PREPROCESSOR     ELABORATE             	inputs  : 20
     3.814    PREPROCESSOR     ELABORATE             	outputs : 40
     3.814    PREPROCESSOR     ELABORATE             	wires   : 55
----------------------------------------------------------------------------------------------------
     3.814    PREPROCESSOR     ELABORATE             [1;32mSUCCESS[0m


  TIME [s]    SERVICE          CONFIGURATION         INFO: MODULE ELABORATION
----------------------------------------------------------------------------------------------------
     3.815    PREPROCESSOR     ELABORATE             module  : virtual_module_8
     3.815    PREPROCESSOR     ELABORATE             	inputs  : 20
     3.815    PREPROCESSOR     ELABORATE             	outputs : 40
     3.815    PREPROCESSOR     ELABORATE             	wires   : 55
----------------------------------------------------------------------------------------------------
     3.815    PREPROCESSOR     ELABORATE             [1;32mSUCCESS[0m


  TIME [s]    SERVICE          CONFIGURATION         INFO: MODULE ELABORATION
----------------------------------------------------------------------------------------------------
     3.815    PREPROCESSOR     ELABORATE             module  : virtual_module_9
     3.815    PREPROCESSOR     ELABORATE             	inputs  : 20
     3.815    PREPROCESSOR     ELABORATE             	outputs : 40
     3.815    PREPROCESSOR     ELABORATE             	wires   : 55
----------------------------------------------------------------------------------------------------
     3.815    PREPROCESSOR     ELABORATE             [1;32mSUCCESS[0m


  TIME [s]    SERVICE          CONFIGURATION         INFO: MODULE ELABORATION
----------------------------------------------------------------------------------------------------
     3.816    PREPROCESSOR     ELABORATE             module  : virtual_module_10
     3.816    PREPROCESSOR     ELABORATE             	inputs  : 20
     3.816    PREPROCESSOR     ELABORATE             	outputs : 40
     3.816    PREPROCESSOR     ELABORATE             	wires   : 55
----------------------------------------------------------------------------------------------------
     3.816    PREPROCESSOR     ELABORATE             [1;32mSUCCESS[0m


  TIME [s]    SERVICE          CONFIGURATION         INFO: MODULE ELABORATION
----------------------------------------------------------------------------------------------------
     3.817    PREPROCESSOR     ELABORATE             module  : virtual_module_11
     3.817    PREPROCESSOR     ELABORATE             	inputs  : 20
     3.817    PREPROCESSOR     ELABORATE             	outputs : 40
     3.817    PREPROCESSOR     ELABORATE             	wires   : 55
----------------------------------------------------------------------------------------------------
     3.817    PREPROCESSOR     ELABORATE             [1;32mSUCCESS[0m


  TIME [s]    SERVICE          CONFIGURATION         INFO: MODULE ELABORATION
----------------------------------------------------------------------------------------------------
     3.817    PREPROCESSOR     ELABORATE             module  : virtual_module_12
     3.817    PREPROCESSOR     ELABORATE             	inputs  : 20
     3.817    PREPROCESSOR     ELABORATE             	outputs : 40
     3.817    PREPROCESSOR     ELABORATE             	wires   : 55
----------------------------------------------------------------------------------------------------
     3.817    PREPROCESSOR     ELABORATE             [1;32mSUCCESS[0m


  TIME [s]    SERVICE          CONFIGURATION         INFO: MODULE ELABORATION
----------------------------------------------------------------------------------------------------
     3.818    PREPROCESSOR     ELABORATE             module  : virtual_module_13
     3.818    PREPROCESSOR     ELABORATE             	inputs  : 20
     3.818    PREPROCESSOR     ELABORATE             	outputs : 40
     3.818    PREPROCESSOR     ELABORATE             	wires   : 55
----------------------------------------------------------------------------------------------------
     3.818    PREPROCESSOR     ELABORATE             [1;32mSUCCESS[0m


  TIME [s]    SERVICE          CONFIGURATION         INFO: MODULE ELABORATION
----------------------------------------------------------------------------------------------------
     3.818    PREPROCESSOR     ELABORATE             module  : virtual_module_14
     3.818    PREPROCESSOR     ELABORATE             	inputs  : 20
     3.818    PREPROCESSOR     ELABORATE             	outputs : 40
     3.818    PREPROCESSOR     ELABORATE             	wires   : 55
----------------------------------------------------------------------------------------------------
     3.818    PREPROCESSOR     ELABORATE             [1;32mSUCCESS[0m


  TIME [s]    SERVICE          CONFIGURATION         INFO: MODULE ELABORATION
----------------------------------------------------------------------------------------------------
     3.819    PREPROCESSOR     ELABORATE             module  : virtual_module_15
     3.819    PREPROCESSOR     ELABORATE             	inputs  : 20
     3.819    PREPROCESSOR     ELABORATE             	outputs : 40
     3.819    PREPROCESSOR     ELABORATE             	wires   : 55
----------------------------------------------------------------------------------------------------
     3.819    PREPROCESSOR     ELABORATE             [1;32mSUCCESS[0m


  TIME [s]    SERVICE          CONFIGURATION         INFO: RANDOM PROBING
----------------------------------------------------------------------------------------------------
     4.108    ANALYZER         FFT-INDIANA           leakage probability (stage 1) : 
     4.108    ANALYZER         FFT-INDIANA           	max. probes  : 0
     4.108    ANALYZER         FFT-INDIANA           	max. samples : 10
     4.108    ANALYZER         FFT-INDIANA           	virtual_module_0 (min./max.) : 8.026586e-04 / 8.026586e-04
     4.108    ANALYZER         FFT-INDIANA           	virtual_module_1 (min./max.) : 8.026586e-04 / 8.026586e-04
     4.108    ANALYZER         FFT-INDIANA           	virtual_module_2 (min./max.) : 8.026586e-04 / 8.026586e-04
     4.108    ANALYZER         FFT-INDIANA           	virtual_module_3 (min./max.) : 8.026586e-04 / 8.026586e-04
     4.108    ANALYZER         FFT-INDIANA           	virtual_module_4 (min./max.) : 8.026586e-04 / 8.026586e-04
     4.108    ANALYZER         FFT-INDIANA           	virtual_module_5 (min./max.) : 8.026586e-04 / 8.026586e-04
     4.108    ANALYZER         FFT-INDIANA           	virtual_module_6 (min./max.) : 8.026586e-04 / 8.026586e-04
     4.108    ANALYZER         FFT-INDIANA           	virtual_module_7 (min./max.) : 8.026586e-04 / 8.026586e-04
     4.108    ANALYZER         FFT-INDIANA           	virtual_module_8 (min./max.) : 8.026586e-04 / 8.026586e-04
     4.108    ANALYZER         FFT-INDIANA           	virtual_module_9 (min./max.) : 8.026586e-04 / 8.026586e-04
     4.108    ANALYZER         FFT-INDIANA           	virtual_module_10 (min./max.) : 8.026586e-04 / 8.026586e-04
     4.108    ANALYZER         FFT-INDIANA           	virtual_module_11 (min./max.) : 8.026586e-04 / 8.026586e-04
     4.108    ANALYZER         FFT-INDIANA           	virtual_module_12 (min./max.) : 8.026586e-04 / 8.026586e-04
     4.108    ANALYZER         FFT-INDIANA           	virtual_module_13 (min./max.) : 8.026586e-04 / 8.026586e-04
     4.108    ANALYZER         FFT-INDIANA           	virtual_module_14 (min./max.) : 8.026586e-04 / 8.026586e-04
     4.108    ANALYZER         FFT-INDIANA           	virtual_module_15 (min./max.) : 8.026586e-04 / 8.026586e-04
     4.108    ANALYZER         FFT-INDIANA           total (min./max.): 1.276552e-02 / 1.276552e-02

  TIME [s]    SERVICE          CONFIGURATION         INFO: FREQUENCY UPDATE
----------------------------------------------------------------------------------------------------
     4.108    ENVIRONMENT      INDIANA               [1;32mSUCCESS[0m

  TIME [s]    SERVICE          CONFIGURATION         INFO: FREQUENCY TRANSFER
----------------------------------------------------------------------------------------------------
     4.271    ENVIRONMENT      INDIANA               [1;32mSUCCESS[0m

  TIME [s]    SERVICE          CONFIGURATION         INFO: MODULE ELABORATION
----------------------------------------------------------------------------------------------------
     4.284    PREPROCESSOR     ELABORATE             module  : virtual_module_16
     4.284    PREPROCESSOR     ELABORATE             	inputs  : 40
     4.284    PREPROCESSOR     ELABORATE             	outputs : 34
     4.284    PREPROCESSOR     ELABORATE             	wires   : 92
----------------------------------------------------------------------------------------------------
     4.284    PREPROCESSOR     ELABORATE             [1;32mSUCCESS[0m


  TIME [s]    SERVICE          CONFIGURATION         INFO: MODULE ELABORATION
----------------------------------------------------------------------------------------------------
     4.298    PREPROCESSOR     ELABORATE             module  : virtual_module_17
     4.298    PREPROCESSOR     ELABORATE             	inputs  : 40
     4.298    PREPROCESSOR     ELABORATE             	outputs : 34
     4.298    PREPROCESSOR     ELABORATE             	wires   : 92
----------------------------------------------------------------------------------------------------
     4.298    PREPROCESSOR     ELABORATE             [1;32mSUCCESS[0m


  TIME [s]    SERVICE          CONFIGURATION         INFO: MODULE ELABORATION
----------------------------------------------------------------------------------------------------
     4.312    PREPROCESSOR     ELABORATE             module  : virtual_module_18
     4.312    PREPROCESSOR     ELABORATE             	inputs  : 40
     4.312    PREPROCESSOR     ELABORATE             	outputs : 34
     4.312    PREPROCESSOR     ELABORATE             	wires   : 92
----------------------------------------------------------------------------------------------------
     4.312    PREPROCESSOR     ELABORATE             [1;32mSUCCESS[0m


  TIME [s]    SERVICE          CONFIGURATION         INFO: MODULE ELABORATION
----------------------------------------------------------------------------------------------------
     4.326    PREPROCESSOR     ELABORATE             module  : virtual_module_19
     4.326    PREPROCESSOR     ELABORATE             	inputs  : 40
     4.326    PREPROCESSOR     ELABORATE             	outputs : 34
     4.326    PREPROCESSOR     ELABORATE             	wires   : 92
----------------------------------------------------------------------------------------------------
     4.326    PREPROCESSOR     ELABORATE             [1;32mSUCCESS[0m


  TIME [s]    SERVICE          CONFIGURATION         INFO: MODULE ELABORATION
----------------------------------------------------------------------------------------------------
     4.340    PREPROCESSOR     ELABORATE             module  : virtual_module_20
     4.340    PREPROCESSOR     ELABORATE             	inputs  : 40
     4.340    PREPROCESSOR     ELABORATE             	outputs : 34
     4.340    PREPROCESSOR     ELABORATE             	wires   : 92
----------------------------------------------------------------------------------------------------
     4.340    PREPROCESSOR     ELABORATE             [1;32mSUCCESS[0m


  TIME [s]    SERVICE          CONFIGURATION         INFO: MODULE ELABORATION
----------------------------------------------------------------------------------------------------
     4.354    PREPROCESSOR     ELABORATE             module  : virtual_module_21
     4.354    PREPROCESSOR     ELABORATE             	inputs  : 40
     4.354    PREPROCESSOR     ELABORATE             	outputs : 34
     4.354    PREPROCESSOR     ELABORATE             	wires   : 92
----------------------------------------------------------------------------------------------------
     4.354    PREPROCESSOR     ELABORATE             [1;32mSUCCESS[0m


  TIME [s]    SERVICE          CONFIGURATION         INFO: MODULE ELABORATION
----------------------------------------------------------------------------------------------------
     4.368    PREPROCESSOR     ELABORATE             module  : virtual_module_22
     4.368    PREPROCESSOR     ELABORATE             	inputs  : 40
     4.368    PREPROCESSOR     ELABORATE             	outputs : 34
     4.368    PREPROCESSOR     ELABORATE             	wires   : 92
----------------------------------------------------------------------------------------------------
     4.368    PREPROCESSOR     ELABORATE             [1;32mSUCCESS[0m


  TIME [s]    SERVICE          CONFIGURATION         INFO: MODULE ELABORATION
----------------------------------------------------------------------------------------------------
     4.382    PREPROCESSOR     ELABORATE             module  : virtual_module_23
     4.382    PREPROCESSOR     ELABORATE             	inputs  : 40
     4.382    PREPROCESSOR     ELABORATE             	outputs : 34
     4.382    PREPROCESSOR     ELABORATE             	wires   : 92
----------------------------------------------------------------------------------------------------
     4.382    PREPROCESSOR     ELABORATE             [1;32mSUCCESS[0m


  TIME [s]    SERVICE          CONFIGURATION         INFO: MODULE ELABORATION
----------------------------------------------------------------------------------------------------
     4.396    PREPROCESSOR     ELABORATE             module  : virtual_module_24
     4.396    PREPROCESSOR     ELABORATE             	inputs  : 40
     4.396    PREPROCESSOR     ELABORATE             	outputs : 34
     4.396    PREPROCESSOR     ELABORATE             	wires   : 92
----------------------------------------------------------------------------------------------------
     4.396    PREPROCESSOR     ELABORATE             [1;32mSUCCESS[0m


  TIME [s]    SERVICE          CONFIGURATION         INFO: MODULE ELABORATION
----------------------------------------------------------------------------------------------------
     4.409    PREPROCESSOR     ELABORATE             module  : virtual_module_25
     4.409    PREPROCESSOR     ELABORATE             	inputs  : 40
     4.409    PREPROCESSOR     ELABORATE             	outputs : 34
     4.410    PREPROCESSOR     ELABORATE             	wires   : 92
----------------------------------------------------------------------------------------------------
     4.410    PREPROCESSOR     ELABORATE             [1;32mSUCCESS[0m


  TIME [s]    SERVICE          CONFIGURATION         INFO: MODULE ELABORATION
----------------------------------------------------------------------------------------------------
     4.425    PREPROCESSOR     ELABORATE             module  : virtual_module_26
     4.425    PREPROCESSOR     ELABORATE             	inputs  : 40
     4.425    PREPROCESSOR     ELABORATE             	outputs : 34
     4.425    PREPROCESSOR     ELABORATE             	wires   : 92
----------------------------------------------------------------------------------------------------
     4.425    PREPROCESSOR     ELABORATE             [1;32mSUCCESS[0m


  TIME [s]    SERVICE          CONFIGURATION         INFO: MODULE ELABORATION
----------------------------------------------------------------------------------------------------
     4.439    PREPROCESSOR     ELABORATE             module  : virtual_module_27
     4.439    PREPROCESSOR     ELABORATE             	inputs  : 40
     4.439    PREPROCESSOR     ELABORATE             	outputs : 34
     4.439    PREPROCESSOR     ELABORATE             	wires   : 92
----------------------------------------------------------------------------------------------------
     4.439    PREPROCESSOR     ELABORATE             [1;32mSUCCESS[0m


  TIME [s]    SERVICE          CONFIGURATION         INFO: MODULE ELABORATION
----------------------------------------------------------------------------------------------------
     4.453    PREPROCESSOR     ELABORATE             module  : virtual_module_28
     4.453    PREPROCESSOR     ELABORATE             	inputs  : 40
     4.453    PREPROCESSOR     ELABORATE             	outputs : 34
     4.453    PREPROCESSOR     ELABORATE             	wires   : 92
----------------------------------------------------------------------------------------------------
     4.453    PREPROCESSOR     ELABORATE             [1;32mSUCCESS[0m


  TIME [s]    SERVICE          CONFIGURATION         INFO: MODULE ELABORATION
----------------------------------------------------------------------------------------------------
     4.467    PREPROCESSOR     ELABORATE             module  : virtual_module_29
     4.467    PREPROCESSOR     ELABORATE             	inputs  : 40
     4.467    PREPROCESSOR     ELABORATE             	outputs : 34
     4.467    PREPROCESSOR     ELABORATE             	wires   : 92
----------------------------------------------------------------------------------------------------
     4.467    PREPROCESSOR     ELABORATE             [1;32mSUCCESS[0m


  TIME [s]    SERVICE          CONFIGURATION         INFO: MODULE ELABORATION
----------------------------------------------------------------------------------------------------
     4.481    PREPROCESSOR     ELABORATE             module  : virtual_module_30
     4.481    PREPROCESSOR     ELABORATE             	inputs  : 40
     4.481    PREPROCESSOR     ELABORATE             	outputs : 34
     4.481    PREPROCESSOR     ELABORATE             	wires   : 92
----------------------------------------------------------------------------------------------------
     4.481    PREPROCESSOR     ELABORATE             [1;32mSUCCESS[0m


  TIME [s]    SERVICE          CONFIGURATION         INFO: MODULE ELABORATION
----------------------------------------------------------------------------------------------------
     4.495    PREPROCESSOR     ELABORATE             module  : virtual_module_31
     4.495    PREPROCESSOR     ELABORATE             	inputs  : 40
     4.495    PREPROCESSOR     ELABORATE             	outputs : 34
     4.495    PREPROCESSOR     ELABORATE             	wires   : 92
----------------------------------------------------------------------------------------------------
     4.495    PREPROCESSOR     ELABORATE             [1;32mSUCCESS[0m


  TIME [s]    SERVICE          CONFIGURATION         INFO: RANDOM PROBING
----------------------------------------------------------------------------------------------------
     5.405    ANALYZER         FFT-INDIANA           leakage probability (stage 2) : 
     5.405    ANALYZER         FFT-INDIANA           	max. probes  : 0
     5.405    ANALYZER         FFT-INDIANA           	max. samples : 10
     5.405    ANALYZER         FFT-INDIANA           	virtual_module_16 (min./max.) : 1.218211e-03 / 1.218211e-03
     5.405    ANALYZER         FFT-INDIANA           	virtual_module_17 (min./max.) : 1.218211e-03 / 1.218211e-03
     5.405    ANALYZER         FFT-INDIANA           	virtual_module_18 (min./max.) : 1.218211e-03 / 1.218211e-03
     5.405    ANALYZER         FFT-INDIANA           	virtual_module_19 (min./max.) : 1.218211e-03 / 1.218211e-03
     5.405    ANALYZER         FFT-INDIANA           	virtual_module_20 (min./max.) : 1.218211e-03 / 1.218211e-03
     5.405    ANALYZER         FFT-INDIANA           	virtual_module_21 (min./max.) : 1.218211e-03 / 1.218211e-03
     5.405    ANALYZER         FFT-INDIANA           	virtual_module_22 (min./max.) : 1.218211e-03 / 1.218211e-03
     5.405    ANALYZER         FFT-INDIANA           	virtual_module_23 (min./max.) : 1.218211e-03 / 1.218211e-03
     5.405    ANALYZER         FFT-INDIANA           	virtual_module_24 (min./max.) : 1.218211e-03 / 1.218211e-03
     5.405    ANALYZER         FFT-INDIANA           	virtual_module_25 (min./max.) : 1.218211e-03 / 1.218211e-03
     5.405    ANALYZER         FFT-INDIANA           	virtual_module_26 (min./max.) : 1.218211e-03 / 1.218211e-03
     5.405    ANALYZER         FFT-INDIANA           	virtual_module_27 (min./max.) : 1.218211e-03 / 1.218211e-03
     5.405    ANALYZER         FFT-INDIANA           	virtual_module_28 (min./max.) : 1.218211e-03 / 1.218211e-03
     5.405    ANALYZER         FFT-INDIANA           	virtual_module_29 (min./max.) : 1.218211e-03 / 1.218211e-03
     5.405    ANALYZER         FFT-INDIANA           	virtual_module_30 (min./max.) : 1.218211e-03 / 1.218211e-03
     5.405    ANALYZER         FFT-INDIANA           	virtual_module_31 (min./max.) : 1.218211e-03 / 1.218211e-03
     5.405    ANALYZER         FFT-INDIANA           total (min./max.): 1.931431e-02 / 1.931431e-02

  TIME [s]    SERVICE          CONFIGURATION         INFO: FREQUENCY UPDATE
----------------------------------------------------------------------------------------------------
     5.405    ENVIRONMENT      INDIANA               [1;32mSUCCESS[0m

  TIME [s]    SERVICE          CONFIGURATION         INFO: FREQUENCY TRANSFER
----------------------------------------------------------------------------------------------------
     5.598    ENVIRONMENT      INDIANA               [1;32mSUCCESS[0m

  TIME [s]    SERVICE          CONFIGURATION         INFO: MODULE ELABORATION
----------------------------------------------------------------------------------------------------
     5.616    PREPROCESSOR     ELABORATE             module  : virtual_module_32
     5.616    PREPROCESSOR     ELABORATE             	inputs  : 34
     5.616    PREPROCESSOR     ELABORATE             	outputs : 22
     5.616    PREPROCESSOR     ELABORATE             	wires   : 104
----------------------------------------------------------------------------------------------------
     5.616    PREPROCESSOR     ELABORATE             [1;32mSUCCESS[0m


  TIME [s]    SERVICE          CONFIGURATION         INFO: MODULE ELABORATION
----------------------------------------------------------------------------------------------------
     5.633    PREPROCESSOR     ELABORATE             module  : virtual_module_33
     5.633    PREPROCESSOR     ELABORATE             	inputs  : 34
     5.633    PREPROCESSOR     ELABORATE             	outputs : 22
     5.633    PREPROCESSOR     ELABORATE             	wires   : 104
----------------------------------------------------------------------------------------------------
     5.633    PREPROCESSOR     ELABORATE             [1;32mSUCCESS[0m


  TIME [s]    SERVICE          CONFIGURATION         INFO: MODULE ELABORATION
----------------------------------------------------------------------------------------------------
     5.650    PREPROCESSOR     ELABORATE             module  : virtual_module_34
     5.650    PREPROCESSOR     ELABORATE             	inputs  : 34
     5.650    PREPROCESSOR     ELABORATE             	outputs : 22
     5.650    PREPROCESSOR     ELABORATE             	wires   : 104
----------------------------------------------------------------------------------------------------
     5.650    PREPROCESSOR     ELABORATE             [1;32mSUCCESS[0m


  TIME [s]    SERVICE          CONFIGURATION         INFO: MODULE ELABORATION
----------------------------------------------------------------------------------------------------
     5.667    PREPROCESSOR     ELABORATE             module  : virtual_module_35
     5.667    PREPROCESSOR     ELABORATE             	inputs  : 34
     5.667    PREPROCESSOR     ELABORATE             	outputs : 22
     5.667    PREPROCESSOR     ELABORATE             	wires   : 104
----------------------------------------------------------------------------------------------------
     5.667    PREPROCESSOR     ELABORATE             [1;32mSUCCESS[0m


  TIME [s]    SERVICE          CONFIGURATION         INFO: MODULE ELABORATION
----------------------------------------------------------------------------------------------------
     5.685    PREPROCESSOR     ELABORATE             module  : virtual_module_36
     5.685    PREPROCESSOR     ELABORATE             	inputs  : 34
     5.685    PREPROCESSOR     ELABORATE             	outputs : 22
     5.685    PREPROCESSOR     ELABORATE             	wires   : 104
----------------------------------------------------------------------------------------------------
     5.685    PREPROCESSOR     ELABORATE             [1;32mSUCCESS[0m


  TIME [s]    SERVICE          CONFIGURATION         INFO: MODULE ELABORATION
----------------------------------------------------------------------------------------------------
     5.702    PREPROCESSOR     ELABORATE             module  : virtual_module_37
     5.702    PREPROCESSOR     ELABORATE             	inputs  : 34
     5.702    PREPROCESSOR     ELABORATE             	outputs : 22
     5.702    PREPROCESSOR     ELABORATE             	wires   : 104
----------------------------------------------------------------------------------------------------
     5.702    PREPROCESSOR     ELABORATE             [1;32mSUCCESS[0m


  TIME [s]    SERVICE          CONFIGURATION         INFO: MODULE ELABORATION
----------------------------------------------------------------------------------------------------
     5.719    PREPROCESSOR     ELABORATE             module  : virtual_module_38
     5.720    PREPROCESSOR     ELABORATE             	inputs  : 34
     5.720    PREPROCESSOR     ELABORATE             	outputs : 22
     5.720    PREPROCESSOR     ELABORATE             	wires   : 104
----------------------------------------------------------------------------------------------------
     5.720    PREPROCESSOR     ELABORATE             [1;32mSUCCESS[0m


  TIME [s]    SERVICE          CONFIGURATION         INFO: MODULE ELABORATION
----------------------------------------------------------------------------------------------------
     5.737    PREPROCESSOR     ELABORATE             module  : virtual_module_39
     5.737    PREPROCESSOR     ELABORATE             	inputs  : 34
     5.737    PREPROCESSOR     ELABORATE             	outputs : 22
     5.737    PREPROCESSOR     ELABORATE             	wires   : 104
----------------------------------------------------------------------------------------------------
     5.737    PREPROCESSOR     ELABORATE             [1;32mSUCCESS[0m


  TIME [s]    SERVICE          CONFIGURATION         INFO: MODULE ELABORATION
----------------------------------------------------------------------------------------------------
     5.754    PREPROCESSOR     ELABORATE             module  : virtual_module_40
     5.754    PREPROCESSOR     ELABORATE             	inputs  : 34
     5.754    PREPROCESSOR     ELABORATE             	outputs : 22
     5.754    PREPROCESSOR     ELABORATE             	wires   : 104
----------------------------------------------------------------------------------------------------
     5.754    PREPROCESSOR     ELABORATE             [1;32mSUCCESS[0m


  TIME [s]    SERVICE          CONFIGURATION         INFO: MODULE ELABORATION
----------------------------------------------------------------------------------------------------
     5.771    PREPROCESSOR     ELABORATE             module  : virtual_module_41
     5.771    PREPROCESSOR     ELABORATE             	inputs  : 34
     5.771    PREPROCESSOR     ELABORATE             	outputs : 22
     5.771    PREPROCESSOR     ELABORATE             	wires   : 104
----------------------------------------------------------------------------------------------------
     5.771    PREPROCESSOR     ELABORATE             [1;32mSUCCESS[0m


  TIME [s]    SERVICE          CONFIGURATION         INFO: MODULE ELABORATION
----------------------------------------------------------------------------------------------------
     5.792    PREPROCESSOR     ELABORATE             module  : virtual_module_42
     5.792    PREPROCESSOR     ELABORATE             	inputs  : 34
     5.792    PREPROCESSOR     ELABORATE             	outputs : 22
     5.792    PREPROCESSOR     ELABORATE             	wires   : 104
----------------------------------------------------------------------------------------------------
     5.792    PREPROCESSOR     ELABORATE             [1;32mSUCCESS[0m


  TIME [s]    SERVICE          CONFIGURATION         INFO: MODULE ELABORATION
----------------------------------------------------------------------------------------------------
     5.809    PREPROCESSOR     ELABORATE             module  : virtual_module_43
     5.809    PREPROCESSOR     ELABORATE             	inputs  : 34
     5.809    PREPROCESSOR     ELABORATE             	outputs : 22
     5.809    PREPROCESSOR     ELABORATE             	wires   : 104
----------------------------------------------------------------------------------------------------
     5.809    PREPROCESSOR     ELABORATE             [1;32mSUCCESS[0m


  TIME [s]    SERVICE          CONFIGURATION         INFO: MODULE ELABORATION
----------------------------------------------------------------------------------------------------
     5.827    PREPROCESSOR     ELABORATE             module  : virtual_module_44
     5.827    PREPROCESSOR     ELABORATE             	inputs  : 34
     5.827    PREPROCESSOR     ELABORATE             	outputs : 22
     5.827    PREPROCESSOR     ELABORATE             	wires   : 104
----------------------------------------------------------------------------------------------------
     5.827    PREPROCESSOR     ELABORATE             [1;32mSUCCESS[0m


  TIME [s]    SERVICE          CONFIGURATION         INFO: MODULE ELABORATION
----------------------------------------------------------------------------------------------------
     5.845    PREPROCESSOR     ELABORATE             module  : virtual_module_45
     5.845    PREPROCESSOR     ELABORATE             	inputs  : 34
     5.845    PREPROCESSOR     ELABORATE             	outputs : 22
     5.845    PREPROCESSOR     ELABORATE             	wires   : 104
----------------------------------------------------------------------------------------------------
     5.845    PREPROCESSOR     ELABORATE             [1;32mSUCCESS[0m


  TIME [s]    SERVICE          CONFIGURATION         INFO: MODULE ELABORATION
----------------------------------------------------------------------------------------------------
     5.863    PREPROCESSOR     ELABORATE             module  : virtual_module_46
     5.863    PREPROCESSOR     ELABORATE             	inputs  : 34
     5.863    PREPROCESSOR     ELABORATE             	outputs : 22
     5.863    PREPROCESSOR     ELABORATE             	wires   : 104
----------------------------------------------------------------------------------------------------
     5.863    PREPROCESSOR     ELABORATE             [1;32mSUCCESS[0m


  TIME [s]    SERVICE          CONFIGURATION         INFO: MODULE ELABORATION
----------------------------------------------------------------------------------------------------
     5.880    PREPROCESSOR     ELABORATE             module  : virtual_module_47
     5.880    PREPROCESSOR     ELABORATE             	inputs  : 34
     5.880    PREPROCESSOR     ELABORATE             	outputs : 22
     5.880    PREPROCESSOR     ELABORATE             	wires   : 104
----------------------------------------------------------------------------------------------------
     5.881    PREPROCESSOR     ELABORATE             [1;32mSUCCESS[0m


  TIME [s]    SERVICE          CONFIGURATION         INFO: RANDOM PROBING
----------------------------------------------------------------------------------------------------
  1370.089    ANALYZER         FFT-INDIANA           leakage probability (stage 3) : 
  1370.089    ANALYZER         FFT-INDIANA           	max. probes  : 0
  1370.089    ANALYZER         FFT-INDIANA           	max. samples : 10
  1370.089    ANALYZER         FFT-INDIANA           	virtual_module_32 (min./max.) : 5.097764e-03 / 5.097764e-03
  1370.089    ANALYZER         FFT-INDIANA           	virtual_module_33 (min./max.) : 5.097764e-03 / 5.097764e-03
  1370.089    ANALYZER         FFT-INDIANA           	virtual_module_34 (min./max.) : 5.097764e-03 / 5.097764e-03
  1370.089    ANALYZER         FFT-INDIANA           	virtual_module_35 (min./max.) : 5.097764e-03 / 5.097764e-03
  1370.089    ANALYZER         FFT-INDIANA           	virtual_module_36 (min./max.) : 5.097764e-03 / 5.097764e-03
  1370.089    ANALYZER         FFT-INDIANA           	virtual_module_37 (min./max.) : 5.097764e-03 / 5.097764e-03
  1370.089    ANALYZER         FFT-INDIANA           	virtual_module_38 (min./max.) : 5.097764e-03 / 5.097764e-03
  1370.089    ANALYZER         FFT-INDIANA           	virtual_module_39 (min./max.) : 5.097764e-03 / 5.097764e-03
  1370.089    ANALYZER         FFT-INDIANA           	virtual_module_40 (min./max.) : 5.097764e-03 / 5.097764e-03
  1370.089    ANALYZER         FFT-INDIANA           	virtual_module_41 (min./max.) : 5.097764e-03 / 5.097764e-03
  1370.089    ANALYZER         FFT-INDIANA           	virtual_module_42 (min./max.) : 5.097764e-03 / 5.097764e-03
  1370.089    ANALYZER         FFT-INDIANA           	virtual_module_43 (min./max.) : 5.097764e-03 / 5.097764e-03
  1370.089    ANALYZER         FFT-INDIANA           	virtual_module_44 (min./max.) : 5.097764e-03 / 5.097764e-03
  1370.089    ANALYZER         FFT-INDIANA           	virtual_module_45 (min./max.) : 5.097764e-03 / 5.097764e-03
  1370.089    ANALYZER         FFT-INDIANA           	virtual_module_46 (min./max.) : 5.097764e-03 / 5.097764e-03
  1370.089    ANALYZER         FFT-INDIANA           	virtual_module_47 (min./max.) : 5.097764e-03 / 5.097764e-03
  1370.089    ANALYZER         FFT-INDIANA           total (min./max.): 7.851873e-02 / 7.851873e-02

  TIME [s]    SERVICE          CONFIGURATION         INFO: FREQUENCY UPDATE
----------------------------------------------------------------------------------------------------
  1370.089    ENVIRONMENT      INDIANA               [1;32mSUCCESS[0m

  TIME [s]    SERVICE          CONFIGURATION         INFO: FREQUENCY TRANSFER
----------------------------------------------------------------------------------------------------
  1370.215    ENVIRONMENT      INDIANA               [1;32mSUCCESS[0m

  TIME [s]    SERVICE          CONFIGURATION         INFO: MODULE ELABORATION
----------------------------------------------------------------------------------------------------
  1370.227    PREPROCESSOR     ELABORATE             module  : virtual_module_48
  1370.227    PREPROCESSOR     ELABORATE             	inputs  : 22
  1370.227    PREPROCESSOR     ELABORATE             	outputs : 8
  1370.227    PREPROCESSOR     ELABORATE             	wires   : 60
----------------------------------------------------------------------------------------------------
  1370.227    PREPROCESSOR     ELABORATE             [1;32mSUCCESS[0m


  TIME [s]    SERVICE          CONFIGURATION         INFO: MODULE ELABORATION
----------------------------------------------------------------------------------------------------
  1370.238    PREPROCESSOR     ELABORATE             module  : virtual_module_49
  1370.238    PREPROCESSOR     ELABORATE             	inputs  : 22
  1370.238    PREPROCESSOR     ELABORATE             	outputs : 8
  1370.238    PREPROCESSOR     ELABORATE             	wires   : 60
----------------------------------------------------------------------------------------------------
  1370.238    PREPROCESSOR     ELABORATE             [1;32mSUCCESS[0m


  TIME [s]    SERVICE          CONFIGURATION         INFO: MODULE ELABORATION
----------------------------------------------------------------------------------------------------
  1370.250    PREPROCESSOR     ELABORATE             module  : virtual_module_50
  1370.250    PREPROCESSOR     ELABORATE             	inputs  : 22
  1370.250    PREPROCESSOR     ELABORATE             	outputs : 8
  1370.250    PREPROCESSOR     ELABORATE             	wires   : 60
----------------------------------------------------------------------------------------------------
  1370.250    PREPROCESSOR     ELABORATE             [1;32mSUCCESS[0m


  TIME [s]    SERVICE          CONFIGURATION         INFO: MODULE ELABORATION
----------------------------------------------------------------------------------------------------
  1370.262    PREPROCESSOR     ELABORATE             module  : virtual_module_51
  1370.262    PREPROCESSOR     ELABORATE             	inputs  : 22
  1370.262    PREPROCESSOR     ELABORATE             	outputs : 8
  1370.262    PREPROCESSOR     ELABORATE             	wires   : 60
----------------------------------------------------------------------------------------------------
  1370.262    PREPROCESSOR     ELABORATE             [1;32mSUCCESS[0m


  TIME [s]    SERVICE          CONFIGURATION         INFO: MODULE ELABORATION
----------------------------------------------------------------------------------------------------
  1370.273    PREPROCESSOR     ELABORATE             module  : virtual_module_52
  1370.273    PREPROCESSOR     ELABORATE             	inputs  : 22
  1370.273    PREPROCESSOR     ELABORATE             	outputs : 8
  1370.273    PREPROCESSOR     ELABORATE             	wires   : 60
----------------------------------------------------------------------------------------------------
  1370.273    PREPROCESSOR     ELABORATE             [1;32mSUCCESS[0m


  TIME [s]    SERVICE          CONFIGURATION         INFO: MODULE ELABORATION
----------------------------------------------------------------------------------------------------
  1370.285    PREPROCESSOR     ELABORATE             module  : virtual_module_53
  1370.285    PREPROCESSOR     ELABORATE             	inputs  : 22
  1370.285    PREPROCESSOR     ELABORATE             	outputs : 8
  1370.285    PREPROCESSOR     ELABORATE             	wires   : 60
----------------------------------------------------------------------------------------------------
  1370.285    PREPROCESSOR     ELABORATE             [1;32mSUCCESS[0m


  TIME [s]    SERVICE          CONFIGURATION         INFO: MODULE ELABORATION
----------------------------------------------------------------------------------------------------
  1370.297    PREPROCESSOR     ELABORATE             module  : virtual_module_54
  1370.297    PREPROCESSOR     ELABORATE             	inputs  : 22
  1370.297    PREPROCESSOR     ELABORATE             	outputs : 8
  1370.297    PREPROCESSOR     ELABORATE             	wires   : 60
----------------------------------------------------------------------------------------------------
  1370.297    PREPROCESSOR     ELABORATE             [1;32mSUCCESS[0m


  TIME [s]    SERVICE          CONFIGURATION         INFO: MODULE ELABORATION
----------------------------------------------------------------------------------------------------
  1370.309    PREPROCESSOR     ELABORATE             module  : virtual_module_55
  1370.309    PREPROCESSOR     ELABORATE             	inputs  : 22
  1370.309    PREPROCESSOR     ELABORATE             	outputs : 8
  1370.309    PREPROCESSOR     ELABORATE             	wires   : 60
----------------------------------------------------------------------------------------------------
  1370.309    PREPROCESSOR     ELABORATE             [1;32mSUCCESS[0m


  TIME [s]    SERVICE          CONFIGURATION         INFO: MODULE ELABORATION
----------------------------------------------------------------------------------------------------
  1370.321    PREPROCESSOR     ELABORATE             module  : virtual_module_56
  1370.321    PREPROCESSOR     ELABORATE             	inputs  : 22
  1370.321    PREPROCESSOR     ELABORATE             	outputs : 8
  1370.321    PREPROCESSOR     ELABORATE             	wires   : 60
----------------------------------------------------------------------------------------------------
  1370.321    PREPROCESSOR     ELABORATE             [1;32mSUCCESS[0m


  TIME [s]    SERVICE          CONFIGURATION         INFO: MODULE ELABORATION
----------------------------------------------------------------------------------------------------
  1370.332    PREPROCESSOR     ELABORATE             module  : virtual_module_57
  1370.332    PREPROCESSOR     ELABORATE             	inputs  : 22
  1370.332    PREPROCESSOR     ELABORATE             	outputs : 8
  1370.332    PREPROCESSOR     ELABORATE             	wires   : 60
----------------------------------------------------------------------------------------------------
  1370.332    PREPROCESSOR     ELABORATE             [1;32mSUCCESS[0m


  TIME [s]    SERVICE          CONFIGURATION         INFO: MODULE ELABORATION
----------------------------------------------------------------------------------------------------
  1370.344    PREPROCESSOR     ELABORATE             module  : virtual_module_58
  1370.344    PREPROCESSOR     ELABORATE             	inputs  : 22
  1370.344    PREPROCESSOR     ELABORATE             	outputs : 8
  1370.344    PREPROCESSOR     ELABORATE             	wires   : 60
----------------------------------------------------------------------------------------------------
  1370.344    PREPROCESSOR     ELABORATE             [1;32mSUCCESS[0m


  TIME [s]    SERVICE          CONFIGURATION         INFO: MODULE ELABORATION
----------------------------------------------------------------------------------------------------
  1370.356    PREPROCESSOR     ELABORATE             module  : virtual_module_59
  1370.356    PREPROCESSOR     ELABORATE             	inputs  : 22
  1370.356    PREPROCESSOR     ELABORATE             	outputs : 8
  1370.356    PREPROCESSOR     ELABORATE             	wires   : 60
----------------------------------------------------------------------------------------------------
  1370.356    PREPROCESSOR     ELABORATE             [1;32mSUCCESS[0m


  TIME [s]    SERVICE          CONFIGURATION         INFO: MODULE ELABORATION
----------------------------------------------------------------------------------------------------
  1370.367    PREPROCESSOR     ELABORATE             module  : virtual_module_60
  1370.367    PREPROCESSOR     ELABORATE             	inputs  : 22
  1370.367    PREPROCESSOR     ELABORATE             	outputs : 8
  1370.367    PREPROCESSOR     ELABORATE             	wires   : 60
----------------------------------------------------------------------------------------------------
  1370.367    PREPROCESSOR     ELABORATE             [1;32mSUCCESS[0m


  TIME [s]    SERVICE          CONFIGURATION         INFO: MODULE ELABORATION
----------------------------------------------------------------------------------------------------
  1370.379    PREPROCESSOR     ELABORATE             module  : virtual_module_61
  1370.379    PREPROCESSOR     ELABORATE             	inputs  : 22
  1370.379    PREPROCESSOR     ELABORATE             	outputs : 8
  1370.379    PREPROCESSOR     ELABORATE             	wires   : 60
----------------------------------------------------------------------------------------------------
  1370.379    PREPROCESSOR     ELABORATE             [1;32mSUCCESS[0m


  TIME [s]    SERVICE          CONFIGURATION         INFO: MODULE ELABORATION
----------------------------------------------------------------------------------------------------
  1370.390    PREPROCESSOR     ELABORATE             module  : virtual_module_62
  1370.390    PREPROCESSOR     ELABORATE             	inputs  : 22
  1370.390    PREPROCESSOR     ELABORATE             	outputs : 8
  1370.390    PREPROCESSOR     ELABORATE             	wires   : 60
----------------------------------------------------------------------------------------------------
  1370.390    PREPROCESSOR     ELABORATE             [1;32mSUCCESS[0m


  TIME [s]    SERVICE          CONFIGURATION         INFO: MODULE ELABORATION
----------------------------------------------------------------------------------------------------
  1370.401    PREPROCESSOR     ELABORATE             module  : virtual_module_63
  1370.401    PREPROCESSOR     ELABORATE             	inputs  : 22
  1370.401    PREPROCESSOR     ELABORATE             	outputs : 8
  1370.401    PREPROCESSOR     ELABORATE             	wires   : 60
----------------------------------------------------------------------------------------------------
  1370.401    PREPROCESSOR     ELABORATE             [1;32mSUCCESS[0m


  TIME [s]    SERVICE          CONFIGURATION         INFO: RANDOM PROBING
----------------------------------------------------------------------------------------------------
  1379.492    ANALYZER         FFT-INDIANA           leakage probability (stage 4) : 
  1379.492    ANALYZER         FFT-INDIANA           	max. probes  : 0
  1379.492    ANALYZER         FFT-INDIANA           	max. samples : 10
  1379.492    ANALYZER         FFT-INDIANA           	virtual_module_48 (min./max.) : 4.060025e-03 / 4.060025e-03
  1379.492    ANALYZER         FFT-INDIANA           	virtual_module_49 (min./max.) : 4.060025e-03 / 4.060025e-03
  1379.492    ANALYZER         FFT-INDIANA           	virtual_module_50 (min./max.) : 4.060025e-03 / 4.060025e-03
  1379.492    ANALYZER         FFT-INDIANA           	virtual_module_51 (min./max.) : 4.060025e-03 / 4.060025e-03
  1379.492    ANALYZER         FFT-INDIANA           	virtual_module_52 (min./max.) : 4.060025e-03 / 4.060025e-03
  1379.492    ANALYZER         FFT-INDIANA           	virtual_module_53 (min./max.) : 4.060025e-03 / 4.060025e-03
  1379.492    ANALYZER         FFT-INDIANA           	virtual_module_54 (min./max.) : 4.060025e-03 / 4.060025e-03
  1379.492    ANALYZER         FFT-INDIANA           	virtual_module_55 (min./max.) : 4.060025e-03 / 4.060025e-03
  1379.492    ANALYZER         FFT-INDIANA           	virtual_module_56 (min./max.) : 4.060025e-03 / 4.060025e-03
  1379.492    ANALYZER         FFT-INDIANA           	virtual_module_57 (min./max.) : 4.060025e-03 / 4.060025e-03
  1379.492    ANALYZER         FFT-INDIANA           	virtual_module_58 (min./max.) : 4.060025e-03 / 4.060025e-03
  1379.492    ANALYZER         FFT-INDIANA           	virtual_module_59 (min./max.) : 4.060025e-03 / 4.060025e-03
  1379.492    ANALYZER         FFT-INDIANA           	virtual_module_60 (min./max.) : 4.060025e-03 / 4.060025e-03
  1379.492    ANALYZER         FFT-INDIANA           	virtual_module_61 (min./max.) : 4.060025e-03 / 4.060025e-03
  1379.492    ANALYZER         FFT-INDIANA           	virtual_module_62 (min./max.) : 4.060025e-03 / 4.060025e-03
  1379.492    ANALYZER         FFT-INDIANA           	virtual_module_63 (min./max.) : 4.060025e-03 / 4.060025e-03
  1379.492    ANALYZER         FFT-INDIANA           total (min./max.): 6.301933e-02 / 6.301933e-02

  TIME [s]    SERVICE          CONFIGURATION         INFO: FREQUENCY UPDATE
----------------------------------------------------------------------------------------------------
  1379.492    ENVIRONMENT      INDIANA               [1;32mSUCCESS[0m

  TIME [s]    SERVICE          CONFIGURATION         INFO
----------------------------------------------------------------------------------------------------
  1379.494    VERICA           SCA                   DONE!
