----------------------------------------------------------------------------------------------------
                              INDIANA -- INDISTINGUISHABILITY ANALYSIS                              

                              INDIANA -- INDISTINGUISHABILITY ANALYSIS                              

                                      Ruhr-Universität Bochum                                      
                              Pascal Sasdrich (pascal.sasdrich@rub.de)                              
                        Jan Richter-Brockmann (jan.richter-brockmann@rub.de)                        

                                         Copyright (c) 2025                                         
                                           Pascal Sasdrich                                          
                                        Jan Richter-Brockmann                                       

                                         All rights reserved                                       
----------------------------------------------------------------------------------------------------


  TIME [s]    SERVICE          CONFIGURATION         INFO: CELL LIBRARY
----------------------------------------------------------------------------------------------------
     0.001    PARSER           CELLLIB               source: cell/nang45.txt
     0.001    PARSER           CELLLIB               Parsed cell library with 14 gate type(s). 
----------------------------------------------------------------------------------------------------
     0.001    PARSER           CELLLIB               [1;32mSUCCESS[0m


  TIME [s]    SERVICE          CONFIGURATION         INFO: DESIGN UNDER TEST
----------------------------------------------------------------------------------------------------
     3.507    PARSER           VERILOG               source: ./test/indistinguishability/case-studies-paper/present/present-single-round-hpc2-d1.v
     3.507    PARSER           VERILOG               	module(s) : 1
     3.507    PARSER           VERILOG               	gate(s)   : 3088
     3.507    PARSER           VERILOG               	 - comb.  : 1552
     3.507    PARSER           VERILOG               	 - seq.   : 1536
     3.507    PARSER           VERILOG               	wire(s)   : 3441
     3.507    PARSER           VERILOG               	pin(s)    : 11139
     3.507    PARSER           VERILOG               WARNING: detected 1506 unconnected pins!
----------------------------------------------------------------------------------------------------
     3.507    PARSER           VERILOG               [1;32mSUCCESS[0m


  TIME [s]    SERVICE          CONFIGURATION         INFO: ANNOTATIONS
----------------------------------------------------------------------------------------------------
     3.510    PREPROCESSOR     ANNOTATION            1 input wire was tagged as clock input.
     3.510    PREPROCESSOR     ANNOTATION            0 input wires were tagged as control inputs.
     3.510    PREPROCESSOR     ANNOTATION            64 input wires were tagged as refresh inputs.
     3.510    PREPROCESSOR     ANNOTATION            0 output wires were tagged as error flags.
     3.510    PREPROCESSOR     ANNOTATION            0 input wires were tagged with PIIDs.
     3.510    PREPROCESSOR     ANNOTATION            384 wires were tagged with a share domain.
     3.510    PREPROCESSOR     ANNOTATION            384 wires were tagged with a share index.
     3.510    PREPROCESSOR     ANNOTATION            0 wires were tagged with a fault domain.
----------------------------------------------------------------------------------------------------
     3.510    PREPROCESSOR     ANNOTATION            [1;32mSUCCESS[0m


  TIME [s]    SERVICE          CONFIGURATION         INFO: FILTERING
----------------------------------------------------------------------------------------------------
     3.512    PREPROCESSOR     FILTERING             Filtering for side-channel verification is disabled!
     3.512    PREPROCESSOR     FILTERING             Filtering for fault-injection verification is disabled!
----------------------------------------------------------------------------------------------------
     3.512    PREPROCESSOR     FILTERING             [1;32mSUCCESS[0m


  TIME [s]    SERVICE          CONFIGURATION         INFO
----------------------------------------------------------------------------------------------------
     3.512    PREPROCESSOR     MULTI-THREADING       cores: 16
     3.512    PREPROCESSOR     MULTI-THREADING       memory: 0 GB
     3.512    PREPROCESSOR     MULTI-THREADING       reordering: disabled
----------------------------------------------------------------------------------------------------
     3.512    PREPROCESSOR     MULTI-THREADING       [1;32mSUCCESS[0m


  TIME [s]    SERVICE          CONFIGURATION         INFO: MODEL POSTPROCESSING
----------------------------------------------------------------------------------------------------
     3.528    PREPROCESSOR     MODEL POSTPROCESSING  Removed clock tree from netlist (1 wire was removed).
     3.528    PREPROCESSOR     MODEL POSTPROCESSING  No control signals were found.
     3.528    PREPROCESSOR     MODEL POSTPROCESSING  Removed 1506 unconnected pins.
     3.528    PREPROCESSOR     MODEL POSTPROCESSING  Removed 0 unconnected wires.
----------------------------------------------------------------------------------------------------
     3.528    PREPROCESSOR     MODEL POSTPROCESSING  [1;32mSUCCESS[0m


  TIME [s]    SERVICE          CONFIGURATION         INFO: PROPERTIES
----------------------------------------------------------------------------------------------------
     3.606    PREPROCESSOR     MODEL PROPERTIES      Determined 128 shared inputs.
     3.606    PREPROCESSOR     MODEL PROPERTIES      	Minimum number of shares: 2
     3.606    PREPROCESSOR     MODEL PROPERTIES      Identified stage(s): 
     3.606    PREPROCESSOR     MODEL PROPERTIES      	logic    : 4
     3.606    PREPROCESSOR     MODEL PROPERTIES      	register : 3
----------------------------------------------------------------------------------------------------
     3.606    PREPROCESSOR     MODEL PROPERTIES      [1;32mSUCCESS[0m


  TIME [s]    SERVICE          CONFIGURATION         INFO: PARTITIONER
----------------------------------------------------------------------------------------------------
     3.765    PARTITIONER      BREADTH+DEPTH         Identified 64 partitions.
----------------------------------------------------------------------------------------------------
     3.765    PARTITIONER      BREADTH+DEPTH         [1;32mSUCCESS[0m


  TIME [s]    SERVICE          CONFIGURATION         INFO: Configure FIA
----------------------------------------------------------------------------------------------------
     3.765    PREPROCESSOR     FIA                   FIA preprocessor is disabled!
----------------------------------------------------------------------------------------------------
     3.765    PREPROCESSOR     FIA                   [1;32mSUCCESS[0m


  TIME [s]    SERVICE          CONFIGURATION         INFO: Configure SCA
----------------------------------------------------------------------------------------------------
     3.766    PREPROCESSOR     SCA                   Determined 1664 probe positions.
     3.766    PREPROCESSOR     SCA                   Determined 0 probe combinations.
----------------------------------------------------------------------------------------------------
     3.766    PREPROCESSOR     SCA                   [1;32mSUCCESS[0m


  TIME [s]    SERVICE          CONFIGURATION         INFO: MODULE ELABORATION
----------------------------------------------------------------------------------------------------
     3.802    PREPROCESSOR     ELABORATE             module  : virtual_module_0
     3.802    PREPROCESSOR     ELABORATE             	inputs  : 20
     3.802    PREPROCESSOR     ELABORATE             	outputs : 40
     3.802    PREPROCESSOR     ELABORATE             	wires   : 55
----------------------------------------------------------------------------------------------------
     3.802    PREPROCESSOR     ELABORATE             [1;32mSUCCESS[0m


  TIME [s]    SERVICE          CONFIGURATION         INFO: MODULE ELABORATION
----------------------------------------------------------------------------------------------------
     3.803    PREPROCESSOR     ELABORATE             module  : virtual_module_1
     3.803    PREPROCESSOR     ELABORATE             	inputs  : 20
     3.803    PREPROCESSOR     ELABORATE             	outputs : 40
     3.803    PREPROCESSOR     ELABORATE             	wires   : 55
----------------------------------------------------------------------------------------------------
     3.803    PREPROCESSOR     ELABORATE             [1;32mSUCCESS[0m


  TIME [s]    SERVICE          CONFIGURATION         INFO: MODULE ELABORATION
----------------------------------------------------------------------------------------------------
     3.803    PREPROCESSOR     ELABORATE             module  : virtual_module_2
     3.803    PREPROCESSOR     ELABORATE             	inputs  : 20
     3.803    PREPROCESSOR     ELABORATE             	outputs : 40
     3.803    PREPROCESSOR     ELABORATE             	wires   : 55
----------------------------------------------------------------------------------------------------
     3.803    PREPROCESSOR     ELABORATE             [1;32mSUCCESS[0m


  TIME [s]    SERVICE          CONFIGURATION         INFO: MODULE ELABORATION
----------------------------------------------------------------------------------------------------
     3.804    PREPROCESSOR     ELABORATE             module  : virtual_module_3
     3.804    PREPROCESSOR     ELABORATE             	inputs  : 20
     3.804    PREPROCESSOR     ELABORATE             	outputs : 40
     3.804    PREPROCESSOR     ELABORATE             	wires   : 55
----------------------------------------------------------------------------------------------------
     3.804    PREPROCESSOR     ELABORATE             [1;32mSUCCESS[0m


  TIME [s]    SERVICE          CONFIGURATION         INFO: MODULE ELABORATION
----------------------------------------------------------------------------------------------------
     3.805    PREPROCESSOR     ELABORATE             module  : virtual_module_4
     3.805    PREPROCESSOR     ELABORATE             	inputs  : 20
     3.805    PREPROCESSOR     ELABORATE             	outputs : 40
     3.805    PREPROCESSOR     ELABORATE             	wires   : 55
----------------------------------------------------------------------------------------------------
     3.805    PREPROCESSOR     ELABORATE             [1;32mSUCCESS[0m


  TIME [s]    SERVICE          CONFIGURATION         INFO: MODULE ELABORATION
----------------------------------------------------------------------------------------------------
     3.805    PREPROCESSOR     ELABORATE             module  : virtual_module_5
     3.805    PREPROCESSOR     ELABORATE             	inputs  : 20
     3.805    PREPROCESSOR     ELABORATE             	outputs : 40
     3.805    PREPROCESSOR     ELABORATE             	wires   : 55
----------------------------------------------------------------------------------------------------
     3.805    PREPROCESSOR     ELABORATE             [1;32mSUCCESS[0m


  TIME [s]    SERVICE          CONFIGURATION         INFO: MODULE ELABORATION
----------------------------------------------------------------------------------------------------
     3.806    PREPROCESSOR     ELABORATE             module  : virtual_module_6
     3.806    PREPROCESSOR     ELABORATE             	inputs  : 20
     3.806    PREPROCESSOR     ELABORATE             	outputs : 40
     3.806    PREPROCESSOR     ELABORATE             	wires   : 55
----------------------------------------------------------------------------------------------------
     3.806    PREPROCESSOR     ELABORATE             [1;32mSUCCESS[0m


  TIME [s]    SERVICE          CONFIGURATION         INFO: MODULE ELABORATION
----------------------------------------------------------------------------------------------------
     3.806    PREPROCESSOR     ELABORATE             module  : virtual_module_7
     3.806    PREPROCESSOR     ELABORATE             	inputs  : 20
     3.806    PREPROCESSOR     ELABORATE             	outputs : 40
     3.806    PREPROCESSOR     ELABORATE             	wires   : 55
----------------------------------------------------------------------------------------------------
     3.806    PREPROCESSOR     ELABORATE             [1;32mSUCCESS[0m


  TIME [s]    SERVICE          CONFIGURATION         INFO: MODULE ELABORATION
----------------------------------------------------------------------------------------------------
     3.807    PREPROCESSOR     ELABORATE             module  : virtual_module_8
     3.807    PREPROCESSOR     ELABORATE             	inputs  : 20
     3.807    PREPROCESSOR     ELABORATE             	outputs : 40
     3.807    PREPROCESSOR     ELABORATE             	wires   : 55
----------------------------------------------------------------------------------------------------
     3.807    PREPROCESSOR     ELABORATE             [1;32mSUCCESS[0m


  TIME [s]    SERVICE          CONFIGURATION         INFO: MODULE ELABORATION
----------------------------------------------------------------------------------------------------
     3.807    PREPROCESSOR     ELABORATE             module  : virtual_module_9
     3.807    PREPROCESSOR     ELABORATE             	inputs  : 20
     3.807    PREPROCESSOR     ELABORATE             	outputs : 40
     3.807    PREPROCESSOR     ELABORATE             	wires   : 55
----------------------------------------------------------------------------------------------------
     3.807    PREPROCESSOR     ELABORATE             [1;32mSUCCESS[0m


  TIME [s]    SERVICE          CONFIGURATION         INFO: MODULE ELABORATION
----------------------------------------------------------------------------------------------------
     3.808    PREPROCESSOR     ELABORATE             module  : virtual_module_10
     3.808    PREPROCESSOR     ELABORATE             	inputs  : 20
     3.808    PREPROCESSOR     ELABORATE             	outputs : 40
     3.808    PREPROCESSOR     ELABORATE             	wires   : 55
----------------------------------------------------------------------------------------------------
     3.808    PREPROCESSOR     ELABORATE             [1;32mSUCCESS[0m


  TIME [s]    SERVICE          CONFIGURATION         INFO: MODULE ELABORATION
----------------------------------------------------------------------------------------------------
     3.808    PREPROCESSOR     ELABORATE             module  : virtual_module_11
     3.808    PREPROCESSOR     ELABORATE             	inputs  : 20
     3.808    PREPROCESSOR     ELABORATE             	outputs : 40
     3.808    PREPROCESSOR     ELABORATE             	wires   : 55
----------------------------------------------------------------------------------------------------
     3.808    PREPROCESSOR     ELABORATE             [1;32mSUCCESS[0m


  TIME [s]    SERVICE          CONFIGURATION         INFO: MODULE ELABORATION
----------------------------------------------------------------------------------------------------
     3.809    PREPROCESSOR     ELABORATE             module  : virtual_module_12
     3.809    PREPROCESSOR     ELABORATE             	inputs  : 20
     3.809    PREPROCESSOR     ELABORATE             	outputs : 40
     3.809    PREPROCESSOR     ELABORATE             	wires   : 55
----------------------------------------------------------------------------------------------------
     3.809    PREPROCESSOR     ELABORATE             [1;32mSUCCESS[0m


  TIME [s]    SERVICE          CONFIGURATION         INFO: MODULE ELABORATION
----------------------------------------------------------------------------------------------------
     3.810    PREPROCESSOR     ELABORATE             module  : virtual_module_13
     3.810    PREPROCESSOR     ELABORATE             	inputs  : 20
     3.810    PREPROCESSOR     ELABORATE             	outputs : 40
     3.810    PREPROCESSOR     ELABORATE             	wires   : 55
----------------------------------------------------------------------------------------------------
     3.810    PREPROCESSOR     ELABORATE             [1;32mSUCCESS[0m


  TIME [s]    SERVICE          CONFIGURATION         INFO: MODULE ELABORATION
----------------------------------------------------------------------------------------------------
     3.810    PREPROCESSOR     ELABORATE             module  : virtual_module_14
     3.810    PREPROCESSOR     ELABORATE             	inputs  : 20
     3.810    PREPROCESSOR     ELABORATE             	outputs : 40
     3.810    PREPROCESSOR     ELABORATE             	wires   : 55
----------------------------------------------------------------------------------------------------
     3.810    PREPROCESSOR     ELABORATE             [1;32mSUCCESS[0m


  TIME [s]    SERVICE          CONFIGURATION         INFO: MODULE ELABORATION
----------------------------------------------------------------------------------------------------
     3.811    PREPROCESSOR     ELABORATE             module  : virtual_module_15
     3.811    PREPROCESSOR     ELABORATE             	inputs  : 20
     3.811    PREPROCESSOR     ELABORATE             	outputs : 40
     3.811    PREPROCESSOR     ELABORATE             	wires   : 55
----------------------------------------------------------------------------------------------------
     3.811    PREPROCESSOR     ELABORATE             [1;32mSUCCESS[0m


  TIME [s]    SERVICE          CONFIGURATION         INFO: RANDOM PROBING
----------------------------------------------------------------------------------------------------
     4.101    ANALYZER         FFT-INDIANA           leakage probability (stage 1) : 
     4.101    ANALYZER         FFT-INDIANA           	max. probes  : 30
     4.101    ANALYZER         FFT-INDIANA           	max. samples : 10
     4.101    ANALYZER         FFT-INDIANA           	virtual_module_0 (min./max.) : 8.026586e-04 / 8.026586e-04
     4.101    ANALYZER         FFT-INDIANA           	virtual_module_1 (min./max.) : 8.026586e-04 / 8.026586e-04
     4.101    ANALYZER         FFT-INDIANA           	virtual_module_2 (min./max.) : 8.026586e-04 / 8.026586e-04
     4.101    ANALYZER         FFT-INDIANA           	virtual_module_3 (min./max.) : 8.026586e-04 / 8.026586e-04
     4.101    ANALYZER         FFT-INDIANA           	virtual_module_4 (min./max.) : 8.026586e-04 / 8.026586e-04
     4.101    ANALYZER         FFT-INDIANA           	virtual_module_5 (min./max.) : 8.026586e-04 / 8.026586e-04
     4.101    ANALYZER         FFT-INDIANA           	virtual_module_6 (min./max.) : 8.026586e-04 / 8.026586e-04
     4.101    ANALYZER         FFT-INDIANA           	virtual_module_7 (min./max.) : 8.026586e-04 / 8.026586e-04
     4.101    ANALYZER         FFT-INDIANA           	virtual_module_8 (min./max.) : 8.026586e-04 / 8.026586e-04
     4.101    ANALYZER         FFT-INDIANA           	virtual_module_9 (min./max.) : 8.026586e-04 / 8.026586e-04
     4.101    ANALYZER         FFT-INDIANA           	virtual_module_10 (min./max.) : 8.026586e-04 / 8.026586e-04
     4.101    ANALYZER         FFT-INDIANA           	virtual_module_11 (min./max.) : 8.026586e-04 / 8.026586e-04
     4.101    ANALYZER         FFT-INDIANA           	virtual_module_12 (min./max.) : 8.026586e-04 / 8.026586e-04
     4.101    ANALYZER         FFT-INDIANA           	virtual_module_13 (min./max.) : 8.026586e-04 / 8.026586e-04
     4.101    ANALYZER         FFT-INDIANA           	virtual_module_14 (min./max.) : 8.026586e-04 / 8.026586e-04
     4.101    ANALYZER         FFT-INDIANA           	virtual_module_15 (min./max.) : 8.026586e-04 / 8.026586e-04
     4.101    ANALYZER         FFT-INDIANA           total (min./max.): 1.276552e-02 / 1.276552e-02

  TIME [s]    SERVICE          CONFIGURATION         INFO: FREQUENCY UPDATE
----------------------------------------------------------------------------------------------------
     4.101    ENVIRONMENT      INDIANA               [1;32mSUCCESS[0m

  TIME [s]    SERVICE          CONFIGURATION         INFO: FREQUENCY TRANSFER
----------------------------------------------------------------------------------------------------
     4.263    ENVIRONMENT      INDIANA               [1;32mSUCCESS[0m

  TIME [s]    SERVICE          CONFIGURATION         INFO: MODULE ELABORATION
----------------------------------------------------------------------------------------------------
     4.276    PREPROCESSOR     ELABORATE             module  : virtual_module_16
     4.276    PREPROCESSOR     ELABORATE             	inputs  : 40
     4.276    PREPROCESSOR     ELABORATE             	outputs : 34
     4.276    PREPROCESSOR     ELABORATE             	wires   : 92
----------------------------------------------------------------------------------------------------
     4.276    PREPROCESSOR     ELABORATE             [1;32mSUCCESS[0m


  TIME [s]    SERVICE          CONFIGURATION         INFO: MODULE ELABORATION
----------------------------------------------------------------------------------------------------
     4.290    PREPROCESSOR     ELABORATE             module  : virtual_module_17
     4.290    PREPROCESSOR     ELABORATE             	inputs  : 40
     4.290    PREPROCESSOR     ELABORATE             	outputs : 34
     4.290    PREPROCESSOR     ELABORATE             	wires   : 92
----------------------------------------------------------------------------------------------------
     4.290    PREPROCESSOR     ELABORATE             [1;32mSUCCESS[0m


  TIME [s]    SERVICE          CONFIGURATION         INFO: MODULE ELABORATION
----------------------------------------------------------------------------------------------------
     4.304    PREPROCESSOR     ELABORATE             module  : virtual_module_18
     4.304    PREPROCESSOR     ELABORATE             	inputs  : 40
     4.304    PREPROCESSOR     ELABORATE             	outputs : 34
     4.304    PREPROCESSOR     ELABORATE             	wires   : 92
----------------------------------------------------------------------------------------------------
     4.304    PREPROCESSOR     ELABORATE             [1;32mSUCCESS[0m


  TIME [s]    SERVICE          CONFIGURATION         INFO: MODULE ELABORATION
----------------------------------------------------------------------------------------------------
     4.318    PREPROCESSOR     ELABORATE             module  : virtual_module_19
     4.318    PREPROCESSOR     ELABORATE             	inputs  : 40
     4.318    PREPROCESSOR     ELABORATE             	outputs : 34
     4.318    PREPROCESSOR     ELABORATE             	wires   : 92
----------------------------------------------------------------------------------------------------
     4.318    PREPROCESSOR     ELABORATE             [1;32mSUCCESS[0m


  TIME [s]    SERVICE          CONFIGURATION         INFO: MODULE ELABORATION
----------------------------------------------------------------------------------------------------
     4.332    PREPROCESSOR     ELABORATE             module  : virtual_module_20
     4.332    PREPROCESSOR     ELABORATE             	inputs  : 40
     4.332    PREPROCESSOR     ELABORATE             	outputs : 34
     4.332    PREPROCESSOR     ELABORATE             	wires   : 92
----------------------------------------------------------------------------------------------------
     4.332    PREPROCESSOR     ELABORATE             [1;32mSUCCESS[0m


  TIME [s]    SERVICE          CONFIGURATION         INFO: MODULE ELABORATION
----------------------------------------------------------------------------------------------------
     4.346    PREPROCESSOR     ELABORATE             module  : virtual_module_21
     4.346    PREPROCESSOR     ELABORATE             	inputs  : 40
     4.346    PREPROCESSOR     ELABORATE             	outputs : 34
     4.346    PREPROCESSOR     ELABORATE             	wires   : 92
----------------------------------------------------------------------------------------------------
     4.346    PREPROCESSOR     ELABORATE             [1;32mSUCCESS[0m


  TIME [s]    SERVICE          CONFIGURATION         INFO: MODULE ELABORATION
----------------------------------------------------------------------------------------------------
     4.360    PREPROCESSOR     ELABORATE             module  : virtual_module_22
     4.360    PREPROCESSOR     ELABORATE             	inputs  : 40
     4.360    PREPROCESSOR     ELABORATE             	outputs : 34
     4.360    PREPROCESSOR     ELABORATE             	wires   : 92
----------------------------------------------------------------------------------------------------
     4.360    PREPROCESSOR     ELABORATE             [1;32mSUCCESS[0m


  TIME [s]    SERVICE          CONFIGURATION         INFO: MODULE ELABORATION
----------------------------------------------------------------------------------------------------
     4.374    PREPROCESSOR     ELABORATE             module  : virtual_module_23
     4.374    PREPROCESSOR     ELABORATE             	inputs  : 40
     4.374    PREPROCESSOR     ELABORATE             	outputs : 34
     4.374    PREPROCESSOR     ELABORATE             	wires   : 92
----------------------------------------------------------------------------------------------------
     4.374    PREPROCESSOR     ELABORATE             [1;32mSUCCESS[0m


  TIME [s]    SERVICE          CONFIGURATION         INFO: MODULE ELABORATION
----------------------------------------------------------------------------------------------------
     4.388    PREPROCESSOR     ELABORATE             module  : virtual_module_24
     4.388    PREPROCESSOR     ELABORATE             	inputs  : 40
     4.388    PREPROCESSOR     ELABORATE             	outputs : 34
     4.388    PREPROCESSOR     ELABORATE             	wires   : 92
----------------------------------------------------------------------------------------------------
     4.388    PREPROCESSOR     ELABORATE             [1;32mSUCCESS[0m


  TIME [s]    SERVICE          CONFIGURATION         INFO: MODULE ELABORATION
----------------------------------------------------------------------------------------------------
     4.402    PREPROCESSOR     ELABORATE             module  : virtual_module_25
     4.402    PREPROCESSOR     ELABORATE             	inputs  : 40
     4.402    PREPROCESSOR     ELABORATE             	outputs : 34
     4.402    PREPROCESSOR     ELABORATE             	wires   : 92
----------------------------------------------------------------------------------------------------
     4.402    PREPROCESSOR     ELABORATE             [1;32mSUCCESS[0m


  TIME [s]    SERVICE          CONFIGURATION         INFO: MODULE ELABORATION
----------------------------------------------------------------------------------------------------
     4.418    PREPROCESSOR     ELABORATE             module  : virtual_module_26
     4.418    PREPROCESSOR     ELABORATE             	inputs  : 40
     4.418    PREPROCESSOR     ELABORATE             	outputs : 34
     4.418    PREPROCESSOR     ELABORATE             	wires   : 92
----------------------------------------------------------------------------------------------------
     4.418    PREPROCESSOR     ELABORATE             [1;32mSUCCESS[0m


  TIME [s]    SERVICE          CONFIGURATION         INFO: MODULE ELABORATION
----------------------------------------------------------------------------------------------------
     4.432    PREPROCESSOR     ELABORATE             module  : virtual_module_27
     4.432    PREPROCESSOR     ELABORATE             	inputs  : 40
     4.432    PREPROCESSOR     ELABORATE             	outputs : 34
     4.432    PREPROCESSOR     ELABORATE             	wires   : 92
----------------------------------------------------------------------------------------------------
     4.432    PREPROCESSOR     ELABORATE             [1;32mSUCCESS[0m


  TIME [s]    SERVICE          CONFIGURATION         INFO: MODULE ELABORATION
----------------------------------------------------------------------------------------------------
     4.446    PREPROCESSOR     ELABORATE             module  : virtual_module_28
     4.446    PREPROCESSOR     ELABORATE             	inputs  : 40
     4.446    PREPROCESSOR     ELABORATE             	outputs : 34
     4.446    PREPROCESSOR     ELABORATE             	wires   : 92
----------------------------------------------------------------------------------------------------
     4.446    PREPROCESSOR     ELABORATE             [1;32mSUCCESS[0m


  TIME [s]    SERVICE          CONFIGURATION         INFO: MODULE ELABORATION
----------------------------------------------------------------------------------------------------
     4.460    PREPROCESSOR     ELABORATE             module  : virtual_module_29
     4.460    PREPROCESSOR     ELABORATE             	inputs  : 40
     4.460    PREPROCESSOR     ELABORATE             	outputs : 34
     4.460    PREPROCESSOR     ELABORATE             	wires   : 92
----------------------------------------------------------------------------------------------------
     4.460    PREPROCESSOR     ELABORATE             [1;32mSUCCESS[0m


  TIME [s]    SERVICE          CONFIGURATION         INFO: MODULE ELABORATION
----------------------------------------------------------------------------------------------------
     4.474    PREPROCESSOR     ELABORATE             module  : virtual_module_30
     4.474    PREPROCESSOR     ELABORATE             	inputs  : 40
     4.474    PREPROCESSOR     ELABORATE             	outputs : 34
     4.474    PREPROCESSOR     ELABORATE             	wires   : 92
----------------------------------------------------------------------------------------------------
     4.474    PREPROCESSOR     ELABORATE             [1;32mSUCCESS[0m


  TIME [s]    SERVICE          CONFIGURATION         INFO: MODULE ELABORATION
----------------------------------------------------------------------------------------------------
     4.488    PREPROCESSOR     ELABORATE             module  : virtual_module_31
     4.488    PREPROCESSOR     ELABORATE             	inputs  : 40
     4.488    PREPROCESSOR     ELABORATE             	outputs : 34
     4.488    PREPROCESSOR     ELABORATE             	wires   : 92
----------------------------------------------------------------------------------------------------
     4.488    PREPROCESSOR     ELABORATE             [1;32mSUCCESS[0m


  TIME [s]    SERVICE          CONFIGURATION         INFO: RANDOM PROBING
----------------------------------------------------------------------------------------------------
     5.442    ANALYZER         FFT-INDIANA           leakage probability (stage 2) : 
     5.442    ANALYZER         FFT-INDIANA           	max. probes  : 30
     5.442    ANALYZER         FFT-INDIANA           	max. samples : 10
     5.442    ANALYZER         FFT-INDIANA           	virtual_module_16 (min./max.) : 1.013724e-03 / 1.154044e-02
     5.442    ANALYZER         FFT-INDIANA           	virtual_module_17 (min./max.) : 1.117311e-03 / 9.651608e-03
     5.442    ANALYZER         FFT-INDIANA           	virtual_module_18 (min./max.) : 1.212529e-03 / 1.198628e-02
     5.442    ANALYZER         FFT-INDIANA           	virtual_module_19 (min./max.) : 1.013864e-03 / 1.176933e-02
     5.442    ANALYZER         FFT-INDIANA           	virtual_module_20 (min./max.) : 1.213405e-03 / 1.179119e-02
     5.442    ANALYZER         FFT-INDIANA           	virtual_module_21 (min./max.) : 1.116519e-03 / 1.166436e-02
     5.442    ANALYZER         FFT-INDIANA           	virtual_module_22 (min./max.) : 1.008132e-03 / 1.113473e-02
     5.442    ANALYZER         FFT-INDIANA           	virtual_module_23 (min./max.) : 1.111747e-03 / 1.006464e-02
     5.442    ANALYZER         FFT-INDIANA           	virtual_module_24 (min./max.) : 1.212474e-03 / 1.110190e-02
     5.443    ANALYZER         FFT-INDIANA           	virtual_module_25 (min./max.) : 1.110674e-03 / 1.167287e-02
     5.443    ANALYZER         FFT-INDIANA           	virtual_module_26 (min./max.) : 1.113583e-03 / 1.319342e-02
     5.443    ANALYZER         FFT-INDIANA           	virtual_module_27 (min./max.) : 1.210638e-03 / 1.217891e-02
     5.443    ANALYZER         FFT-INDIANA           	virtual_module_28 (min./max.) : 1.110882e-03 / 1.072004e-02
     5.443    ANALYZER         FFT-INDIANA           	virtual_module_29 (min./max.) : 1.211542e-03 / 1.133928e-02
     5.443    ANALYZER         FFT-INDIANA           	virtual_module_30 (min./max.) : 1.107946e-03 / 1.114561e-02
     5.443    ANALYZER         FFT-INDIANA           	virtual_module_31 (min./max.) : 1.213320e-03 / 1.226101e-02
     5.443    ANALYZER         FFT-INDIANA           total (min./max.): 1.794560e-02 / 1.682956e-01

  TIME [s]    SERVICE          CONFIGURATION         INFO: FREQUENCY UPDATE
----------------------------------------------------------------------------------------------------
     5.443    ENVIRONMENT      INDIANA               [1;32mSUCCESS[0m

  TIME [s]    SERVICE          CONFIGURATION         INFO: FREQUENCY TRANSFER
----------------------------------------------------------------------------------------------------
     5.624    ENVIRONMENT      INDIANA               [1;32mSUCCESS[0m

  TIME [s]    SERVICE          CONFIGURATION         INFO: MODULE ELABORATION
----------------------------------------------------------------------------------------------------
     5.642    PREPROCESSOR     ELABORATE             module  : virtual_module_32
     5.642    PREPROCESSOR     ELABORATE             	inputs  : 34
     5.642    PREPROCESSOR     ELABORATE             	outputs : 22
     5.642    PREPROCESSOR     ELABORATE             	wires   : 104
----------------------------------------------------------------------------------------------------
     5.642    PREPROCESSOR     ELABORATE             [1;32mSUCCESS[0m


  TIME [s]    SERVICE          CONFIGURATION         INFO: MODULE ELABORATION
----------------------------------------------------------------------------------------------------
     5.659    PREPROCESSOR     ELABORATE             module  : virtual_module_33
     5.659    PREPROCESSOR     ELABORATE             	inputs  : 34
     5.659    PREPROCESSOR     ELABORATE             	outputs : 22
     5.659    PREPROCESSOR     ELABORATE             	wires   : 104
----------------------------------------------------------------------------------------------------
     5.659    PREPROCESSOR     ELABORATE             [1;32mSUCCESS[0m


  TIME [s]    SERVICE          CONFIGURATION         INFO: MODULE ELABORATION
----------------------------------------------------------------------------------------------------
     5.676    PREPROCESSOR     ELABORATE             module  : virtual_module_34
     5.676    PREPROCESSOR     ELABORATE             	inputs  : 34
     5.676    PREPROCESSOR     ELABORATE             	outputs : 22
     5.676    PREPROCESSOR     ELABORATE             	wires   : 104
----------------------------------------------------------------------------------------------------
     5.676    PREPROCESSOR     ELABORATE             [1;32mSUCCESS[0m


  TIME [s]    SERVICE          CONFIGURATION         INFO: MODULE ELABORATION
----------------------------------------------------------------------------------------------------
     5.694    PREPROCESSOR     ELABORATE             module  : virtual_module_35
     5.694    PREPROCESSOR     ELABORATE             	inputs  : 34
     5.694    PREPROCESSOR     ELABORATE             	outputs : 22
     5.694    PREPROCESSOR     ELABORATE             	wires   : 104
----------------------------------------------------------------------------------------------------
     5.694    PREPROCESSOR     ELABORATE             [1;32mSUCCESS[0m


  TIME [s]    SERVICE          CONFIGURATION         INFO: MODULE ELABORATION
----------------------------------------------------------------------------------------------------
     5.711    PREPROCESSOR     ELABORATE             module  : virtual_module_36
     5.711    PREPROCESSOR     ELABORATE             	inputs  : 34
     5.711    PREPROCESSOR     ELABORATE             	outputs : 22
     5.711    PREPROCESSOR     ELABORATE             	wires   : 104
----------------------------------------------------------------------------------------------------
     5.711    PREPROCESSOR     ELABORATE             [1;32mSUCCESS[0m


  TIME [s]    SERVICE          CONFIGURATION         INFO: MODULE ELABORATION
----------------------------------------------------------------------------------------------------
     5.729    PREPROCESSOR     ELABORATE             module  : virtual_module_37
     5.729    PREPROCESSOR     ELABORATE             	inputs  : 34
     5.729    PREPROCESSOR     ELABORATE             	outputs : 22
     5.729    PREPROCESSOR     ELABORATE             	wires   : 104
----------------------------------------------------------------------------------------------------
     5.729    PREPROCESSOR     ELABORATE             [1;32mSUCCESS[0m


  TIME [s]    SERVICE          CONFIGURATION         INFO: MODULE ELABORATION
----------------------------------------------------------------------------------------------------
     5.746    PREPROCESSOR     ELABORATE             module  : virtual_module_38
     5.746    PREPROCESSOR     ELABORATE             	inputs  : 34
     5.746    PREPROCESSOR     ELABORATE             	outputs : 22
     5.746    PREPROCESSOR     ELABORATE             	wires   : 104
----------------------------------------------------------------------------------------------------
     5.746    PREPROCESSOR     ELABORATE             [1;32mSUCCESS[0m


  TIME [s]    SERVICE          CONFIGURATION         INFO: MODULE ELABORATION
----------------------------------------------------------------------------------------------------
     5.763    PREPROCESSOR     ELABORATE             module  : virtual_module_39
     5.763    PREPROCESSOR     ELABORATE             	inputs  : 34
     5.763    PREPROCESSOR     ELABORATE             	outputs : 22
     5.763    PREPROCESSOR     ELABORATE             	wires   : 104
----------------------------------------------------------------------------------------------------
     5.763    PREPROCESSOR     ELABORATE             [1;32mSUCCESS[0m


  TIME [s]    SERVICE          CONFIGURATION         INFO: MODULE ELABORATION
----------------------------------------------------------------------------------------------------
     5.780    PREPROCESSOR     ELABORATE             module  : virtual_module_40
     5.780    PREPROCESSOR     ELABORATE             	inputs  : 34
     5.780    PREPROCESSOR     ELABORATE             	outputs : 22
     5.780    PREPROCESSOR     ELABORATE             	wires   : 104
----------------------------------------------------------------------------------------------------
     5.780    PREPROCESSOR     ELABORATE             [1;32mSUCCESS[0m


  TIME [s]    SERVICE          CONFIGURATION         INFO: MODULE ELABORATION
----------------------------------------------------------------------------------------------------
     5.797    PREPROCESSOR     ELABORATE             module  : virtual_module_41
     5.797    PREPROCESSOR     ELABORATE             	inputs  : 34
     5.797    PREPROCESSOR     ELABORATE             	outputs : 22
     5.797    PREPROCESSOR     ELABORATE             	wires   : 104
----------------------------------------------------------------------------------------------------
     5.797    PREPROCESSOR     ELABORATE             [1;32mSUCCESS[0m


  TIME [s]    SERVICE          CONFIGURATION         INFO: MODULE ELABORATION
----------------------------------------------------------------------------------------------------
     5.817    PREPROCESSOR     ELABORATE             module  : virtual_module_42
     5.817    PREPROCESSOR     ELABORATE             	inputs  : 34
     5.817    PREPROCESSOR     ELABORATE             	outputs : 22
     5.817    PREPROCESSOR     ELABORATE             	wires   : 104
----------------------------------------------------------------------------------------------------
     5.817    PREPROCESSOR     ELABORATE             [1;32mSUCCESS[0m


  TIME [s]    SERVICE          CONFIGURATION         INFO: MODULE ELABORATION
----------------------------------------------------------------------------------------------------
     5.835    PREPROCESSOR     ELABORATE             module  : virtual_module_43
     5.835    PREPROCESSOR     ELABORATE             	inputs  : 34
     5.835    PREPROCESSOR     ELABORATE             	outputs : 22
     5.835    PREPROCESSOR     ELABORATE             	wires   : 104
----------------------------------------------------------------------------------------------------
     5.835    PREPROCESSOR     ELABORATE             [1;32mSUCCESS[0m


  TIME [s]    SERVICE          CONFIGURATION         INFO: MODULE ELABORATION
----------------------------------------------------------------------------------------------------
     5.853    PREPROCESSOR     ELABORATE             module  : virtual_module_44
     5.853    PREPROCESSOR     ELABORATE             	inputs  : 34
     5.853    PREPROCESSOR     ELABORATE             	outputs : 22
     5.853    PREPROCESSOR     ELABORATE             	wires   : 104
----------------------------------------------------------------------------------------------------
     5.853    PREPROCESSOR     ELABORATE             [1;32mSUCCESS[0m


  TIME [s]    SERVICE          CONFIGURATION         INFO: MODULE ELABORATION
----------------------------------------------------------------------------------------------------
     5.871    PREPROCESSOR     ELABORATE             module  : virtual_module_45
     5.871    PREPROCESSOR     ELABORATE             	inputs  : 34
     5.871    PREPROCESSOR     ELABORATE             	outputs : 22
     5.871    PREPROCESSOR     ELABORATE             	wires   : 104
----------------------------------------------------------------------------------------------------
     5.871    PREPROCESSOR     ELABORATE             [1;32mSUCCESS[0m


  TIME [s]    SERVICE          CONFIGURATION         INFO: MODULE ELABORATION
----------------------------------------------------------------------------------------------------
     5.888    PREPROCESSOR     ELABORATE             module  : virtual_module_46
     5.888    PREPROCESSOR     ELABORATE             	inputs  : 34
     5.888    PREPROCESSOR     ELABORATE             	outputs : 22
     5.888    PREPROCESSOR     ELABORATE             	wires   : 104
----------------------------------------------------------------------------------------------------
     5.888    PREPROCESSOR     ELABORATE             [1;32mSUCCESS[0m


  TIME [s]    SERVICE          CONFIGURATION         INFO: MODULE ELABORATION
----------------------------------------------------------------------------------------------------
     5.905    PREPROCESSOR     ELABORATE             module  : virtual_module_47
     5.905    PREPROCESSOR     ELABORATE             	inputs  : 34
     5.905    PREPROCESSOR     ELABORATE             	outputs : 22
     5.905    PREPROCESSOR     ELABORATE             	wires   : 104
----------------------------------------------------------------------------------------------------
     5.905    PREPROCESSOR     ELABORATE             [1;32mSUCCESS[0m


  TIME [s]    SERVICE          CONFIGURATION         INFO: RANDOM PROBING
----------------------------------------------------------------------------------------------------
    17.574    ANALYZER         FFT-INDIANA           leakage probability (stage 3) : 
    17.574    ANALYZER         FFT-INDIANA           	max. probes  : 30
    17.574    ANALYZER         FFT-INDIANA           	max. samples : 10
    17.574    ANALYZER         FFT-INDIANA           	virtual_module_32 (min./max.) : 3.471169e-03 / 7.707370e-02
    17.574    ANALYZER         FFT-INDIANA           	virtual_module_33 (min./max.) : 3.868574e-03 / 7.424546e-02
    17.575    ANALYZER         FFT-INDIANA           	virtual_module_34 (min./max.) : 4.129522e-03 / 7.755153e-02
    17.575    ANALYZER         FFT-INDIANA           	virtual_module_35 (min./max.) : 4.433856e-03 / 7.135292e-02
    17.575    ANALYZER         FFT-INDIANA           	virtual_module_36 (min./max.) : 4.191740e-03 / 8.470115e-02
    17.575    ANALYZER         FFT-INDIANA           	virtual_module_37 (min./max.) : 3.449592e-03 / 7.347229e-02
    17.575    ANALYZER         FFT-INDIANA           	virtual_module_38 (min./max.) : 3.636511e-03 / 7.528130e-02
    17.575    ANALYZER         FFT-INDIANA           	virtual_module_39 (min./max.) : 3.148236e-03 / 6.881445e-02
    17.575    ANALYZER         FFT-INDIANA           	virtual_module_40 (min./max.) : 3.980999e-03 / 7.232459e-02
    17.575    ANALYZER         FFT-INDIANA           	virtual_module_41 (min./max.) : 3.672269e-03 / 7.358260e-02
    17.575    ANALYZER         FFT-INDIANA           	virtual_module_42 (min./max.) : 3.563067e-03 / 8.695476e-02
    17.575    ANALYZER         FFT-INDIANA           	virtual_module_43 (min./max.) : 4.250009e-03 / 7.232082e-02
    17.575    ANALYZER         FFT-INDIANA           	virtual_module_44 (min./max.) : 3.908042e-03 / 7.815176e-02
    17.575    ANALYZER         FFT-INDIANA           	virtual_module_45 (min./max.) : 3.632268e-03 / 7.613295e-02
    17.575    ANALYZER         FFT-INDIANA           	virtual_module_46 (min./max.) : 3.624925e-03 / 7.814004e-02
    17.575    ANALYZER         FFT-INDIANA           	virtual_module_47 (min./max.) : 3.455061e-03 / 7.372257e-02
    17.575    ANALYZER         FFT-INDIANA           total (min./max.): 5.873552e-02 / 7.170624e-01

  TIME [s]    SERVICE          CONFIGURATION         INFO: FREQUENCY UPDATE
----------------------------------------------------------------------------------------------------
    17.575    ENVIRONMENT      INDIANA               [1;32mSUCCESS[0m

  TIME [s]    SERVICE          CONFIGURATION         INFO: FREQUENCY TRANSFER
----------------------------------------------------------------------------------------------------
    17.683    ENVIRONMENT      INDIANA               [1;32mSUCCESS[0m

  TIME [s]    SERVICE          CONFIGURATION         INFO: MODULE ELABORATION
----------------------------------------------------------------------------------------------------
    17.695    PREPROCESSOR     ELABORATE             module  : virtual_module_48
    17.695    PREPROCESSOR     ELABORATE             	inputs  : 22
    17.695    PREPROCESSOR     ELABORATE             	outputs : 8
    17.695    PREPROCESSOR     ELABORATE             	wires   : 60
----------------------------------------------------------------------------------------------------
    17.695    PREPROCESSOR     ELABORATE             [1;32mSUCCESS[0m


  TIME [s]    SERVICE          CONFIGURATION         INFO: MODULE ELABORATION
----------------------------------------------------------------------------------------------------
    17.707    PREPROCESSOR     ELABORATE             module  : virtual_module_49
    17.707    PREPROCESSOR     ELABORATE             	inputs  : 22
    17.707    PREPROCESSOR     ELABORATE             	outputs : 8
    17.707    PREPROCESSOR     ELABORATE             	wires   : 60
----------------------------------------------------------------------------------------------------
    17.707    PREPROCESSOR     ELABORATE             [1;32mSUCCESS[0m


  TIME [s]    SERVICE          CONFIGURATION         INFO: MODULE ELABORATION
----------------------------------------------------------------------------------------------------
    17.719    PREPROCESSOR     ELABORATE             module  : virtual_module_50
    17.719    PREPROCESSOR     ELABORATE             	inputs  : 22
    17.719    PREPROCESSOR     ELABORATE             	outputs : 8
    17.719    PREPROCESSOR     ELABORATE             	wires   : 60
----------------------------------------------------------------------------------------------------
    17.719    PREPROCESSOR     ELABORATE             [1;32mSUCCESS[0m


  TIME [s]    SERVICE          CONFIGURATION         INFO: MODULE ELABORATION
----------------------------------------------------------------------------------------------------
    17.731    PREPROCESSOR     ELABORATE             module  : virtual_module_51
    17.731    PREPROCESSOR     ELABORATE             	inputs  : 22
    17.731    PREPROCESSOR     ELABORATE             	outputs : 8
    17.731    PREPROCESSOR     ELABORATE             	wires   : 60
----------------------------------------------------------------------------------------------------
    17.731    PREPROCESSOR     ELABORATE             [1;32mSUCCESS[0m


  TIME [s]    SERVICE          CONFIGURATION         INFO: MODULE ELABORATION
----------------------------------------------------------------------------------------------------
    17.743    PREPROCESSOR     ELABORATE             module  : virtual_module_52
    17.743    PREPROCESSOR     ELABORATE             	inputs  : 22
    17.743    PREPROCESSOR     ELABORATE             	outputs : 8
    17.743    PREPROCESSOR     ELABORATE             	wires   : 60
----------------------------------------------------------------------------------------------------
    17.743    PREPROCESSOR     ELABORATE             [1;32mSUCCESS[0m


  TIME [s]    SERVICE          CONFIGURATION         INFO: MODULE ELABORATION
----------------------------------------------------------------------------------------------------
    17.754    PREPROCESSOR     ELABORATE             module  : virtual_module_53
    17.754    PREPROCESSOR     ELABORATE             	inputs  : 22
    17.754    PREPROCESSOR     ELABORATE             	outputs : 8
    17.754    PREPROCESSOR     ELABORATE             	wires   : 60
----------------------------------------------------------------------------------------------------
    17.754    PREPROCESSOR     ELABORATE             [1;32mSUCCESS[0m


  TIME [s]    SERVICE          CONFIGURATION         INFO: MODULE ELABORATION
----------------------------------------------------------------------------------------------------
    17.766    PREPROCESSOR     ELABORATE             module  : virtual_module_54
    17.766    PREPROCESSOR     ELABORATE             	inputs  : 22
    17.766    PREPROCESSOR     ELABORATE             	outputs : 8
    17.766    PREPROCESSOR     ELABORATE             	wires   : 60
----------------------------------------------------------------------------------------------------
    17.766    PREPROCESSOR     ELABORATE             [1;32mSUCCESS[0m


  TIME [s]    SERVICE          CONFIGURATION         INFO: MODULE ELABORATION
----------------------------------------------------------------------------------------------------
    17.779    PREPROCESSOR     ELABORATE             module  : virtual_module_55
    17.779    PREPROCESSOR     ELABORATE             	inputs  : 22
    17.779    PREPROCESSOR     ELABORATE             	outputs : 8
    17.779    PREPROCESSOR     ELABORATE             	wires   : 60
----------------------------------------------------------------------------------------------------
    17.779    PREPROCESSOR     ELABORATE             [1;32mSUCCESS[0m


  TIME [s]    SERVICE          CONFIGURATION         INFO: MODULE ELABORATION
----------------------------------------------------------------------------------------------------
    17.790    PREPROCESSOR     ELABORATE             module  : virtual_module_56
    17.790    PREPROCESSOR     ELABORATE             	inputs  : 22
    17.790    PREPROCESSOR     ELABORATE             	outputs : 8
    17.790    PREPROCESSOR     ELABORATE             	wires   : 60
----------------------------------------------------------------------------------------------------
    17.790    PREPROCESSOR     ELABORATE             [1;32mSUCCESS[0m


  TIME [s]    SERVICE          CONFIGURATION         INFO: MODULE ELABORATION
----------------------------------------------------------------------------------------------------
    17.803    PREPROCESSOR     ELABORATE             module  : virtual_module_57
    17.803    PREPROCESSOR     ELABORATE             	inputs  : 22
    17.803    PREPROCESSOR     ELABORATE             	outputs : 8
    17.803    PREPROCESSOR     ELABORATE             	wires   : 60
----------------------------------------------------------------------------------------------------
    17.803    PREPROCESSOR     ELABORATE             [1;32mSUCCESS[0m


  TIME [s]    SERVICE          CONFIGURATION         INFO: MODULE ELABORATION
----------------------------------------------------------------------------------------------------
    17.815    PREPROCESSOR     ELABORATE             module  : virtual_module_58
    17.815    PREPROCESSOR     ELABORATE             	inputs  : 22
    17.815    PREPROCESSOR     ELABORATE             	outputs : 8
    17.815    PREPROCESSOR     ELABORATE             	wires   : 60
----------------------------------------------------------------------------------------------------
    17.815    PREPROCESSOR     ELABORATE             [1;32mSUCCESS[0m


  TIME [s]    SERVICE          CONFIGURATION         INFO: MODULE ELABORATION
----------------------------------------------------------------------------------------------------
    17.827    PREPROCESSOR     ELABORATE             module  : virtual_module_59
    17.827    PREPROCESSOR     ELABORATE             	inputs  : 22
    17.827    PREPROCESSOR     ELABORATE             	outputs : 8
    17.827    PREPROCESSOR     ELABORATE             	wires   : 60
----------------------------------------------------------------------------------------------------
    17.827    PREPROCESSOR     ELABORATE             [1;32mSUCCESS[0m


  TIME [s]    SERVICE          CONFIGURATION         INFO: MODULE ELABORATION
----------------------------------------------------------------------------------------------------
    17.839    PREPROCESSOR     ELABORATE             module  : virtual_module_60
    17.839    PREPROCESSOR     ELABORATE             	inputs  : 22
    17.839    PREPROCESSOR     ELABORATE             	outputs : 8
    17.839    PREPROCESSOR     ELABORATE             	wires   : 60
----------------------------------------------------------------------------------------------------
    17.839    PREPROCESSOR     ELABORATE             [1;32mSUCCESS[0m


  TIME [s]    SERVICE          CONFIGURATION         INFO: MODULE ELABORATION
----------------------------------------------------------------------------------------------------
    17.851    PREPROCESSOR     ELABORATE             module  : virtual_module_61
    17.851    PREPROCESSOR     ELABORATE             	inputs  : 22
    17.851    PREPROCESSOR     ELABORATE             	outputs : 8
    17.851    PREPROCESSOR     ELABORATE             	wires   : 60
----------------------------------------------------------------------------------------------------
    17.851    PREPROCESSOR     ELABORATE             [1;32mSUCCESS[0m


  TIME [s]    SERVICE          CONFIGURATION         INFO: MODULE ELABORATION
----------------------------------------------------------------------------------------------------
    17.863    PREPROCESSOR     ELABORATE             module  : virtual_module_62
    17.863    PREPROCESSOR     ELABORATE             	inputs  : 22
    17.863    PREPROCESSOR     ELABORATE             	outputs : 8
    17.863    PREPROCESSOR     ELABORATE             	wires   : 60
----------------------------------------------------------------------------------------------------
    17.864    PREPROCESSOR     ELABORATE             [1;32mSUCCESS[0m


  TIME [s]    SERVICE          CONFIGURATION         INFO: MODULE ELABORATION
----------------------------------------------------------------------------------------------------
    17.875    PREPROCESSOR     ELABORATE             module  : virtual_module_63
    17.875    PREPROCESSOR     ELABORATE             	inputs  : 22
    17.875    PREPROCESSOR     ELABORATE             	outputs : 8
    17.875    PREPROCESSOR     ELABORATE             	wires   : 60
----------------------------------------------------------------------------------------------------
    17.875    PREPROCESSOR     ELABORATE             [1;32mSUCCESS[0m


  TIME [s]    SERVICE          CONFIGURATION         INFO: RANDOM PROBING
----------------------------------------------------------------------------------------------------
    20.376    ANALYZER         FFT-INDIANA           leakage probability (stage 4) : 
    20.376    ANALYZER         FFT-INDIANA           	max. probes  : 30
    20.376    ANALYZER         FFT-INDIANA           	max. samples : 10
    20.376    ANALYZER         FFT-INDIANA           	virtual_module_48 (min./max.) : 4.053162e-03 / 7.860054e-03
    20.376    ANALYZER         FFT-INDIANA           	virtual_module_49 (min./max.) : 4.053196e-03 / 7.495935e-03
    20.376    ANALYZER         FFT-INDIANA           	virtual_module_50 (min./max.) : 4.053918e-03 / 7.316463e-03
    20.376    ANALYZER         FFT-INDIANA           	virtual_module_51 (min./max.) : 4.047707e-03 / 7.743402e-03
    20.376    ANALYZER         FFT-INDIANA           	virtual_module_52 (min./max.) : 3.855184e-03 / 9.067868e-03
    20.376    ANALYZER         FFT-INDIANA           	virtual_module_53 (min./max.) : 4.055130e-03 / 6.573483e-03
    20.376    ANALYZER         FFT-INDIANA           	virtual_module_54 (min./max.) : 3.863356e-03 / 8.428440e-03
    20.376    ANALYZER         FFT-INDIANA           	virtual_module_55 (min./max.) : 4.053219e-03 / 6.669548e-03
    20.376    ANALYZER         FFT-INDIANA           	virtual_module_56 (min./max.) : 3.672120e-03 / 9.172388e-03
    20.376    ANALYZER         FFT-INDIANA           	virtual_module_57 (min./max.) : 3.951818e-03 / 7.243271e-03
    20.376    ANALYZER         FFT-INDIANA           	virtual_module_58 (min./max.) : 3.856657e-03 / 1.051138e-02
    20.376    ANALYZER         FFT-INDIANA           	virtual_module_59 (min./max.) : 4.051141e-03 / 9.213896e-03
    20.376    ANALYZER         FFT-INDIANA           	virtual_module_60 (min./max.) : 3.867974e-03 / 7.376945e-03
    20.376    ANALYZER         FFT-INDIANA           	virtual_module_61 (min./max.) : 3.858102e-03 / 8.059631e-03
    20.376    ANALYZER         FFT-INDIANA           	virtual_module_62 (min./max.) : 3.963184e-03 / 6.767975e-03
    20.376    ANALYZER         FFT-INDIANA           	virtual_module_63 (min./max.) : 4.055913e-03 / 7.687471e-03
    20.376    ANALYZER         FFT-INDIANA           total (min./max.): 6.146720e-02 / 1.198873e-01

  TIME [s]    SERVICE          CONFIGURATION         INFO: FREQUENCY UPDATE
----------------------------------------------------------------------------------------------------
    20.376    ENVIRONMENT      INDIANA               [1;32mSUCCESS[0m

  TIME [s]    SERVICE          CONFIGURATION         INFO
----------------------------------------------------------------------------------------------------
    20.378    VERICA           SCA                   DONE!
