----------------------------------------------------------------------------------------------------
                              INDIANA -- INDISTINGUISHABILITY ANALYSIS                              

                              INDIANA -- INDISTINGUISHABILITY ANALYSIS                              

                                      Ruhr-Universität Bochum                                      
                              Pascal Sasdrich (pascal.sasdrich@rub.de)                              
                        Jan Richter-Brockmann (jan.richter-brockmann@rub.de)                        

                                         Copyright (c) 2025                                         
                                           Pascal Sasdrich                                          
                                        Jan Richter-Brockmann                                       

                                         All rights reserved                                       
----------------------------------------------------------------------------------------------------


  TIME [s]    SERVICE          CONFIGURATION         INFO: CELL LIBRARY
----------------------------------------------------------------------------------------------------
     0.000    PARSER           CELLLIB               source: cell/nang45.txt
     0.001    PARSER           CELLLIB               Parsed cell library with 14 gate type(s). 
----------------------------------------------------------------------------------------------------
     0.001    PARSER           CELLLIB               [1;32mSUCCESS[0m


  TIME [s]    SERVICE          CONFIGURATION         INFO: DESIGN UNDER TEST
----------------------------------------------------------------------------------------------------
     3.507    PARSER           VERILOG               source: ./test/indistinguishability/case-studies-paper/present/present-single-round-hpc2-d1.v
     3.507    PARSER           VERILOG               	module(s) : 1
     3.507    PARSER           VERILOG               	gate(s)   : 3088
     3.507    PARSER           VERILOG               	 - comb.  : 1552
     3.507    PARSER           VERILOG               	 - seq.   : 1536
     3.507    PARSER           VERILOG               	wire(s)   : 3441
     3.507    PARSER           VERILOG               	pin(s)    : 11139
     3.507    PARSER           VERILOG               WARNING: detected 1506 unconnected pins!
----------------------------------------------------------------------------------------------------
     3.507    PARSER           VERILOG               [1;32mSUCCESS[0m


  TIME [s]    SERVICE          CONFIGURATION         INFO: ANNOTATIONS
----------------------------------------------------------------------------------------------------
     3.510    PREPROCESSOR     ANNOTATION            1 input wire was tagged as clock input.
     3.510    PREPROCESSOR     ANNOTATION            0 input wires were tagged as control inputs.
     3.510    PREPROCESSOR     ANNOTATION            64 input wires were tagged as refresh inputs.
     3.510    PREPROCESSOR     ANNOTATION            0 output wires were tagged as error flags.
     3.510    PREPROCESSOR     ANNOTATION            0 input wires were tagged with PIIDs.
     3.510    PREPROCESSOR     ANNOTATION            384 wires were tagged with a share domain.
     3.510    PREPROCESSOR     ANNOTATION            384 wires were tagged with a share index.
     3.510    PREPROCESSOR     ANNOTATION            0 wires were tagged with a fault domain.
----------------------------------------------------------------------------------------------------
     3.510    PREPROCESSOR     ANNOTATION            [1;32mSUCCESS[0m


  TIME [s]    SERVICE          CONFIGURATION         INFO: FILTERING
----------------------------------------------------------------------------------------------------
     3.512    PREPROCESSOR     FILTERING             Filtering for side-channel verification is disabled!
     3.512    PREPROCESSOR     FILTERING             Filtering for fault-injection verification is disabled!
----------------------------------------------------------------------------------------------------
     3.512    PREPROCESSOR     FILTERING             [1;32mSUCCESS[0m


  TIME [s]    SERVICE          CONFIGURATION         INFO
----------------------------------------------------------------------------------------------------
     3.512    PREPROCESSOR     MULTI-THREADING       cores: 16
     3.512    PREPROCESSOR     MULTI-THREADING       memory: 0 GB
     3.512    PREPROCESSOR     MULTI-THREADING       reordering: disabled
----------------------------------------------------------------------------------------------------
     3.512    PREPROCESSOR     MULTI-THREADING       [1;32mSUCCESS[0m


  TIME [s]    SERVICE          CONFIGURATION         INFO: MODEL POSTPROCESSING
----------------------------------------------------------------------------------------------------
     3.528    PREPROCESSOR     MODEL POSTPROCESSING  Removed clock tree from netlist (1 wire was removed).
     3.528    PREPROCESSOR     MODEL POSTPROCESSING  No control signals were found.
     3.528    PREPROCESSOR     MODEL POSTPROCESSING  Removed 1506 unconnected pins.
     3.528    PREPROCESSOR     MODEL POSTPROCESSING  Removed 0 unconnected wires.
----------------------------------------------------------------------------------------------------
     3.528    PREPROCESSOR     MODEL POSTPROCESSING  [1;32mSUCCESS[0m


  TIME [s]    SERVICE          CONFIGURATION         INFO: PROPERTIES
----------------------------------------------------------------------------------------------------
     3.606    PREPROCESSOR     MODEL PROPERTIES      Determined 128 shared inputs.
     3.606    PREPROCESSOR     MODEL PROPERTIES      	Minimum number of shares: 2
     3.606    PREPROCESSOR     MODEL PROPERTIES      Identified stage(s): 
     3.606    PREPROCESSOR     MODEL PROPERTIES      	logic    : 4
     3.606    PREPROCESSOR     MODEL PROPERTIES      	register : 3
----------------------------------------------------------------------------------------------------
     3.606    PREPROCESSOR     MODEL PROPERTIES      [1;32mSUCCESS[0m


  TIME [s]    SERVICE          CONFIGURATION         INFO: PARTITIONER
----------------------------------------------------------------------------------------------------
     3.765    PARTITIONER      BREADTH+DEPTH         Identified 64 partitions.
----------------------------------------------------------------------------------------------------
     3.765    PARTITIONER      BREADTH+DEPTH         [1;32mSUCCESS[0m


  TIME [s]    SERVICE          CONFIGURATION         INFO: Configure FIA
----------------------------------------------------------------------------------------------------
     3.765    PREPROCESSOR     FIA                   FIA preprocessor is disabled!
----------------------------------------------------------------------------------------------------
     3.765    PREPROCESSOR     FIA                   [1;32mSUCCESS[0m


  TIME [s]    SERVICE          CONFIGURATION         INFO: Configure SCA
----------------------------------------------------------------------------------------------------
     3.766    PREPROCESSOR     SCA                   Determined 1664 probe positions.
     3.766    PREPROCESSOR     SCA                   Determined 0 probe combinations.
----------------------------------------------------------------------------------------------------
     3.766    PREPROCESSOR     SCA                   [1;32mSUCCESS[0m


  TIME [s]    SERVICE          CONFIGURATION         INFO: MODULE ELABORATION
----------------------------------------------------------------------------------------------------
     3.802    PREPROCESSOR     ELABORATE             module  : virtual_module_0
     3.802    PREPROCESSOR     ELABORATE             	inputs  : 20
     3.802    PREPROCESSOR     ELABORATE             	outputs : 40
     3.802    PREPROCESSOR     ELABORATE             	wires   : 55
----------------------------------------------------------------------------------------------------
     3.802    PREPROCESSOR     ELABORATE             [1;32mSUCCESS[0m


  TIME [s]    SERVICE          CONFIGURATION         INFO: MODULE ELABORATION
----------------------------------------------------------------------------------------------------
     3.803    PREPROCESSOR     ELABORATE             module  : virtual_module_1
     3.803    PREPROCESSOR     ELABORATE             	inputs  : 20
     3.803    PREPROCESSOR     ELABORATE             	outputs : 40
     3.803    PREPROCESSOR     ELABORATE             	wires   : 55
----------------------------------------------------------------------------------------------------
     3.803    PREPROCESSOR     ELABORATE             [1;32mSUCCESS[0m


  TIME [s]    SERVICE          CONFIGURATION         INFO: MODULE ELABORATION
----------------------------------------------------------------------------------------------------
     3.803    PREPROCESSOR     ELABORATE             module  : virtual_module_2
     3.803    PREPROCESSOR     ELABORATE             	inputs  : 20
     3.803    PREPROCESSOR     ELABORATE             	outputs : 40
     3.803    PREPROCESSOR     ELABORATE             	wires   : 55
----------------------------------------------------------------------------------------------------
     3.803    PREPROCESSOR     ELABORATE             [1;32mSUCCESS[0m


  TIME [s]    SERVICE          CONFIGURATION         INFO: MODULE ELABORATION
----------------------------------------------------------------------------------------------------
     3.804    PREPROCESSOR     ELABORATE             module  : virtual_module_3
     3.804    PREPROCESSOR     ELABORATE             	inputs  : 20
     3.804    PREPROCESSOR     ELABORATE             	outputs : 40
     3.804    PREPROCESSOR     ELABORATE             	wires   : 55
----------------------------------------------------------------------------------------------------
     3.804    PREPROCESSOR     ELABORATE             [1;32mSUCCESS[0m


  TIME [s]    SERVICE          CONFIGURATION         INFO: MODULE ELABORATION
----------------------------------------------------------------------------------------------------
     3.804    PREPROCESSOR     ELABORATE             module  : virtual_module_4
     3.804    PREPROCESSOR     ELABORATE             	inputs  : 20
     3.804    PREPROCESSOR     ELABORATE             	outputs : 40
     3.804    PREPROCESSOR     ELABORATE             	wires   : 55
----------------------------------------------------------------------------------------------------
     3.804    PREPROCESSOR     ELABORATE             [1;32mSUCCESS[0m


  TIME [s]    SERVICE          CONFIGURATION         INFO: MODULE ELABORATION
----------------------------------------------------------------------------------------------------
     3.805    PREPROCESSOR     ELABORATE             module  : virtual_module_5
     3.805    PREPROCESSOR     ELABORATE             	inputs  : 20
     3.805    PREPROCESSOR     ELABORATE             	outputs : 40
     3.805    PREPROCESSOR     ELABORATE             	wires   : 55
----------------------------------------------------------------------------------------------------
     3.805    PREPROCESSOR     ELABORATE             [1;32mSUCCESS[0m


  TIME [s]    SERVICE          CONFIGURATION         INFO: MODULE ELABORATION
----------------------------------------------------------------------------------------------------
     3.805    PREPROCESSOR     ELABORATE             module  : virtual_module_6
     3.805    PREPROCESSOR     ELABORATE             	inputs  : 20
     3.805    PREPROCESSOR     ELABORATE             	outputs : 40
     3.805    PREPROCESSOR     ELABORATE             	wires   : 55
----------------------------------------------------------------------------------------------------
     3.805    PREPROCESSOR     ELABORATE             [1;32mSUCCESS[0m


  TIME [s]    SERVICE          CONFIGURATION         INFO: MODULE ELABORATION
----------------------------------------------------------------------------------------------------
     3.806    PREPROCESSOR     ELABORATE             module  : virtual_module_7
     3.806    PREPROCESSOR     ELABORATE             	inputs  : 20
     3.806    PREPROCESSOR     ELABORATE             	outputs : 40
     3.806    PREPROCESSOR     ELABORATE             	wires   : 55
----------------------------------------------------------------------------------------------------
     3.806    PREPROCESSOR     ELABORATE             [1;32mSUCCESS[0m


  TIME [s]    SERVICE          CONFIGURATION         INFO: MODULE ELABORATION
----------------------------------------------------------------------------------------------------
     3.806    PREPROCESSOR     ELABORATE             module  : virtual_module_8
     3.806    PREPROCESSOR     ELABORATE             	inputs  : 20
     3.806    PREPROCESSOR     ELABORATE             	outputs : 40
     3.806    PREPROCESSOR     ELABORATE             	wires   : 55
----------------------------------------------------------------------------------------------------
     3.806    PREPROCESSOR     ELABORATE             [1;32mSUCCESS[0m


  TIME [s]    SERVICE          CONFIGURATION         INFO: MODULE ELABORATION
----------------------------------------------------------------------------------------------------
     3.807    PREPROCESSOR     ELABORATE             module  : virtual_module_9
     3.807    PREPROCESSOR     ELABORATE             	inputs  : 20
     3.807    PREPROCESSOR     ELABORATE             	outputs : 40
     3.807    PREPROCESSOR     ELABORATE             	wires   : 55
----------------------------------------------------------------------------------------------------
     3.807    PREPROCESSOR     ELABORATE             [1;32mSUCCESS[0m


  TIME [s]    SERVICE          CONFIGURATION         INFO: MODULE ELABORATION
----------------------------------------------------------------------------------------------------
     3.808    PREPROCESSOR     ELABORATE             module  : virtual_module_10
     3.808    PREPROCESSOR     ELABORATE             	inputs  : 20
     3.808    PREPROCESSOR     ELABORATE             	outputs : 40
     3.808    PREPROCESSOR     ELABORATE             	wires   : 55
----------------------------------------------------------------------------------------------------
     3.808    PREPROCESSOR     ELABORATE             [1;32mSUCCESS[0m


  TIME [s]    SERVICE          CONFIGURATION         INFO: MODULE ELABORATION
----------------------------------------------------------------------------------------------------
     3.808    PREPROCESSOR     ELABORATE             module  : virtual_module_11
     3.808    PREPROCESSOR     ELABORATE             	inputs  : 20
     3.808    PREPROCESSOR     ELABORATE             	outputs : 40
     3.808    PREPROCESSOR     ELABORATE             	wires   : 55
----------------------------------------------------------------------------------------------------
     3.808    PREPROCESSOR     ELABORATE             [1;32mSUCCESS[0m


  TIME [s]    SERVICE          CONFIGURATION         INFO: MODULE ELABORATION
----------------------------------------------------------------------------------------------------
     3.809    PREPROCESSOR     ELABORATE             module  : virtual_module_12
     3.809    PREPROCESSOR     ELABORATE             	inputs  : 20
     3.809    PREPROCESSOR     ELABORATE             	outputs : 40
     3.809    PREPROCESSOR     ELABORATE             	wires   : 55
----------------------------------------------------------------------------------------------------
     3.809    PREPROCESSOR     ELABORATE             [1;32mSUCCESS[0m


  TIME [s]    SERVICE          CONFIGURATION         INFO: MODULE ELABORATION
----------------------------------------------------------------------------------------------------
     3.809    PREPROCESSOR     ELABORATE             module  : virtual_module_13
     3.809    PREPROCESSOR     ELABORATE             	inputs  : 20
     3.809    PREPROCESSOR     ELABORATE             	outputs : 40
     3.809    PREPROCESSOR     ELABORATE             	wires   : 55
----------------------------------------------------------------------------------------------------
     3.809    PREPROCESSOR     ELABORATE             [1;32mSUCCESS[0m


  TIME [s]    SERVICE          CONFIGURATION         INFO: MODULE ELABORATION
----------------------------------------------------------------------------------------------------
     3.810    PREPROCESSOR     ELABORATE             module  : virtual_module_14
     3.810    PREPROCESSOR     ELABORATE             	inputs  : 20
     3.810    PREPROCESSOR     ELABORATE             	outputs : 40
     3.810    PREPROCESSOR     ELABORATE             	wires   : 55
----------------------------------------------------------------------------------------------------
     3.810    PREPROCESSOR     ELABORATE             [1;32mSUCCESS[0m


  TIME [s]    SERVICE          CONFIGURATION         INFO: MODULE ELABORATION
----------------------------------------------------------------------------------------------------
     3.810    PREPROCESSOR     ELABORATE             module  : virtual_module_15
     3.810    PREPROCESSOR     ELABORATE             	inputs  : 20
     3.810    PREPROCESSOR     ELABORATE             	outputs : 40
     3.810    PREPROCESSOR     ELABORATE             	wires   : 55
----------------------------------------------------------------------------------------------------
     3.810    PREPROCESSOR     ELABORATE             [1;32mSUCCESS[0m


  TIME [s]    SERVICE          CONFIGURATION         INFO: RANDOM PROBING
----------------------------------------------------------------------------------------------------
     4.104    ANALYZER         FFT-INDIANA           leakage probability (stage 1) : 
     4.104    ANALYZER         FFT-INDIANA           	max. probes  : 20
     4.104    ANALYZER         FFT-INDIANA           	max. samples : 10
     4.104    ANALYZER         FFT-INDIANA           	virtual_module_0 (min./max.) : 8.026586e-04 / 8.026586e-04
     4.104    ANALYZER         FFT-INDIANA           	virtual_module_1 (min./max.) : 8.026586e-04 / 8.026586e-04
     4.104    ANALYZER         FFT-INDIANA           	virtual_module_2 (min./max.) : 8.026586e-04 / 8.026586e-04
     4.104    ANALYZER         FFT-INDIANA           	virtual_module_3 (min./max.) : 8.026586e-04 / 8.026586e-04
     4.104    ANALYZER         FFT-INDIANA           	virtual_module_4 (min./max.) : 8.026586e-04 / 8.026586e-04
     4.104    ANALYZER         FFT-INDIANA           	virtual_module_5 (min./max.) : 8.026586e-04 / 8.026586e-04
     4.104    ANALYZER         FFT-INDIANA           	virtual_module_6 (min./max.) : 8.026586e-04 / 8.026586e-04
     4.104    ANALYZER         FFT-INDIANA           	virtual_module_7 (min./max.) : 8.026586e-04 / 8.026586e-04
     4.104    ANALYZER         FFT-INDIANA           	virtual_module_8 (min./max.) : 8.026586e-04 / 8.026586e-04
     4.104    ANALYZER         FFT-INDIANA           	virtual_module_9 (min./max.) : 8.026586e-04 / 8.026586e-04
     4.104    ANALYZER         FFT-INDIANA           	virtual_module_10 (min./max.) : 8.026586e-04 / 8.026586e-04
     4.104    ANALYZER         FFT-INDIANA           	virtual_module_11 (min./max.) : 8.026586e-04 / 8.026586e-04
     4.104    ANALYZER         FFT-INDIANA           	virtual_module_12 (min./max.) : 8.026586e-04 / 8.026586e-04
     4.104    ANALYZER         FFT-INDIANA           	virtual_module_13 (min./max.) : 8.026586e-04 / 8.026586e-04
     4.104    ANALYZER         FFT-INDIANA           	virtual_module_14 (min./max.) : 8.026586e-04 / 8.026586e-04
     4.104    ANALYZER         FFT-INDIANA           	virtual_module_15 (min./max.) : 8.026586e-04 / 8.026586e-04
     4.104    ANALYZER         FFT-INDIANA           total (min./max.): 1.276552e-02 / 1.276552e-02

  TIME [s]    SERVICE          CONFIGURATION         INFO: FREQUENCY UPDATE
----------------------------------------------------------------------------------------------------
     4.104    ENVIRONMENT      INDIANA               [1;32mSUCCESS[0m

  TIME [s]    SERVICE          CONFIGURATION         INFO: FREQUENCY TRANSFER
----------------------------------------------------------------------------------------------------
     4.262    ENVIRONMENT      INDIANA               [1;32mSUCCESS[0m

  TIME [s]    SERVICE          CONFIGURATION         INFO: MODULE ELABORATION
----------------------------------------------------------------------------------------------------
     4.276    PREPROCESSOR     ELABORATE             module  : virtual_module_16
     4.276    PREPROCESSOR     ELABORATE             	inputs  : 40
     4.276    PREPROCESSOR     ELABORATE             	outputs : 34
     4.276    PREPROCESSOR     ELABORATE             	wires   : 92
----------------------------------------------------------------------------------------------------
     4.276    PREPROCESSOR     ELABORATE             [1;32mSUCCESS[0m


  TIME [s]    SERVICE          CONFIGURATION         INFO: MODULE ELABORATION
----------------------------------------------------------------------------------------------------
     4.289    PREPROCESSOR     ELABORATE             module  : virtual_module_17
     4.289    PREPROCESSOR     ELABORATE             	inputs  : 40
     4.289    PREPROCESSOR     ELABORATE             	outputs : 34
     4.289    PREPROCESSOR     ELABORATE             	wires   : 92
----------------------------------------------------------------------------------------------------
     4.289    PREPROCESSOR     ELABORATE             [1;32mSUCCESS[0m


  TIME [s]    SERVICE          CONFIGURATION         INFO: MODULE ELABORATION
----------------------------------------------------------------------------------------------------
     4.303    PREPROCESSOR     ELABORATE             module  : virtual_module_18
     4.303    PREPROCESSOR     ELABORATE             	inputs  : 40
     4.303    PREPROCESSOR     ELABORATE             	outputs : 34
     4.303    PREPROCESSOR     ELABORATE             	wires   : 92
----------------------------------------------------------------------------------------------------
     4.303    PREPROCESSOR     ELABORATE             [1;32mSUCCESS[0m


  TIME [s]    SERVICE          CONFIGURATION         INFO: MODULE ELABORATION
----------------------------------------------------------------------------------------------------
     4.317    PREPROCESSOR     ELABORATE             module  : virtual_module_19
     4.317    PREPROCESSOR     ELABORATE             	inputs  : 40
     4.317    PREPROCESSOR     ELABORATE             	outputs : 34
     4.317    PREPROCESSOR     ELABORATE             	wires   : 92
----------------------------------------------------------------------------------------------------
     4.317    PREPROCESSOR     ELABORATE             [1;32mSUCCESS[0m


  TIME [s]    SERVICE          CONFIGURATION         INFO: MODULE ELABORATION
----------------------------------------------------------------------------------------------------
     4.331    PREPROCESSOR     ELABORATE             module  : virtual_module_20
     4.331    PREPROCESSOR     ELABORATE             	inputs  : 40
     4.331    PREPROCESSOR     ELABORATE             	outputs : 34
     4.331    PREPROCESSOR     ELABORATE             	wires   : 92
----------------------------------------------------------------------------------------------------
     4.331    PREPROCESSOR     ELABORATE             [1;32mSUCCESS[0m


  TIME [s]    SERVICE          CONFIGURATION         INFO: MODULE ELABORATION
----------------------------------------------------------------------------------------------------
     4.345    PREPROCESSOR     ELABORATE             module  : virtual_module_21
     4.345    PREPROCESSOR     ELABORATE             	inputs  : 40
     4.345    PREPROCESSOR     ELABORATE             	outputs : 34
     4.345    PREPROCESSOR     ELABORATE             	wires   : 92
----------------------------------------------------------------------------------------------------
     4.346    PREPROCESSOR     ELABORATE             [1;32mSUCCESS[0m


  TIME [s]    SERVICE          CONFIGURATION         INFO: MODULE ELABORATION
----------------------------------------------------------------------------------------------------
     4.360    PREPROCESSOR     ELABORATE             module  : virtual_module_22
     4.360    PREPROCESSOR     ELABORATE             	inputs  : 40
     4.360    PREPROCESSOR     ELABORATE             	outputs : 34
     4.360    PREPROCESSOR     ELABORATE             	wires   : 92
----------------------------------------------------------------------------------------------------
     4.360    PREPROCESSOR     ELABORATE             [1;32mSUCCESS[0m


  TIME [s]    SERVICE          CONFIGURATION         INFO: MODULE ELABORATION
----------------------------------------------------------------------------------------------------
     4.374    PREPROCESSOR     ELABORATE             module  : virtual_module_23
     4.374    PREPROCESSOR     ELABORATE             	inputs  : 40
     4.374    PREPROCESSOR     ELABORATE             	outputs : 34
     4.374    PREPROCESSOR     ELABORATE             	wires   : 92
----------------------------------------------------------------------------------------------------
     4.374    PREPROCESSOR     ELABORATE             [1;32mSUCCESS[0m


  TIME [s]    SERVICE          CONFIGURATION         INFO: MODULE ELABORATION
----------------------------------------------------------------------------------------------------
     4.388    PREPROCESSOR     ELABORATE             module  : virtual_module_24
     4.388    PREPROCESSOR     ELABORATE             	inputs  : 40
     4.388    PREPROCESSOR     ELABORATE             	outputs : 34
     4.388    PREPROCESSOR     ELABORATE             	wires   : 92
----------------------------------------------------------------------------------------------------
     4.388    PREPROCESSOR     ELABORATE             [1;32mSUCCESS[0m


  TIME [s]    SERVICE          CONFIGURATION         INFO: MODULE ELABORATION
----------------------------------------------------------------------------------------------------
     4.401    PREPROCESSOR     ELABORATE             module  : virtual_module_25
     4.401    PREPROCESSOR     ELABORATE             	inputs  : 40
     4.402    PREPROCESSOR     ELABORATE             	outputs : 34
     4.402    PREPROCESSOR     ELABORATE             	wires   : 92
----------------------------------------------------------------------------------------------------
     4.402    PREPROCESSOR     ELABORATE             [1;32mSUCCESS[0m


  TIME [s]    SERVICE          CONFIGURATION         INFO: MODULE ELABORATION
----------------------------------------------------------------------------------------------------
     4.417    PREPROCESSOR     ELABORATE             module  : virtual_module_26
     4.417    PREPROCESSOR     ELABORATE             	inputs  : 40
     4.417    PREPROCESSOR     ELABORATE             	outputs : 34
     4.417    PREPROCESSOR     ELABORATE             	wires   : 92
----------------------------------------------------------------------------------------------------
     4.417    PREPROCESSOR     ELABORATE             [1;32mSUCCESS[0m


  TIME [s]    SERVICE          CONFIGURATION         INFO: MODULE ELABORATION
----------------------------------------------------------------------------------------------------
     4.431    PREPROCESSOR     ELABORATE             module  : virtual_module_27
     4.431    PREPROCESSOR     ELABORATE             	inputs  : 40
     4.431    PREPROCESSOR     ELABORATE             	outputs : 34
     4.431    PREPROCESSOR     ELABORATE             	wires   : 92
----------------------------------------------------------------------------------------------------
     4.431    PREPROCESSOR     ELABORATE             [1;32mSUCCESS[0m


  TIME [s]    SERVICE          CONFIGURATION         INFO: MODULE ELABORATION
----------------------------------------------------------------------------------------------------
     4.445    PREPROCESSOR     ELABORATE             module  : virtual_module_28
     4.445    PREPROCESSOR     ELABORATE             	inputs  : 40
     4.445    PREPROCESSOR     ELABORATE             	outputs : 34
     4.445    PREPROCESSOR     ELABORATE             	wires   : 92
----------------------------------------------------------------------------------------------------
     4.445    PREPROCESSOR     ELABORATE             [1;32mSUCCESS[0m


  TIME [s]    SERVICE          CONFIGURATION         INFO: MODULE ELABORATION
----------------------------------------------------------------------------------------------------
     4.459    PREPROCESSOR     ELABORATE             module  : virtual_module_29
     4.459    PREPROCESSOR     ELABORATE             	inputs  : 40
     4.459    PREPROCESSOR     ELABORATE             	outputs : 34
     4.459    PREPROCESSOR     ELABORATE             	wires   : 92
----------------------------------------------------------------------------------------------------
     4.459    PREPROCESSOR     ELABORATE             [1;32mSUCCESS[0m


  TIME [s]    SERVICE          CONFIGURATION         INFO: MODULE ELABORATION
----------------------------------------------------------------------------------------------------
     4.473    PREPROCESSOR     ELABORATE             module  : virtual_module_30
     4.473    PREPROCESSOR     ELABORATE             	inputs  : 40
     4.473    PREPROCESSOR     ELABORATE             	outputs : 34
     4.473    PREPROCESSOR     ELABORATE             	wires   : 92
----------------------------------------------------------------------------------------------------
     4.473    PREPROCESSOR     ELABORATE             [1;32mSUCCESS[0m


  TIME [s]    SERVICE          CONFIGURATION         INFO: MODULE ELABORATION
----------------------------------------------------------------------------------------------------
     4.487    PREPROCESSOR     ELABORATE             module  : virtual_module_31
     4.487    PREPROCESSOR     ELABORATE             	inputs  : 40
     4.487    PREPROCESSOR     ELABORATE             	outputs : 34
     4.487    PREPROCESSOR     ELABORATE             	wires   : 92
----------------------------------------------------------------------------------------------------
     4.487    PREPROCESSOR     ELABORATE             [1;32mSUCCESS[0m


  TIME [s]    SERVICE          CONFIGURATION         INFO: RANDOM PROBING
----------------------------------------------------------------------------------------------------
     5.283    ANALYZER         FFT-INDIANA           leakage probability (stage 2) : 
     5.283    ANALYZER         FFT-INDIANA           	max. probes  : 20
     5.284    ANALYZER         FFT-INDIANA           	max. samples : 10
     5.284    ANALYZER         FFT-INDIANA           	virtual_module_16 (min./max.) : 9.109248e-04 / 4.768863e-02
     5.284    ANALYZER         FFT-INDIANA           	virtual_module_17 (min./max.) : 1.003238e-03 / 6.449930e-02
     5.284    ANALYZER         FFT-INDIANA           	virtual_module_18 (min./max.) : 7.035173e-04 / 4.916981e-02
     5.284    ANALYZER         FFT-INDIANA           	virtual_module_19 (min./max.) : 1.008057e-03 / 4.158812e-02
     5.284    ANALYZER         FFT-INDIANA           	virtual_module_20 (min./max.) : 7.074725e-04 / 4.876248e-02
     5.284    ANALYZER         FFT-INDIANA           	virtual_module_21 (min./max.) : 9.072162e-04 / 6.105254e-02
     5.284    ANALYZER         FFT-INDIANA           	virtual_module_22 (min./max.) : 5.086019e-04 / 4.841756e-02
     5.284    ANALYZER         FFT-INDIANA           	virtual_module_23 (min./max.) : 9.053243e-04 / 4.108080e-02
     5.284    ANALYZER         FFT-INDIANA           	virtual_module_24 (min./max.) : 8.026101e-04 / 4.024521e-02
     5.284    ANALYZER         FFT-INDIANA           	virtual_module_25 (min./max.) : 1.002296e-03 / 5.461117e-02
     5.284    ANALYZER         FFT-INDIANA           	virtual_module_26 (min./max.) : 9.014834e-04 / 6.483359e-02
     5.284    ANALYZER         FFT-INDIANA           	virtual_module_27 (min./max.) : 7.083851e-04 / 5.468451e-02
     5.284    ANALYZER         FFT-INDIANA           	virtual_module_28 (min./max.) : 1.101263e-03 / 4.307904e-02
     5.284    ANALYZER         FFT-INDIANA           	virtual_module_29 (min./max.) : 7.044673e-04 / 4.736712e-02
     5.284    ANALYZER         FFT-INDIANA           	virtual_module_30 (min./max.) : 9.052489e-04 / 4.237828e-02
     5.284    ANALYZER         FFT-INDIANA           	virtual_module_31 (min./max.) : 9.024527e-04 / 4.853898e-02
     5.284    ANALYZER         FFT-INDIANA           total (min./max.): 1.359533e-02 / 5.591813e-01

  TIME [s]    SERVICE          CONFIGURATION         INFO: FREQUENCY UPDATE
----------------------------------------------------------------------------------------------------
     5.284    ENVIRONMENT      INDIANA               [1;32mSUCCESS[0m

  TIME [s]    SERVICE          CONFIGURATION         INFO: FREQUENCY TRANSFER
----------------------------------------------------------------------------------------------------
     5.464    ENVIRONMENT      INDIANA               [1;32mSUCCESS[0m

  TIME [s]    SERVICE          CONFIGURATION         INFO: MODULE ELABORATION
----------------------------------------------------------------------------------------------------
     5.481    PREPROCESSOR     ELABORATE             module  : virtual_module_32
     5.481    PREPROCESSOR     ELABORATE             	inputs  : 34
     5.481    PREPROCESSOR     ELABORATE             	outputs : 22
     5.481    PREPROCESSOR     ELABORATE             	wires   : 104
----------------------------------------------------------------------------------------------------
     5.481    PREPROCESSOR     ELABORATE             [1;32mSUCCESS[0m


  TIME [s]    SERVICE          CONFIGURATION         INFO: MODULE ELABORATION
----------------------------------------------------------------------------------------------------
     5.498    PREPROCESSOR     ELABORATE             module  : virtual_module_33
     5.498    PREPROCESSOR     ELABORATE             	inputs  : 34
     5.498    PREPROCESSOR     ELABORATE             	outputs : 22
     5.498    PREPROCESSOR     ELABORATE             	wires   : 104
----------------------------------------------------------------------------------------------------
     5.498    PREPROCESSOR     ELABORATE             [1;32mSUCCESS[0m


  TIME [s]    SERVICE          CONFIGURATION         INFO: MODULE ELABORATION
----------------------------------------------------------------------------------------------------
     5.515    PREPROCESSOR     ELABORATE             module  : virtual_module_34
     5.515    PREPROCESSOR     ELABORATE             	inputs  : 34
     5.515    PREPROCESSOR     ELABORATE             	outputs : 22
     5.515    PREPROCESSOR     ELABORATE             	wires   : 104
----------------------------------------------------------------------------------------------------
     5.515    PREPROCESSOR     ELABORATE             [1;32mSUCCESS[0m


  TIME [s]    SERVICE          CONFIGURATION         INFO: MODULE ELABORATION
----------------------------------------------------------------------------------------------------
     5.532    PREPROCESSOR     ELABORATE             module  : virtual_module_35
     5.532    PREPROCESSOR     ELABORATE             	inputs  : 34
     5.532    PREPROCESSOR     ELABORATE             	outputs : 22
     5.532    PREPROCESSOR     ELABORATE             	wires   : 104
----------------------------------------------------------------------------------------------------
     5.532    PREPROCESSOR     ELABORATE             [1;32mSUCCESS[0m


  TIME [s]    SERVICE          CONFIGURATION         INFO: MODULE ELABORATION
----------------------------------------------------------------------------------------------------
     5.550    PREPROCESSOR     ELABORATE             module  : virtual_module_36
     5.550    PREPROCESSOR     ELABORATE             	inputs  : 34
     5.550    PREPROCESSOR     ELABORATE             	outputs : 22
     5.550    PREPROCESSOR     ELABORATE             	wires   : 104
----------------------------------------------------------------------------------------------------
     5.550    PREPROCESSOR     ELABORATE             [1;32mSUCCESS[0m


  TIME [s]    SERVICE          CONFIGURATION         INFO: MODULE ELABORATION
----------------------------------------------------------------------------------------------------
     5.567    PREPROCESSOR     ELABORATE             module  : virtual_module_37
     5.567    PREPROCESSOR     ELABORATE             	inputs  : 34
     5.567    PREPROCESSOR     ELABORATE             	outputs : 22
     5.567    PREPROCESSOR     ELABORATE             	wires   : 104
----------------------------------------------------------------------------------------------------
     5.567    PREPROCESSOR     ELABORATE             [1;32mSUCCESS[0m


  TIME [s]    SERVICE          CONFIGURATION         INFO: MODULE ELABORATION
----------------------------------------------------------------------------------------------------
     5.584    PREPROCESSOR     ELABORATE             module  : virtual_module_38
     5.584    PREPROCESSOR     ELABORATE             	inputs  : 34
     5.584    PREPROCESSOR     ELABORATE             	outputs : 22
     5.584    PREPROCESSOR     ELABORATE             	wires   : 104
----------------------------------------------------------------------------------------------------
     5.584    PREPROCESSOR     ELABORATE             [1;32mSUCCESS[0m


  TIME [s]    SERVICE          CONFIGURATION         INFO: MODULE ELABORATION
----------------------------------------------------------------------------------------------------
     5.601    PREPROCESSOR     ELABORATE             module  : virtual_module_39
     5.601    PREPROCESSOR     ELABORATE             	inputs  : 34
     5.601    PREPROCESSOR     ELABORATE             	outputs : 22
     5.601    PREPROCESSOR     ELABORATE             	wires   : 104
----------------------------------------------------------------------------------------------------
     5.601    PREPROCESSOR     ELABORATE             [1;32mSUCCESS[0m


  TIME [s]    SERVICE          CONFIGURATION         INFO: MODULE ELABORATION
----------------------------------------------------------------------------------------------------
     5.619    PREPROCESSOR     ELABORATE             module  : virtual_module_40
     5.619    PREPROCESSOR     ELABORATE             	inputs  : 34
     5.619    PREPROCESSOR     ELABORATE             	outputs : 22
     5.619    PREPROCESSOR     ELABORATE             	wires   : 104
----------------------------------------------------------------------------------------------------
     5.619    PREPROCESSOR     ELABORATE             [1;32mSUCCESS[0m


  TIME [s]    SERVICE          CONFIGURATION         INFO: MODULE ELABORATION
----------------------------------------------------------------------------------------------------
     5.636    PREPROCESSOR     ELABORATE             module  : virtual_module_41
     5.636    PREPROCESSOR     ELABORATE             	inputs  : 34
     5.636    PREPROCESSOR     ELABORATE             	outputs : 22
     5.636    PREPROCESSOR     ELABORATE             	wires   : 104
----------------------------------------------------------------------------------------------------
     5.636    PREPROCESSOR     ELABORATE             [1;32mSUCCESS[0m


  TIME [s]    SERVICE          CONFIGURATION         INFO: MODULE ELABORATION
----------------------------------------------------------------------------------------------------
     5.656    PREPROCESSOR     ELABORATE             module  : virtual_module_42
     5.656    PREPROCESSOR     ELABORATE             	inputs  : 34
     5.656    PREPROCESSOR     ELABORATE             	outputs : 22
     5.656    PREPROCESSOR     ELABORATE             	wires   : 104
----------------------------------------------------------------------------------------------------
     5.656    PREPROCESSOR     ELABORATE             [1;32mSUCCESS[0m


  TIME [s]    SERVICE          CONFIGURATION         INFO: MODULE ELABORATION
----------------------------------------------------------------------------------------------------
     5.674    PREPROCESSOR     ELABORATE             module  : virtual_module_43
     5.674    PREPROCESSOR     ELABORATE             	inputs  : 34
     5.674    PREPROCESSOR     ELABORATE             	outputs : 22
     5.674    PREPROCESSOR     ELABORATE             	wires   : 104
----------------------------------------------------------------------------------------------------
     5.674    PREPROCESSOR     ELABORATE             [1;32mSUCCESS[0m


  TIME [s]    SERVICE          CONFIGURATION         INFO: MODULE ELABORATION
----------------------------------------------------------------------------------------------------
     5.691    PREPROCESSOR     ELABORATE             module  : virtual_module_44
     5.691    PREPROCESSOR     ELABORATE             	inputs  : 34
     5.691    PREPROCESSOR     ELABORATE             	outputs : 22
     5.691    PREPROCESSOR     ELABORATE             	wires   : 104
----------------------------------------------------------------------------------------------------
     5.691    PREPROCESSOR     ELABORATE             [1;32mSUCCESS[0m


  TIME [s]    SERVICE          CONFIGURATION         INFO: MODULE ELABORATION
----------------------------------------------------------------------------------------------------
     5.709    PREPROCESSOR     ELABORATE             module  : virtual_module_45
     5.709    PREPROCESSOR     ELABORATE             	inputs  : 34
     5.709    PREPROCESSOR     ELABORATE             	outputs : 22
     5.709    PREPROCESSOR     ELABORATE             	wires   : 104
----------------------------------------------------------------------------------------------------
     5.709    PREPROCESSOR     ELABORATE             [1;32mSUCCESS[0m


  TIME [s]    SERVICE          CONFIGURATION         INFO: MODULE ELABORATION
----------------------------------------------------------------------------------------------------
     5.726    PREPROCESSOR     ELABORATE             module  : virtual_module_46
     5.726    PREPROCESSOR     ELABORATE             	inputs  : 34
     5.726    PREPROCESSOR     ELABORATE             	outputs : 22
     5.726    PREPROCESSOR     ELABORATE             	wires   : 104
----------------------------------------------------------------------------------------------------
     5.726    PREPROCESSOR     ELABORATE             [1;32mSUCCESS[0m


  TIME [s]    SERVICE          CONFIGURATION         INFO: MODULE ELABORATION
----------------------------------------------------------------------------------------------------
     5.744    PREPROCESSOR     ELABORATE             module  : virtual_module_47
     5.744    PREPROCESSOR     ELABORATE             	inputs  : 34
     5.744    PREPROCESSOR     ELABORATE             	outputs : 22
     5.744    PREPROCESSOR     ELABORATE             	wires   : 104
----------------------------------------------------------------------------------------------------
     5.744    PREPROCESSOR     ELABORATE             [1;32mSUCCESS[0m


  TIME [s]    SERVICE          CONFIGURATION         INFO: RANDOM PROBING
----------------------------------------------------------------------------------------------------
     7.089    ANALYZER         FFT-INDIANA           leakage probability (stage 3) : 
     7.089    ANALYZER         FFT-INDIANA           	max. probes  : 20
     7.089    ANALYZER         FFT-INDIANA           	max. samples : 10
     7.089    ANALYZER         FFT-INDIANA           	virtual_module_32 (min./max.) : 1.905412e-03 / 1.462420e-01
     7.089    ANALYZER         FFT-INDIANA           	virtual_module_33 (min./max.) : 2.122202e-03 / 1.445719e-01
     7.089    ANALYZER         FFT-INDIANA           	virtual_module_34 (min./max.) : 1.031085e-03 / 1.399701e-01
     7.089    ANALYZER         FFT-INDIANA           	virtual_module_35 (min./max.) : 2.510259e-03 / 1.455482e-01
     7.090    ANALYZER         FFT-INDIANA           	virtual_module_36 (min./max.) : 2.133244e-03 / 1.509406e-01
     7.090    ANALYZER         FFT-INDIANA           	virtual_module_37 (min./max.) : 2.012876e-03 / 1.557114e-01
     7.090    ANALYZER         FFT-INDIANA           	virtual_module_38 (min./max.) : 2.779071e-03 / 1.439836e-01
     7.090    ANALYZER         FFT-INDIANA           	virtual_module_39 (min./max.) : 2.018552e-03 / 1.344726e-01
     7.090    ANALYZER         FFT-INDIANA           	virtual_module_40 (min./max.) : 2.616875e-03 / 1.431562e-01
     7.090    ANALYZER         FFT-INDIANA           	virtual_module_41 (min./max.) : 1.912878e-03 / 1.503718e-01
     7.090    ANALYZER         FFT-INDIANA           	virtual_module_42 (min./max.) : 1.506007e-03 / 1.445066e-01
     7.090    ANALYZER         FFT-INDIANA           	virtual_module_43 (min./max.) : 2.702540e-03 / 1.540834e-01
     7.090    ANALYZER         FFT-INDIANA           	virtual_module_44 (min./max.) : 2.206590e-03 / 1.317084e-01
     7.090    ANALYZER         FFT-INDIANA           	virtual_module_45 (min./max.) : 2.705812e-03 / 1.546981e-01
     7.090    ANALYZER         FFT-INDIANA           	virtual_module_46 (min./max.) : 2.019577e-03 / 1.343048e-01
     7.090    ANALYZER         FFT-INDIANA           	virtual_module_47 (min./max.) : 2.314795e-03 / 1.405758e-01
     7.090    ANALYZER         FFT-INDIANA           total (min./max.): 3.394706e-02 / 9.179958e-01

  TIME [s]    SERVICE          CONFIGURATION         INFO: FREQUENCY UPDATE
----------------------------------------------------------------------------------------------------
     7.090    ENVIRONMENT      INDIANA               [1;32mSUCCESS[0m

  TIME [s]    SERVICE          CONFIGURATION         INFO: FREQUENCY TRANSFER
----------------------------------------------------------------------------------------------------
     7.176    ENVIRONMENT      INDIANA               [1;32mSUCCESS[0m

  TIME [s]    SERVICE          CONFIGURATION         INFO: MODULE ELABORATION
----------------------------------------------------------------------------------------------------
     7.188    PREPROCESSOR     ELABORATE             module  : virtual_module_48
     7.188    PREPROCESSOR     ELABORATE             	inputs  : 22
     7.188    PREPROCESSOR     ELABORATE             	outputs : 8
     7.188    PREPROCESSOR     ELABORATE             	wires   : 60
----------------------------------------------------------------------------------------------------
     7.188    PREPROCESSOR     ELABORATE             [1;32mSUCCESS[0m


  TIME [s]    SERVICE          CONFIGURATION         INFO: MODULE ELABORATION
----------------------------------------------------------------------------------------------------
     7.200    PREPROCESSOR     ELABORATE             module  : virtual_module_49
     7.200    PREPROCESSOR     ELABORATE             	inputs  : 22
     7.200    PREPROCESSOR     ELABORATE             	outputs : 8
     7.200    PREPROCESSOR     ELABORATE             	wires   : 60
----------------------------------------------------------------------------------------------------
     7.200    PREPROCESSOR     ELABORATE             [1;32mSUCCESS[0m


  TIME [s]    SERVICE          CONFIGURATION         INFO: MODULE ELABORATION
----------------------------------------------------------------------------------------------------
     7.212    PREPROCESSOR     ELABORATE             module  : virtual_module_50
     7.212    PREPROCESSOR     ELABORATE             	inputs  : 22
     7.212    PREPROCESSOR     ELABORATE             	outputs : 8
     7.212    PREPROCESSOR     ELABORATE             	wires   : 60
----------------------------------------------------------------------------------------------------
     7.212    PREPROCESSOR     ELABORATE             [1;32mSUCCESS[0m


  TIME [s]    SERVICE          CONFIGURATION         INFO: MODULE ELABORATION
----------------------------------------------------------------------------------------------------
     7.224    PREPROCESSOR     ELABORATE             module  : virtual_module_51
     7.224    PREPROCESSOR     ELABORATE             	inputs  : 22
     7.224    PREPROCESSOR     ELABORATE             	outputs : 8
     7.224    PREPROCESSOR     ELABORATE             	wires   : 60
----------------------------------------------------------------------------------------------------
     7.224    PREPROCESSOR     ELABORATE             [1;32mSUCCESS[0m


  TIME [s]    SERVICE          CONFIGURATION         INFO: MODULE ELABORATION
----------------------------------------------------------------------------------------------------
     7.236    PREPROCESSOR     ELABORATE             module  : virtual_module_52
     7.236    PREPROCESSOR     ELABORATE             	inputs  : 22
     7.236    PREPROCESSOR     ELABORATE             	outputs : 8
     7.236    PREPROCESSOR     ELABORATE             	wires   : 60
----------------------------------------------------------------------------------------------------
     7.236    PREPROCESSOR     ELABORATE             [1;32mSUCCESS[0m


  TIME [s]    SERVICE          CONFIGURATION         INFO: MODULE ELABORATION
----------------------------------------------------------------------------------------------------
     7.248    PREPROCESSOR     ELABORATE             module  : virtual_module_53
     7.248    PREPROCESSOR     ELABORATE             	inputs  : 22
     7.248    PREPROCESSOR     ELABORATE             	outputs : 8
     7.248    PREPROCESSOR     ELABORATE             	wires   : 60
----------------------------------------------------------------------------------------------------
     7.248    PREPROCESSOR     ELABORATE             [1;32mSUCCESS[0m


  TIME [s]    SERVICE          CONFIGURATION         INFO: MODULE ELABORATION
----------------------------------------------------------------------------------------------------
     7.260    PREPROCESSOR     ELABORATE             module  : virtual_module_54
     7.260    PREPROCESSOR     ELABORATE             	inputs  : 22
     7.260    PREPROCESSOR     ELABORATE             	outputs : 8
     7.260    PREPROCESSOR     ELABORATE             	wires   : 60
----------------------------------------------------------------------------------------------------
     7.260    PREPROCESSOR     ELABORATE             [1;32mSUCCESS[0m


  TIME [s]    SERVICE          CONFIGURATION         INFO: MODULE ELABORATION
----------------------------------------------------------------------------------------------------
     7.272    PREPROCESSOR     ELABORATE             module  : virtual_module_55
     7.272    PREPROCESSOR     ELABORATE             	inputs  : 22
     7.273    PREPROCESSOR     ELABORATE             	outputs : 8
     7.273    PREPROCESSOR     ELABORATE             	wires   : 60
----------------------------------------------------------------------------------------------------
     7.273    PREPROCESSOR     ELABORATE             [1;32mSUCCESS[0m


  TIME [s]    SERVICE          CONFIGURATION         INFO: MODULE ELABORATION
----------------------------------------------------------------------------------------------------
     7.285    PREPROCESSOR     ELABORATE             module  : virtual_module_56
     7.285    PREPROCESSOR     ELABORATE             	inputs  : 22
     7.285    PREPROCESSOR     ELABORATE             	outputs : 8
     7.285    PREPROCESSOR     ELABORATE             	wires   : 60
----------------------------------------------------------------------------------------------------
     7.285    PREPROCESSOR     ELABORATE             [1;32mSUCCESS[0m


  TIME [s]    SERVICE          CONFIGURATION         INFO: MODULE ELABORATION
----------------------------------------------------------------------------------------------------
     7.297    PREPROCESSOR     ELABORATE             module  : virtual_module_57
     7.297    PREPROCESSOR     ELABORATE             	inputs  : 22
     7.297    PREPROCESSOR     ELABORATE             	outputs : 8
     7.298    PREPROCESSOR     ELABORATE             	wires   : 60
----------------------------------------------------------------------------------------------------
     7.298    PREPROCESSOR     ELABORATE             [1;32mSUCCESS[0m


  TIME [s]    SERVICE          CONFIGURATION         INFO: MODULE ELABORATION
----------------------------------------------------------------------------------------------------
     7.310    PREPROCESSOR     ELABORATE             module  : virtual_module_58
     7.310    PREPROCESSOR     ELABORATE             	inputs  : 22
     7.310    PREPROCESSOR     ELABORATE             	outputs : 8
     7.310    PREPROCESSOR     ELABORATE             	wires   : 60
----------------------------------------------------------------------------------------------------
     7.310    PREPROCESSOR     ELABORATE             [1;32mSUCCESS[0m


  TIME [s]    SERVICE          CONFIGURATION         INFO: MODULE ELABORATION
----------------------------------------------------------------------------------------------------
     7.322    PREPROCESSOR     ELABORATE             module  : virtual_module_59
     7.322    PREPROCESSOR     ELABORATE             	inputs  : 22
     7.322    PREPROCESSOR     ELABORATE             	outputs : 8
     7.322    PREPROCESSOR     ELABORATE             	wires   : 60
----------------------------------------------------------------------------------------------------
     7.322    PREPROCESSOR     ELABORATE             [1;32mSUCCESS[0m


  TIME [s]    SERVICE          CONFIGURATION         INFO: MODULE ELABORATION
----------------------------------------------------------------------------------------------------
     7.334    PREPROCESSOR     ELABORATE             module  : virtual_module_60
     7.334    PREPROCESSOR     ELABORATE             	inputs  : 22
     7.334    PREPROCESSOR     ELABORATE             	outputs : 8
     7.334    PREPROCESSOR     ELABORATE             	wires   : 60
----------------------------------------------------------------------------------------------------
     7.334    PREPROCESSOR     ELABORATE             [1;32mSUCCESS[0m


  TIME [s]    SERVICE          CONFIGURATION         INFO: MODULE ELABORATION
----------------------------------------------------------------------------------------------------
     7.347    PREPROCESSOR     ELABORATE             module  : virtual_module_61
     7.347    PREPROCESSOR     ELABORATE             	inputs  : 22
     7.347    PREPROCESSOR     ELABORATE             	outputs : 8
     7.347    PREPROCESSOR     ELABORATE             	wires   : 60
----------------------------------------------------------------------------------------------------
     7.347    PREPROCESSOR     ELABORATE             [1;32mSUCCESS[0m


  TIME [s]    SERVICE          CONFIGURATION         INFO: MODULE ELABORATION
----------------------------------------------------------------------------------------------------
     7.359    PREPROCESSOR     ELABORATE             module  : virtual_module_62
     7.359    PREPROCESSOR     ELABORATE             	inputs  : 22
     7.359    PREPROCESSOR     ELABORATE             	outputs : 8
     7.359    PREPROCESSOR     ELABORATE             	wires   : 60
----------------------------------------------------------------------------------------------------
     7.359    PREPROCESSOR     ELABORATE             [1;32mSUCCESS[0m


  TIME [s]    SERVICE          CONFIGURATION         INFO: MODULE ELABORATION
----------------------------------------------------------------------------------------------------
     7.370    PREPROCESSOR     ELABORATE             module  : virtual_module_63
     7.370    PREPROCESSOR     ELABORATE             	inputs  : 22
     7.370    PREPROCESSOR     ELABORATE             	outputs : 8
     7.370    PREPROCESSOR     ELABORATE             	wires   : 60
----------------------------------------------------------------------------------------------------
     7.370    PREPROCESSOR     ELABORATE             [1;32mSUCCESS[0m


  TIME [s]    SERVICE          CONFIGURATION         INFO: RANDOM PROBING
----------------------------------------------------------------------------------------------------
     7.713    ANALYZER         FFT-INDIANA           leakage probability (stage 4) : 
     7.713    ANALYZER         FFT-INDIANA           	max. probes  : 20
     7.713    ANALYZER         FFT-INDIANA           	max. samples : 10
     7.714    ANALYZER         FFT-INDIANA           	virtual_module_48 (min./max.) : 2.774436e-03 / 2.935715e-02
     7.714    ANALYZER         FFT-INDIANA           	virtual_module_49 (min./max.) : 3.259661e-03 / 2.414756e-02
     7.714    ANALYZER         FFT-INDIANA           	virtual_module_50 (min./max.) : 3.076323e-03 / 2.778356e-02
     7.714    ANALYZER         FFT-INDIANA           	virtual_module_51 (min./max.) : 2.976428e-03 / 2.845557e-02
     7.714    ANALYZER         FFT-INDIANA           	virtual_module_52 (min./max.) : 2.783209e-03 / 2.837620e-02
     7.714    ANALYZER         FFT-INDIANA           	virtual_module_53 (min./max.) : 3.172112e-03 / 2.925766e-02
     7.714    ANALYZER         FFT-INDIANA           	virtual_module_54 (min./max.) : 3.750686e-03 / 2.873271e-02
     7.714    ANALYZER         FFT-INDIANA           	virtual_module_55 (min./max.) : 2.679340e-03 / 2.639343e-02
     7.714    ANALYZER         FFT-INDIANA           	virtual_module_56 (min./max.) : 2.853431e-03 / 2.784879e-02
     7.714    ANALYZER         FFT-INDIANA           	virtual_module_57 (min./max.) : 3.358992e-03 / 3.665767e-02
     7.714    ANALYZER         FFT-INDIANA           	virtual_module_58 (min./max.) : 3.545043e-03 / 2.594662e-02
     7.714    ANALYZER         FFT-INDIANA           	virtual_module_59 (min./max.) : 3.462536e-03 / 2.741322e-02
     7.714    ANALYZER         FFT-INDIANA           	virtual_module_60 (min./max.) : 3.157184e-03 / 2.913455e-02
     7.714    ANALYZER         FFT-INDIANA           	virtual_module_61 (min./max.) : 2.866460e-03 / 2.980746e-02
     7.714    ANALYZER         FFT-INDIANA           	virtual_module_62 (min./max.) : 2.865713e-03 / 2.846168e-02
     7.714    ANALYZER         FFT-INDIANA           	virtual_module_63 (min./max.) : 2.965334e-03 / 3.840692e-02
     7.714    ANALYZER         FFT-INDIANA           total (min./max.): 4.841331e-02 / 3.770009e-01

  TIME [s]    SERVICE          CONFIGURATION         INFO: FREQUENCY UPDATE
----------------------------------------------------------------------------------------------------
     7.714    ENVIRONMENT      INDIANA               [1;32mSUCCESS[0m

  TIME [s]    SERVICE          CONFIGURATION         INFO
----------------------------------------------------------------------------------------------------
     7.715    VERICA           SCA                   DONE!
