----------------------------------------------------------------------------------------------------
                              INDIANA -- INDISTINGUISHABILITY ANALYSIS                              

                              INDIANA -- INDISTINGUISHABILITY ANALYSIS                              

                                      Ruhr-Universität Bochum                                      
                              Pascal Sasdrich (pascal.sasdrich@rub.de)                              
                        Jan Richter-Brockmann (jan.richter-brockmann@rub.de)                        

                                         Copyright (c) 2025                                         
                                           Pascal Sasdrich                                          
                                        Jan Richter-Brockmann                                       

                                         All rights reserved                                       
----------------------------------------------------------------------------------------------------


  TIME [s]    SERVICE          CONFIGURATION         INFO: CELL LIBRARY
----------------------------------------------------------------------------------------------------
     0.001    PARSER           CELLLIB               source: cell/nang45.txt
     0.001    PARSER           CELLLIB               Parsed cell library with 14 gate type(s). 
----------------------------------------------------------------------------------------------------
     0.001    PARSER           CELLLIB               [1;32mSUCCESS[0m


  TIME [s]    SERVICE          CONFIGURATION         INFO: DESIGN UNDER TEST
----------------------------------------------------------------------------------------------------
     3.503    PARSER           VERILOG               source: ./test/indistinguishability/case-studies-paper/present/present-single-round-hpc2-d1.v
     3.503    PARSER           VERILOG               	module(s) : 1
     3.503    PARSER           VERILOG               	gate(s)   : 3088
     3.503    PARSER           VERILOG               	 - comb.  : 1552
     3.504    PARSER           VERILOG               	 - seq.   : 1536
     3.504    PARSER           VERILOG               	wire(s)   : 3441
     3.504    PARSER           VERILOG               	pin(s)    : 11139
     3.504    PARSER           VERILOG               WARNING: detected 1506 unconnected pins!
----------------------------------------------------------------------------------------------------
     3.504    PARSER           VERILOG               [1;32mSUCCESS[0m


  TIME [s]    SERVICE          CONFIGURATION         INFO: ANNOTATIONS
----------------------------------------------------------------------------------------------------
     3.507    PREPROCESSOR     ANNOTATION            1 input wire was tagged as clock input.
     3.507    PREPROCESSOR     ANNOTATION            0 input wires were tagged as control inputs.
     3.507    PREPROCESSOR     ANNOTATION            64 input wires were tagged as refresh inputs.
     3.507    PREPROCESSOR     ANNOTATION            0 output wires were tagged as error flags.
     3.507    PREPROCESSOR     ANNOTATION            0 input wires were tagged with PIIDs.
     3.507    PREPROCESSOR     ANNOTATION            384 wires were tagged with a share domain.
     3.507    PREPROCESSOR     ANNOTATION            384 wires were tagged with a share index.
     3.507    PREPROCESSOR     ANNOTATION            0 wires were tagged with a fault domain.
----------------------------------------------------------------------------------------------------
     3.507    PREPROCESSOR     ANNOTATION            [1;32mSUCCESS[0m


  TIME [s]    SERVICE          CONFIGURATION         INFO: FILTERING
----------------------------------------------------------------------------------------------------
     3.508    PREPROCESSOR     FILTERING             Filtering for side-channel verification is disabled!
     3.508    PREPROCESSOR     FILTERING             Filtering for fault-injection verification is disabled!
----------------------------------------------------------------------------------------------------
     3.508    PREPROCESSOR     FILTERING             [1;32mSUCCESS[0m


  TIME [s]    SERVICE          CONFIGURATION         INFO
----------------------------------------------------------------------------------------------------
     3.508    PREPROCESSOR     MULTI-THREADING       cores: 16
     3.508    PREPROCESSOR     MULTI-THREADING       memory: 0 GB
     3.508    PREPROCESSOR     MULTI-THREADING       reordering: disabled
----------------------------------------------------------------------------------------------------
     3.508    PREPROCESSOR     MULTI-THREADING       [1;32mSUCCESS[0m


  TIME [s]    SERVICE          CONFIGURATION         INFO: MODEL POSTPROCESSING
----------------------------------------------------------------------------------------------------
     3.524    PREPROCESSOR     MODEL POSTPROCESSING  Removed clock tree from netlist (1 wire was removed).
     3.524    PREPROCESSOR     MODEL POSTPROCESSING  No control signals were found.
     3.524    PREPROCESSOR     MODEL POSTPROCESSING  Removed 1506 unconnected pins.
     3.524    PREPROCESSOR     MODEL POSTPROCESSING  Removed 0 unconnected wires.
----------------------------------------------------------------------------------------------------
     3.524    PREPROCESSOR     MODEL POSTPROCESSING  [1;32mSUCCESS[0m


  TIME [s]    SERVICE          CONFIGURATION         INFO: PROPERTIES
----------------------------------------------------------------------------------------------------
     3.602    PREPROCESSOR     MODEL PROPERTIES      Determined 128 shared inputs.
     3.602    PREPROCESSOR     MODEL PROPERTIES      	Minimum number of shares: 2
     3.602    PREPROCESSOR     MODEL PROPERTIES      Identified stage(s): 
     3.602    PREPROCESSOR     MODEL PROPERTIES      	logic    : 4
     3.602    PREPROCESSOR     MODEL PROPERTIES      	register : 3
----------------------------------------------------------------------------------------------------
     3.602    PREPROCESSOR     MODEL PROPERTIES      [1;32mSUCCESS[0m


  TIME [s]    SERVICE          CONFIGURATION         INFO: PARTITIONER
----------------------------------------------------------------------------------------------------
     3.762    PARTITIONER      BREADTH+DEPTH         Identified 64 partitions.
----------------------------------------------------------------------------------------------------
     3.762    PARTITIONER      BREADTH+DEPTH         [1;32mSUCCESS[0m


  TIME [s]    SERVICE          CONFIGURATION         INFO: Configure FIA
----------------------------------------------------------------------------------------------------
     3.762    PREPROCESSOR     FIA                   FIA preprocessor is disabled!
----------------------------------------------------------------------------------------------------
     3.762    PREPROCESSOR     FIA                   [1;32mSUCCESS[0m


  TIME [s]    SERVICE          CONFIGURATION         INFO: Configure SCA
----------------------------------------------------------------------------------------------------
     3.763    PREPROCESSOR     SCA                   Determined 1664 probe positions.
     3.763    PREPROCESSOR     SCA                   Determined 0 probe combinations.
----------------------------------------------------------------------------------------------------
     3.763    PREPROCESSOR     SCA                   [1;32mSUCCESS[0m


  TIME [s]    SERVICE          CONFIGURATION         INFO: MODULE ELABORATION
----------------------------------------------------------------------------------------------------
     3.799    PREPROCESSOR     ELABORATE             module  : virtual_module_0
     3.799    PREPROCESSOR     ELABORATE             	inputs  : 20
     3.799    PREPROCESSOR     ELABORATE             	outputs : 40
     3.799    PREPROCESSOR     ELABORATE             	wires   : 55
----------------------------------------------------------------------------------------------------
     3.799    PREPROCESSOR     ELABORATE             [1;32mSUCCESS[0m


  TIME [s]    SERVICE          CONFIGURATION         INFO: MODULE ELABORATION
----------------------------------------------------------------------------------------------------
     3.800    PREPROCESSOR     ELABORATE             module  : virtual_module_1
     3.800    PREPROCESSOR     ELABORATE             	inputs  : 20
     3.800    PREPROCESSOR     ELABORATE             	outputs : 40
     3.800    PREPROCESSOR     ELABORATE             	wires   : 55
----------------------------------------------------------------------------------------------------
     3.800    PREPROCESSOR     ELABORATE             [1;32mSUCCESS[0m


  TIME [s]    SERVICE          CONFIGURATION         INFO: MODULE ELABORATION
----------------------------------------------------------------------------------------------------
     3.800    PREPROCESSOR     ELABORATE             module  : virtual_module_2
     3.800    PREPROCESSOR     ELABORATE             	inputs  : 20
     3.800    PREPROCESSOR     ELABORATE             	outputs : 40
     3.800    PREPROCESSOR     ELABORATE             	wires   : 55
----------------------------------------------------------------------------------------------------
     3.800    PREPROCESSOR     ELABORATE             [1;32mSUCCESS[0m


  TIME [s]    SERVICE          CONFIGURATION         INFO: MODULE ELABORATION
----------------------------------------------------------------------------------------------------
     3.801    PREPROCESSOR     ELABORATE             module  : virtual_module_3
     3.801    PREPROCESSOR     ELABORATE             	inputs  : 20
     3.801    PREPROCESSOR     ELABORATE             	outputs : 40
     3.801    PREPROCESSOR     ELABORATE             	wires   : 55
----------------------------------------------------------------------------------------------------
     3.801    PREPROCESSOR     ELABORATE             [1;32mSUCCESS[0m


  TIME [s]    SERVICE          CONFIGURATION         INFO: MODULE ELABORATION
----------------------------------------------------------------------------------------------------
     3.801    PREPROCESSOR     ELABORATE             module  : virtual_module_4
     3.801    PREPROCESSOR     ELABORATE             	inputs  : 20
     3.801    PREPROCESSOR     ELABORATE             	outputs : 40
     3.801    PREPROCESSOR     ELABORATE             	wires   : 55
----------------------------------------------------------------------------------------------------
     3.802    PREPROCESSOR     ELABORATE             [1;32mSUCCESS[0m


  TIME [s]    SERVICE          CONFIGURATION         INFO: MODULE ELABORATION
----------------------------------------------------------------------------------------------------
     3.802    PREPROCESSOR     ELABORATE             module  : virtual_module_5
     3.802    PREPROCESSOR     ELABORATE             	inputs  : 20
     3.802    PREPROCESSOR     ELABORATE             	outputs : 40
     3.802    PREPROCESSOR     ELABORATE             	wires   : 55
----------------------------------------------------------------------------------------------------
     3.802    PREPROCESSOR     ELABORATE             [1;32mSUCCESS[0m


  TIME [s]    SERVICE          CONFIGURATION         INFO: MODULE ELABORATION
----------------------------------------------------------------------------------------------------
     3.803    PREPROCESSOR     ELABORATE             module  : virtual_module_6
     3.803    PREPROCESSOR     ELABORATE             	inputs  : 20
     3.803    PREPROCESSOR     ELABORATE             	outputs : 40
     3.803    PREPROCESSOR     ELABORATE             	wires   : 55
----------------------------------------------------------------------------------------------------
     3.803    PREPROCESSOR     ELABORATE             [1;32mSUCCESS[0m


  TIME [s]    SERVICE          CONFIGURATION         INFO: MODULE ELABORATION
----------------------------------------------------------------------------------------------------
     3.803    PREPROCESSOR     ELABORATE             module  : virtual_module_7
     3.803    PREPROCESSOR     ELABORATE             	inputs  : 20
     3.803    PREPROCESSOR     ELABORATE             	outputs : 40
     3.803    PREPROCESSOR     ELABORATE             	wires   : 55
----------------------------------------------------------------------------------------------------
     3.803    PREPROCESSOR     ELABORATE             [1;32mSUCCESS[0m


  TIME [s]    SERVICE          CONFIGURATION         INFO: MODULE ELABORATION
----------------------------------------------------------------------------------------------------
     3.804    PREPROCESSOR     ELABORATE             module  : virtual_module_8
     3.804    PREPROCESSOR     ELABORATE             	inputs  : 20
     3.804    PREPROCESSOR     ELABORATE             	outputs : 40
     3.804    PREPROCESSOR     ELABORATE             	wires   : 55
----------------------------------------------------------------------------------------------------
     3.804    PREPROCESSOR     ELABORATE             [1;32mSUCCESS[0m


  TIME [s]    SERVICE          CONFIGURATION         INFO: MODULE ELABORATION
----------------------------------------------------------------------------------------------------
     3.804    PREPROCESSOR     ELABORATE             module  : virtual_module_9
     3.804    PREPROCESSOR     ELABORATE             	inputs  : 20
     3.804    PREPROCESSOR     ELABORATE             	outputs : 40
     3.804    PREPROCESSOR     ELABORATE             	wires   : 55
----------------------------------------------------------------------------------------------------
     3.804    PREPROCESSOR     ELABORATE             [1;32mSUCCESS[0m


  TIME [s]    SERVICE          CONFIGURATION         INFO: MODULE ELABORATION
----------------------------------------------------------------------------------------------------
     3.805    PREPROCESSOR     ELABORATE             module  : virtual_module_10
     3.805    PREPROCESSOR     ELABORATE             	inputs  : 20
     3.805    PREPROCESSOR     ELABORATE             	outputs : 40
     3.805    PREPROCESSOR     ELABORATE             	wires   : 55
----------------------------------------------------------------------------------------------------
     3.805    PREPROCESSOR     ELABORATE             [1;32mSUCCESS[0m


  TIME [s]    SERVICE          CONFIGURATION         INFO: MODULE ELABORATION
----------------------------------------------------------------------------------------------------
     3.805    PREPROCESSOR     ELABORATE             module  : virtual_module_11
     3.805    PREPROCESSOR     ELABORATE             	inputs  : 20
     3.805    PREPROCESSOR     ELABORATE             	outputs : 40
     3.805    PREPROCESSOR     ELABORATE             	wires   : 55
----------------------------------------------------------------------------------------------------
     3.805    PREPROCESSOR     ELABORATE             [1;32mSUCCESS[0m


  TIME [s]    SERVICE          CONFIGURATION         INFO: MODULE ELABORATION
----------------------------------------------------------------------------------------------------
     3.806    PREPROCESSOR     ELABORATE             module  : virtual_module_12
     3.806    PREPROCESSOR     ELABORATE             	inputs  : 20
     3.806    PREPROCESSOR     ELABORATE             	outputs : 40
     3.806    PREPROCESSOR     ELABORATE             	wires   : 55
----------------------------------------------------------------------------------------------------
     3.806    PREPROCESSOR     ELABORATE             [1;32mSUCCESS[0m


  TIME [s]    SERVICE          CONFIGURATION         INFO: MODULE ELABORATION
----------------------------------------------------------------------------------------------------
     3.806    PREPROCESSOR     ELABORATE             module  : virtual_module_13
     3.807    PREPROCESSOR     ELABORATE             	inputs  : 20
     3.807    PREPROCESSOR     ELABORATE             	outputs : 40
     3.807    PREPROCESSOR     ELABORATE             	wires   : 55
----------------------------------------------------------------------------------------------------
     3.807    PREPROCESSOR     ELABORATE             [1;32mSUCCESS[0m


  TIME [s]    SERVICE          CONFIGURATION         INFO: MODULE ELABORATION
----------------------------------------------------------------------------------------------------
     3.807    PREPROCESSOR     ELABORATE             module  : virtual_module_14
     3.807    PREPROCESSOR     ELABORATE             	inputs  : 20
     3.807    PREPROCESSOR     ELABORATE             	outputs : 40
     3.807    PREPROCESSOR     ELABORATE             	wires   : 55
----------------------------------------------------------------------------------------------------
     3.807    PREPROCESSOR     ELABORATE             [1;32mSUCCESS[0m


  TIME [s]    SERVICE          CONFIGURATION         INFO: MODULE ELABORATION
----------------------------------------------------------------------------------------------------
     3.808    PREPROCESSOR     ELABORATE             module  : virtual_module_15
     3.808    PREPROCESSOR     ELABORATE             	inputs  : 20
     3.808    PREPROCESSOR     ELABORATE             	outputs : 40
     3.808    PREPROCESSOR     ELABORATE             	wires   : 55
----------------------------------------------------------------------------------------------------
     3.808    PREPROCESSOR     ELABORATE             [1;32mSUCCESS[0m


  TIME [s]    SERVICE          CONFIGURATION         INFO: RANDOM PROBING
----------------------------------------------------------------------------------------------------
     4.089    ANALYZER         FFT-INDIANA           leakage probability (stage 1) : 
     4.089    ANALYZER         FFT-INDIANA           	max. probes  : 50
     4.089    ANALYZER         FFT-INDIANA           	max. samples : 40
     4.089    ANALYZER         FFT-INDIANA           	virtual_module_0 (min./max.) : 8.026586e-04 / 8.026586e-04
     4.089    ANALYZER         FFT-INDIANA           	virtual_module_1 (min./max.) : 8.026586e-04 / 8.026586e-04
     4.089    ANALYZER         FFT-INDIANA           	virtual_module_2 (min./max.) : 8.026586e-04 / 8.026586e-04
     4.089    ANALYZER         FFT-INDIANA           	virtual_module_3 (min./max.) : 8.026586e-04 / 8.026586e-04
     4.089    ANALYZER         FFT-INDIANA           	virtual_module_4 (min./max.) : 8.026586e-04 / 8.026586e-04
     4.089    ANALYZER         FFT-INDIANA           	virtual_module_5 (min./max.) : 8.026586e-04 / 8.026586e-04
     4.089    ANALYZER         FFT-INDIANA           	virtual_module_6 (min./max.) : 8.026586e-04 / 8.026586e-04
     4.089    ANALYZER         FFT-INDIANA           	virtual_module_7 (min./max.) : 8.026586e-04 / 8.026586e-04
     4.089    ANALYZER         FFT-INDIANA           	virtual_module_8 (min./max.) : 8.026586e-04 / 8.026586e-04
     4.089    ANALYZER         FFT-INDIANA           	virtual_module_9 (min./max.) : 8.026586e-04 / 8.026586e-04
     4.089    ANALYZER         FFT-INDIANA           	virtual_module_10 (min./max.) : 8.026586e-04 / 8.026586e-04
     4.089    ANALYZER         FFT-INDIANA           	virtual_module_11 (min./max.) : 8.026586e-04 / 8.026586e-04
     4.089    ANALYZER         FFT-INDIANA           	virtual_module_12 (min./max.) : 8.026586e-04 / 8.026586e-04
     4.089    ANALYZER         FFT-INDIANA           	virtual_module_13 (min./max.) : 8.026586e-04 / 8.026586e-04
     4.089    ANALYZER         FFT-INDIANA           	virtual_module_14 (min./max.) : 8.026586e-04 / 8.026586e-04
     4.089    ANALYZER         FFT-INDIANA           	virtual_module_15 (min./max.) : 8.026586e-04 / 8.026586e-04
     4.089    ANALYZER         FFT-INDIANA           total (min./max.): 1.276552e-02 / 1.276552e-02

  TIME [s]    SERVICE          CONFIGURATION         INFO: FREQUENCY UPDATE
----------------------------------------------------------------------------------------------------
     4.089    ENVIRONMENT      INDIANA               [1;32mSUCCESS[0m

  TIME [s]    SERVICE          CONFIGURATION         INFO: FREQUENCY TRANSFER
----------------------------------------------------------------------------------------------------
     4.252    ENVIRONMENT      INDIANA               [1;32mSUCCESS[0m

  TIME [s]    SERVICE          CONFIGURATION         INFO: MODULE ELABORATION
----------------------------------------------------------------------------------------------------
     4.265    PREPROCESSOR     ELABORATE             module  : virtual_module_16
     4.265    PREPROCESSOR     ELABORATE             	inputs  : 40
     4.265    PREPROCESSOR     ELABORATE             	outputs : 34
     4.265    PREPROCESSOR     ELABORATE             	wires   : 92
----------------------------------------------------------------------------------------------------
     4.265    PREPROCESSOR     ELABORATE             [1;32mSUCCESS[0m


  TIME [s]    SERVICE          CONFIGURATION         INFO: MODULE ELABORATION
----------------------------------------------------------------------------------------------------
     4.279    PREPROCESSOR     ELABORATE             module  : virtual_module_17
     4.279    PREPROCESSOR     ELABORATE             	inputs  : 40
     4.279    PREPROCESSOR     ELABORATE             	outputs : 34
     4.279    PREPROCESSOR     ELABORATE             	wires   : 92
----------------------------------------------------------------------------------------------------
     4.279    PREPROCESSOR     ELABORATE             [1;32mSUCCESS[0m


  TIME [s]    SERVICE          CONFIGURATION         INFO: MODULE ELABORATION
----------------------------------------------------------------------------------------------------
     4.293    PREPROCESSOR     ELABORATE             module  : virtual_module_18
     4.293    PREPROCESSOR     ELABORATE             	inputs  : 40
     4.293    PREPROCESSOR     ELABORATE             	outputs : 34
     4.293    PREPROCESSOR     ELABORATE             	wires   : 92
----------------------------------------------------------------------------------------------------
     4.293    PREPROCESSOR     ELABORATE             [1;32mSUCCESS[0m


  TIME [s]    SERVICE          CONFIGURATION         INFO: MODULE ELABORATION
----------------------------------------------------------------------------------------------------
     4.307    PREPROCESSOR     ELABORATE             module  : virtual_module_19
     4.307    PREPROCESSOR     ELABORATE             	inputs  : 40
     4.307    PREPROCESSOR     ELABORATE             	outputs : 34
     4.307    PREPROCESSOR     ELABORATE             	wires   : 92
----------------------------------------------------------------------------------------------------
     4.307    PREPROCESSOR     ELABORATE             [1;32mSUCCESS[0m


  TIME [s]    SERVICE          CONFIGURATION         INFO: MODULE ELABORATION
----------------------------------------------------------------------------------------------------
     4.320    PREPROCESSOR     ELABORATE             module  : virtual_module_20
     4.320    PREPROCESSOR     ELABORATE             	inputs  : 40
     4.320    PREPROCESSOR     ELABORATE             	outputs : 34
     4.320    PREPROCESSOR     ELABORATE             	wires   : 92
----------------------------------------------------------------------------------------------------
     4.321    PREPROCESSOR     ELABORATE             [1;32mSUCCESS[0m


  TIME [s]    SERVICE          CONFIGURATION         INFO: MODULE ELABORATION
----------------------------------------------------------------------------------------------------
     4.334    PREPROCESSOR     ELABORATE             module  : virtual_module_21
     4.334    PREPROCESSOR     ELABORATE             	inputs  : 40
     4.334    PREPROCESSOR     ELABORATE             	outputs : 34
     4.334    PREPROCESSOR     ELABORATE             	wires   : 92
----------------------------------------------------------------------------------------------------
     4.334    PREPROCESSOR     ELABORATE             [1;32mSUCCESS[0m


  TIME [s]    SERVICE          CONFIGURATION         INFO: MODULE ELABORATION
----------------------------------------------------------------------------------------------------
     4.348    PREPROCESSOR     ELABORATE             module  : virtual_module_22
     4.348    PREPROCESSOR     ELABORATE             	inputs  : 40
     4.348    PREPROCESSOR     ELABORATE             	outputs : 34
     4.348    PREPROCESSOR     ELABORATE             	wires   : 92
----------------------------------------------------------------------------------------------------
     4.348    PREPROCESSOR     ELABORATE             [1;32mSUCCESS[0m


  TIME [s]    SERVICE          CONFIGURATION         INFO: MODULE ELABORATION
----------------------------------------------------------------------------------------------------
     4.362    PREPROCESSOR     ELABORATE             module  : virtual_module_23
     4.362    PREPROCESSOR     ELABORATE             	inputs  : 40
     4.362    PREPROCESSOR     ELABORATE             	outputs : 34
     4.362    PREPROCESSOR     ELABORATE             	wires   : 92
----------------------------------------------------------------------------------------------------
     4.362    PREPROCESSOR     ELABORATE             [1;32mSUCCESS[0m


  TIME [s]    SERVICE          CONFIGURATION         INFO: MODULE ELABORATION
----------------------------------------------------------------------------------------------------
     4.376    PREPROCESSOR     ELABORATE             module  : virtual_module_24
     4.376    PREPROCESSOR     ELABORATE             	inputs  : 40
     4.376    PREPROCESSOR     ELABORATE             	outputs : 34
     4.376    PREPROCESSOR     ELABORATE             	wires   : 92
----------------------------------------------------------------------------------------------------
     4.376    PREPROCESSOR     ELABORATE             [1;32mSUCCESS[0m


  TIME [s]    SERVICE          CONFIGURATION         INFO: MODULE ELABORATION
----------------------------------------------------------------------------------------------------
     4.390    PREPROCESSOR     ELABORATE             module  : virtual_module_25
     4.390    PREPROCESSOR     ELABORATE             	inputs  : 40
     4.390    PREPROCESSOR     ELABORATE             	outputs : 34
     4.390    PREPROCESSOR     ELABORATE             	wires   : 92
----------------------------------------------------------------------------------------------------
     4.390    PREPROCESSOR     ELABORATE             [1;32mSUCCESS[0m


  TIME [s]    SERVICE          CONFIGURATION         INFO: MODULE ELABORATION
----------------------------------------------------------------------------------------------------
     4.405    PREPROCESSOR     ELABORATE             module  : virtual_module_26
     4.405    PREPROCESSOR     ELABORATE             	inputs  : 40
     4.405    PREPROCESSOR     ELABORATE             	outputs : 34
     4.405    PREPROCESSOR     ELABORATE             	wires   : 92
----------------------------------------------------------------------------------------------------
     4.405    PREPROCESSOR     ELABORATE             [1;32mSUCCESS[0m


  TIME [s]    SERVICE          CONFIGURATION         INFO: MODULE ELABORATION
----------------------------------------------------------------------------------------------------
     4.419    PREPROCESSOR     ELABORATE             module  : virtual_module_27
     4.419    PREPROCESSOR     ELABORATE             	inputs  : 40
     4.419    PREPROCESSOR     ELABORATE             	outputs : 34
     4.419    PREPROCESSOR     ELABORATE             	wires   : 92
----------------------------------------------------------------------------------------------------
     4.419    PREPROCESSOR     ELABORATE             [1;32mSUCCESS[0m


  TIME [s]    SERVICE          CONFIGURATION         INFO: MODULE ELABORATION
----------------------------------------------------------------------------------------------------
     4.433    PREPROCESSOR     ELABORATE             module  : virtual_module_28
     4.433    PREPROCESSOR     ELABORATE             	inputs  : 40
     4.433    PREPROCESSOR     ELABORATE             	outputs : 34
     4.433    PREPROCESSOR     ELABORATE             	wires   : 92
----------------------------------------------------------------------------------------------------
     4.433    PREPROCESSOR     ELABORATE             [1;32mSUCCESS[0m


  TIME [s]    SERVICE          CONFIGURATION         INFO: MODULE ELABORATION
----------------------------------------------------------------------------------------------------
     4.447    PREPROCESSOR     ELABORATE             module  : virtual_module_29
     4.447    PREPROCESSOR     ELABORATE             	inputs  : 40
     4.447    PREPROCESSOR     ELABORATE             	outputs : 34
     4.447    PREPROCESSOR     ELABORATE             	wires   : 92
----------------------------------------------------------------------------------------------------
     4.447    PREPROCESSOR     ELABORATE             [1;32mSUCCESS[0m


  TIME [s]    SERVICE          CONFIGURATION         INFO: MODULE ELABORATION
----------------------------------------------------------------------------------------------------
     4.461    PREPROCESSOR     ELABORATE             module  : virtual_module_30
     4.461    PREPROCESSOR     ELABORATE             	inputs  : 40
     4.461    PREPROCESSOR     ELABORATE             	outputs : 34
     4.461    PREPROCESSOR     ELABORATE             	wires   : 92
----------------------------------------------------------------------------------------------------
     4.461    PREPROCESSOR     ELABORATE             [1;32mSUCCESS[0m


  TIME [s]    SERVICE          CONFIGURATION         INFO: MODULE ELABORATION
----------------------------------------------------------------------------------------------------
     4.475    PREPROCESSOR     ELABORATE             module  : virtual_module_31
     4.475    PREPROCESSOR     ELABORATE             	inputs  : 40
     4.475    PREPROCESSOR     ELABORATE             	outputs : 34
     4.475    PREPROCESSOR     ELABORATE             	wires   : 92
----------------------------------------------------------------------------------------------------
     4.475    PREPROCESSOR     ELABORATE             [1;32mSUCCESS[0m


  TIME [s]    SERVICE          CONFIGURATION         INFO: RANDOM PROBING
----------------------------------------------------------------------------------------------------
  1117.240    ANALYZER         FFT-INDIANA           leakage probability (stage 2) : 
  1117.240    ANALYZER         FFT-INDIANA           	max. probes  : 50
  1117.240    ANALYZER         FFT-INDIANA           	max. samples : 40
  1117.240    ANALYZER         FFT-INDIANA           	virtual_module_16 (min./max.) : 1.218211e-03 / 1.218211e-03
  1117.240    ANALYZER         FFT-INDIANA           	virtual_module_17 (min./max.) : 1.218211e-03 / 1.218211e-03
  1117.240    ANALYZER         FFT-INDIANA           	virtual_module_18 (min./max.) : 1.218211e-03 / 1.218211e-03
  1117.240    ANALYZER         FFT-INDIANA           	virtual_module_19 (min./max.) : 1.218211e-03 / 1.218211e-03
  1117.240    ANALYZER         FFT-INDIANA           	virtual_module_20 (min./max.) : 1.218211e-03 / 1.218211e-03
  1117.240    ANALYZER         FFT-INDIANA           	virtual_module_21 (min./max.) : 1.218211e-03 / 1.218211e-03
  1117.240    ANALYZER         FFT-INDIANA           	virtual_module_22 (min./max.) : 1.218211e-03 / 1.218211e-03
  1117.240    ANALYZER         FFT-INDIANA           	virtual_module_23 (min./max.) : 1.218211e-03 / 1.218211e-03
  1117.240    ANALYZER         FFT-INDIANA           	virtual_module_24 (min./max.) : 1.218211e-03 / 1.218211e-03
  1117.240    ANALYZER         FFT-INDIANA           	virtual_module_25 (min./max.) : 1.218211e-03 / 1.218211e-03
  1117.240    ANALYZER         FFT-INDIANA           	virtual_module_26 (min./max.) : 1.218211e-03 / 1.218211e-03
  1117.240    ANALYZER         FFT-INDIANA           	virtual_module_27 (min./max.) : 1.218211e-03 / 1.218211e-03
  1117.240    ANALYZER         FFT-INDIANA           	virtual_module_28 (min./max.) : 1.218211e-03 / 1.218211e-03
  1117.240    ANALYZER         FFT-INDIANA           	virtual_module_29 (min./max.) : 1.218211e-03 / 1.218211e-03
  1117.240    ANALYZER         FFT-INDIANA           	virtual_module_30 (min./max.) : 1.218211e-03 / 1.218211e-03
  1117.240    ANALYZER         FFT-INDIANA           	virtual_module_31 (min./max.) : 1.218211e-03 / 1.218211e-03
  1117.240    ANALYZER         FFT-INDIANA           total (min./max.): 1.931431e-02 / 1.931431e-02

  TIME [s]    SERVICE          CONFIGURATION         INFO: FREQUENCY UPDATE
----------------------------------------------------------------------------------------------------
  1117.240    ENVIRONMENT      INDIANA               [1;32mSUCCESS[0m

  TIME [s]    SERVICE          CONFIGURATION         INFO: FREQUENCY TRANSFER
----------------------------------------------------------------------------------------------------
  1117.393    ENVIRONMENT      INDIANA               [1;32mSUCCESS[0m

  TIME [s]    SERVICE          CONFIGURATION         INFO: MODULE ELABORATION
----------------------------------------------------------------------------------------------------
  1117.410    PREPROCESSOR     ELABORATE             module  : virtual_module_32
  1117.410    PREPROCESSOR     ELABORATE             	inputs  : 34
  1117.410    PREPROCESSOR     ELABORATE             	outputs : 22
  1117.410    PREPROCESSOR     ELABORATE             	wires   : 104
----------------------------------------------------------------------------------------------------
  1117.410    PREPROCESSOR     ELABORATE             [1;32mSUCCESS[0m


  TIME [s]    SERVICE          CONFIGURATION         INFO: MODULE ELABORATION
----------------------------------------------------------------------------------------------------
  1117.427    PREPROCESSOR     ELABORATE             module  : virtual_module_33
  1117.427    PREPROCESSOR     ELABORATE             	inputs  : 34
  1117.427    PREPROCESSOR     ELABORATE             	outputs : 22
  1117.427    PREPROCESSOR     ELABORATE             	wires   : 104
----------------------------------------------------------------------------------------------------
  1117.427    PREPROCESSOR     ELABORATE             [1;32mSUCCESS[0m


  TIME [s]    SERVICE          CONFIGURATION         INFO: MODULE ELABORATION
----------------------------------------------------------------------------------------------------
  1117.444    PREPROCESSOR     ELABORATE             module  : virtual_module_34
  1117.444    PREPROCESSOR     ELABORATE             	inputs  : 34
  1117.444    PREPROCESSOR     ELABORATE             	outputs : 22
  1117.444    PREPROCESSOR     ELABORATE             	wires   : 104
----------------------------------------------------------------------------------------------------
  1117.444    PREPROCESSOR     ELABORATE             [1;32mSUCCESS[0m


  TIME [s]    SERVICE          CONFIGURATION         INFO: MODULE ELABORATION
----------------------------------------------------------------------------------------------------
  1117.462    PREPROCESSOR     ELABORATE             module  : virtual_module_35
  1117.462    PREPROCESSOR     ELABORATE             	inputs  : 34
  1117.462    PREPROCESSOR     ELABORATE             	outputs : 22
  1117.462    PREPROCESSOR     ELABORATE             	wires   : 104
----------------------------------------------------------------------------------------------------
  1117.462    PREPROCESSOR     ELABORATE             [1;32mSUCCESS[0m


  TIME [s]    SERVICE          CONFIGURATION         INFO: MODULE ELABORATION
----------------------------------------------------------------------------------------------------
  1117.479    PREPROCESSOR     ELABORATE             module  : virtual_module_36
  1117.479    PREPROCESSOR     ELABORATE             	inputs  : 34
  1117.479    PREPROCESSOR     ELABORATE             	outputs : 22
  1117.479    PREPROCESSOR     ELABORATE             	wires   : 104
----------------------------------------------------------------------------------------------------
  1117.479    PREPROCESSOR     ELABORATE             [1;32mSUCCESS[0m


  TIME [s]    SERVICE          CONFIGURATION         INFO: MODULE ELABORATION
----------------------------------------------------------------------------------------------------
  1117.496    PREPROCESSOR     ELABORATE             module  : virtual_module_37
  1117.496    PREPROCESSOR     ELABORATE             	inputs  : 34
  1117.496    PREPROCESSOR     ELABORATE             	outputs : 22
  1117.496    PREPROCESSOR     ELABORATE             	wires   : 104
----------------------------------------------------------------------------------------------------
  1117.496    PREPROCESSOR     ELABORATE             [1;32mSUCCESS[0m


  TIME [s]    SERVICE          CONFIGURATION         INFO: MODULE ELABORATION
----------------------------------------------------------------------------------------------------
  1117.513    PREPROCESSOR     ELABORATE             module  : virtual_module_38
  1117.513    PREPROCESSOR     ELABORATE             	inputs  : 34
  1117.513    PREPROCESSOR     ELABORATE             	outputs : 22
  1117.513    PREPROCESSOR     ELABORATE             	wires   : 104
----------------------------------------------------------------------------------------------------
  1117.513    PREPROCESSOR     ELABORATE             [1;32mSUCCESS[0m


  TIME [s]    SERVICE          CONFIGURATION         INFO: MODULE ELABORATION
----------------------------------------------------------------------------------------------------
  1117.530    PREPROCESSOR     ELABORATE             module  : virtual_module_39
  1117.530    PREPROCESSOR     ELABORATE             	inputs  : 34
  1117.530    PREPROCESSOR     ELABORATE             	outputs : 22
  1117.530    PREPROCESSOR     ELABORATE             	wires   : 104
----------------------------------------------------------------------------------------------------
  1117.530    PREPROCESSOR     ELABORATE             [1;32mSUCCESS[0m


  TIME [s]    SERVICE          CONFIGURATION         INFO: MODULE ELABORATION
----------------------------------------------------------------------------------------------------
  1117.548    PREPROCESSOR     ELABORATE             module  : virtual_module_40
  1117.548    PREPROCESSOR     ELABORATE             	inputs  : 34
  1117.548    PREPROCESSOR     ELABORATE             	outputs : 22
  1117.548    PREPROCESSOR     ELABORATE             	wires   : 104
----------------------------------------------------------------------------------------------------
  1117.548    PREPROCESSOR     ELABORATE             [1;32mSUCCESS[0m


  TIME [s]    SERVICE          CONFIGURATION         INFO: MODULE ELABORATION
----------------------------------------------------------------------------------------------------
  1117.565    PREPROCESSOR     ELABORATE             module  : virtual_module_41
  1117.565    PREPROCESSOR     ELABORATE             	inputs  : 34
  1117.565    PREPROCESSOR     ELABORATE             	outputs : 22
  1117.565    PREPROCESSOR     ELABORATE             	wires   : 104
----------------------------------------------------------------------------------------------------
  1117.565    PREPROCESSOR     ELABORATE             [1;32mSUCCESS[0m


  TIME [s]    SERVICE          CONFIGURATION         INFO: MODULE ELABORATION
----------------------------------------------------------------------------------------------------
  1117.584    PREPROCESSOR     ELABORATE             module  : virtual_module_42
  1117.584    PREPROCESSOR     ELABORATE             	inputs  : 34
  1117.585    PREPROCESSOR     ELABORATE             	outputs : 22
  1117.585    PREPROCESSOR     ELABORATE             	wires   : 104
----------------------------------------------------------------------------------------------------
  1117.585    PREPROCESSOR     ELABORATE             [1;32mSUCCESS[0m


  TIME [s]    SERVICE          CONFIGURATION         INFO: MODULE ELABORATION
----------------------------------------------------------------------------------------------------
  1117.602    PREPROCESSOR     ELABORATE             module  : virtual_module_43
  1117.602    PREPROCESSOR     ELABORATE             	inputs  : 34
  1117.602    PREPROCESSOR     ELABORATE             	outputs : 22
  1117.602    PREPROCESSOR     ELABORATE             	wires   : 104
----------------------------------------------------------------------------------------------------
  1117.602    PREPROCESSOR     ELABORATE             [1;32mSUCCESS[0m


  TIME [s]    SERVICE          CONFIGURATION         INFO: MODULE ELABORATION
----------------------------------------------------------------------------------------------------
  1117.620    PREPROCESSOR     ELABORATE             module  : virtual_module_44
  1117.620    PREPROCESSOR     ELABORATE             	inputs  : 34
  1117.620    PREPROCESSOR     ELABORATE             	outputs : 22
  1117.620    PREPROCESSOR     ELABORATE             	wires   : 104
----------------------------------------------------------------------------------------------------
  1117.620    PREPROCESSOR     ELABORATE             [1;32mSUCCESS[0m


  TIME [s]    SERVICE          CONFIGURATION         INFO: MODULE ELABORATION
----------------------------------------------------------------------------------------------------
  1117.637    PREPROCESSOR     ELABORATE             module  : virtual_module_45
  1117.637    PREPROCESSOR     ELABORATE             	inputs  : 34
  1117.637    PREPROCESSOR     ELABORATE             	outputs : 22
  1117.637    PREPROCESSOR     ELABORATE             	wires   : 104
----------------------------------------------------------------------------------------------------
  1117.637    PREPROCESSOR     ELABORATE             [1;32mSUCCESS[0m


  TIME [s]    SERVICE          CONFIGURATION         INFO: MODULE ELABORATION
----------------------------------------------------------------------------------------------------
  1117.655    PREPROCESSOR     ELABORATE             module  : virtual_module_46
  1117.655    PREPROCESSOR     ELABORATE             	inputs  : 34
  1117.655    PREPROCESSOR     ELABORATE             	outputs : 22
  1117.655    PREPROCESSOR     ELABORATE             	wires   : 104
----------------------------------------------------------------------------------------------------
  1117.655    PREPROCESSOR     ELABORATE             [1;32mSUCCESS[0m


  TIME [s]    SERVICE          CONFIGURATION         INFO: MODULE ELABORATION
----------------------------------------------------------------------------------------------------
  1117.672    PREPROCESSOR     ELABORATE             module  : virtual_module_47
  1117.672    PREPROCESSOR     ELABORATE             	inputs  : 34
  1117.672    PREPROCESSOR     ELABORATE             	outputs : 22
  1117.672    PREPROCESSOR     ELABORATE             	wires   : 104
----------------------------------------------------------------------------------------------------
  1117.672    PREPROCESSOR     ELABORATE             [1;32mSUCCESS[0m


  TIME [s]    SERVICE          CONFIGURATION         INFO: RANDOM PROBING
----------------------------------------------------------------------------------------------------
  1993.762    ANALYZER         FFT-INDIANA           leakage probability (stage 3) : 
  1993.762    ANALYZER         FFT-INDIANA           	max. probes  : 50
  1993.762    ANALYZER         FFT-INDIANA           	max. samples : 40
  1993.762    ANALYZER         FFT-INDIANA           	virtual_module_32 (min./max.) : 5.097609e-03 / 5.179734e-03
  1993.762    ANALYZER         FFT-INDIANA           	virtual_module_33 (min./max.) : 5.097612e-03 / 5.196562e-03
  1993.762    ANALYZER         FFT-INDIANA           	virtual_module_34 (min./max.) : 5.097634e-03 / 5.188573e-03
  1993.762    ANALYZER         FFT-INDIANA           	virtual_module_35 (min./max.) : 5.097614e-03 / 5.199199e-03
  1993.762    ANALYZER         FFT-INDIANA           	virtual_module_36 (min./max.) : 5.097549e-03 / 5.204173e-03
  1993.762    ANALYZER         FFT-INDIANA           	virtual_module_37 (min./max.) : 5.097614e-03 / 5.190399e-03
  1993.762    ANALYZER         FFT-INDIANA           	virtual_module_38 (min./max.) : 5.097686e-03 / 5.197266e-03
  1993.762    ANALYZER         FFT-INDIANA           	virtual_module_39 (min./max.) : 5.097590e-03 / 5.182961e-03
  1993.762    ANALYZER         FFT-INDIANA           	virtual_module_40 (min./max.) : 5.097699e-03 / 5.214055e-03
  1993.762    ANALYZER         FFT-INDIANA           	virtual_module_41 (min./max.) : 5.097726e-03 / 5.185646e-03
  1993.762    ANALYZER         FFT-INDIANA           	virtual_module_42 (min./max.) : 5.097660e-03 / 5.174290e-03
  1993.762    ANALYZER         FFT-INDIANA           	virtual_module_43 (min./max.) : 5.097609e-03 / 5.190736e-03
  1993.762    ANALYZER         FFT-INDIANA           	virtual_module_44 (min./max.) : 5.097712e-03 / 5.180124e-03
  1993.762    ANALYZER         FFT-INDIANA           	virtual_module_45 (min./max.) : 5.097657e-03 / 5.178976e-03
  1993.762    ANALYZER         FFT-INDIANA           	virtual_module_46 (min./max.) : 5.097725e-03 / 5.190106e-03
  1993.762    ANALYZER         FFT-INDIANA           	virtual_module_47 (min./max.) : 5.097590e-03 / 5.207544e-03
  1993.762    ANALYZER         FFT-INDIANA           total (min./max.): 7.851694e-02 / 7.990347e-02

  TIME [s]    SERVICE          CONFIGURATION         INFO: FREQUENCY UPDATE
----------------------------------------------------------------------------------------------------
  1993.762    ENVIRONMENT      INDIANA               [1;32mSUCCESS[0m

  TIME [s]    SERVICE          CONFIGURATION         INFO: FREQUENCY TRANSFER
----------------------------------------------------------------------------------------------------
  1993.869    ENVIRONMENT      INDIANA               [1;32mSUCCESS[0m

  TIME [s]    SERVICE          CONFIGURATION         INFO: MODULE ELABORATION
----------------------------------------------------------------------------------------------------
  1993.881    PREPROCESSOR     ELABORATE             module  : virtual_module_48
  1993.881    PREPROCESSOR     ELABORATE             	inputs  : 22
  1993.881    PREPROCESSOR     ELABORATE             	outputs : 8
  1993.881    PREPROCESSOR     ELABORATE             	wires   : 60
----------------------------------------------------------------------------------------------------
  1993.881    PREPROCESSOR     ELABORATE             [1;32mSUCCESS[0m


  TIME [s]    SERVICE          CONFIGURATION         INFO: MODULE ELABORATION
----------------------------------------------------------------------------------------------------
  1993.893    PREPROCESSOR     ELABORATE             module  : virtual_module_49
  1993.893    PREPROCESSOR     ELABORATE             	inputs  : 22
  1993.893    PREPROCESSOR     ELABORATE             	outputs : 8
  1993.893    PREPROCESSOR     ELABORATE             	wires   : 60
----------------------------------------------------------------------------------------------------
  1993.893    PREPROCESSOR     ELABORATE             [1;32mSUCCESS[0m


  TIME [s]    SERVICE          CONFIGURATION         INFO: MODULE ELABORATION
----------------------------------------------------------------------------------------------------
  1993.905    PREPROCESSOR     ELABORATE             module  : virtual_module_50
  1993.905    PREPROCESSOR     ELABORATE             	inputs  : 22
  1993.905    PREPROCESSOR     ELABORATE             	outputs : 8
  1993.905    PREPROCESSOR     ELABORATE             	wires   : 60
----------------------------------------------------------------------------------------------------
  1993.905    PREPROCESSOR     ELABORATE             [1;32mSUCCESS[0m


  TIME [s]    SERVICE          CONFIGURATION         INFO: MODULE ELABORATION
----------------------------------------------------------------------------------------------------
  1993.917    PREPROCESSOR     ELABORATE             module  : virtual_module_51
  1993.917    PREPROCESSOR     ELABORATE             	inputs  : 22
  1993.917    PREPROCESSOR     ELABORATE             	outputs : 8
  1993.917    PREPROCESSOR     ELABORATE             	wires   : 60
----------------------------------------------------------------------------------------------------
  1993.917    PREPROCESSOR     ELABORATE             [1;32mSUCCESS[0m


  TIME [s]    SERVICE          CONFIGURATION         INFO: MODULE ELABORATION
----------------------------------------------------------------------------------------------------
  1993.929    PREPROCESSOR     ELABORATE             module  : virtual_module_52
  1993.929    PREPROCESSOR     ELABORATE             	inputs  : 22
  1993.929    PREPROCESSOR     ELABORATE             	outputs : 8
  1993.929    PREPROCESSOR     ELABORATE             	wires   : 60
----------------------------------------------------------------------------------------------------
  1993.929    PREPROCESSOR     ELABORATE             [1;32mSUCCESS[0m


  TIME [s]    SERVICE          CONFIGURATION         INFO: MODULE ELABORATION
----------------------------------------------------------------------------------------------------
  1993.941    PREPROCESSOR     ELABORATE             module  : virtual_module_53
  1993.941    PREPROCESSOR     ELABORATE             	inputs  : 22
  1993.941    PREPROCESSOR     ELABORATE             	outputs : 8
  1993.941    PREPROCESSOR     ELABORATE             	wires   : 60
----------------------------------------------------------------------------------------------------
  1993.941    PREPROCESSOR     ELABORATE             [1;32mSUCCESS[0m


  TIME [s]    SERVICE          CONFIGURATION         INFO: MODULE ELABORATION
----------------------------------------------------------------------------------------------------
  1993.952    PREPROCESSOR     ELABORATE             module  : virtual_module_54
  1993.952    PREPROCESSOR     ELABORATE             	inputs  : 22
  1993.952    PREPROCESSOR     ELABORATE             	outputs : 8
  1993.952    PREPROCESSOR     ELABORATE             	wires   : 60
----------------------------------------------------------------------------------------------------
  1993.952    PREPROCESSOR     ELABORATE             [1;32mSUCCESS[0m


  TIME [s]    SERVICE          CONFIGURATION         INFO: MODULE ELABORATION
----------------------------------------------------------------------------------------------------
  1993.964    PREPROCESSOR     ELABORATE             module  : virtual_module_55
  1993.964    PREPROCESSOR     ELABORATE             	inputs  : 22
  1993.964    PREPROCESSOR     ELABORATE             	outputs : 8
  1993.964    PREPROCESSOR     ELABORATE             	wires   : 60
----------------------------------------------------------------------------------------------------
  1993.964    PREPROCESSOR     ELABORATE             [1;32mSUCCESS[0m


  TIME [s]    SERVICE          CONFIGURATION         INFO: MODULE ELABORATION
----------------------------------------------------------------------------------------------------
  1993.976    PREPROCESSOR     ELABORATE             module  : virtual_module_56
  1993.976    PREPROCESSOR     ELABORATE             	inputs  : 22
  1993.976    PREPROCESSOR     ELABORATE             	outputs : 8
  1993.976    PREPROCESSOR     ELABORATE             	wires   : 60
----------------------------------------------------------------------------------------------------
  1993.976    PREPROCESSOR     ELABORATE             [1;32mSUCCESS[0m


  TIME [s]    SERVICE          CONFIGURATION         INFO: MODULE ELABORATION
----------------------------------------------------------------------------------------------------
  1993.987    PREPROCESSOR     ELABORATE             module  : virtual_module_57
  1993.987    PREPROCESSOR     ELABORATE             	inputs  : 22
  1993.987    PREPROCESSOR     ELABORATE             	outputs : 8
  1993.987    PREPROCESSOR     ELABORATE             	wires   : 60
----------------------------------------------------------------------------------------------------
  1993.987    PREPROCESSOR     ELABORATE             [1;32mSUCCESS[0m


  TIME [s]    SERVICE          CONFIGURATION         INFO: MODULE ELABORATION
----------------------------------------------------------------------------------------------------
  1993.999    PREPROCESSOR     ELABORATE             module  : virtual_module_58
  1993.999    PREPROCESSOR     ELABORATE             	inputs  : 22
  1993.999    PREPROCESSOR     ELABORATE             	outputs : 8
  1993.999    PREPROCESSOR     ELABORATE             	wires   : 60
----------------------------------------------------------------------------------------------------
  1993.999    PREPROCESSOR     ELABORATE             [1;32mSUCCESS[0m


  TIME [s]    SERVICE          CONFIGURATION         INFO: MODULE ELABORATION
----------------------------------------------------------------------------------------------------
  1994.011    PREPROCESSOR     ELABORATE             module  : virtual_module_59
  1994.011    PREPROCESSOR     ELABORATE             	inputs  : 22
  1994.011    PREPROCESSOR     ELABORATE             	outputs : 8
  1994.011    PREPROCESSOR     ELABORATE             	wires   : 60
----------------------------------------------------------------------------------------------------
  1994.011    PREPROCESSOR     ELABORATE             [1;32mSUCCESS[0m


  TIME [s]    SERVICE          CONFIGURATION         INFO: MODULE ELABORATION
----------------------------------------------------------------------------------------------------
  1994.023    PREPROCESSOR     ELABORATE             module  : virtual_module_60
  1994.023    PREPROCESSOR     ELABORATE             	inputs  : 22
  1994.023    PREPROCESSOR     ELABORATE             	outputs : 8
  1994.023    PREPROCESSOR     ELABORATE             	wires   : 60
----------------------------------------------------------------------------------------------------
  1994.023    PREPROCESSOR     ELABORATE             [1;32mSUCCESS[0m


  TIME [s]    SERVICE          CONFIGURATION         INFO: MODULE ELABORATION
----------------------------------------------------------------------------------------------------
  1994.035    PREPROCESSOR     ELABORATE             module  : virtual_module_61
  1994.035    PREPROCESSOR     ELABORATE             	inputs  : 22
  1994.035    PREPROCESSOR     ELABORATE             	outputs : 8
  1994.035    PREPROCESSOR     ELABORATE             	wires   : 60
----------------------------------------------------------------------------------------------------
  1994.035    PREPROCESSOR     ELABORATE             [1;32mSUCCESS[0m


  TIME [s]    SERVICE          CONFIGURATION         INFO: MODULE ELABORATION
----------------------------------------------------------------------------------------------------
  1994.046    PREPROCESSOR     ELABORATE             module  : virtual_module_62
  1994.046    PREPROCESSOR     ELABORATE             	inputs  : 22
  1994.046    PREPROCESSOR     ELABORATE             	outputs : 8
  1994.046    PREPROCESSOR     ELABORATE             	wires   : 60
----------------------------------------------------------------------------------------------------
  1994.046    PREPROCESSOR     ELABORATE             [1;32mSUCCESS[0m


  TIME [s]    SERVICE          CONFIGURATION         INFO: MODULE ELABORATION
----------------------------------------------------------------------------------------------------
  1994.057    PREPROCESSOR     ELABORATE             module  : virtual_module_63
  1994.057    PREPROCESSOR     ELABORATE             	inputs  : 22
  1994.057    PREPROCESSOR     ELABORATE             	outputs : 8
  1994.057    PREPROCESSOR     ELABORATE             	wires   : 60
----------------------------------------------------------------------------------------------------
  1994.057    PREPROCESSOR     ELABORATE             [1;32mSUCCESS[0m


  TIME [s]    SERVICE          CONFIGURATION         INFO: RANDOM PROBING
----------------------------------------------------------------------------------------------------
  2096.961    ANALYZER         FFT-INDIANA           leakage probability (stage 4) : 
  2096.961    ANALYZER         FFT-INDIANA           	max. probes  : 50
  2096.961    ANALYZER         FFT-INDIANA           	max. samples : 40
  2096.961    ANALYZER         FFT-INDIANA           	virtual_module_48 (min./max.) : 4.060025e-03 / 4.060025e-03
  2096.961    ANALYZER         FFT-INDIANA           	virtual_module_49 (min./max.) : 4.060025e-03 / 4.060025e-03
  2096.961    ANALYZER         FFT-INDIANA           	virtual_module_50 (min./max.) : 4.060025e-03 / 4.060025e-03
  2096.961    ANALYZER         FFT-INDIANA           	virtual_module_51 (min./max.) : 4.060025e-03 / 4.060025e-03
  2096.961    ANALYZER         FFT-INDIANA           	virtual_module_52 (min./max.) : 4.060025e-03 / 4.060025e-03
  2096.961    ANALYZER         FFT-INDIANA           	virtual_module_53 (min./max.) : 4.060025e-03 / 4.060025e-03
  2096.961    ANALYZER         FFT-INDIANA           	virtual_module_54 (min./max.) : 4.060025e-03 / 4.060025e-03
  2096.961    ANALYZER         FFT-INDIANA           	virtual_module_55 (min./max.) : 4.060025e-03 / 4.060025e-03
  2096.961    ANALYZER         FFT-INDIANA           	virtual_module_56 (min./max.) : 4.060025e-03 / 4.060025e-03
  2096.961    ANALYZER         FFT-INDIANA           	virtual_module_57 (min./max.) : 4.060025e-03 / 4.060025e-03
  2096.961    ANALYZER         FFT-INDIANA           	virtual_module_58 (min./max.) : 4.060025e-03 / 4.060025e-03
  2096.961    ANALYZER         FFT-INDIANA           	virtual_module_59 (min./max.) : 4.060025e-03 / 4.060025e-03
  2096.961    ANALYZER         FFT-INDIANA           	virtual_module_60 (min./max.) : 4.060025e-03 / 4.060025e-03
  2096.961    ANALYZER         FFT-INDIANA           	virtual_module_61 (min./max.) : 4.060025e-03 / 4.060025e-03
  2096.961    ANALYZER         FFT-INDIANA           	virtual_module_62 (min./max.) : 4.060025e-03 / 4.060025e-03
  2096.961    ANALYZER         FFT-INDIANA           	virtual_module_63 (min./max.) : 4.060025e-03 / 4.060025e-03
  2096.961    ANALYZER         FFT-INDIANA           total (min./max.): 6.301933e-02 / 6.301933e-02

  TIME [s]    SERVICE          CONFIGURATION         INFO: FREQUENCY UPDATE
----------------------------------------------------------------------------------------------------
  2096.961    ENVIRONMENT      INDIANA               [1;32mSUCCESS[0m

  TIME [s]    SERVICE          CONFIGURATION         INFO
----------------------------------------------------------------------------------------------------
  2096.963    VERICA           SCA                   DONE!
