----------------------------------------------------------------------------------------------------
                              INDIANA -- INDISTINGUISHABILITY ANALYSIS                              

                              INDIANA -- INDISTINGUISHABILITY ANALYSIS                              

                                      Ruhr-Universität Bochum                                      
                              Pascal Sasdrich (pascal.sasdrich@rub.de)                              
                        Jan Richter-Brockmann (jan.richter-brockmann@rub.de)                        

                                         Copyright (c) 2025                                         
                                           Pascal Sasdrich                                          
                                        Jan Richter-Brockmann                                       

                                         All rights reserved                                       
----------------------------------------------------------------------------------------------------


  TIME [s]    SERVICE          CONFIGURATION         INFO: CELL LIBRARY
----------------------------------------------------------------------------------------------------
     0.001    PARSER           CELLLIB               source: cell/nang45.txt
     0.001    PARSER           CELLLIB               Parsed cell library with 14 gate type(s). 
----------------------------------------------------------------------------------------------------
     0.001    PARSER           CELLLIB               [1;32mSUCCESS[0m


  TIME [s]    SERVICE          CONFIGURATION         INFO: DESIGN UNDER TEST
----------------------------------------------------------------------------------------------------
     3.524    PARSER           VERILOG               source: ./test/indistinguishability/case-studies-paper/present/present-single-round-hpc2-d1.v
     3.524    PARSER           VERILOG               	module(s) : 1
     3.524    PARSER           VERILOG               	gate(s)   : 3088
     3.524    PARSER           VERILOG               	 - comb.  : 1552
     3.524    PARSER           VERILOG               	 - seq.   : 1536
     3.524    PARSER           VERILOG               	wire(s)   : 3441
     3.524    PARSER           VERILOG               	pin(s)    : 11139
     3.524    PARSER           VERILOG               WARNING: detected 1506 unconnected pins!
----------------------------------------------------------------------------------------------------
     3.524    PARSER           VERILOG               [1;32mSUCCESS[0m


  TIME [s]    SERVICE          CONFIGURATION         INFO: ANNOTATIONS
----------------------------------------------------------------------------------------------------
     3.527    PREPROCESSOR     ANNOTATION            1 input wire was tagged as clock input.
     3.527    PREPROCESSOR     ANNOTATION            0 input wires were tagged as control inputs.
     3.527    PREPROCESSOR     ANNOTATION            64 input wires were tagged as refresh inputs.
     3.527    PREPROCESSOR     ANNOTATION            0 output wires were tagged as error flags.
     3.527    PREPROCESSOR     ANNOTATION            0 input wires were tagged with PIIDs.
     3.527    PREPROCESSOR     ANNOTATION            384 wires were tagged with a share domain.
     3.527    PREPROCESSOR     ANNOTATION            384 wires were tagged with a share index.
     3.527    PREPROCESSOR     ANNOTATION            0 wires were tagged with a fault domain.
----------------------------------------------------------------------------------------------------
     3.527    PREPROCESSOR     ANNOTATION            [1;32mSUCCESS[0m


  TIME [s]    SERVICE          CONFIGURATION         INFO: FILTERING
----------------------------------------------------------------------------------------------------
     3.529    PREPROCESSOR     FILTERING             Filtering for side-channel verification is disabled!
     3.529    PREPROCESSOR     FILTERING             Filtering for fault-injection verification is disabled!
----------------------------------------------------------------------------------------------------
     3.529    PREPROCESSOR     FILTERING             [1;32mSUCCESS[0m


  TIME [s]    SERVICE          CONFIGURATION         INFO
----------------------------------------------------------------------------------------------------
     3.529    PREPROCESSOR     MULTI-THREADING       cores: 16
     3.529    PREPROCESSOR     MULTI-THREADING       memory: 0 GB
     3.529    PREPROCESSOR     MULTI-THREADING       reordering: disabled
----------------------------------------------------------------------------------------------------
     3.529    PREPROCESSOR     MULTI-THREADING       [1;32mSUCCESS[0m


  TIME [s]    SERVICE          CONFIGURATION         INFO: MODEL POSTPROCESSING
----------------------------------------------------------------------------------------------------
     3.544    PREPROCESSOR     MODEL POSTPROCESSING  Removed clock tree from netlist (1 wire was removed).
     3.544    PREPROCESSOR     MODEL POSTPROCESSING  No control signals were found.
     3.544    PREPROCESSOR     MODEL POSTPROCESSING  Removed 1506 unconnected pins.
     3.544    PREPROCESSOR     MODEL POSTPROCESSING  Removed 0 unconnected wires.
----------------------------------------------------------------------------------------------------
     3.544    PREPROCESSOR     MODEL POSTPROCESSING  [1;32mSUCCESS[0m


  TIME [s]    SERVICE          CONFIGURATION         INFO: PROPERTIES
----------------------------------------------------------------------------------------------------
     3.622    PREPROCESSOR     MODEL PROPERTIES      Determined 128 shared inputs.
     3.622    PREPROCESSOR     MODEL PROPERTIES      	Minimum number of shares: 2
     3.622    PREPROCESSOR     MODEL PROPERTIES      Identified stage(s): 
     3.622    PREPROCESSOR     MODEL PROPERTIES      	logic    : 4
     3.622    PREPROCESSOR     MODEL PROPERTIES      	register : 3
----------------------------------------------------------------------------------------------------
     3.622    PREPROCESSOR     MODEL PROPERTIES      [1;32mSUCCESS[0m


  TIME [s]    SERVICE          CONFIGURATION         INFO: PARTITIONER
----------------------------------------------------------------------------------------------------
     3.782    PARTITIONER      BREADTH+DEPTH         Identified 64 partitions.
----------------------------------------------------------------------------------------------------
     3.782    PARTITIONER      BREADTH+DEPTH         [1;32mSUCCESS[0m


  TIME [s]    SERVICE          CONFIGURATION         INFO: Configure FIA
----------------------------------------------------------------------------------------------------
     3.782    PREPROCESSOR     FIA                   FIA preprocessor is disabled!
----------------------------------------------------------------------------------------------------
     3.782    PREPROCESSOR     FIA                   [1;32mSUCCESS[0m


  TIME [s]    SERVICE          CONFIGURATION         INFO: Configure SCA
----------------------------------------------------------------------------------------------------
     3.783    PREPROCESSOR     SCA                   Determined 1664 probe positions.
     3.783    PREPROCESSOR     SCA                   Determined 0 probe combinations.
----------------------------------------------------------------------------------------------------
     3.783    PREPROCESSOR     SCA                   [1;32mSUCCESS[0m


  TIME [s]    SERVICE          CONFIGURATION         INFO: MODULE ELABORATION
----------------------------------------------------------------------------------------------------
     3.819    PREPROCESSOR     ELABORATE             module  : virtual_module_0
     3.819    PREPROCESSOR     ELABORATE             	inputs  : 20
     3.819    PREPROCESSOR     ELABORATE             	outputs : 40
     3.819    PREPROCESSOR     ELABORATE             	wires   : 55
----------------------------------------------------------------------------------------------------
     3.819    PREPROCESSOR     ELABORATE             [1;32mSUCCESS[0m


  TIME [s]    SERVICE          CONFIGURATION         INFO: MODULE ELABORATION
----------------------------------------------------------------------------------------------------
     3.820    PREPROCESSOR     ELABORATE             module  : virtual_module_1
     3.820    PREPROCESSOR     ELABORATE             	inputs  : 20
     3.820    PREPROCESSOR     ELABORATE             	outputs : 40
     3.820    PREPROCESSOR     ELABORATE             	wires   : 55
----------------------------------------------------------------------------------------------------
     3.820    PREPROCESSOR     ELABORATE             [1;32mSUCCESS[0m


  TIME [s]    SERVICE          CONFIGURATION         INFO: MODULE ELABORATION
----------------------------------------------------------------------------------------------------
     3.820    PREPROCESSOR     ELABORATE             module  : virtual_module_2
     3.820    PREPROCESSOR     ELABORATE             	inputs  : 20
     3.820    PREPROCESSOR     ELABORATE             	outputs : 40
     3.820    PREPROCESSOR     ELABORATE             	wires   : 55
----------------------------------------------------------------------------------------------------
     3.820    PREPROCESSOR     ELABORATE             [1;32mSUCCESS[0m


  TIME [s]    SERVICE          CONFIGURATION         INFO: MODULE ELABORATION
----------------------------------------------------------------------------------------------------
     3.821    PREPROCESSOR     ELABORATE             module  : virtual_module_3
     3.821    PREPROCESSOR     ELABORATE             	inputs  : 20
     3.821    PREPROCESSOR     ELABORATE             	outputs : 40
     3.821    PREPROCESSOR     ELABORATE             	wires   : 55
----------------------------------------------------------------------------------------------------
     3.821    PREPROCESSOR     ELABORATE             [1;32mSUCCESS[0m


  TIME [s]    SERVICE          CONFIGURATION         INFO: MODULE ELABORATION
----------------------------------------------------------------------------------------------------
     3.821    PREPROCESSOR     ELABORATE             module  : virtual_module_4
     3.821    PREPROCESSOR     ELABORATE             	inputs  : 20
     3.821    PREPROCESSOR     ELABORATE             	outputs : 40
     3.821    PREPROCESSOR     ELABORATE             	wires   : 55
----------------------------------------------------------------------------------------------------
     3.821    PREPROCESSOR     ELABORATE             [1;32mSUCCESS[0m


  TIME [s]    SERVICE          CONFIGURATION         INFO: MODULE ELABORATION
----------------------------------------------------------------------------------------------------
     3.822    PREPROCESSOR     ELABORATE             module  : virtual_module_5
     3.822    PREPROCESSOR     ELABORATE             	inputs  : 20
     3.822    PREPROCESSOR     ELABORATE             	outputs : 40
     3.822    PREPROCESSOR     ELABORATE             	wires   : 55
----------------------------------------------------------------------------------------------------
     3.822    PREPROCESSOR     ELABORATE             [1;32mSUCCESS[0m


  TIME [s]    SERVICE          CONFIGURATION         INFO: MODULE ELABORATION
----------------------------------------------------------------------------------------------------
     3.822    PREPROCESSOR     ELABORATE             module  : virtual_module_6
     3.822    PREPROCESSOR     ELABORATE             	inputs  : 20
     3.822    PREPROCESSOR     ELABORATE             	outputs : 40
     3.822    PREPROCESSOR     ELABORATE             	wires   : 55
----------------------------------------------------------------------------------------------------
     3.823    PREPROCESSOR     ELABORATE             [1;32mSUCCESS[0m


  TIME [s]    SERVICE          CONFIGURATION         INFO: MODULE ELABORATION
----------------------------------------------------------------------------------------------------
     3.823    PREPROCESSOR     ELABORATE             module  : virtual_module_7
     3.823    PREPROCESSOR     ELABORATE             	inputs  : 20
     3.823    PREPROCESSOR     ELABORATE             	outputs : 40
     3.823    PREPROCESSOR     ELABORATE             	wires   : 55
----------------------------------------------------------------------------------------------------
     3.823    PREPROCESSOR     ELABORATE             [1;32mSUCCESS[0m


  TIME [s]    SERVICE          CONFIGURATION         INFO: MODULE ELABORATION
----------------------------------------------------------------------------------------------------
     3.824    PREPROCESSOR     ELABORATE             module  : virtual_module_8
     3.824    PREPROCESSOR     ELABORATE             	inputs  : 20
     3.824    PREPROCESSOR     ELABORATE             	outputs : 40
     3.824    PREPROCESSOR     ELABORATE             	wires   : 55
----------------------------------------------------------------------------------------------------
     3.824    PREPROCESSOR     ELABORATE             [1;32mSUCCESS[0m


  TIME [s]    SERVICE          CONFIGURATION         INFO: MODULE ELABORATION
----------------------------------------------------------------------------------------------------
     3.824    PREPROCESSOR     ELABORATE             module  : virtual_module_9
     3.824    PREPROCESSOR     ELABORATE             	inputs  : 20
     3.824    PREPROCESSOR     ELABORATE             	outputs : 40
     3.824    PREPROCESSOR     ELABORATE             	wires   : 55
----------------------------------------------------------------------------------------------------
     3.824    PREPROCESSOR     ELABORATE             [1;32mSUCCESS[0m


  TIME [s]    SERVICE          CONFIGURATION         INFO: MODULE ELABORATION
----------------------------------------------------------------------------------------------------
     3.825    PREPROCESSOR     ELABORATE             module  : virtual_module_10
     3.825    PREPROCESSOR     ELABORATE             	inputs  : 20
     3.825    PREPROCESSOR     ELABORATE             	outputs : 40
     3.825    PREPROCESSOR     ELABORATE             	wires   : 55
----------------------------------------------------------------------------------------------------
     3.825    PREPROCESSOR     ELABORATE             [1;32mSUCCESS[0m


  TIME [s]    SERVICE          CONFIGURATION         INFO: MODULE ELABORATION
----------------------------------------------------------------------------------------------------
     3.825    PREPROCESSOR     ELABORATE             module  : virtual_module_11
     3.825    PREPROCESSOR     ELABORATE             	inputs  : 20
     3.825    PREPROCESSOR     ELABORATE             	outputs : 40
     3.825    PREPROCESSOR     ELABORATE             	wires   : 55
----------------------------------------------------------------------------------------------------
     3.825    PREPROCESSOR     ELABORATE             [1;32mSUCCESS[0m


  TIME [s]    SERVICE          CONFIGURATION         INFO: MODULE ELABORATION
----------------------------------------------------------------------------------------------------
     3.826    PREPROCESSOR     ELABORATE             module  : virtual_module_12
     3.826    PREPROCESSOR     ELABORATE             	inputs  : 20
     3.826    PREPROCESSOR     ELABORATE             	outputs : 40
     3.826    PREPROCESSOR     ELABORATE             	wires   : 55
----------------------------------------------------------------------------------------------------
     3.826    PREPROCESSOR     ELABORATE             [1;32mSUCCESS[0m


  TIME [s]    SERVICE          CONFIGURATION         INFO: MODULE ELABORATION
----------------------------------------------------------------------------------------------------
     3.826    PREPROCESSOR     ELABORATE             module  : virtual_module_13
     3.826    PREPROCESSOR     ELABORATE             	inputs  : 20
     3.826    PREPROCESSOR     ELABORATE             	outputs : 40
     3.826    PREPROCESSOR     ELABORATE             	wires   : 55
----------------------------------------------------------------------------------------------------
     3.826    PREPROCESSOR     ELABORATE             [1;32mSUCCESS[0m


  TIME [s]    SERVICE          CONFIGURATION         INFO: MODULE ELABORATION
----------------------------------------------------------------------------------------------------
     3.827    PREPROCESSOR     ELABORATE             module  : virtual_module_14
     3.827    PREPROCESSOR     ELABORATE             	inputs  : 20
     3.827    PREPROCESSOR     ELABORATE             	outputs : 40
     3.827    PREPROCESSOR     ELABORATE             	wires   : 55
----------------------------------------------------------------------------------------------------
     3.827    PREPROCESSOR     ELABORATE             [1;32mSUCCESS[0m


  TIME [s]    SERVICE          CONFIGURATION         INFO: MODULE ELABORATION
----------------------------------------------------------------------------------------------------
     3.827    PREPROCESSOR     ELABORATE             module  : virtual_module_15
     3.827    PREPROCESSOR     ELABORATE             	inputs  : 20
     3.827    PREPROCESSOR     ELABORATE             	outputs : 40
     3.827    PREPROCESSOR     ELABORATE             	wires   : 55
----------------------------------------------------------------------------------------------------
     3.828    PREPROCESSOR     ELABORATE             [1;32mSUCCESS[0m


  TIME [s]    SERVICE          CONFIGURATION         INFO: RANDOM PROBING
----------------------------------------------------------------------------------------------------
     4.114    ANALYZER         FFT-INDIANA           leakage probability (stage 1) : 
     4.114    ANALYZER         FFT-INDIANA           	max. probes  : 80
     4.114    ANALYZER         FFT-INDIANA           	max. samples : 20
     4.114    ANALYZER         FFT-INDIANA           	virtual_module_0 (min./max.) : 8.026586e-04 / 8.026586e-04
     4.114    ANALYZER         FFT-INDIANA           	virtual_module_1 (min./max.) : 8.026586e-04 / 8.026586e-04
     4.114    ANALYZER         FFT-INDIANA           	virtual_module_2 (min./max.) : 8.026586e-04 / 8.026586e-04
     4.114    ANALYZER         FFT-INDIANA           	virtual_module_3 (min./max.) : 8.026586e-04 / 8.026586e-04
     4.114    ANALYZER         FFT-INDIANA           	virtual_module_4 (min./max.) : 8.026586e-04 / 8.026586e-04
     4.114    ANALYZER         FFT-INDIANA           	virtual_module_5 (min./max.) : 8.026586e-04 / 8.026586e-04
     4.114    ANALYZER         FFT-INDIANA           	virtual_module_6 (min./max.) : 8.026586e-04 / 8.026586e-04
     4.114    ANALYZER         FFT-INDIANA           	virtual_module_7 (min./max.) : 8.026586e-04 / 8.026586e-04
     4.114    ANALYZER         FFT-INDIANA           	virtual_module_8 (min./max.) : 8.026586e-04 / 8.026586e-04
     4.114    ANALYZER         FFT-INDIANA           	virtual_module_9 (min./max.) : 8.026586e-04 / 8.026586e-04
     4.114    ANALYZER         FFT-INDIANA           	virtual_module_10 (min./max.) : 8.026586e-04 / 8.026586e-04
     4.114    ANALYZER         FFT-INDIANA           	virtual_module_11 (min./max.) : 8.026586e-04 / 8.026586e-04
     4.114    ANALYZER         FFT-INDIANA           	virtual_module_12 (min./max.) : 8.026586e-04 / 8.026586e-04
     4.114    ANALYZER         FFT-INDIANA           	virtual_module_13 (min./max.) : 8.026586e-04 / 8.026586e-04
     4.114    ANALYZER         FFT-INDIANA           	virtual_module_14 (min./max.) : 8.026586e-04 / 8.026586e-04
     4.114    ANALYZER         FFT-INDIANA           	virtual_module_15 (min./max.) : 8.026586e-04 / 8.026586e-04
     4.114    ANALYZER         FFT-INDIANA           total (min./max.): 1.276552e-02 / 1.276552e-02

  TIME [s]    SERVICE          CONFIGURATION         INFO: FREQUENCY UPDATE
----------------------------------------------------------------------------------------------------
     4.114    ENVIRONMENT      INDIANA               [1;32mSUCCESS[0m

  TIME [s]    SERVICE          CONFIGURATION         INFO: FREQUENCY TRANSFER
----------------------------------------------------------------------------------------------------
     4.276    ENVIRONMENT      INDIANA               [1;32mSUCCESS[0m

  TIME [s]    SERVICE          CONFIGURATION         INFO: MODULE ELABORATION
----------------------------------------------------------------------------------------------------
     4.289    PREPROCESSOR     ELABORATE             module  : virtual_module_16
     4.289    PREPROCESSOR     ELABORATE             	inputs  : 40
     4.289    PREPROCESSOR     ELABORATE             	outputs : 34
     4.289    PREPROCESSOR     ELABORATE             	wires   : 92
----------------------------------------------------------------------------------------------------
     4.289    PREPROCESSOR     ELABORATE             [1;32mSUCCESS[0m


  TIME [s]    SERVICE          CONFIGURATION         INFO: MODULE ELABORATION
----------------------------------------------------------------------------------------------------
     4.302    PREPROCESSOR     ELABORATE             module  : virtual_module_17
     4.302    PREPROCESSOR     ELABORATE             	inputs  : 40
     4.302    PREPROCESSOR     ELABORATE             	outputs : 34
     4.302    PREPROCESSOR     ELABORATE             	wires   : 92
----------------------------------------------------------------------------------------------------
     4.302    PREPROCESSOR     ELABORATE             [1;32mSUCCESS[0m


  TIME [s]    SERVICE          CONFIGURATION         INFO: MODULE ELABORATION
----------------------------------------------------------------------------------------------------
     4.316    PREPROCESSOR     ELABORATE             module  : virtual_module_18
     4.316    PREPROCESSOR     ELABORATE             	inputs  : 40
     4.316    PREPROCESSOR     ELABORATE             	outputs : 34
     4.316    PREPROCESSOR     ELABORATE             	wires   : 92
----------------------------------------------------------------------------------------------------
     4.316    PREPROCESSOR     ELABORATE             [1;32mSUCCESS[0m


  TIME [s]    SERVICE          CONFIGURATION         INFO: MODULE ELABORATION
----------------------------------------------------------------------------------------------------
     4.330    PREPROCESSOR     ELABORATE             module  : virtual_module_19
     4.330    PREPROCESSOR     ELABORATE             	inputs  : 40
     4.330    PREPROCESSOR     ELABORATE             	outputs : 34
     4.330    PREPROCESSOR     ELABORATE             	wires   : 92
----------------------------------------------------------------------------------------------------
     4.330    PREPROCESSOR     ELABORATE             [1;32mSUCCESS[0m


  TIME [s]    SERVICE          CONFIGURATION         INFO: MODULE ELABORATION
----------------------------------------------------------------------------------------------------
     4.345    PREPROCESSOR     ELABORATE             module  : virtual_module_20
     4.345    PREPROCESSOR     ELABORATE             	inputs  : 40
     4.345    PREPROCESSOR     ELABORATE             	outputs : 34
     4.345    PREPROCESSOR     ELABORATE             	wires   : 92
----------------------------------------------------------------------------------------------------
     4.345    PREPROCESSOR     ELABORATE             [1;32mSUCCESS[0m


  TIME [s]    SERVICE          CONFIGURATION         INFO: MODULE ELABORATION
----------------------------------------------------------------------------------------------------
     4.359    PREPROCESSOR     ELABORATE             module  : virtual_module_21
     4.359    PREPROCESSOR     ELABORATE             	inputs  : 40
     4.359    PREPROCESSOR     ELABORATE             	outputs : 34
     4.359    PREPROCESSOR     ELABORATE             	wires   : 92
----------------------------------------------------------------------------------------------------
     4.359    PREPROCESSOR     ELABORATE             [1;32mSUCCESS[0m


  TIME [s]    SERVICE          CONFIGURATION         INFO: MODULE ELABORATION
----------------------------------------------------------------------------------------------------
     4.373    PREPROCESSOR     ELABORATE             module  : virtual_module_22
     4.373    PREPROCESSOR     ELABORATE             	inputs  : 40
     4.373    PREPROCESSOR     ELABORATE             	outputs : 34
     4.373    PREPROCESSOR     ELABORATE             	wires   : 92
----------------------------------------------------------------------------------------------------
     4.373    PREPROCESSOR     ELABORATE             [1;32mSUCCESS[0m


  TIME [s]    SERVICE          CONFIGURATION         INFO: MODULE ELABORATION
----------------------------------------------------------------------------------------------------
     4.387    PREPROCESSOR     ELABORATE             module  : virtual_module_23
     4.387    PREPROCESSOR     ELABORATE             	inputs  : 40
     4.387    PREPROCESSOR     ELABORATE             	outputs : 34
     4.387    PREPROCESSOR     ELABORATE             	wires   : 92
----------------------------------------------------------------------------------------------------
     4.387    PREPROCESSOR     ELABORATE             [1;32mSUCCESS[0m


  TIME [s]    SERVICE          CONFIGURATION         INFO: MODULE ELABORATION
----------------------------------------------------------------------------------------------------
     4.401    PREPROCESSOR     ELABORATE             module  : virtual_module_24
     4.401    PREPROCESSOR     ELABORATE             	inputs  : 40
     4.401    PREPROCESSOR     ELABORATE             	outputs : 34
     4.401    PREPROCESSOR     ELABORATE             	wires   : 92
----------------------------------------------------------------------------------------------------
     4.401    PREPROCESSOR     ELABORATE             [1;32mSUCCESS[0m


  TIME [s]    SERVICE          CONFIGURATION         INFO: MODULE ELABORATION
----------------------------------------------------------------------------------------------------
     4.416    PREPROCESSOR     ELABORATE             module  : virtual_module_25
     4.416    PREPROCESSOR     ELABORATE             	inputs  : 40
     4.416    PREPROCESSOR     ELABORATE             	outputs : 34
     4.416    PREPROCESSOR     ELABORATE             	wires   : 92
----------------------------------------------------------------------------------------------------
     4.416    PREPROCESSOR     ELABORATE             [1;32mSUCCESS[0m


  TIME [s]    SERVICE          CONFIGURATION         INFO: MODULE ELABORATION
----------------------------------------------------------------------------------------------------
     4.432    PREPROCESSOR     ELABORATE             module  : virtual_module_26
     4.432    PREPROCESSOR     ELABORATE             	inputs  : 40
     4.432    PREPROCESSOR     ELABORATE             	outputs : 34
     4.432    PREPROCESSOR     ELABORATE             	wires   : 92
----------------------------------------------------------------------------------------------------
     4.432    PREPROCESSOR     ELABORATE             [1;32mSUCCESS[0m


  TIME [s]    SERVICE          CONFIGURATION         INFO: MODULE ELABORATION
----------------------------------------------------------------------------------------------------
     4.446    PREPROCESSOR     ELABORATE             module  : virtual_module_27
     4.446    PREPROCESSOR     ELABORATE             	inputs  : 40
     4.446    PREPROCESSOR     ELABORATE             	outputs : 34
     4.446    PREPROCESSOR     ELABORATE             	wires   : 92
----------------------------------------------------------------------------------------------------
     4.446    PREPROCESSOR     ELABORATE             [1;32mSUCCESS[0m


  TIME [s]    SERVICE          CONFIGURATION         INFO: MODULE ELABORATION
----------------------------------------------------------------------------------------------------
     4.461    PREPROCESSOR     ELABORATE             module  : virtual_module_28
     4.461    PREPROCESSOR     ELABORATE             	inputs  : 40
     4.461    PREPROCESSOR     ELABORATE             	outputs : 34
     4.461    PREPROCESSOR     ELABORATE             	wires   : 92
----------------------------------------------------------------------------------------------------
     4.461    PREPROCESSOR     ELABORATE             [1;32mSUCCESS[0m


  TIME [s]    SERVICE          CONFIGURATION         INFO: MODULE ELABORATION
----------------------------------------------------------------------------------------------------
     4.474    PREPROCESSOR     ELABORATE             module  : virtual_module_29
     4.474    PREPROCESSOR     ELABORATE             	inputs  : 40
     4.474    PREPROCESSOR     ELABORATE             	outputs : 34
     4.474    PREPROCESSOR     ELABORATE             	wires   : 92
----------------------------------------------------------------------------------------------------
     4.474    PREPROCESSOR     ELABORATE             [1;32mSUCCESS[0m


  TIME [s]    SERVICE          CONFIGURATION         INFO: MODULE ELABORATION
----------------------------------------------------------------------------------------------------
     4.488    PREPROCESSOR     ELABORATE             module  : virtual_module_30
     4.488    PREPROCESSOR     ELABORATE             	inputs  : 40
     4.488    PREPROCESSOR     ELABORATE             	outputs : 34
     4.488    PREPROCESSOR     ELABORATE             	wires   : 92
----------------------------------------------------------------------------------------------------
     4.488    PREPROCESSOR     ELABORATE             [1;32mSUCCESS[0m


  TIME [s]    SERVICE          CONFIGURATION         INFO: MODULE ELABORATION
----------------------------------------------------------------------------------------------------
     4.502    PREPROCESSOR     ELABORATE             module  : virtual_module_31
     4.502    PREPROCESSOR     ELABORATE             	inputs  : 40
     4.502    PREPROCESSOR     ELABORATE             	outputs : 34
     4.502    PREPROCESSOR     ELABORATE             	wires   : 92
----------------------------------------------------------------------------------------------------
     4.502    PREPROCESSOR     ELABORATE             [1;32mSUCCESS[0m


  TIME [s]    SERVICE          CONFIGURATION         INFO: RANDOM PROBING
----------------------------------------------------------------------------------------------------
     5.402    ANALYZER         FFT-INDIANA           leakage probability (stage 2) : 
     5.402    ANALYZER         FFT-INDIANA           	max. probes  : 80
     5.402    ANALYZER         FFT-INDIANA           	max. samples : 20
     5.402    ANALYZER         FFT-INDIANA           	virtual_module_16 (min./max.) : 1.218211e-03 / 1.218211e-03
     5.402    ANALYZER         FFT-INDIANA           	virtual_module_17 (min./max.) : 1.218211e-03 / 1.218211e-03
     5.402    ANALYZER         FFT-INDIANA           	virtual_module_18 (min./max.) : 1.218211e-03 / 1.218211e-03
     5.402    ANALYZER         FFT-INDIANA           	virtual_module_19 (min./max.) : 1.218211e-03 / 1.218211e-03
     5.402    ANALYZER         FFT-INDIANA           	virtual_module_20 (min./max.) : 1.218211e-03 / 1.218211e-03
     5.402    ANALYZER         FFT-INDIANA           	virtual_module_21 (min./max.) : 1.218211e-03 / 1.218211e-03
     5.402    ANALYZER         FFT-INDIANA           	virtual_module_22 (min./max.) : 1.218211e-03 / 1.218211e-03
     5.402    ANALYZER         FFT-INDIANA           	virtual_module_23 (min./max.) : 1.218211e-03 / 1.218211e-03
     5.402    ANALYZER         FFT-INDIANA           	virtual_module_24 (min./max.) : 1.218211e-03 / 1.218211e-03
     5.402    ANALYZER         FFT-INDIANA           	virtual_module_25 (min./max.) : 1.218211e-03 / 1.218211e-03
     5.402    ANALYZER         FFT-INDIANA           	virtual_module_26 (min./max.) : 1.218211e-03 / 1.218211e-03
     5.402    ANALYZER         FFT-INDIANA           	virtual_module_27 (min./max.) : 1.218211e-03 / 1.218211e-03
     5.402    ANALYZER         FFT-INDIANA           	virtual_module_28 (min./max.) : 1.218211e-03 / 1.218211e-03
     5.402    ANALYZER         FFT-INDIANA           	virtual_module_29 (min./max.) : 1.218211e-03 / 1.218211e-03
     5.402    ANALYZER         FFT-INDIANA           	virtual_module_30 (min./max.) : 1.218211e-03 / 1.218211e-03
     5.402    ANALYZER         FFT-INDIANA           	virtual_module_31 (min./max.) : 1.218211e-03 / 1.218211e-03
     5.402    ANALYZER         FFT-INDIANA           total (min./max.): 1.931431e-02 / 1.931431e-02

  TIME [s]    SERVICE          CONFIGURATION         INFO: FREQUENCY UPDATE
----------------------------------------------------------------------------------------------------
     5.402    ENVIRONMENT      INDIANA               [1;32mSUCCESS[0m

  TIME [s]    SERVICE          CONFIGURATION         INFO: FREQUENCY TRANSFER
----------------------------------------------------------------------------------------------------
     5.594    ENVIRONMENT      INDIANA               [1;32mSUCCESS[0m

  TIME [s]    SERVICE          CONFIGURATION         INFO: MODULE ELABORATION
----------------------------------------------------------------------------------------------------
     5.612    PREPROCESSOR     ELABORATE             module  : virtual_module_32
     5.612    PREPROCESSOR     ELABORATE             	inputs  : 34
     5.612    PREPROCESSOR     ELABORATE             	outputs : 22
     5.612    PREPROCESSOR     ELABORATE             	wires   : 104
----------------------------------------------------------------------------------------------------
     5.612    PREPROCESSOR     ELABORATE             [1;32mSUCCESS[0m


  TIME [s]    SERVICE          CONFIGURATION         INFO: MODULE ELABORATION
----------------------------------------------------------------------------------------------------
     5.629    PREPROCESSOR     ELABORATE             module  : virtual_module_33
     5.629    PREPROCESSOR     ELABORATE             	inputs  : 34
     5.629    PREPROCESSOR     ELABORATE             	outputs : 22
     5.629    PREPROCESSOR     ELABORATE             	wires   : 104
----------------------------------------------------------------------------------------------------
     5.629    PREPROCESSOR     ELABORATE             [1;32mSUCCESS[0m


  TIME [s]    SERVICE          CONFIGURATION         INFO: MODULE ELABORATION
----------------------------------------------------------------------------------------------------
     5.646    PREPROCESSOR     ELABORATE             module  : virtual_module_34
     5.646    PREPROCESSOR     ELABORATE             	inputs  : 34
     5.646    PREPROCESSOR     ELABORATE             	outputs : 22
     5.646    PREPROCESSOR     ELABORATE             	wires   : 104
----------------------------------------------------------------------------------------------------
     5.646    PREPROCESSOR     ELABORATE             [1;32mSUCCESS[0m


  TIME [s]    SERVICE          CONFIGURATION         INFO: MODULE ELABORATION
----------------------------------------------------------------------------------------------------
     5.664    PREPROCESSOR     ELABORATE             module  : virtual_module_35
     5.664    PREPROCESSOR     ELABORATE             	inputs  : 34
     5.664    PREPROCESSOR     ELABORATE             	outputs : 22
     5.664    PREPROCESSOR     ELABORATE             	wires   : 104
----------------------------------------------------------------------------------------------------
     5.664    PREPROCESSOR     ELABORATE             [1;32mSUCCESS[0m


  TIME [s]    SERVICE          CONFIGURATION         INFO: MODULE ELABORATION
----------------------------------------------------------------------------------------------------
     5.681    PREPROCESSOR     ELABORATE             module  : virtual_module_36
     5.681    PREPROCESSOR     ELABORATE             	inputs  : 34
     5.681    PREPROCESSOR     ELABORATE             	outputs : 22
     5.681    PREPROCESSOR     ELABORATE             	wires   : 104
----------------------------------------------------------------------------------------------------
     5.681    PREPROCESSOR     ELABORATE             [1;32mSUCCESS[0m


  TIME [s]    SERVICE          CONFIGURATION         INFO: MODULE ELABORATION
----------------------------------------------------------------------------------------------------
     5.698    PREPROCESSOR     ELABORATE             module  : virtual_module_37
     5.698    PREPROCESSOR     ELABORATE             	inputs  : 34
     5.698    PREPROCESSOR     ELABORATE             	outputs : 22
     5.698    PREPROCESSOR     ELABORATE             	wires   : 104
----------------------------------------------------------------------------------------------------
     5.698    PREPROCESSOR     ELABORATE             [1;32mSUCCESS[0m


  TIME [s]    SERVICE          CONFIGURATION         INFO: MODULE ELABORATION
----------------------------------------------------------------------------------------------------
     5.715    PREPROCESSOR     ELABORATE             module  : virtual_module_38
     5.715    PREPROCESSOR     ELABORATE             	inputs  : 34
     5.715    PREPROCESSOR     ELABORATE             	outputs : 22
     5.715    PREPROCESSOR     ELABORATE             	wires   : 104
----------------------------------------------------------------------------------------------------
     5.715    PREPROCESSOR     ELABORATE             [1;32mSUCCESS[0m


  TIME [s]    SERVICE          CONFIGURATION         INFO: MODULE ELABORATION
----------------------------------------------------------------------------------------------------
     5.733    PREPROCESSOR     ELABORATE             module  : virtual_module_39
     5.733    PREPROCESSOR     ELABORATE             	inputs  : 34
     5.733    PREPROCESSOR     ELABORATE             	outputs : 22
     5.733    PREPROCESSOR     ELABORATE             	wires   : 104
----------------------------------------------------------------------------------------------------
     5.733    PREPROCESSOR     ELABORATE             [1;32mSUCCESS[0m


  TIME [s]    SERVICE          CONFIGURATION         INFO: MODULE ELABORATION
----------------------------------------------------------------------------------------------------
     5.750    PREPROCESSOR     ELABORATE             module  : virtual_module_40
     5.750    PREPROCESSOR     ELABORATE             	inputs  : 34
     5.750    PREPROCESSOR     ELABORATE             	outputs : 22
     5.750    PREPROCESSOR     ELABORATE             	wires   : 104
----------------------------------------------------------------------------------------------------
     5.750    PREPROCESSOR     ELABORATE             [1;32mSUCCESS[0m


  TIME [s]    SERVICE          CONFIGURATION         INFO: MODULE ELABORATION
----------------------------------------------------------------------------------------------------
     5.768    PREPROCESSOR     ELABORATE             module  : virtual_module_41
     5.768    PREPROCESSOR     ELABORATE             	inputs  : 34
     5.768    PREPROCESSOR     ELABORATE             	outputs : 22
     5.768    PREPROCESSOR     ELABORATE             	wires   : 104
----------------------------------------------------------------------------------------------------
     5.768    PREPROCESSOR     ELABORATE             [1;32mSUCCESS[0m


  TIME [s]    SERVICE          CONFIGURATION         INFO: MODULE ELABORATION
----------------------------------------------------------------------------------------------------
     5.788    PREPROCESSOR     ELABORATE             module  : virtual_module_42
     5.788    PREPROCESSOR     ELABORATE             	inputs  : 34
     5.788    PREPROCESSOR     ELABORATE             	outputs : 22
     5.788    PREPROCESSOR     ELABORATE             	wires   : 104
----------------------------------------------------------------------------------------------------
     5.788    PREPROCESSOR     ELABORATE             [1;32mSUCCESS[0m


  TIME [s]    SERVICE          CONFIGURATION         INFO: MODULE ELABORATION
----------------------------------------------------------------------------------------------------
     5.806    PREPROCESSOR     ELABORATE             module  : virtual_module_43
     5.806    PREPROCESSOR     ELABORATE             	inputs  : 34
     5.806    PREPROCESSOR     ELABORATE             	outputs : 22
     5.806    PREPROCESSOR     ELABORATE             	wires   : 104
----------------------------------------------------------------------------------------------------
     5.806    PREPROCESSOR     ELABORATE             [1;32mSUCCESS[0m


  TIME [s]    SERVICE          CONFIGURATION         INFO: MODULE ELABORATION
----------------------------------------------------------------------------------------------------
     5.824    PREPROCESSOR     ELABORATE             module  : virtual_module_44
     5.824    PREPROCESSOR     ELABORATE             	inputs  : 34
     5.824    PREPROCESSOR     ELABORATE             	outputs : 22
     5.824    PREPROCESSOR     ELABORATE             	wires   : 104
----------------------------------------------------------------------------------------------------
     5.824    PREPROCESSOR     ELABORATE             [1;32mSUCCESS[0m


  TIME [s]    SERVICE          CONFIGURATION         INFO: MODULE ELABORATION
----------------------------------------------------------------------------------------------------
     5.841    PREPROCESSOR     ELABORATE             module  : virtual_module_45
     5.841    PREPROCESSOR     ELABORATE             	inputs  : 34
     5.841    PREPROCESSOR     ELABORATE             	outputs : 22
     5.841    PREPROCESSOR     ELABORATE             	wires   : 104
----------------------------------------------------------------------------------------------------
     5.841    PREPROCESSOR     ELABORATE             [1;32mSUCCESS[0m


  TIME [s]    SERVICE          CONFIGURATION         INFO: MODULE ELABORATION
----------------------------------------------------------------------------------------------------
     5.860    PREPROCESSOR     ELABORATE             module  : virtual_module_46
     5.860    PREPROCESSOR     ELABORATE             	inputs  : 34
     5.860    PREPROCESSOR     ELABORATE             	outputs : 22
     5.860    PREPROCESSOR     ELABORATE             	wires   : 104
----------------------------------------------------------------------------------------------------
     5.860    PREPROCESSOR     ELABORATE             [1;32mSUCCESS[0m


  TIME [s]    SERVICE          CONFIGURATION         INFO: MODULE ELABORATION
----------------------------------------------------------------------------------------------------
     5.878    PREPROCESSOR     ELABORATE             module  : virtual_module_47
     5.878    PREPROCESSOR     ELABORATE             	inputs  : 34
     5.878    PREPROCESSOR     ELABORATE             	outputs : 22
     5.878    PREPROCESSOR     ELABORATE             	wires   : 104
----------------------------------------------------------------------------------------------------
     5.878    PREPROCESSOR     ELABORATE             [1;32mSUCCESS[0m


  TIME [s]    SERVICE          CONFIGURATION         INFO: RANDOM PROBING
----------------------------------------------------------------------------------------------------
  4148.902    ANALYZER         FFT-INDIANA           leakage probability (stage 3) : 
  4148.902    ANALYZER         FFT-INDIANA           	max. probes  : 80
  4148.902    ANALYZER         FFT-INDIANA           	max. samples : 20
  4148.902    ANALYZER         FFT-INDIANA           	virtual_module_32 (min./max.) : 5.097764e-03 / 5.097764e-03
  4148.902    ANALYZER         FFT-INDIANA           	virtual_module_33 (min./max.) : 5.097764e-03 / 5.097764e-03
  4148.902    ANALYZER         FFT-INDIANA           	virtual_module_34 (min./max.) : 5.097764e-03 / 5.097764e-03
  4148.902    ANALYZER         FFT-INDIANA           	virtual_module_35 (min./max.) : 5.097764e-03 / 5.097764e-03
  4148.902    ANALYZER         FFT-INDIANA           	virtual_module_36 (min./max.) : 5.097764e-03 / 5.097764e-03
  4148.902    ANALYZER         FFT-INDIANA           	virtual_module_37 (min./max.) : 5.097764e-03 / 5.097764e-03
  4148.902    ANALYZER         FFT-INDIANA           	virtual_module_38 (min./max.) : 5.097764e-03 / 5.097764e-03
  4148.902    ANALYZER         FFT-INDIANA           	virtual_module_39 (min./max.) : 5.097764e-03 / 5.097764e-03
  4148.902    ANALYZER         FFT-INDIANA           	virtual_module_40 (min./max.) : 5.097764e-03 / 5.097764e-03
  4148.902    ANALYZER         FFT-INDIANA           	virtual_module_41 (min./max.) : 5.097764e-03 / 5.097764e-03
  4148.902    ANALYZER         FFT-INDIANA           	virtual_module_42 (min./max.) : 5.097764e-03 / 5.097764e-03
  4148.902    ANALYZER         FFT-INDIANA           	virtual_module_43 (min./max.) : 5.097764e-03 / 5.097764e-03
  4148.902    ANALYZER         FFT-INDIANA           	virtual_module_44 (min./max.) : 5.097764e-03 / 5.097764e-03
  4148.902    ANALYZER         FFT-INDIANA           	virtual_module_45 (min./max.) : 5.097764e-03 / 5.097764e-03
  4148.902    ANALYZER         FFT-INDIANA           	virtual_module_46 (min./max.) : 5.097764e-03 / 5.097764e-03
  4148.902    ANALYZER         FFT-INDIANA           	virtual_module_47 (min./max.) : 5.097764e-03 / 5.097764e-03
  4148.902    ANALYZER         FFT-INDIANA           total (min./max.): 7.851873e-02 / 7.851873e-02

  TIME [s]    SERVICE          CONFIGURATION         INFO: FREQUENCY UPDATE
----------------------------------------------------------------------------------------------------
  4148.902    ENVIRONMENT      INDIANA               [1;32mSUCCESS[0m

  TIME [s]    SERVICE          CONFIGURATION         INFO: FREQUENCY TRANSFER
----------------------------------------------------------------------------------------------------
  4149.037    ENVIRONMENT      INDIANA               [1;32mSUCCESS[0m

  TIME [s]    SERVICE          CONFIGURATION         INFO: MODULE ELABORATION
----------------------------------------------------------------------------------------------------
  4149.049    PREPROCESSOR     ELABORATE             module  : virtual_module_48
  4149.049    PREPROCESSOR     ELABORATE             	inputs  : 22
  4149.049    PREPROCESSOR     ELABORATE             	outputs : 8
  4149.049    PREPROCESSOR     ELABORATE             	wires   : 60
----------------------------------------------------------------------------------------------------
  4149.049    PREPROCESSOR     ELABORATE             [1;32mSUCCESS[0m


  TIME [s]    SERVICE          CONFIGURATION         INFO: MODULE ELABORATION
----------------------------------------------------------------------------------------------------
  4149.061    PREPROCESSOR     ELABORATE             module  : virtual_module_49
  4149.061    PREPROCESSOR     ELABORATE             	inputs  : 22
  4149.061    PREPROCESSOR     ELABORATE             	outputs : 8
  4149.061    PREPROCESSOR     ELABORATE             	wires   : 60
----------------------------------------------------------------------------------------------------
  4149.062    PREPROCESSOR     ELABORATE             [1;32mSUCCESS[0m


  TIME [s]    SERVICE          CONFIGURATION         INFO: MODULE ELABORATION
----------------------------------------------------------------------------------------------------
  4149.073    PREPROCESSOR     ELABORATE             module  : virtual_module_50
  4149.073    PREPROCESSOR     ELABORATE             	inputs  : 22
  4149.073    PREPROCESSOR     ELABORATE             	outputs : 8
  4149.073    PREPROCESSOR     ELABORATE             	wires   : 60
----------------------------------------------------------------------------------------------------
  4149.073    PREPROCESSOR     ELABORATE             [1;32mSUCCESS[0m


  TIME [s]    SERVICE          CONFIGURATION         INFO: MODULE ELABORATION
----------------------------------------------------------------------------------------------------
  4149.085    PREPROCESSOR     ELABORATE             module  : virtual_module_51
  4149.085    PREPROCESSOR     ELABORATE             	inputs  : 22
  4149.085    PREPROCESSOR     ELABORATE             	outputs : 8
  4149.085    PREPROCESSOR     ELABORATE             	wires   : 60
----------------------------------------------------------------------------------------------------
  4149.085    PREPROCESSOR     ELABORATE             [1;32mSUCCESS[0m


  TIME [s]    SERVICE          CONFIGURATION         INFO: MODULE ELABORATION
----------------------------------------------------------------------------------------------------
  4149.097    PREPROCESSOR     ELABORATE             module  : virtual_module_52
  4149.097    PREPROCESSOR     ELABORATE             	inputs  : 22
  4149.097    PREPROCESSOR     ELABORATE             	outputs : 8
  4149.097    PREPROCESSOR     ELABORATE             	wires   : 60
----------------------------------------------------------------------------------------------------
  4149.097    PREPROCESSOR     ELABORATE             [1;32mSUCCESS[0m


  TIME [s]    SERVICE          CONFIGURATION         INFO: MODULE ELABORATION
----------------------------------------------------------------------------------------------------
  4149.109    PREPROCESSOR     ELABORATE             module  : virtual_module_53
  4149.109    PREPROCESSOR     ELABORATE             	inputs  : 22
  4149.109    PREPROCESSOR     ELABORATE             	outputs : 8
  4149.109    PREPROCESSOR     ELABORATE             	wires   : 60
----------------------------------------------------------------------------------------------------
  4149.109    PREPROCESSOR     ELABORATE             [1;32mSUCCESS[0m


  TIME [s]    SERVICE          CONFIGURATION         INFO: MODULE ELABORATION
----------------------------------------------------------------------------------------------------
  4149.120    PREPROCESSOR     ELABORATE             module  : virtual_module_54
  4149.120    PREPROCESSOR     ELABORATE             	inputs  : 22
  4149.120    PREPROCESSOR     ELABORATE             	outputs : 8
  4149.120    PREPROCESSOR     ELABORATE             	wires   : 60
----------------------------------------------------------------------------------------------------
  4149.120    PREPROCESSOR     ELABORATE             [1;32mSUCCESS[0m


  TIME [s]    SERVICE          CONFIGURATION         INFO: MODULE ELABORATION
----------------------------------------------------------------------------------------------------
  4149.132    PREPROCESSOR     ELABORATE             module  : virtual_module_55
  4149.132    PREPROCESSOR     ELABORATE             	inputs  : 22
  4149.132    PREPROCESSOR     ELABORATE             	outputs : 8
  4149.132    PREPROCESSOR     ELABORATE             	wires   : 60
----------------------------------------------------------------------------------------------------
  4149.132    PREPROCESSOR     ELABORATE             [1;32mSUCCESS[0m


  TIME [s]    SERVICE          CONFIGURATION         INFO: MODULE ELABORATION
----------------------------------------------------------------------------------------------------
  4149.144    PREPROCESSOR     ELABORATE             module  : virtual_module_56
  4149.144    PREPROCESSOR     ELABORATE             	inputs  : 22
  4149.144    PREPROCESSOR     ELABORATE             	outputs : 8
  4149.144    PREPROCESSOR     ELABORATE             	wires   : 60
----------------------------------------------------------------------------------------------------
  4149.144    PREPROCESSOR     ELABORATE             [1;32mSUCCESS[0m


  TIME [s]    SERVICE          CONFIGURATION         INFO: MODULE ELABORATION
----------------------------------------------------------------------------------------------------
  4149.156    PREPROCESSOR     ELABORATE             module  : virtual_module_57
  4149.156    PREPROCESSOR     ELABORATE             	inputs  : 22
  4149.156    PREPROCESSOR     ELABORATE             	outputs : 8
  4149.156    PREPROCESSOR     ELABORATE             	wires   : 60
----------------------------------------------------------------------------------------------------
  4149.156    PREPROCESSOR     ELABORATE             [1;32mSUCCESS[0m


  TIME [s]    SERVICE          CONFIGURATION         INFO: MODULE ELABORATION
----------------------------------------------------------------------------------------------------
  4149.167    PREPROCESSOR     ELABORATE             module  : virtual_module_58
  4149.167    PREPROCESSOR     ELABORATE             	inputs  : 22
  4149.167    PREPROCESSOR     ELABORATE             	outputs : 8
  4149.167    PREPROCESSOR     ELABORATE             	wires   : 60
----------------------------------------------------------------------------------------------------
  4149.167    PREPROCESSOR     ELABORATE             [1;32mSUCCESS[0m


  TIME [s]    SERVICE          CONFIGURATION         INFO: MODULE ELABORATION
----------------------------------------------------------------------------------------------------
  4149.180    PREPROCESSOR     ELABORATE             module  : virtual_module_59
  4149.180    PREPROCESSOR     ELABORATE             	inputs  : 22
  4149.180    PREPROCESSOR     ELABORATE             	outputs : 8
  4149.180    PREPROCESSOR     ELABORATE             	wires   : 60
----------------------------------------------------------------------------------------------------
  4149.180    PREPROCESSOR     ELABORATE             [1;32mSUCCESS[0m


  TIME [s]    SERVICE          CONFIGURATION         INFO: MODULE ELABORATION
----------------------------------------------------------------------------------------------------
  4149.191    PREPROCESSOR     ELABORATE             module  : virtual_module_60
  4149.191    PREPROCESSOR     ELABORATE             	inputs  : 22
  4149.191    PREPROCESSOR     ELABORATE             	outputs : 8
  4149.191    PREPROCESSOR     ELABORATE             	wires   : 60
----------------------------------------------------------------------------------------------------
  4149.191    PREPROCESSOR     ELABORATE             [1;32mSUCCESS[0m


  TIME [s]    SERVICE          CONFIGURATION         INFO: MODULE ELABORATION
----------------------------------------------------------------------------------------------------
  4149.203    PREPROCESSOR     ELABORATE             module  : virtual_module_61
  4149.203    PREPROCESSOR     ELABORATE             	inputs  : 22
  4149.203    PREPROCESSOR     ELABORATE             	outputs : 8
  4149.203    PREPROCESSOR     ELABORATE             	wires   : 60
----------------------------------------------------------------------------------------------------
  4149.203    PREPROCESSOR     ELABORATE             [1;32mSUCCESS[0m


  TIME [s]    SERVICE          CONFIGURATION         INFO: MODULE ELABORATION
----------------------------------------------------------------------------------------------------
  4149.215    PREPROCESSOR     ELABORATE             module  : virtual_module_62
  4149.215    PREPROCESSOR     ELABORATE             	inputs  : 22
  4149.215    PREPROCESSOR     ELABORATE             	outputs : 8
  4149.215    PREPROCESSOR     ELABORATE             	wires   : 60
----------------------------------------------------------------------------------------------------
  4149.215    PREPROCESSOR     ELABORATE             [1;32mSUCCESS[0m


  TIME [s]    SERVICE          CONFIGURATION         INFO: MODULE ELABORATION
----------------------------------------------------------------------------------------------------
  4149.225    PREPROCESSOR     ELABORATE             module  : virtual_module_63
  4149.225    PREPROCESSOR     ELABORATE             	inputs  : 22
  4149.225    PREPROCESSOR     ELABORATE             	outputs : 8
  4149.225    PREPROCESSOR     ELABORATE             	wires   : 60
----------------------------------------------------------------------------------------------------
  4149.225    PREPROCESSOR     ELABORATE             [1;32mSUCCESS[0m


  TIME [s]    SERVICE          CONFIGURATION         INFO: RANDOM PROBING
----------------------------------------------------------------------------------------------------
  4158.399    ANALYZER         FFT-INDIANA           leakage probability (stage 4) : 
  4158.399    ANALYZER         FFT-INDIANA           	max. probes  : 80
  4158.399    ANALYZER         FFT-INDIANA           	max. samples : 20
  4158.399    ANALYZER         FFT-INDIANA           	virtual_module_48 (min./max.) : 4.060025e-03 / 4.060025e-03
  4158.399    ANALYZER         FFT-INDIANA           	virtual_module_49 (min./max.) : 4.060025e-03 / 4.060025e-03
  4158.399    ANALYZER         FFT-INDIANA           	virtual_module_50 (min./max.) : 4.060025e-03 / 4.060025e-03
  4158.399    ANALYZER         FFT-INDIANA           	virtual_module_51 (min./max.) : 4.060025e-03 / 4.060025e-03
  4158.399    ANALYZER         FFT-INDIANA           	virtual_module_52 (min./max.) : 4.060025e-03 / 4.060025e-03
  4158.399    ANALYZER         FFT-INDIANA           	virtual_module_53 (min./max.) : 4.060025e-03 / 4.060025e-03
  4158.399    ANALYZER         FFT-INDIANA           	virtual_module_54 (min./max.) : 4.060025e-03 / 4.060025e-03
  4158.399    ANALYZER         FFT-INDIANA           	virtual_module_55 (min./max.) : 4.060025e-03 / 4.060025e-03
  4158.399    ANALYZER         FFT-INDIANA           	virtual_module_56 (min./max.) : 4.060025e-03 / 4.060025e-03
  4158.399    ANALYZER         FFT-INDIANA           	virtual_module_57 (min./max.) : 4.060025e-03 / 4.060025e-03
  4158.399    ANALYZER         FFT-INDIANA           	virtual_module_58 (min./max.) : 4.060025e-03 / 4.060025e-03
  4158.399    ANALYZER         FFT-INDIANA           	virtual_module_59 (min./max.) : 4.060025e-03 / 4.060025e-03
  4158.399    ANALYZER         FFT-INDIANA           	virtual_module_60 (min./max.) : 4.060025e-03 / 4.060025e-03
  4158.399    ANALYZER         FFT-INDIANA           	virtual_module_61 (min./max.) : 4.060025e-03 / 4.060025e-03
  4158.399    ANALYZER         FFT-INDIANA           	virtual_module_62 (min./max.) : 4.060025e-03 / 4.060025e-03
  4158.399    ANALYZER         FFT-INDIANA           	virtual_module_63 (min./max.) : 4.060025e-03 / 4.060025e-03
  4158.399    ANALYZER         FFT-INDIANA           total (min./max.): 6.301933e-02 / 6.301933e-02

  TIME [s]    SERVICE          CONFIGURATION         INFO: FREQUENCY UPDATE
----------------------------------------------------------------------------------------------------
  4158.399    ENVIRONMENT      INDIANA               [1;32mSUCCESS[0m

  TIME [s]    SERVICE          CONFIGURATION         INFO
----------------------------------------------------------------------------------------------------
  4158.401    VERICA           SCA                   DONE!
