----------------------------------------------------------------------------------------------------
                              INDIANA -- INDISTINGUISHABILITY ANALYSIS                              

                              INDIANA -- INDISTINGUISHABILITY ANALYSIS                              

                                      Ruhr-Universität Bochum                                      
                              Pascal Sasdrich (pascal.sasdrich@rub.de)                              
                        Jan Richter-Brockmann (jan.richter-brockmann@rub.de)                        

                                         Copyright (c) 2025                                         
                                           Pascal Sasdrich                                          
                                        Jan Richter-Brockmann                                       

                                         All rights reserved                                       
----------------------------------------------------------------------------------------------------


  TIME [s]    SERVICE          CONFIGURATION         INFO: CELL LIBRARY
----------------------------------------------------------------------------------------------------
     0.001    PARSER           CELLLIB               source: cell/nang45.txt
     0.001    PARSER           CELLLIB               Parsed cell library with 14 gate type(s). 
----------------------------------------------------------------------------------------------------
     0.001    PARSER           CELLLIB               [1;32mSUCCESS[0m


  TIME [s]    SERVICE          CONFIGURATION         INFO: DESIGN UNDER TEST
----------------------------------------------------------------------------------------------------
     0.878    PARSER           VERILOG               source: test/indistinguishability/case-studies-paper/skinny64/skinny64-single-round-ti-d1.v
     0.878    PARSER           VERILOG               	module(s) : 1
     0.878    PARSER           VERILOG               	gate(s)   : 1593
     0.878    PARSER           VERILOG               	 - comb.  : 1401
     0.878    PARSER           VERILOG               	 - seq.   : 192
     0.878    PARSER           VERILOG               	wire(s)   : 2080
     0.878    PARSER           VERILOG               	pin(s)    : 5552
     0.878    PARSER           VERILOG               WARNING: detected 192 unconnected wires!
     0.878    PARSER           VERILOG               WARNING: detected 289 unconnected pins!
----------------------------------------------------------------------------------------------------
     0.878    PARSER           VERILOG               [1;32mSUCCESS[0m


  TIME [s]    SERVICE          CONFIGURATION         INFO: ANNOTATIONS
----------------------------------------------------------------------------------------------------
     0.882    PREPROCESSOR     ANNOTATION            1 input wire was tagged as clock input.
     0.882    PREPROCESSOR     ANNOTATION            0 input wires were tagged as control inputs.
     0.882    PREPROCESSOR     ANNOTATION            WARNING: 1 wire could not be tagged as control input in the MUT.
     0.882    PREPROCESSOR     ANNOTATION            	RESET
     0.882    PREPROCESSOR     ANNOTATION            0 input wires were tagged as refresh inputs.
     0.882    PREPROCESSOR     ANNOTATION            WARNING: 1 wire could not be tagged as refresh input in the MUT.
     0.882    PREPROCESSOR     ANNOTATION            	RAND
     0.882    PREPROCESSOR     ANNOTATION            0 output wires were tagged as error flags.
     0.882    PREPROCESSOR     ANNOTATION            0 input wires were tagged with PIIDs.
     0.882    PREPROCESSOR     ANNOTATION            480 wires were tagged with a share domain.
     0.882    PREPROCESSOR     ANNOTATION            480 wires were tagged with a share index.
     0.882    PREPROCESSOR     ANNOTATION            WARNING: 672 wires could not be identified in the MUT.
     0.882    PREPROCESSOR     ANNOTATION            	SHARE1_IN[64]
     0.882    PREPROCESSOR     ANNOTATION            	SHARE2_IN[64]
     0.882    PREPROCESSOR     ANNOTATION            	SHARE3_IN[64]
     0.882    PREPROCESSOR     ANNOTATION            	SHARE1_IN[65]
     0.882    PREPROCESSOR     ANNOTATION            	SHARE2_IN[65]
     0.882    PREPROCESSOR     ANNOTATION            	SHARE3_IN[65]
     0.882    PREPROCESSOR     ANNOTATION            	SHARE1_IN[66]
     0.882    PREPROCESSOR     ANNOTATION            	SHARE2_IN[66]
     0.882    PREPROCESSOR     ANNOTATION            	SHARE3_IN[66]
     0.882    PREPROCESSOR     ANNOTATION            	SHARE1_IN[67]
     0.882    PREPROCESSOR     ANNOTATION            	SHARE2_IN[67]
     0.882    PREPROCESSOR     ANNOTATION            	SHARE3_IN[67]
     0.882    PREPROCESSOR     ANNOTATION            	SHARE1_IN[68]
     0.882    PREPROCESSOR     ANNOTATION            	SHARE2_IN[68]
     0.882    PREPROCESSOR     ANNOTATION            	SHARE3_IN[68]
     0.882    PREPROCESSOR     ANNOTATION            	SHARE1_IN[69]
     0.882    PREPROCESSOR     ANNOTATION            	SHARE2_IN[69]
     0.882    PREPROCESSOR     ANNOTATION            	SHARE3_IN[69]
     0.882    PREPROCESSOR     ANNOTATION            	SHARE1_IN[70]
     0.882    PREPROCESSOR     ANNOTATION            	SHARE2_IN[70]
     0.882    PREPROCESSOR     ANNOTATION            	SHARE3_IN[70]
     0.882    PREPROCESSOR     ANNOTATION            	SHARE1_IN[71]
     0.882    PREPROCESSOR     ANNOTATION            	SHARE2_IN[71]
     0.882    PREPROCESSOR     ANNOTATION            	SHARE3_IN[71]
     0.882    PREPROCESSOR     ANNOTATION            	SHARE1_IN[72]
     0.882    PREPROCESSOR     ANNOTATION            	SHARE2_IN[72]
     0.882    PREPROCESSOR     ANNOTATION            	SHARE3_IN[72]
     0.882    PREPROCESSOR     ANNOTATION            	SHARE1_IN[73]
     0.882    PREPROCESSOR     ANNOTATION            	SHARE2_IN[73]
     0.882    PREPROCESSOR     ANNOTATION            	SHARE3_IN[73]
     0.882    PREPROCESSOR     ANNOTATION            	SHARE1_IN[74]
     0.882    PREPROCESSOR     ANNOTATION            	SHARE2_IN[74]
     0.882    PREPROCESSOR     ANNOTATION            	SHARE3_IN[74]
     0.882    PREPROCESSOR     ANNOTATION            	SHARE1_IN[75]
     0.882    PREPROCESSOR     ANNOTATION            	SHARE2_IN[75]
     0.882    PREPROCESSOR     ANNOTATION            	SHARE3_IN[75]
     0.882    PREPROCESSOR     ANNOTATION            	SHARE1_IN[76]
     0.882    PREPROCESSOR     ANNOTATION            	SHARE2_IN[76]
     0.882    PREPROCESSOR     ANNOTATION            	SHARE3_IN[76]
     0.882    PREPROCESSOR     ANNOTATION            	SHARE1_IN[77]
     0.882    PREPROCESSOR     ANNOTATION            	SHARE2_IN[77]
     0.882    PREPROCESSOR     ANNOTATION            	SHARE3_IN[77]
     0.882    PREPROCESSOR     ANNOTATION            	SHARE1_IN[78]
     0.882    PREPROCESSOR     ANNOTATION            	SHARE2_IN[78]
     0.882    PREPROCESSOR     ANNOTATION            	SHARE3_IN[78]
     0.882    PREPROCESSOR     ANNOTATION            	SHARE1_IN[79]
     0.882    PREPROCESSOR     ANNOTATION            	SHARE2_IN[79]
     0.882    PREPROCESSOR     ANNOTATION            	SHARE3_IN[79]
     0.882    PREPROCESSOR     ANNOTATION            	SHARE1_IN[80]
     0.882    PREPROCESSOR     ANNOTATION            	SHARE2_IN[80]
     0.882    PREPROCESSOR     ANNOTATION            	SHARE3_IN[80]
     0.882    PREPROCESSOR     ANNOTATION            	SHARE1_IN[81]
     0.882    PREPROCESSOR     ANNOTATION            	SHARE2_IN[81]
     0.882    PREPROCESSOR     ANNOTATION            	SHARE3_IN[81]
     0.882    PREPROCESSOR     ANNOTATION            	SHARE1_IN[82]
     0.882    PREPROCESSOR     ANNOTATION            	SHARE2_IN[82]
     0.882    PREPROCESSOR     ANNOTATION            	SHARE3_IN[82]
     0.882    PREPROCESSOR     ANNOTATION            	SHARE1_IN[83]
     0.882    PREPROCESSOR     ANNOTATION            	SHARE2_IN[83]
     0.882    PREPROCESSOR     ANNOTATION            	SHARE3_IN[83]
     0.882    PREPROCESSOR     ANNOTATION            	SHARE1_IN[84]
     0.882    PREPROCESSOR     ANNOTATION            	SHARE2_IN[84]
     0.882    PREPROCESSOR     ANNOTATION            	SHARE3_IN[84]
     0.882    PREPROCESSOR     ANNOTATION            	SHARE1_IN[85]
     0.882    PREPROCESSOR     ANNOTATION            	SHARE2_IN[85]
     0.882    PREPROCESSOR     ANNOTATION            	SHARE3_IN[85]
     0.882    PREPROCESSOR     ANNOTATION            	SHARE1_IN[86]
     0.882    PREPROCESSOR     ANNOTATION            	SHARE2_IN[86]
     0.882    PREPROCESSOR     ANNOTATION            	SHARE3_IN[86]
     0.882    PREPROCESSOR     ANNOTATION            	SHARE1_IN[87]
     0.882    PREPROCESSOR     ANNOTATION            	SHARE2_IN[87]
     0.882    PREPROCESSOR     ANNOTATION            	SHARE3_IN[87]
     0.882    PREPROCESSOR     ANNOTATION            	SHARE1_IN[88]
     0.882    PREPROCESSOR     ANNOTATION            	SHARE2_IN[88]
     0.882    PREPROCESSOR     ANNOTATION            	SHARE3_IN[88]
     0.882    PREPROCESSOR     ANNOTATION            	SHARE1_IN[89]
     0.882    PREPROCESSOR     ANNOTATION            	SHARE2_IN[89]
     0.882    PREPROCESSOR     ANNOTATION            	SHARE3_IN[89]
     0.882    PREPROCESSOR     ANNOTATION            	SHARE1_IN[90]
     0.882    PREPROCESSOR     ANNOTATION            	SHARE2_IN[90]
     0.882    PREPROCESSOR     ANNOTATION            	SHARE3_IN[90]
     0.882    PREPROCESSOR     ANNOTATION            	SHARE1_IN[91]
     0.883    PREPROCESSOR     ANNOTATION            	SHARE2_IN[91]
     0.883    PREPROCESSOR     ANNOTATION            	SHARE3_IN[91]
     0.883    PREPROCESSOR     ANNOTATION            	SHARE1_IN[92]
     0.883    PREPROCESSOR     ANNOTATION            	SHARE2_IN[92]
     0.883    PREPROCESSOR     ANNOTATION            	SHARE3_IN[92]
     0.883    PREPROCESSOR     ANNOTATION            	SHARE1_IN[93]
     0.883    PREPROCESSOR     ANNOTATION            	SHARE2_IN[93]
     0.883    PREPROCESSOR     ANNOTATION            	SHARE3_IN[93]
     0.883    PREPROCESSOR     ANNOTATION            	SHARE1_IN[94]
     0.883    PREPROCESSOR     ANNOTATION            	SHARE2_IN[94]
     0.883    PREPROCESSOR     ANNOTATION            	SHARE3_IN[94]
     0.883    PREPROCESSOR     ANNOTATION            	SHARE1_IN[95]
     0.883    PREPROCESSOR     ANNOTATION            	SHARE2_IN[95]
     0.883    PREPROCESSOR     ANNOTATION            	SHARE3_IN[95]
     0.883    PREPROCESSOR     ANNOTATION            	SHARE1_IN[96]
     0.883    PREPROCESSOR     ANNOTATION            	SHARE2_IN[96]
     0.883    PREPROCESSOR     ANNOTATION            	SHARE3_IN[96]
     0.883    PREPROCESSOR     ANNOTATION            	SHARE1_IN[97]
     0.883    PREPROCESSOR     ANNOTATION            	SHARE2_IN[97]
     0.883    PREPROCESSOR     ANNOTATION            	SHARE3_IN[97]
     0.883    PREPROCESSOR     ANNOTATION            	SHARE1_IN[98]
     0.883    PREPROCESSOR     ANNOTATION            	SHARE2_IN[98]
     0.883    PREPROCESSOR     ANNOTATION            	SHARE3_IN[98]
     0.883    PREPROCESSOR     ANNOTATION            	SHARE1_IN[99]
     0.883    PREPROCESSOR     ANNOTATION            	SHARE2_IN[99]
     0.883    PREPROCESSOR     ANNOTATION            	SHARE3_IN[99]
     0.883    PREPROCESSOR     ANNOTATION            	SHARE1_IN[100]
     0.883    PREPROCESSOR     ANNOTATION            	SHARE2_IN[100]
     0.883    PREPROCESSOR     ANNOTATION            	SHARE3_IN[100]
     0.883    PREPROCESSOR     ANNOTATION            	SHARE1_IN[101]
     0.883    PREPROCESSOR     ANNOTATION            	SHARE2_IN[101]
     0.883    PREPROCESSOR     ANNOTATION            	SHARE3_IN[101]
     0.883    PREPROCESSOR     ANNOTATION            	SHARE1_IN[102]
     0.883    PREPROCESSOR     ANNOTATION            	SHARE2_IN[102]
     0.883    PREPROCESSOR     ANNOTATION            	SHARE3_IN[102]
     0.883    PREPROCESSOR     ANNOTATION            	SHARE1_IN[103]
     0.883    PREPROCESSOR     ANNOTATION            	SHARE2_IN[103]
     0.883    PREPROCESSOR     ANNOTATION            	SHARE3_IN[103]
     0.883    PREPROCESSOR     ANNOTATION            	SHARE1_IN[104]
     0.883    PREPROCESSOR     ANNOTATION            	SHARE2_IN[104]
     0.883    PREPROCESSOR     ANNOTATION            	SHARE3_IN[104]
     0.883    PREPROCESSOR     ANNOTATION            	SHARE1_IN[105]
     0.883    PREPROCESSOR     ANNOTATION            	SHARE2_IN[105]
     0.883    PREPROCESSOR     ANNOTATION            	SHARE3_IN[105]
     0.883    PREPROCESSOR     ANNOTATION            	SHARE1_IN[106]
     0.883    PREPROCESSOR     ANNOTATION            	SHARE2_IN[106]
     0.883    PREPROCESSOR     ANNOTATION            	SHARE3_IN[106]
     0.883    PREPROCESSOR     ANNOTATION            	SHARE1_IN[107]
     0.883    PREPROCESSOR     ANNOTATION            	SHARE2_IN[107]
     0.883    PREPROCESSOR     ANNOTATION            	SHARE3_IN[107]
     0.883    PREPROCESSOR     ANNOTATION            	SHARE1_IN[108]
     0.883    PREPROCESSOR     ANNOTATION            	SHARE2_IN[108]
     0.883    PREPROCESSOR     ANNOTATION            	SHARE3_IN[108]
     0.883    PREPROCESSOR     ANNOTATION            	SHARE1_IN[109]
     0.883    PREPROCESSOR     ANNOTATION            	SHARE2_IN[109]
     0.883    PREPROCESSOR     ANNOTATION            	SHARE3_IN[109]
     0.883    PREPROCESSOR     ANNOTATION            	SHARE1_IN[110]
     0.883    PREPROCESSOR     ANNOTATION            	SHARE2_IN[110]
     0.883    PREPROCESSOR     ANNOTATION            	SHARE3_IN[110]
     0.883    PREPROCESSOR     ANNOTATION            	SHARE1_IN[111]
     0.883    PREPROCESSOR     ANNOTATION            	SHARE2_IN[111]
     0.883    PREPROCESSOR     ANNOTATION            	SHARE3_IN[111]
     0.883    PREPROCESSOR     ANNOTATION            	SHARE1_IN[112]
     0.883    PREPROCESSOR     ANNOTATION            	SHARE2_IN[112]
     0.883    PREPROCESSOR     ANNOTATION            	SHARE3_IN[112]
     0.883    PREPROCESSOR     ANNOTATION            	SHARE1_IN[113]
     0.883    PREPROCESSOR     ANNOTATION            	SHARE2_IN[113]
     0.883    PREPROCESSOR     ANNOTATION            	SHARE3_IN[113]
     0.883    PREPROCESSOR     ANNOTATION            	SHARE1_IN[114]
     0.883    PREPROCESSOR     ANNOTATION            	SHARE2_IN[114]
     0.883    PREPROCESSOR     ANNOTATION            	SHARE3_IN[114]
     0.883    PREPROCESSOR     ANNOTATION            	SHARE1_IN[115]
     0.883    PREPROCESSOR     ANNOTATION            	SHARE2_IN[115]
     0.883    PREPROCESSOR     ANNOTATION            	SHARE3_IN[115]
     0.883    PREPROCESSOR     ANNOTATION            	SHARE1_IN[116]
     0.883    PREPROCESSOR     ANNOTATION            	SHARE2_IN[116]
     0.883    PREPROCESSOR     ANNOTATION            	SHARE3_IN[116]
     0.883    PREPROCESSOR     ANNOTATION            	SHARE1_IN[117]
     0.883    PREPROCESSOR     ANNOTATION            	SHARE2_IN[117]
     0.883    PREPROCESSOR     ANNOTATION            	SHARE3_IN[117]
     0.883    PREPROCESSOR     ANNOTATION            	SHARE1_IN[118]
     0.883    PREPROCESSOR     ANNOTATION            	SHARE2_IN[118]
     0.883    PREPROCESSOR     ANNOTATION            	SHARE3_IN[118]
     0.883    PREPROCESSOR     ANNOTATION            	SHARE1_IN[119]
     0.883    PREPROCESSOR     ANNOTATION            	SHARE2_IN[119]
     0.883    PREPROCESSOR     ANNOTATION            	SHARE3_IN[119]
     0.883    PREPROCESSOR     ANNOTATION            	SHARE1_IN[120]
     0.883    PREPROCESSOR     ANNOTATION            	SHARE2_IN[120]
     0.883    PREPROCESSOR     ANNOTATION            	SHARE3_IN[120]
     0.883    PREPROCESSOR     ANNOTATION            	SHARE1_IN[121]
     0.883    PREPROCESSOR     ANNOTATION            	SHARE2_IN[121]
     0.883    PREPROCESSOR     ANNOTATION            	SHARE3_IN[121]
     0.883    PREPROCESSOR     ANNOTATION            	SHARE1_IN[122]
     0.883    PREPROCESSOR     ANNOTATION            	SHARE2_IN[122]
     0.883    PREPROCESSOR     ANNOTATION            	SHARE3_IN[122]
     0.883    PREPROCESSOR     ANNOTATION            	SHARE1_IN[123]
     0.883    PREPROCESSOR     ANNOTATION            	SHARE2_IN[123]
     0.883    PREPROCESSOR     ANNOTATION            	SHARE3_IN[123]
     0.883    PREPROCESSOR     ANNOTATION            	SHARE1_IN[124]
     0.883    PREPROCESSOR     ANNOTATION            	SHARE2_IN[124]
     0.883    PREPROCESSOR     ANNOTATION            	SHARE3_IN[124]
     0.883    PREPROCESSOR     ANNOTATION            	SHARE1_IN[125]
     0.883    PREPROCESSOR     ANNOTATION            	SHARE2_IN[125]
     0.883    PREPROCESSOR     ANNOTATION            	SHARE3_IN[125]
     0.883    PREPROCESSOR     ANNOTATION            	SHARE1_IN[126]
     0.883    PREPROCESSOR     ANNOTATION            	SHARE2_IN[126]
     0.884    PREPROCESSOR     ANNOTATION            	SHARE3_IN[126]
     0.884    PREPROCESSOR     ANNOTATION            	SHARE1_IN[127]
     0.884    PREPROCESSOR     ANNOTATION            	SHARE2_IN[127]
     0.884    PREPROCESSOR     ANNOTATION            	SHARE3_IN[127]
     0.884    PREPROCESSOR     ANNOTATION            	ROUND_KEY1[0]
     0.884    PREPROCESSOR     ANNOTATION            	ROUND_KEY2[0]
     0.884    PREPROCESSOR     ANNOTATION            	ROUND_KEY3[0]
     0.884    PREPROCESSOR     ANNOTATION            	ROUND_KEY1[1]
     0.884    PREPROCESSOR     ANNOTATION            	ROUND_KEY2[1]
     0.884    PREPROCESSOR     ANNOTATION            	ROUND_KEY3[1]
     0.884    PREPROCESSOR     ANNOTATION            	ROUND_KEY1[2]
     0.884    PREPROCESSOR     ANNOTATION            	ROUND_KEY2[2]
     0.884    PREPROCESSOR     ANNOTATION            	ROUND_KEY3[2]
     0.884    PREPROCESSOR     ANNOTATION            	ROUND_KEY1[3]
     0.884    PREPROCESSOR     ANNOTATION            	ROUND_KEY2[3]
     0.884    PREPROCESSOR     ANNOTATION            	ROUND_KEY3[3]
     0.884    PREPROCESSOR     ANNOTATION            	ROUND_KEY1[4]
     0.884    PREPROCESSOR     ANNOTATION            	ROUND_KEY2[4]
     0.884    PREPROCESSOR     ANNOTATION            	ROUND_KEY3[4]
     0.884    PREPROCESSOR     ANNOTATION            	ROUND_KEY1[5]
     0.884    PREPROCESSOR     ANNOTATION            	ROUND_KEY2[5]
     0.884    PREPROCESSOR     ANNOTATION            	ROUND_KEY3[5]
     0.884    PREPROCESSOR     ANNOTATION            	ROUND_KEY1[6]
     0.884    PREPROCESSOR     ANNOTATION            	ROUND_KEY2[6]
     0.884    PREPROCESSOR     ANNOTATION            	ROUND_KEY3[6]
     0.884    PREPROCESSOR     ANNOTATION            	ROUND_KEY1[7]
     0.884    PREPROCESSOR     ANNOTATION            	ROUND_KEY2[7]
     0.884    PREPROCESSOR     ANNOTATION            	ROUND_KEY3[7]
     0.884    PREPROCESSOR     ANNOTATION            	ROUND_KEY1[8]
     0.884    PREPROCESSOR     ANNOTATION            	ROUND_KEY2[8]
     0.884    PREPROCESSOR     ANNOTATION            	ROUND_KEY3[8]
     0.884    PREPROCESSOR     ANNOTATION            	ROUND_KEY1[9]
     0.884    PREPROCESSOR     ANNOTATION            	ROUND_KEY2[9]
     0.884    PREPROCESSOR     ANNOTATION            	ROUND_KEY3[9]
     0.884    PREPROCESSOR     ANNOTATION            	ROUND_KEY1[10]
     0.884    PREPROCESSOR     ANNOTATION            	ROUND_KEY2[10]
     0.884    PREPROCESSOR     ANNOTATION            	ROUND_KEY3[10]
     0.884    PREPROCESSOR     ANNOTATION            	ROUND_KEY1[11]
     0.884    PREPROCESSOR     ANNOTATION            	ROUND_KEY2[11]
     0.884    PREPROCESSOR     ANNOTATION            	ROUND_KEY3[11]
     0.884    PREPROCESSOR     ANNOTATION            	ROUND_KEY1[12]
     0.884    PREPROCESSOR     ANNOTATION            	ROUND_KEY2[12]
     0.884    PREPROCESSOR     ANNOTATION            	ROUND_KEY3[12]
     0.884    PREPROCESSOR     ANNOTATION            	ROUND_KEY1[13]
     0.884    PREPROCESSOR     ANNOTATION            	ROUND_KEY2[13]
     0.884    PREPROCESSOR     ANNOTATION            	ROUND_KEY3[13]
     0.884    PREPROCESSOR     ANNOTATION            	ROUND_KEY1[14]
     0.884    PREPROCESSOR     ANNOTATION            	ROUND_KEY2[14]
     0.884    PREPROCESSOR     ANNOTATION            	ROUND_KEY3[14]
     0.884    PREPROCESSOR     ANNOTATION            	ROUND_KEY1[15]
     0.884    PREPROCESSOR     ANNOTATION            	ROUND_KEY2[15]
     0.884    PREPROCESSOR     ANNOTATION            	ROUND_KEY3[15]
     0.884    PREPROCESSOR     ANNOTATION            	ROUND_KEY1[16]
     0.884    PREPROCESSOR     ANNOTATION            	ROUND_KEY2[16]
     0.884    PREPROCESSOR     ANNOTATION            	ROUND_KEY3[16]
     0.884    PREPROCESSOR     ANNOTATION            	ROUND_KEY1[17]
     0.884    PREPROCESSOR     ANNOTATION            	ROUND_KEY2[17]
     0.884    PREPROCESSOR     ANNOTATION            	ROUND_KEY3[17]
     0.884    PREPROCESSOR     ANNOTATION            	ROUND_KEY1[18]
     0.884    PREPROCESSOR     ANNOTATION            	ROUND_KEY2[18]
     0.884    PREPROCESSOR     ANNOTATION            	ROUND_KEY3[18]
     0.884    PREPROCESSOR     ANNOTATION            	ROUND_KEY1[19]
     0.884    PREPROCESSOR     ANNOTATION            	ROUND_KEY2[19]
     0.884    PREPROCESSOR     ANNOTATION            	ROUND_KEY3[19]
     0.884    PREPROCESSOR     ANNOTATION            	ROUND_KEY1[20]
     0.884    PREPROCESSOR     ANNOTATION            	ROUND_KEY2[20]
     0.884    PREPROCESSOR     ANNOTATION            	ROUND_KEY3[20]
     0.884    PREPROCESSOR     ANNOTATION            	ROUND_KEY1[21]
     0.884    PREPROCESSOR     ANNOTATION            	ROUND_KEY2[21]
     0.884    PREPROCESSOR     ANNOTATION            	ROUND_KEY3[21]
     0.884    PREPROCESSOR     ANNOTATION            	ROUND_KEY1[22]
     0.884    PREPROCESSOR     ANNOTATION            	ROUND_KEY2[22]
     0.884    PREPROCESSOR     ANNOTATION            	ROUND_KEY3[22]
     0.884    PREPROCESSOR     ANNOTATION            	ROUND_KEY1[23]
     0.884    PREPROCESSOR     ANNOTATION            	ROUND_KEY2[23]
     0.884    PREPROCESSOR     ANNOTATION            	ROUND_KEY3[23]
     0.884    PREPROCESSOR     ANNOTATION            	ROUND_KEY1[24]
     0.884    PREPROCESSOR     ANNOTATION            	ROUND_KEY2[24]
     0.884    PREPROCESSOR     ANNOTATION            	ROUND_KEY3[24]
     0.884    PREPROCESSOR     ANNOTATION            	ROUND_KEY1[25]
     0.884    PREPROCESSOR     ANNOTATION            	ROUND_KEY2[25]
     0.884    PREPROCESSOR     ANNOTATION            	ROUND_KEY3[25]
     0.884    PREPROCESSOR     ANNOTATION            	ROUND_KEY1[26]
     0.884    PREPROCESSOR     ANNOTATION            	ROUND_KEY2[26]
     0.884    PREPROCESSOR     ANNOTATION            	ROUND_KEY3[26]
     0.884    PREPROCESSOR     ANNOTATION            	ROUND_KEY1[27]
     0.884    PREPROCESSOR     ANNOTATION            	ROUND_KEY2[27]
     0.884    PREPROCESSOR     ANNOTATION            	ROUND_KEY3[27]
     0.884    PREPROCESSOR     ANNOTATION            	ROUND_KEY1[28]
     0.884    PREPROCESSOR     ANNOTATION            	ROUND_KEY2[28]
     0.884    PREPROCESSOR     ANNOTATION            	ROUND_KEY3[28]
     0.884    PREPROCESSOR     ANNOTATION            	ROUND_KEY1[29]
     0.884    PREPROCESSOR     ANNOTATION            	ROUND_KEY2[29]
     0.884    PREPROCESSOR     ANNOTATION            	ROUND_KEY3[29]
     0.884    PREPROCESSOR     ANNOTATION            	ROUND_KEY1[30]
     0.884    PREPROCESSOR     ANNOTATION            	ROUND_KEY2[30]
     0.884    PREPROCESSOR     ANNOTATION            	ROUND_KEY3[30]
     0.884    PREPROCESSOR     ANNOTATION            	ROUND_KEY1[31]
     0.884    PREPROCESSOR     ANNOTATION            	ROUND_KEY2[31]
     0.884    PREPROCESSOR     ANNOTATION            	ROUND_KEY3[31]
     0.885    PREPROCESSOR     ANNOTATION            	ROUND_KEY1[64]
     0.885    PREPROCESSOR     ANNOTATION            	ROUND_KEY2[64]
     0.885    PREPROCESSOR     ANNOTATION            	ROUND_KEY3[64]
     0.885    PREPROCESSOR     ANNOTATION            	ROUND_KEY1[65]
     0.885    PREPROCESSOR     ANNOTATION            	ROUND_KEY2[65]
     0.885    PREPROCESSOR     ANNOTATION            	ROUND_KEY3[65]
     0.885    PREPROCESSOR     ANNOTATION            	ROUND_KEY1[66]
     0.885    PREPROCESSOR     ANNOTATION            	ROUND_KEY2[66]
     0.885    PREPROCESSOR     ANNOTATION            	ROUND_KEY3[66]
     0.885    PREPROCESSOR     ANNOTATION            	ROUND_KEY1[67]
     0.885    PREPROCESSOR     ANNOTATION            	ROUND_KEY2[67]
     0.885    PREPROCESSOR     ANNOTATION            	ROUND_KEY3[67]
     0.885    PREPROCESSOR     ANNOTATION            	ROUND_KEY1[68]
     0.885    PREPROCESSOR     ANNOTATION            	ROUND_KEY2[68]
     0.885    PREPROCESSOR     ANNOTATION            	ROUND_KEY3[68]
     0.885    PREPROCESSOR     ANNOTATION            	ROUND_KEY1[69]
     0.885    PREPROCESSOR     ANNOTATION            	ROUND_KEY2[69]
     0.885    PREPROCESSOR     ANNOTATION            	ROUND_KEY3[69]
     0.885    PREPROCESSOR     ANNOTATION            	ROUND_KEY1[70]
     0.885    PREPROCESSOR     ANNOTATION            	ROUND_KEY2[70]
     0.885    PREPROCESSOR     ANNOTATION            	ROUND_KEY3[70]
     0.885    PREPROCESSOR     ANNOTATION            	ROUND_KEY1[71]
     0.885    PREPROCESSOR     ANNOTATION            	ROUND_KEY2[71]
     0.885    PREPROCESSOR     ANNOTATION            	ROUND_KEY3[71]
     0.885    PREPROCESSOR     ANNOTATION            	ROUND_KEY1[72]
     0.885    PREPROCESSOR     ANNOTATION            	ROUND_KEY2[72]
     0.885    PREPROCESSOR     ANNOTATION            	ROUND_KEY3[72]
     0.885    PREPROCESSOR     ANNOTATION            	ROUND_KEY1[73]
     0.885    PREPROCESSOR     ANNOTATION            	ROUND_KEY2[73]
     0.885    PREPROCESSOR     ANNOTATION            	ROUND_KEY3[73]
     0.885    PREPROCESSOR     ANNOTATION            	ROUND_KEY1[74]
     0.885    PREPROCESSOR     ANNOTATION            	ROUND_KEY2[74]
     0.885    PREPROCESSOR     ANNOTATION            	ROUND_KEY3[74]
     0.885    PREPROCESSOR     ANNOTATION            	ROUND_KEY1[75]
     0.885    PREPROCESSOR     ANNOTATION            	ROUND_KEY2[75]
     0.885    PREPROCESSOR     ANNOTATION            	ROUND_KEY3[75]
     0.885    PREPROCESSOR     ANNOTATION            	ROUND_KEY1[76]
     0.885    PREPROCESSOR     ANNOTATION            	ROUND_KEY2[76]
     0.885    PREPROCESSOR     ANNOTATION            	ROUND_KEY3[76]
     0.885    PREPROCESSOR     ANNOTATION            	ROUND_KEY1[77]
     0.885    PREPROCESSOR     ANNOTATION            	ROUND_KEY2[77]
     0.885    PREPROCESSOR     ANNOTATION            	ROUND_KEY3[77]
     0.885    PREPROCESSOR     ANNOTATION            	ROUND_KEY1[78]
     0.885    PREPROCESSOR     ANNOTATION            	ROUND_KEY2[78]
     0.885    PREPROCESSOR     ANNOTATION            	ROUND_KEY3[78]
     0.885    PREPROCESSOR     ANNOTATION            	ROUND_KEY1[79]
     0.885    PREPROCESSOR     ANNOTATION            	ROUND_KEY2[79]
     0.885    PREPROCESSOR     ANNOTATION            	ROUND_KEY3[79]
     0.885    PREPROCESSOR     ANNOTATION            	ROUND_KEY1[80]
     0.885    PREPROCESSOR     ANNOTATION            	ROUND_KEY2[80]
     0.885    PREPROCESSOR     ANNOTATION            	ROUND_KEY3[80]
     0.885    PREPROCESSOR     ANNOTATION            	ROUND_KEY1[81]
     0.885    PREPROCESSOR     ANNOTATION            	ROUND_KEY2[81]
     0.885    PREPROCESSOR     ANNOTATION            	ROUND_KEY3[81]
     0.885    PREPROCESSOR     ANNOTATION            	ROUND_KEY1[82]
     0.885    PREPROCESSOR     ANNOTATION            	ROUND_KEY2[82]
     0.885    PREPROCESSOR     ANNOTATION            	ROUND_KEY3[82]
     0.885    PREPROCESSOR     ANNOTATION            	ROUND_KEY1[83]
     0.885    PREPROCESSOR     ANNOTATION            	ROUND_KEY2[83]
     0.885    PREPROCESSOR     ANNOTATION            	ROUND_KEY3[83]
     0.885    PREPROCESSOR     ANNOTATION            	ROUND_KEY1[84]
     0.885    PREPROCESSOR     ANNOTATION            	ROUND_KEY2[84]
     0.885    PREPROCESSOR     ANNOTATION            	ROUND_KEY3[84]
     0.885    PREPROCESSOR     ANNOTATION            	ROUND_KEY1[85]
     0.885    PREPROCESSOR     ANNOTATION            	ROUND_KEY2[85]
     0.885    PREPROCESSOR     ANNOTATION            	ROUND_KEY3[85]
     0.885    PREPROCESSOR     ANNOTATION            	ROUND_KEY1[86]
     0.885    PREPROCESSOR     ANNOTATION            	ROUND_KEY2[86]
     0.885    PREPROCESSOR     ANNOTATION            	ROUND_KEY3[86]
     0.885    PREPROCESSOR     ANNOTATION            	ROUND_KEY1[87]
     0.885    PREPROCESSOR     ANNOTATION            	ROUND_KEY2[87]
     0.885    PREPROCESSOR     ANNOTATION            	ROUND_KEY3[87]
     0.885    PREPROCESSOR     ANNOTATION            	ROUND_KEY1[88]
     0.885    PREPROCESSOR     ANNOTATION            	ROUND_KEY2[88]
     0.885    PREPROCESSOR     ANNOTATION            	ROUND_KEY3[88]
     0.885    PREPROCESSOR     ANNOTATION            	ROUND_KEY1[89]
     0.885    PREPROCESSOR     ANNOTATION            	ROUND_KEY2[89]
     0.885    PREPROCESSOR     ANNOTATION            	ROUND_KEY3[89]
     0.885    PREPROCESSOR     ANNOTATION            	ROUND_KEY1[90]
     0.885    PREPROCESSOR     ANNOTATION            	ROUND_KEY2[90]
     0.885    PREPROCESSOR     ANNOTATION            	ROUND_KEY3[90]
     0.885    PREPROCESSOR     ANNOTATION            	ROUND_KEY1[91]
     0.885    PREPROCESSOR     ANNOTATION            	ROUND_KEY2[91]
     0.885    PREPROCESSOR     ANNOTATION            	ROUND_KEY3[91]
     0.885    PREPROCESSOR     ANNOTATION            	ROUND_KEY1[92]
     0.885    PREPROCESSOR     ANNOTATION            	ROUND_KEY2[92]
     0.885    PREPROCESSOR     ANNOTATION            	ROUND_KEY3[92]
     0.885    PREPROCESSOR     ANNOTATION            	ROUND_KEY1[93]
     0.885    PREPROCESSOR     ANNOTATION            	ROUND_KEY2[93]
     0.885    PREPROCESSOR     ANNOTATION            	ROUND_KEY3[93]
     0.885    PREPROCESSOR     ANNOTATION            	ROUND_KEY1[94]
     0.885    PREPROCESSOR     ANNOTATION            	ROUND_KEY2[94]
     0.885    PREPROCESSOR     ANNOTATION            	ROUND_KEY3[94]
     0.885    PREPROCESSOR     ANNOTATION            	ROUND_KEY1[95]
     0.885    PREPROCESSOR     ANNOTATION            	ROUND_KEY2[95]
     0.885    PREPROCESSOR     ANNOTATION            	ROUND_KEY3[95]
     0.885    PREPROCESSOR     ANNOTATION            	ROUND_KEY1[96]
     0.885    PREPROCESSOR     ANNOTATION            	ROUND_KEY2[96]
     0.885    PREPROCESSOR     ANNOTATION            	ROUND_KEY3[96]
     0.885    PREPROCESSOR     ANNOTATION            	ROUND_KEY1[97]
     0.885    PREPROCESSOR     ANNOTATION            	ROUND_KEY2[97]
     0.885    PREPROCESSOR     ANNOTATION            	ROUND_KEY3[97]
     0.885    PREPROCESSOR     ANNOTATION            	ROUND_KEY1[98]
     0.885    PREPROCESSOR     ANNOTATION            	ROUND_KEY2[98]
     0.886    PREPROCESSOR     ANNOTATION            	ROUND_KEY3[98]
     0.886    PREPROCESSOR     ANNOTATION            	ROUND_KEY1[99]
     0.886    PREPROCESSOR     ANNOTATION            	ROUND_KEY2[99]
     0.886    PREPROCESSOR     ANNOTATION            	ROUND_KEY3[99]
     0.886    PREPROCESSOR     ANNOTATION            	ROUND_KEY1[100]
     0.886    PREPROCESSOR     ANNOTATION            	ROUND_KEY2[100]
     0.886    PREPROCESSOR     ANNOTATION            	ROUND_KEY3[100]
     0.886    PREPROCESSOR     ANNOTATION            	ROUND_KEY1[101]
     0.886    PREPROCESSOR     ANNOTATION            	ROUND_KEY2[101]
     0.886    PREPROCESSOR     ANNOTATION            	ROUND_KEY3[101]
     0.886    PREPROCESSOR     ANNOTATION            	ROUND_KEY1[102]
     0.886    PREPROCESSOR     ANNOTATION            	ROUND_KEY2[102]
     0.886    PREPROCESSOR     ANNOTATION            	ROUND_KEY3[102]
     0.886    PREPROCESSOR     ANNOTATION            	ROUND_KEY1[103]
     0.886    PREPROCESSOR     ANNOTATION            	ROUND_KEY2[103]
     0.886    PREPROCESSOR     ANNOTATION            	ROUND_KEY3[103]
     0.886    PREPROCESSOR     ANNOTATION            	ROUND_KEY1[104]
     0.886    PREPROCESSOR     ANNOTATION            	ROUND_KEY2[104]
     0.886    PREPROCESSOR     ANNOTATION            	ROUND_KEY3[104]
     0.886    PREPROCESSOR     ANNOTATION            	ROUND_KEY1[105]
     0.886    PREPROCESSOR     ANNOTATION            	ROUND_KEY2[105]
     0.886    PREPROCESSOR     ANNOTATION            	ROUND_KEY3[105]
     0.886    PREPROCESSOR     ANNOTATION            	ROUND_KEY1[106]
     0.886    PREPROCESSOR     ANNOTATION            	ROUND_KEY2[106]
     0.886    PREPROCESSOR     ANNOTATION            	ROUND_KEY3[106]
     0.886    PREPROCESSOR     ANNOTATION            	ROUND_KEY1[107]
     0.886    PREPROCESSOR     ANNOTATION            	ROUND_KEY2[107]
     0.886    PREPROCESSOR     ANNOTATION            	ROUND_KEY3[107]
     0.886    PREPROCESSOR     ANNOTATION            	ROUND_KEY1[108]
     0.886    PREPROCESSOR     ANNOTATION            	ROUND_KEY2[108]
     0.886    PREPROCESSOR     ANNOTATION            	ROUND_KEY3[108]
     0.886    PREPROCESSOR     ANNOTATION            	ROUND_KEY1[109]
     0.886    PREPROCESSOR     ANNOTATION            	ROUND_KEY2[109]
     0.886    PREPROCESSOR     ANNOTATION            	ROUND_KEY3[109]
     0.886    PREPROCESSOR     ANNOTATION            	ROUND_KEY1[110]
     0.886    PREPROCESSOR     ANNOTATION            	ROUND_KEY2[110]
     0.886    PREPROCESSOR     ANNOTATION            	ROUND_KEY3[110]
     0.886    PREPROCESSOR     ANNOTATION            	ROUND_KEY1[111]
     0.886    PREPROCESSOR     ANNOTATION            	ROUND_KEY2[111]
     0.886    PREPROCESSOR     ANNOTATION            	ROUND_KEY3[111]
     0.886    PREPROCESSOR     ANNOTATION            	ROUND_KEY1[112]
     0.886    PREPROCESSOR     ANNOTATION            	ROUND_KEY2[112]
     0.886    PREPROCESSOR     ANNOTATION            	ROUND_KEY3[112]
     0.886    PREPROCESSOR     ANNOTATION            	ROUND_KEY1[113]
     0.886    PREPROCESSOR     ANNOTATION            	ROUND_KEY2[113]
     0.886    PREPROCESSOR     ANNOTATION            	ROUND_KEY3[113]
     0.886    PREPROCESSOR     ANNOTATION            	ROUND_KEY1[114]
     0.886    PREPROCESSOR     ANNOTATION            	ROUND_KEY2[114]
     0.886    PREPROCESSOR     ANNOTATION            	ROUND_KEY3[114]
     0.886    PREPROCESSOR     ANNOTATION            	ROUND_KEY1[115]
     0.886    PREPROCESSOR     ANNOTATION            	ROUND_KEY2[115]
     0.886    PREPROCESSOR     ANNOTATION            	ROUND_KEY3[115]
     0.886    PREPROCESSOR     ANNOTATION            	ROUND_KEY1[116]
     0.886    PREPROCESSOR     ANNOTATION            	ROUND_KEY2[116]
     0.886    PREPROCESSOR     ANNOTATION            	ROUND_KEY3[116]
     0.886    PREPROCESSOR     ANNOTATION            	ROUND_KEY1[117]
     0.886    PREPROCESSOR     ANNOTATION            	ROUND_KEY2[117]
     0.886    PREPROCESSOR     ANNOTATION            	ROUND_KEY3[117]
     0.886    PREPROCESSOR     ANNOTATION            	ROUND_KEY1[118]
     0.886    PREPROCESSOR     ANNOTATION            	ROUND_KEY2[118]
     0.886    PREPROCESSOR     ANNOTATION            	ROUND_KEY3[118]
     0.886    PREPROCESSOR     ANNOTATION            	ROUND_KEY1[119]
     0.886    PREPROCESSOR     ANNOTATION            	ROUND_KEY2[119]
     0.886    PREPROCESSOR     ANNOTATION            	ROUND_KEY3[119]
     0.886    PREPROCESSOR     ANNOTATION            	ROUND_KEY1[120]
     0.886    PREPROCESSOR     ANNOTATION            	ROUND_KEY2[120]
     0.886    PREPROCESSOR     ANNOTATION            	ROUND_KEY3[120]
     0.886    PREPROCESSOR     ANNOTATION            	ROUND_KEY1[121]
     0.886    PREPROCESSOR     ANNOTATION            	ROUND_KEY2[121]
     0.886    PREPROCESSOR     ANNOTATION            	ROUND_KEY3[121]
     0.886    PREPROCESSOR     ANNOTATION            	ROUND_KEY1[122]
     0.886    PREPROCESSOR     ANNOTATION            	ROUND_KEY2[122]
     0.886    PREPROCESSOR     ANNOTATION            	ROUND_KEY3[122]
     0.886    PREPROCESSOR     ANNOTATION            	ROUND_KEY1[123]
     0.886    PREPROCESSOR     ANNOTATION            	ROUND_KEY2[123]
     0.886    PREPROCESSOR     ANNOTATION            	ROUND_KEY3[123]
     0.886    PREPROCESSOR     ANNOTATION            	ROUND_KEY1[124]
     0.886    PREPROCESSOR     ANNOTATION            	ROUND_KEY2[124]
     0.886    PREPROCESSOR     ANNOTATION            	ROUND_KEY3[124]
     0.886    PREPROCESSOR     ANNOTATION            	ROUND_KEY1[125]
     0.886    PREPROCESSOR     ANNOTATION            	ROUND_KEY2[125]
     0.886    PREPROCESSOR     ANNOTATION            	ROUND_KEY3[125]
     0.886    PREPROCESSOR     ANNOTATION            	ROUND_KEY1[126]
     0.886    PREPROCESSOR     ANNOTATION            	ROUND_KEY2[126]
     0.886    PREPROCESSOR     ANNOTATION            	ROUND_KEY3[126]
     0.886    PREPROCESSOR     ANNOTATION            	ROUND_KEY1[127]
     0.886    PREPROCESSOR     ANNOTATION            	ROUND_KEY2[127]
     0.886    PREPROCESSOR     ANNOTATION            	ROUND_KEY3[127]
     0.886    PREPROCESSOR     ANNOTATION            	SHARE1_OUT[64]
     0.886    PREPROCESSOR     ANNOTATION            	SHARE2_OUT[64]
     0.886    PREPROCESSOR     ANNOTATION            	SHARE3_OUT[64]
     0.886    PREPROCESSOR     ANNOTATION            	SHARE1_OUT[65]
     0.886    PREPROCESSOR     ANNOTATION            	SHARE2_OUT[65]
     0.886    PREPROCESSOR     ANNOTATION            	SHARE3_OUT[65]
     0.886    PREPROCESSOR     ANNOTATION            	SHARE1_OUT[66]
     0.886    PREPROCESSOR     ANNOTATION            	SHARE2_OUT[66]
     0.886    PREPROCESSOR     ANNOTATION            	SHARE3_OUT[66]
     0.886    PREPROCESSOR     ANNOTATION            	SHARE1_OUT[67]
     0.886    PREPROCESSOR     ANNOTATION            	SHARE2_OUT[67]
     0.886    PREPROCESSOR     ANNOTATION            	SHARE3_OUT[67]
     0.886    PREPROCESSOR     ANNOTATION            	SHARE1_OUT[68]
     0.886    PREPROCESSOR     ANNOTATION            	SHARE2_OUT[68]
     0.886    PREPROCESSOR     ANNOTATION            	SHARE3_OUT[68]
     0.886    PREPROCESSOR     ANNOTATION            	SHARE1_OUT[69]
     0.886    PREPROCESSOR     ANNOTATION            	SHARE2_OUT[69]
     0.886    PREPROCESSOR     ANNOTATION            	SHARE3_OUT[69]
     0.886    PREPROCESSOR     ANNOTATION            	SHARE1_OUT[70]
     0.886    PREPROCESSOR     ANNOTATION            	SHARE2_OUT[70]
     0.886    PREPROCESSOR     ANNOTATION            	SHARE3_OUT[70]
     0.886    PREPROCESSOR     ANNOTATION            	SHARE1_OUT[71]
     0.886    PREPROCESSOR     ANNOTATION            	SHARE2_OUT[71]
     0.887    PREPROCESSOR     ANNOTATION            	SHARE3_OUT[71]
     0.887    PREPROCESSOR     ANNOTATION            	SHARE1_OUT[72]
     0.887    PREPROCESSOR     ANNOTATION            	SHARE2_OUT[72]
     0.887    PREPROCESSOR     ANNOTATION            	SHARE3_OUT[72]
     0.887    PREPROCESSOR     ANNOTATION            	SHARE1_OUT[73]
     0.887    PREPROCESSOR     ANNOTATION            	SHARE2_OUT[73]
     0.887    PREPROCESSOR     ANNOTATION            	SHARE3_OUT[73]
     0.887    PREPROCESSOR     ANNOTATION            	SHARE1_OUT[74]
     0.887    PREPROCESSOR     ANNOTATION            	SHARE2_OUT[74]
     0.887    PREPROCESSOR     ANNOTATION            	SHARE3_OUT[74]
     0.887    PREPROCESSOR     ANNOTATION            	SHARE1_OUT[75]
     0.887    PREPROCESSOR     ANNOTATION            	SHARE2_OUT[75]
     0.887    PREPROCESSOR     ANNOTATION            	SHARE3_OUT[75]
     0.887    PREPROCESSOR     ANNOTATION            	SHARE1_OUT[76]
     0.887    PREPROCESSOR     ANNOTATION            	SHARE2_OUT[76]
     0.887    PREPROCESSOR     ANNOTATION            	SHARE3_OUT[76]
     0.887    PREPROCESSOR     ANNOTATION            	SHARE1_OUT[77]
     0.887    PREPROCESSOR     ANNOTATION            	SHARE2_OUT[77]
     0.887    PREPROCESSOR     ANNOTATION            	SHARE3_OUT[77]
     0.887    PREPROCESSOR     ANNOTATION            	SHARE1_OUT[78]
     0.887    PREPROCESSOR     ANNOTATION            	SHARE2_OUT[78]
     0.887    PREPROCESSOR     ANNOTATION            	SHARE3_OUT[78]
     0.887    PREPROCESSOR     ANNOTATION            	SHARE1_OUT[79]
     0.887    PREPROCESSOR     ANNOTATION            	SHARE2_OUT[79]
     0.887    PREPROCESSOR     ANNOTATION            	SHARE3_OUT[79]
     0.887    PREPROCESSOR     ANNOTATION            	SHARE1_OUT[80]
     0.887    PREPROCESSOR     ANNOTATION            	SHARE2_OUT[80]
     0.887    PREPROCESSOR     ANNOTATION            	SHARE3_OUT[80]
     0.887    PREPROCESSOR     ANNOTATION            	SHARE1_OUT[81]
     0.887    PREPROCESSOR     ANNOTATION            	SHARE2_OUT[81]
     0.887    PREPROCESSOR     ANNOTATION            	SHARE3_OUT[81]
     0.887    PREPROCESSOR     ANNOTATION            	SHARE1_OUT[82]
     0.887    PREPROCESSOR     ANNOTATION            	SHARE2_OUT[82]
     0.887    PREPROCESSOR     ANNOTATION            	SHARE3_OUT[82]
     0.887    PREPROCESSOR     ANNOTATION            	SHARE1_OUT[83]
     0.887    PREPROCESSOR     ANNOTATION            	SHARE2_OUT[83]
     0.887    PREPROCESSOR     ANNOTATION            	SHARE3_OUT[83]
     0.887    PREPROCESSOR     ANNOTATION            	SHARE1_OUT[84]
     0.887    PREPROCESSOR     ANNOTATION            	SHARE2_OUT[84]
     0.887    PREPROCESSOR     ANNOTATION            	SHARE3_OUT[84]
     0.887    PREPROCESSOR     ANNOTATION            	SHARE1_OUT[85]
     0.887    PREPROCESSOR     ANNOTATION            	SHARE2_OUT[85]
     0.887    PREPROCESSOR     ANNOTATION            	SHARE3_OUT[85]
     0.887    PREPROCESSOR     ANNOTATION            	SHARE1_OUT[86]
     0.887    PREPROCESSOR     ANNOTATION            	SHARE2_OUT[86]
     0.887    PREPROCESSOR     ANNOTATION            	SHARE3_OUT[86]
     0.887    PREPROCESSOR     ANNOTATION            	SHARE1_OUT[87]
     0.887    PREPROCESSOR     ANNOTATION            	SHARE2_OUT[87]
     0.887    PREPROCESSOR     ANNOTATION            	SHARE3_OUT[87]
     0.887    PREPROCESSOR     ANNOTATION            	SHARE1_OUT[88]
     0.887    PREPROCESSOR     ANNOTATION            	SHARE2_OUT[88]
     0.887    PREPROCESSOR     ANNOTATION            	SHARE3_OUT[88]
     0.887    PREPROCESSOR     ANNOTATION            	SHARE1_OUT[89]
     0.887    PREPROCESSOR     ANNOTATION            	SHARE2_OUT[89]
     0.887    PREPROCESSOR     ANNOTATION            	SHARE3_OUT[89]
     0.887    PREPROCESSOR     ANNOTATION            	SHARE1_OUT[90]
     0.887    PREPROCESSOR     ANNOTATION            	SHARE2_OUT[90]
     0.887    PREPROCESSOR     ANNOTATION            	SHARE3_OUT[90]
     0.887    PREPROCESSOR     ANNOTATION            	SHARE1_OUT[91]
     0.887    PREPROCESSOR     ANNOTATION            	SHARE2_OUT[91]
     0.887    PREPROCESSOR     ANNOTATION            	SHARE3_OUT[91]
     0.887    PREPROCESSOR     ANNOTATION            	SHARE1_OUT[92]
     0.887    PREPROCESSOR     ANNOTATION            	SHARE2_OUT[92]
     0.887    PREPROCESSOR     ANNOTATION            	SHARE3_OUT[92]
     0.887    PREPROCESSOR     ANNOTATION            	SHARE1_OUT[93]
     0.887    PREPROCESSOR     ANNOTATION            	SHARE2_OUT[93]
     0.887    PREPROCESSOR     ANNOTATION            	SHARE3_OUT[93]
     0.887    PREPROCESSOR     ANNOTATION            	SHARE1_OUT[94]
     0.887    PREPROCESSOR     ANNOTATION            	SHARE2_OUT[94]
     0.887    PREPROCESSOR     ANNOTATION            	SHARE3_OUT[94]
     0.887    PREPROCESSOR     ANNOTATION            	SHARE1_OUT[95]
     0.887    PREPROCESSOR     ANNOTATION            	SHARE2_OUT[95]
     0.887    PREPROCESSOR     ANNOTATION            	SHARE3_OUT[95]
     0.887    PREPROCESSOR     ANNOTATION            	SHARE1_OUT[96]
     0.887    PREPROCESSOR     ANNOTATION            	SHARE2_OUT[96]
     0.887    PREPROCESSOR     ANNOTATION            	SHARE3_OUT[96]
     0.887    PREPROCESSOR     ANNOTATION            	SHARE1_OUT[97]
     0.887    PREPROCESSOR     ANNOTATION            	SHARE2_OUT[97]
     0.887    PREPROCESSOR     ANNOTATION            	SHARE3_OUT[97]
     0.887    PREPROCESSOR     ANNOTATION            	SHARE1_OUT[98]
     0.887    PREPROCESSOR     ANNOTATION            	SHARE2_OUT[98]
     0.887    PREPROCESSOR     ANNOTATION            	SHARE3_OUT[98]
     0.887    PREPROCESSOR     ANNOTATION            	SHARE1_OUT[99]
     0.887    PREPROCESSOR     ANNOTATION            	SHARE2_OUT[99]
     0.887    PREPROCESSOR     ANNOTATION            	SHARE3_OUT[99]
     0.887    PREPROCESSOR     ANNOTATION            	SHARE1_OUT[100]
     0.887    PREPROCESSOR     ANNOTATION            	SHARE2_OUT[100]
     0.887    PREPROCESSOR     ANNOTATION            	SHARE3_OUT[100]
     0.887    PREPROCESSOR     ANNOTATION            	SHARE1_OUT[101]
     0.887    PREPROCESSOR     ANNOTATION            	SHARE2_OUT[101]
     0.887    PREPROCESSOR     ANNOTATION            	SHARE3_OUT[101]
     0.887    PREPROCESSOR     ANNOTATION            	SHARE1_OUT[102]
     0.887    PREPROCESSOR     ANNOTATION            	SHARE2_OUT[102]
     0.887    PREPROCESSOR     ANNOTATION            	SHARE3_OUT[102]
     0.887    PREPROCESSOR     ANNOTATION            	SHARE1_OUT[103]
     0.887    PREPROCESSOR     ANNOTATION            	SHARE2_OUT[103]
     0.887    PREPROCESSOR     ANNOTATION            	SHARE3_OUT[103]
     0.887    PREPROCESSOR     ANNOTATION            	SHARE1_OUT[104]
     0.887    PREPROCESSOR     ANNOTATION            	SHARE2_OUT[104]
     0.887    PREPROCESSOR     ANNOTATION            	SHARE3_OUT[104]
     0.887    PREPROCESSOR     ANNOTATION            	SHARE1_OUT[105]
     0.887    PREPROCESSOR     ANNOTATION            	SHARE2_OUT[105]
     0.887    PREPROCESSOR     ANNOTATION            	SHARE3_OUT[105]
     0.887    PREPROCESSOR     ANNOTATION            	SHARE1_OUT[106]
     0.887    PREPROCESSOR     ANNOTATION            	SHARE2_OUT[106]
     0.887    PREPROCESSOR     ANNOTATION            	SHARE3_OUT[106]
     0.887    PREPROCESSOR     ANNOTATION            	SHARE1_OUT[107]
     0.887    PREPROCESSOR     ANNOTATION            	SHARE2_OUT[107]
     0.887    PREPROCESSOR     ANNOTATION            	SHARE3_OUT[107]
     0.887    PREPROCESSOR     ANNOTATION            	SHARE1_OUT[108]
     0.887    PREPROCESSOR     ANNOTATION            	SHARE2_OUT[108]
     0.888    PREPROCESSOR     ANNOTATION            	SHARE3_OUT[108]
     0.888    PREPROCESSOR     ANNOTATION            	SHARE1_OUT[109]
     0.888    PREPROCESSOR     ANNOTATION            	SHARE2_OUT[109]
     0.888    PREPROCESSOR     ANNOTATION            	SHARE3_OUT[109]
     0.888    PREPROCESSOR     ANNOTATION            	SHARE1_OUT[110]
     0.888    PREPROCESSOR     ANNOTATION            	SHARE2_OUT[110]
     0.888    PREPROCESSOR     ANNOTATION            	SHARE3_OUT[110]
     0.888    PREPROCESSOR     ANNOTATION            	SHARE1_OUT[111]
     0.888    PREPROCESSOR     ANNOTATION            	SHARE2_OUT[111]
     0.888    PREPROCESSOR     ANNOTATION            	SHARE3_OUT[111]
     0.888    PREPROCESSOR     ANNOTATION            	SHARE1_OUT[112]
     0.888    PREPROCESSOR     ANNOTATION            	SHARE2_OUT[112]
     0.888    PREPROCESSOR     ANNOTATION            	SHARE3_OUT[112]
     0.888    PREPROCESSOR     ANNOTATION            	SHARE1_OUT[113]
     0.888    PREPROCESSOR     ANNOTATION            	SHARE2_OUT[113]
     0.888    PREPROCESSOR     ANNOTATION            	SHARE3_OUT[113]
     0.888    PREPROCESSOR     ANNOTATION            	SHARE1_OUT[114]
     0.888    PREPROCESSOR     ANNOTATION            	SHARE2_OUT[114]
     0.888    PREPROCESSOR     ANNOTATION            	SHARE3_OUT[114]
     0.888    PREPROCESSOR     ANNOTATION            	SHARE1_OUT[115]
     0.888    PREPROCESSOR     ANNOTATION            	SHARE2_OUT[115]
     0.888    PREPROCESSOR     ANNOTATION            	SHARE3_OUT[115]
     0.888    PREPROCESSOR     ANNOTATION            	SHARE1_OUT[116]
     0.888    PREPROCESSOR     ANNOTATION            	SHARE2_OUT[116]
     0.888    PREPROCESSOR     ANNOTATION            	SHARE3_OUT[116]
     0.888    PREPROCESSOR     ANNOTATION            	SHARE1_OUT[117]
     0.888    PREPROCESSOR     ANNOTATION            	SHARE2_OUT[117]
     0.888    PREPROCESSOR     ANNOTATION            	SHARE3_OUT[117]
     0.888    PREPROCESSOR     ANNOTATION            	SHARE1_OUT[118]
     0.888    PREPROCESSOR     ANNOTATION            	SHARE2_OUT[118]
     0.888    PREPROCESSOR     ANNOTATION            	SHARE3_OUT[118]
     0.888    PREPROCESSOR     ANNOTATION            	SHARE1_OUT[119]
     0.888    PREPROCESSOR     ANNOTATION            	SHARE2_OUT[119]
     0.888    PREPROCESSOR     ANNOTATION            	SHARE3_OUT[119]
     0.888    PREPROCESSOR     ANNOTATION            	SHARE1_OUT[120]
     0.888    PREPROCESSOR     ANNOTATION            	SHARE2_OUT[120]
     0.888    PREPROCESSOR     ANNOTATION            	SHARE3_OUT[120]
     0.888    PREPROCESSOR     ANNOTATION            	SHARE1_OUT[121]
     0.888    PREPROCESSOR     ANNOTATION            	SHARE2_OUT[121]
     0.888    PREPROCESSOR     ANNOTATION            	SHARE3_OUT[121]
     0.888    PREPROCESSOR     ANNOTATION            	SHARE1_OUT[122]
     0.888    PREPROCESSOR     ANNOTATION            	SHARE2_OUT[122]
     0.888    PREPROCESSOR     ANNOTATION            	SHARE3_OUT[122]
     0.888    PREPROCESSOR     ANNOTATION            	SHARE1_OUT[123]
     0.888    PREPROCESSOR     ANNOTATION            	SHARE2_OUT[123]
     0.888    PREPROCESSOR     ANNOTATION            	SHARE3_OUT[123]
     0.888    PREPROCESSOR     ANNOTATION            	SHARE1_OUT[124]
     0.888    PREPROCESSOR     ANNOTATION            	SHARE2_OUT[124]
     0.888    PREPROCESSOR     ANNOTATION            	SHARE3_OUT[124]
     0.888    PREPROCESSOR     ANNOTATION            	SHARE1_OUT[125]
     0.888    PREPROCESSOR     ANNOTATION            	SHARE2_OUT[125]
     0.888    PREPROCESSOR     ANNOTATION            	SHARE3_OUT[125]
     0.888    PREPROCESSOR     ANNOTATION            	SHARE1_OUT[126]
     0.888    PREPROCESSOR     ANNOTATION            	SHARE2_OUT[126]
     0.888    PREPROCESSOR     ANNOTATION            	SHARE3_OUT[126]
     0.888    PREPROCESSOR     ANNOTATION            	SHARE1_OUT[127]
     0.888    PREPROCESSOR     ANNOTATION            	SHARE2_OUT[127]
     0.888    PREPROCESSOR     ANNOTATION            	SHARE3_OUT[127]
     0.888    PREPROCESSOR     ANNOTATION            0 wires were tagged with a fault domain.
----------------------------------------------------------------------------------------------------
     0.888    PREPROCESSOR     ANNOTATION            [1;32mSUCCESS[0m


  TIME [s]    SERVICE          CONFIGURATION         INFO: FILTERING
----------------------------------------------------------------------------------------------------
     0.889    PREPROCESSOR     FILTERING             Filtering for side-channel verification is disabled!
     0.889    PREPROCESSOR     FILTERING             Filtering for fault-injection verification is disabled!
----------------------------------------------------------------------------------------------------
     0.889    PREPROCESSOR     FILTERING             [1;32mSUCCESS[0m


  TIME [s]    SERVICE          CONFIGURATION         INFO
----------------------------------------------------------------------------------------------------
     0.889    PREPROCESSOR     MULTI-THREADING       cores: 16
     0.889    PREPROCESSOR     MULTI-THREADING       memory: 0 GB
     0.889    PREPROCESSOR     MULTI-THREADING       reordering: disabled
----------------------------------------------------------------------------------------------------
     0.889    PREPROCESSOR     MULTI-THREADING       [1;32mSUCCESS[0m


  TIME [s]    SERVICE          CONFIGURATION         INFO: MODEL POSTPROCESSING
----------------------------------------------------------------------------------------------------
     0.902    PREPROCESSOR     MODEL POSTPROCESSING  Removed clock tree from netlist (1 wire was removed).
     0.902    PREPROCESSOR     MODEL POSTPROCESSING  No control signals were found.
     0.902    PREPROCESSOR     MODEL POSTPROCESSING  Removed 289 unconnected pins.
     0.902    PREPROCESSOR     MODEL POSTPROCESSING  Removed 192 unconnected wires.
----------------------------------------------------------------------------------------------------
     0.902    PREPROCESSOR     MODEL POSTPROCESSING  [1;32mSUCCESS[0m


  TIME [s]    SERVICE          CONFIGURATION         INFO: PROPERTIES
----------------------------------------------------------------------------------------------------
     0.936    PREPROCESSOR     MODEL PROPERTIES      Determined 192 shared inputs.
     0.936    PREPROCESSOR     MODEL PROPERTIES      	Minimum number of shares: 0
     0.936    PREPROCESSOR     MODEL PROPERTIES      Identified stage(s): 
     0.936    PREPROCESSOR     MODEL PROPERTIES      	logic    : 2
     0.936    PREPROCESSOR     MODEL PROPERTIES      	register : 1
----------------------------------------------------------------------------------------------------
     0.936    PREPROCESSOR     MODEL PROPERTIES      [1;32mSUCCESS[0m


  TIME [s]    SERVICE          CONFIGURATION         INFO: PARTITIONER
----------------------------------------------------------------------------------------------------
     0.994    PARTITIONER      BREADTH+DEPTH         Identified 20 partitions.
----------------------------------------------------------------------------------------------------
     0.994    PARTITIONER      BREADTH+DEPTH         [1;32mSUCCESS[0m


  TIME [s]    SERVICE          CONFIGURATION         INFO: Configure FIA
----------------------------------------------------------------------------------------------------
     0.994    PREPROCESSOR     FIA                   FIA preprocessor is disabled!
----------------------------------------------------------------------------------------------------
     0.994    PREPROCESSOR     FIA                   [1;32mSUCCESS[0m


  TIME [s]    SERVICE          CONFIGURATION         INFO: Configure SCA
----------------------------------------------------------------------------------------------------
     0.995    PREPROCESSOR     SCA                   Determined 384 probe positions.
     0.995    PREPROCESSOR     SCA                   Determined 0 probe combinations.
----------------------------------------------------------------------------------------------------
     0.995    PREPROCESSOR     SCA                   [1;32mSUCCESS[0m


  TIME [s]    SERVICE          CONFIGURATION         INFO: MODULE ELABORATION
----------------------------------------------------------------------------------------------------
     1.027    PREPROCESSOR     ELABORATE             module  : virtual_module_0
     1.027    PREPROCESSOR     ELABORATE             	inputs  : 12
     1.027    PREPROCESSOR     ELABORATE             	outputs : 12
     1.027    PREPROCESSOR     ELABORATE             	wires   : 48
     1.027    PREPROCESSOR     ELABORATE             Elaborated on core 0
----------------------------------------------------------------------------------------------------
     1.027    PREPROCESSOR     ELABORATE             [1;32mSUCCESS[0m


  TIME [s]    SERVICE          CONFIGURATION         INFO: MODULE ELABORATION
----------------------------------------------------------------------------------------------------
     1.028    PREPROCESSOR     ELABORATE             module  : virtual_module_1
     1.028    PREPROCESSOR     ELABORATE             	inputs  : 12
     1.028    PREPROCESSOR     ELABORATE             	outputs : 12
     1.028    PREPROCESSOR     ELABORATE             	wires   : 48
     1.028    PREPROCESSOR     ELABORATE             Elaborated on core 0
----------------------------------------------------------------------------------------------------
     1.028    PREPROCESSOR     ELABORATE             [1;32mSUCCESS[0m


  TIME [s]    SERVICE          CONFIGURATION         INFO: MODULE ELABORATION
----------------------------------------------------------------------------------------------------
     1.028    PREPROCESSOR     ELABORATE             module  : virtual_module_2
     1.028    PREPROCESSOR     ELABORATE             	inputs  : 12
     1.028    PREPROCESSOR     ELABORATE             	outputs : 12
     1.028    PREPROCESSOR     ELABORATE             	wires   : 48
     1.028    PREPROCESSOR     ELABORATE             Elaborated on core 0
----------------------------------------------------------------------------------------------------
     1.028    PREPROCESSOR     ELABORATE             [1;32mSUCCESS[0m


  TIME [s]    SERVICE          CONFIGURATION         INFO: MODULE ELABORATION
----------------------------------------------------------------------------------------------------
     1.029    PREPROCESSOR     ELABORATE             module  : virtual_module_3
     1.029    PREPROCESSOR     ELABORATE             	inputs  : 12
     1.029    PREPROCESSOR     ELABORATE             	outputs : 12
     1.029    PREPROCESSOR     ELABORATE             	wires   : 48
     1.029    PREPROCESSOR     ELABORATE             Elaborated on core 0
----------------------------------------------------------------------------------------------------
     1.029    PREPROCESSOR     ELABORATE             [1;32mSUCCESS[0m


  TIME [s]    SERVICE          CONFIGURATION         INFO: MODULE ELABORATION
----------------------------------------------------------------------------------------------------
     1.029    PREPROCESSOR     ELABORATE             module  : virtual_module_4
     1.029    PREPROCESSOR     ELABORATE             	inputs  : 12
     1.029    PREPROCESSOR     ELABORATE             	outputs : 12
     1.029    PREPROCESSOR     ELABORATE             	wires   : 48
     1.029    PREPROCESSOR     ELABORATE             Elaborated on core 0
----------------------------------------------------------------------------------------------------
     1.029    PREPROCESSOR     ELABORATE             [1;32mSUCCESS[0m


  TIME [s]    SERVICE          CONFIGURATION         INFO: MODULE ELABORATION
----------------------------------------------------------------------------------------------------
     1.030    PREPROCESSOR     ELABORATE             module  : virtual_module_5
     1.030    PREPROCESSOR     ELABORATE             	inputs  : 12
     1.030    PREPROCESSOR     ELABORATE             	outputs : 12
     1.030    PREPROCESSOR     ELABORATE             	wires   : 48
     1.030    PREPROCESSOR     ELABORATE             Elaborated on core 0
----------------------------------------------------------------------------------------------------
     1.030    PREPROCESSOR     ELABORATE             [1;32mSUCCESS[0m


  TIME [s]    SERVICE          CONFIGURATION         INFO: MODULE ELABORATION
----------------------------------------------------------------------------------------------------
     1.030    PREPROCESSOR     ELABORATE             module  : virtual_module_6
     1.030    PREPROCESSOR     ELABORATE             	inputs  : 12
     1.030    PREPROCESSOR     ELABORATE             	outputs : 12
     1.030    PREPROCESSOR     ELABORATE             	wires   : 48
     1.030    PREPROCESSOR     ELABORATE             Elaborated on core 0
----------------------------------------------------------------------------------------------------
     1.030    PREPROCESSOR     ELABORATE             [1;32mSUCCESS[0m


  TIME [s]    SERVICE          CONFIGURATION         INFO: MODULE ELABORATION
----------------------------------------------------------------------------------------------------
     1.030    PREPROCESSOR     ELABORATE             module  : virtual_module_7
     1.030    PREPROCESSOR     ELABORATE             	inputs  : 12
     1.030    PREPROCESSOR     ELABORATE             	outputs : 12
     1.030    PREPROCESSOR     ELABORATE             	wires   : 48
     1.030    PREPROCESSOR     ELABORATE             Elaborated on core 0
----------------------------------------------------------------------------------------------------
     1.031    PREPROCESSOR     ELABORATE             [1;32mSUCCESS[0m


  TIME [s]    SERVICE          CONFIGURATION         INFO: MODULE ELABORATION
----------------------------------------------------------------------------------------------------
     1.031    PREPROCESSOR     ELABORATE             module  : virtual_module_8
     1.031    PREPROCESSOR     ELABORATE             	inputs  : 12
     1.031    PREPROCESSOR     ELABORATE             	outputs : 12
     1.031    PREPROCESSOR     ELABORATE             	wires   : 48
     1.031    PREPROCESSOR     ELABORATE             Elaborated on core 0
----------------------------------------------------------------------------------------------------
     1.031    PREPROCESSOR     ELABORATE             [1;32mSUCCESS[0m


  TIME [s]    SERVICE          CONFIGURATION         INFO: MODULE ELABORATION
----------------------------------------------------------------------------------------------------
     1.031    PREPROCESSOR     ELABORATE             module  : virtual_module_9
     1.031    PREPROCESSOR     ELABORATE             	inputs  : 12
     1.031    PREPROCESSOR     ELABORATE             	outputs : 12
     1.031    PREPROCESSOR     ELABORATE             	wires   : 48
     1.031    PREPROCESSOR     ELABORATE             Elaborated on core 0
----------------------------------------------------------------------------------------------------
     1.031    PREPROCESSOR     ELABORATE             [1;32mSUCCESS[0m


  TIME [s]    SERVICE          CONFIGURATION         INFO: MODULE ELABORATION
----------------------------------------------------------------------------------------------------
     1.032    PREPROCESSOR     ELABORATE             module  : virtual_module_10
     1.032    PREPROCESSOR     ELABORATE             	inputs  : 12
     1.032    PREPROCESSOR     ELABORATE             	outputs : 12
     1.032    PREPROCESSOR     ELABORATE             	wires   : 48
     1.032    PREPROCESSOR     ELABORATE             Elaborated on core 0
----------------------------------------------------------------------------------------------------
     1.032    PREPROCESSOR     ELABORATE             [1;32mSUCCESS[0m


  TIME [s]    SERVICE          CONFIGURATION         INFO: MODULE ELABORATION
----------------------------------------------------------------------------------------------------
     1.032    PREPROCESSOR     ELABORATE             module  : virtual_module_11
     1.032    PREPROCESSOR     ELABORATE             	inputs  : 12
     1.032    PREPROCESSOR     ELABORATE             	outputs : 12
     1.032    PREPROCESSOR     ELABORATE             	wires   : 48
     1.032    PREPROCESSOR     ELABORATE             Elaborated on core 0
----------------------------------------------------------------------------------------------------
     1.032    PREPROCESSOR     ELABORATE             [1;32mSUCCESS[0m


  TIME [s]    SERVICE          CONFIGURATION         INFO: MODULE ELABORATION
----------------------------------------------------------------------------------------------------
     1.033    PREPROCESSOR     ELABORATE             module  : virtual_module_12
     1.033    PREPROCESSOR     ELABORATE             	inputs  : 12
     1.033    PREPROCESSOR     ELABORATE             	outputs : 12
     1.033    PREPROCESSOR     ELABORATE             	wires   : 48
     1.033    PREPROCESSOR     ELABORATE             Elaborated on core 0
----------------------------------------------------------------------------------------------------
     1.033    PREPROCESSOR     ELABORATE             [1;32mSUCCESS[0m


  TIME [s]    SERVICE          CONFIGURATION         INFO: MODULE ELABORATION
----------------------------------------------------------------------------------------------------
     1.033    PREPROCESSOR     ELABORATE             module  : virtual_module_13
     1.033    PREPROCESSOR     ELABORATE             	inputs  : 12
     1.033    PREPROCESSOR     ELABORATE             	outputs : 12
     1.033    PREPROCESSOR     ELABORATE             	wires   : 48
     1.033    PREPROCESSOR     ELABORATE             Elaborated on core 0
----------------------------------------------------------------------------------------------------
     1.033    PREPROCESSOR     ELABORATE             [1;32mSUCCESS[0m


  TIME [s]    SERVICE          CONFIGURATION         INFO: MODULE ELABORATION
----------------------------------------------------------------------------------------------------
     1.034    PREPROCESSOR     ELABORATE             module  : virtual_module_14
     1.034    PREPROCESSOR     ELABORATE             	inputs  : 12
     1.034    PREPROCESSOR     ELABORATE             	outputs : 12
     1.034    PREPROCESSOR     ELABORATE             	wires   : 48
     1.034    PREPROCESSOR     ELABORATE             Elaborated on core 0
----------------------------------------------------------------------------------------------------
     1.034    PREPROCESSOR     ELABORATE             [1;32mSUCCESS[0m


  TIME [s]    SERVICE          CONFIGURATION         INFO: MODULE ELABORATION
----------------------------------------------------------------------------------------------------
     1.034    PREPROCESSOR     ELABORATE             module  : virtual_module_15
     1.034    PREPROCESSOR     ELABORATE             	inputs  : 12
     1.034    PREPROCESSOR     ELABORATE             	outputs : 12
     1.034    PREPROCESSOR     ELABORATE             	wires   : 48
     1.034    PREPROCESSOR     ELABORATE             Elaborated on core 0
----------------------------------------------------------------------------------------------------
     1.034    PREPROCESSOR     ELABORATE             [1;32mSUCCESS[0m


  TIME [s]    SERVICE          CONFIGURATION         INFO: ANALYSIS REPORT
----------------------------------------------------------------------------------------------------
     1.037    ANALYZER         INDIANA               module: virtual_module_13
     1.037    ANALYZER         INDIANA               model parameters:
     1.037    ANALYZER         INDIANA               	glitches    : yes
     1.037    ANALYZER         INDIANA               	transitions : no
     1.037    ANALYZER         INDIANA               	couplings   : no
     1.038    ANALYZER         INDIANA               verification:
     1.038    ANALYZER         INDIANA               	assuming : d ≤ 1
     1.038    ANALYZER         INDIANA               	verified : d ≤ 1
     1.038    ANALYZER         INDIANA               failing probe combinations:
     1.038    ANALYZER         INDIANA               	total : 0
     1.038    ANALYZER         INDIANA               	first : - 
     1.038    ANALYZER         INDIANA               Verified on core 2
----------------------------------------------------------------------------------------------------
     1.038    ANALYZER         INDIANA               [1;32mSUCCESS[0m


  TIME [s]    SERVICE          CONFIGURATION         INFO: ANALYSIS REPORT
----------------------------------------------------------------------------------------------------
     1.039    ANALYZER         INDIANA               module: virtual_module_3
     1.039    ANALYZER         INDIANA               model parameters:
     1.039    ANALYZER         INDIANA               	glitches    : yes
     1.039    ANALYZER         INDIANA               	transitions : no
     1.039    ANALYZER         INDIANA               	couplings   : no
     1.039    ANALYZER         INDIANA               verification:
     1.039    ANALYZER         INDIANA               	assuming : d ≤ 1
     1.039    ANALYZER         INDIANA               	verified : d ≤ 1
     1.039    ANALYZER         INDIANA               failing probe combinations:
     1.039    ANALYZER         INDIANA               	total : 0
     1.039    ANALYZER         INDIANA               	first : - 
     1.039    ANALYZER         INDIANA               Verified on core 11
----------------------------------------------------------------------------------------------------
     1.039    ANALYZER         INDIANA               [1;32mSUCCESS[0m


  TIME [s]    SERVICE          CONFIGURATION         INFO: ANALYSIS REPORT
----------------------------------------------------------------------------------------------------
     1.039    ANALYZER         INDIANA               module: virtual_module_2
     1.039    ANALYZER         INDIANA               model parameters:
     1.039    ANALYZER         INDIANA               	glitches    : yes
     1.039    ANALYZER         INDIANA               	transitions : no
     1.039    ANALYZER         INDIANA               	couplings   : no
     1.039    ANALYZER         INDIANA               verification:
     1.039    ANALYZER         INDIANA               	assuming : d ≤ 1
     1.039    ANALYZER         INDIANA               	verified : d ≤ 1
     1.039    ANALYZER         INDIANA               failing probe combinations:
     1.039    ANALYZER         INDIANA               	total : 0
     1.039    ANALYZER         INDIANA               	first : - 
     1.039    ANALYZER         INDIANA               Verified on core 6
----------------------------------------------------------------------------------------------------
     1.039    ANALYZER         INDIANA               [1;32mSUCCESS[0m


  TIME [s]    SERVICE          CONFIGURATION         INFO: ANALYSIS REPORT
----------------------------------------------------------------------------------------------------
     1.039    ANALYZER         INDIANA               module: virtual_module_6
     1.039    ANALYZER         INDIANA               model parameters:
     1.039    ANALYZER         INDIANA               	glitches    : yes
     1.039    ANALYZER         INDIANA               	transitions : no
     1.039    ANALYZER         INDIANA               	couplings   : no
     1.039    ANALYZER         INDIANA               verification:
     1.039    ANALYZER         INDIANA               	assuming : d ≤ 1
     1.039    ANALYZER         INDIANA               	verified : d ≤ 1
     1.039    ANALYZER         INDIANA               failing probe combinations:
     1.039    ANALYZER         INDIANA               	total : 0
     1.039    ANALYZER         INDIANA               	first : - 
     1.039    ANALYZER         INDIANA               Verified on core 10
----------------------------------------------------------------------------------------------------
     1.039    ANALYZER         INDIANA               [1;32mSUCCESS[0m


  TIME [s]    SERVICE          CONFIGURATION         INFO: ANALYSIS REPORT
----------------------------------------------------------------------------------------------------
     1.039    ANALYZER         INDIANA               module: virtual_module_5
     1.039    ANALYZER         INDIANA               model parameters:
     1.039    ANALYZER         INDIANA               	glitches    : yes
     1.040    ANALYZER         INDIANA               	transitions : no
     1.040    ANALYZER         INDIANA               	couplings   : no
     1.040    ANALYZER         INDIANA               verification:
     1.040    ANALYZER         INDIANA               	assuming : d ≤ 1
     1.040    ANALYZER         INDIANA               	verified : d ≤ 1
     1.040    ANALYZER         INDIANA               failing probe combinations:
     1.040    ANALYZER         INDIANA               	total : 0
     1.040    ANALYZER         INDIANA               	first : - 
     1.040    ANALYZER         INDIANA               Verified on core 12
----------------------------------------------------------------------------------------------------
     1.040    ANALYZER         INDIANA               [1;32mSUCCESS[0m


  TIME [s]    SERVICE          CONFIGURATION         INFO: ANALYSIS REPORT
----------------------------------------------------------------------------------------------------
     1.040    ANALYZER         INDIANA               module: virtual_module_12
     1.040    ANALYZER         INDIANA               model parameters:
     1.040    ANALYZER         INDIANA               	glitches    : yes
     1.040    ANALYZER         INDIANA               	transitions : no
     1.040    ANALYZER         INDIANA               	couplings   : no
     1.040    ANALYZER         INDIANA               verification:
     1.040    ANALYZER         INDIANA               	assuming : d ≤ 1
     1.040    ANALYZER         INDIANA               	verified : d ≤ 1
     1.040    ANALYZER         INDIANA               failing probe combinations:
     1.040    ANALYZER         INDIANA               	total : 0
     1.040    ANALYZER         INDIANA               	first : - 
     1.040    ANALYZER         INDIANA               Verified on core 3
----------------------------------------------------------------------------------------------------
     1.040    ANALYZER         INDIANA               [1;32mSUCCESS[0m


  TIME [s]    SERVICE          CONFIGURATION         INFO: ANALYSIS REPORT
----------------------------------------------------------------------------------------------------
     1.040    ANALYZER         INDIANA               module: virtual_module_4
     1.040    ANALYZER         INDIANA               model parameters:
     1.040    ANALYZER         INDIANA               	glitches    : yes
     1.040    ANALYZER         INDIANA               	transitions : no
     1.040    ANALYZER         INDIANA               	couplings   : no
     1.040    ANALYZER         INDIANA               verification:
     1.040    ANALYZER         INDIANA               	assuming : d ≤ 1
     1.040    ANALYZER         INDIANA               	verified : d ≤ 1
     1.040    ANALYZER         INDIANA               failing probe combinations:
     1.040    ANALYZER         INDIANA               	total : 0
     1.040    ANALYZER         INDIANA               	first : - 
     1.040    ANALYZER         INDIANA               Verified on core 4
----------------------------------------------------------------------------------------------------
     1.040    ANALYZER         INDIANA               [1;32mSUCCESS[0m


  TIME [s]    SERVICE          CONFIGURATION         INFO: ANALYSIS REPORT
----------------------------------------------------------------------------------------------------
     1.040    ANALYZER         INDIANA               module: virtual_module_10
     1.040    ANALYZER         INDIANA               model parameters:
     1.041    ANALYZER         INDIANA               	glitches    : yes
     1.041    ANALYZER         INDIANA               	transitions : no
     1.041    ANALYZER         INDIANA               	couplings   : no
     1.041    ANALYZER         INDIANA               verification:
     1.041    ANALYZER         INDIANA               	assuming : d ≤ 1
     1.041    ANALYZER         INDIANA               	verified : d ≤ 1
     1.042    ANALYZER         INDIANA               failing probe combinations:
     1.042    ANALYZER         INDIANA               	total : 0
     1.042    ANALYZER         INDIANA               	first : - 
     1.042    ANALYZER         INDIANA               Verified on core 9
----------------------------------------------------------------------------------------------------
     1.042    ANALYZER         INDIANA               [1;32mSUCCESS[0m


  TIME [s]    SERVICE          CONFIGURATION         INFO: ANALYSIS REPORT
----------------------------------------------------------------------------------------------------
     1.042    ANALYZER         INDIANA               module: virtual_module_7
     1.042    ANALYZER         INDIANA               model parameters:
     1.042    ANALYZER         INDIANA               	glitches    : yes
     1.042    ANALYZER         INDIANA               	transitions : no
     1.042    ANALYZER         INDIANA               	couplings   : no
     1.042    ANALYZER         INDIANA               verification:
     1.042    ANALYZER         INDIANA               	assuming : d ≤ 1
     1.042    ANALYZER         INDIANA               	verified : d ≤ 1
     1.042    ANALYZER         INDIANA               failing probe combinations:
     1.042    ANALYZER         INDIANA               	total : 0
     1.042    ANALYZER         INDIANA               	first : - 
     1.042    ANALYZER         INDIANA               Verified on core 13
----------------------------------------------------------------------------------------------------
     1.042    ANALYZER         INDIANA               [1;32mSUCCESS[0m


  TIME [s]    SERVICE          CONFIGURATION         INFO: ANALYSIS REPORT
----------------------------------------------------------------------------------------------------
     1.042    ANALYZER         INDIANA               module: virtual_module_11
     1.042    ANALYZER         INDIANA               model parameters:
     1.042    ANALYZER         INDIANA               	glitches    : yes
     1.042    ANALYZER         INDIANA               	transitions : no
     1.042    ANALYZER         INDIANA               	couplings   : no
     1.042    ANALYZER         INDIANA               verification:
     1.042    ANALYZER         INDIANA               	assuming : d ≤ 1
     1.042    ANALYZER         INDIANA               	verified : d ≤ 1
     1.042    ANALYZER         INDIANA               failing probe combinations:
     1.042    ANALYZER         INDIANA               	total : 0
     1.042    ANALYZER         INDIANA               	first : - 
     1.042    ANALYZER         INDIANA               Verified on core 14
----------------------------------------------------------------------------------------------------
     1.043    ANALYZER         INDIANA               [1;32mSUCCESS[0m


  TIME [s]    SERVICE          CONFIGURATION         INFO: ANALYSIS REPORT
----------------------------------------------------------------------------------------------------
     1.043    ANALYZER         INDIANA               module: virtual_module_1
     1.043    ANALYZER         INDIANA               model parameters:
     1.043    ANALYZER         INDIANA               	glitches    : yes
     1.043    ANALYZER         INDIANA               	transitions : no
     1.043    ANALYZER         INDIANA               	couplings   : no
     1.043    ANALYZER         INDIANA               verification:
     1.043    ANALYZER         INDIANA               	assuming : d ≤ 1
     1.043    ANALYZER         INDIANA               	verified : d ≤ 1
     1.043    ANALYZER         INDIANA               failing probe combinations:
     1.043    ANALYZER         INDIANA               	total : 0
     1.043    ANALYZER         INDIANA               	first : - 
     1.043    ANALYZER         INDIANA               Verified on core 8
----------------------------------------------------------------------------------------------------
     1.043    ANALYZER         INDIANA               [1;32mSUCCESS[0m


  TIME [s]    SERVICE          CONFIGURATION         INFO: ANALYSIS REPORT
----------------------------------------------------------------------------------------------------
     1.043    ANALYZER         INDIANA               module: virtual_module_14
     1.043    ANALYZER         INDIANA               model parameters:
     1.043    ANALYZER         INDIANA               	glitches    : yes
     1.043    ANALYZER         INDIANA               	transitions : no
     1.043    ANALYZER         INDIANA               	couplings   : no
     1.043    ANALYZER         INDIANA               verification:
     1.043    ANALYZER         INDIANA               	assuming : d ≤ 1
     1.043    ANALYZER         INDIANA               	verified : d ≤ 1
     1.043    ANALYZER         INDIANA               failing probe combinations:
     1.043    ANALYZER         INDIANA               	total : 0
     1.043    ANALYZER         INDIANA               	first : - 
     1.043    ANALYZER         INDIANA               Verified on core 1
----------------------------------------------------------------------------------------------------
     1.043    ANALYZER         INDIANA               [1;32mSUCCESS[0m


  TIME [s]    SERVICE          CONFIGURATION         INFO: ANALYSIS REPORT
----------------------------------------------------------------------------------------------------
     1.043    ANALYZER         INDIANA               module: virtual_module_9
     1.043    ANALYZER         INDIANA               model parameters:
     1.043    ANALYZER         INDIANA               	glitches    : yes
     1.043    ANALYZER         INDIANA               	transitions : no
     1.043    ANALYZER         INDIANA               	couplings   : no
     1.043    ANALYZER         INDIANA               verification:
     1.043    ANALYZER         INDIANA               	assuming : d ≤ 1
     1.043    ANALYZER         INDIANA               	verified : d ≤ 1
     1.043    ANALYZER         INDIANA               failing probe combinations:
     1.043    ANALYZER         INDIANA               	total : 0
     1.043    ANALYZER         INDIANA               	first : - 
     1.043    ANALYZER         INDIANA               Verified on core 5
----------------------------------------------------------------------------------------------------
     1.043    ANALYZER         INDIANA               [1;32mSUCCESS[0m


  TIME [s]    SERVICE          CONFIGURATION         INFO: ANALYSIS REPORT
----------------------------------------------------------------------------------------------------
     1.043    ANALYZER         INDIANA               module: virtual_module_8
     1.043    ANALYZER         INDIANA               model parameters:
     1.043    ANALYZER         INDIANA               	glitches    : yes
     1.043    ANALYZER         INDIANA               	transitions : no
     1.043    ANALYZER         INDIANA               	couplings   : no
     1.043    ANALYZER         INDIANA               verification:
     1.043    ANALYZER         INDIANA               	assuming : d ≤ 1
     1.044    ANALYZER         INDIANA               	verified : d ≤ 1
     1.044    ANALYZER         INDIANA               failing probe combinations:
     1.044    ANALYZER         INDIANA               	total : 0
     1.044    ANALYZER         INDIANA               	first : - 
     1.044    ANALYZER         INDIANA               Verified on core 7
----------------------------------------------------------------------------------------------------
     1.044    ANALYZER         INDIANA               [1;32mSUCCESS[0m


  TIME [s]    SERVICE          CONFIGURATION         INFO: ANALYSIS REPORT
----------------------------------------------------------------------------------------------------
     1.044    ANALYZER         INDIANA               module: virtual_module_15
     1.044    ANALYZER         INDIANA               model parameters:
     1.044    ANALYZER         INDIANA               	glitches    : yes
     1.044    ANALYZER         INDIANA               	transitions : no
     1.044    ANALYZER         INDIANA               	couplings   : no
     1.044    ANALYZER         INDIANA               verification:
     1.044    ANALYZER         INDIANA               	assuming : d ≤ 1
     1.044    ANALYZER         INDIANA               	verified : d ≤ 1
     1.044    ANALYZER         INDIANA               failing probe combinations:
     1.044    ANALYZER         INDIANA               	total : 0
     1.044    ANALYZER         INDIANA               	first : - 
     1.044    ANALYZER         INDIANA               Verified on core 15
----------------------------------------------------------------------------------------------------
     1.044    ANALYZER         INDIANA               [1;32mSUCCESS[0m


  TIME [s]    SERVICE          CONFIGURATION         INFO: ANALYSIS REPORT
----------------------------------------------------------------------------------------------------
     1.047    ANALYZER         INDIANA               module: virtual_module_0
     1.047    ANALYZER         INDIANA               model parameters:
     1.047    ANALYZER         INDIANA               	glitches    : yes
     1.047    ANALYZER         INDIANA               	transitions : no
     1.047    ANALYZER         INDIANA               	couplings   : no
     1.047    ANALYZER         INDIANA               verification:
     1.047    ANALYZER         INDIANA               	assuming : d ≤ 1
     1.047    ANALYZER         INDIANA               	verified : d ≤ 1
     1.047    ANALYZER         INDIANA               failing probe combinations:
     1.047    ANALYZER         INDIANA               	total : 0
     1.047    ANALYZER         INDIANA               	first : - 
     1.047    ANALYZER         INDIANA               Verified on core 0
----------------------------------------------------------------------------------------------------
     1.047    ANALYZER         INDIANA               [1;32mSUCCESS[0m


  TIME [s]    SERVICE          CONFIGURATION         INFO: FREQUENCY UPDATE
----------------------------------------------------------------------------------------------------
     1.050    ENVIRONMENT      INDIANA               [1;32mSUCCESS[0m

  TIME [s]    SERVICE          CONFIGURATION         INFO: FREQUENCY TRANSFER
----------------------------------------------------------------------------------------------------
     1.077    ENVIRONMENT      INDIANA               [1;32mSUCCESS[0m

  TIME [s]    SERVICE          CONFIGURATION         INFO: MODULE ELABORATION
----------------------------------------------------------------------------------------------------
     1.086    PREPROCESSOR     ELABORATE             module  : virtual_module_16
     1.086    PREPROCESSOR     ELABORATE             	inputs  : 76
     1.086    PREPROCESSOR     ELABORATE             	outputs : 48
     1.086    PREPROCESSOR     ELABORATE             	wires   : 332
     1.086    PREPROCESSOR     ELABORATE             Elaborated on core 0
----------------------------------------------------------------------------------------------------
     1.086    PREPROCESSOR     ELABORATE             [1;32mSUCCESS[0m


  TIME [s]    SERVICE          CONFIGURATION         INFO: MODULE ELABORATION
----------------------------------------------------------------------------------------------------
     1.095    PREPROCESSOR     ELABORATE             module  : virtual_module_17
     1.095    PREPROCESSOR     ELABORATE             	inputs  : 74
     1.095    PREPROCESSOR     ELABORATE             	outputs : 48
     1.095    PREPROCESSOR     ELABORATE             	wires   : 328
     1.095    PREPROCESSOR     ELABORATE             Elaborated on core 0
----------------------------------------------------------------------------------------------------
     1.095    PREPROCESSOR     ELABORATE             [1;32mSUCCESS[0m


  TIME [s]    SERVICE          CONFIGURATION         INFO: MODULE ELABORATION
----------------------------------------------------------------------------------------------------
     1.104    PREPROCESSOR     ELABORATE             module  : virtual_module_18
     1.104    PREPROCESSOR     ELABORATE             	inputs  : 72
     1.104    PREPROCESSOR     ELABORATE             	outputs : 48
     1.104    PREPROCESSOR     ELABORATE             	wires   : 327
     1.104    PREPROCESSOR     ELABORATE             Elaborated on core 0
----------------------------------------------------------------------------------------------------
     1.104    PREPROCESSOR     ELABORATE             [1;32mSUCCESS[0m


  TIME [s]    SERVICE          CONFIGURATION         INFO: MODULE ELABORATION
----------------------------------------------------------------------------------------------------
     1.112    PREPROCESSOR     ELABORATE             module  : virtual_module_19
     1.112    PREPROCESSOR     ELABORATE             	inputs  : 72
     1.113    PREPROCESSOR     ELABORATE             	outputs : 48
     1.113    PREPROCESSOR     ELABORATE             	wires   : 324
     1.113    PREPROCESSOR     ELABORATE             Elaborated on core 0
----------------------------------------------------------------------------------------------------
     1.113    PREPROCESSOR     ELABORATE             [1;32mSUCCESS[0m


  TIME [s]    SERVICE          CONFIGURATION         INFO: ANALYSIS REPORT
----------------------------------------------------------------------------------------------------
     1.134    ANALYZER         INDIANA               module: virtual_module_18
     1.134    ANALYZER         INDIANA               model parameters:
     1.134    ANALYZER         INDIANA               	glitches    : yes
     1.135    ANALYZER         INDIANA               	transitions : no
     1.135    ANALYZER         INDIANA               	couplings   : no
     1.135    ANALYZER         INDIANA               verification:
     1.135    ANALYZER         INDIANA               	assuming : d ≤ 1
     1.135    ANALYZER         INDIANA               	verified : d ≤ 1
     1.135    ANALYZER         INDIANA               failing probe combinations:
     1.135    ANALYZER         INDIANA               	total : 0
     1.135    ANALYZER         INDIANA               	first : - 
     1.135    ANALYZER         INDIANA               Verified on core 7
----------------------------------------------------------------------------------------------------
     1.135    ANALYZER         INDIANA               [1;32mSUCCESS[0m


  TIME [s]    SERVICE          CONFIGURATION         INFO: ANALYSIS REPORT
----------------------------------------------------------------------------------------------------
     1.135    ANALYZER         INDIANA               module: virtual_module_19
     1.135    ANALYZER         INDIANA               model parameters:
     1.135    ANALYZER         INDIANA               	glitches    : yes
     1.135    ANALYZER         INDIANA               	transitions : no
     1.135    ANALYZER         INDIANA               	couplings   : no
     1.135    ANALYZER         INDIANA               verification:
     1.135    ANALYZER         INDIANA               	assuming : d ≤ 1
     1.135    ANALYZER         INDIANA               	verified : d ≤ 1
     1.135    ANALYZER         INDIANA               failing probe combinations:
     1.135    ANALYZER         INDIANA               	total : 0
     1.135    ANALYZER         INDIANA               	first : - 
     1.135    ANALYZER         INDIANA               Verified on core 13
----------------------------------------------------------------------------------------------------
     1.135    ANALYZER         INDIANA               [1;32mSUCCESS[0m


  TIME [s]    SERVICE          CONFIGURATION         INFO: ANALYSIS REPORT
----------------------------------------------------------------------------------------------------
     1.137    ANALYZER         INDIANA               module: virtual_module_17
     1.137    ANALYZER         INDIANA               model parameters:
     1.137    ANALYZER         INDIANA               	glitches    : yes
     1.137    ANALYZER         INDIANA               	transitions : no
     1.137    ANALYZER         INDIANA               	couplings   : no
     1.137    ANALYZER         INDIANA               verification:
     1.137    ANALYZER         INDIANA               	assuming : d ≤ 1
     1.137    ANALYZER         INDIANA               	verified : d ≤ 1
     1.137    ANALYZER         INDIANA               failing probe combinations:
     1.137    ANALYZER         INDIANA               	total : 0
     1.137    ANALYZER         INDIANA               	first : - 
     1.137    ANALYZER         INDIANA               Verified on core 11
----------------------------------------------------------------------------------------------------
     1.137    ANALYZER         INDIANA               [1;32mSUCCESS[0m


  TIME [s]    SERVICE          CONFIGURATION         INFO: ANALYSIS REPORT
----------------------------------------------------------------------------------------------------
     1.137    ANALYZER         INDIANA               module: virtual_module_16
     1.137    ANALYZER         INDIANA               model parameters:
     1.137    ANALYZER         INDIANA               	glitches    : yes
     1.137    ANALYZER         INDIANA               	transitions : no
     1.137    ANALYZER         INDIANA               	couplings   : no
     1.137    ANALYZER         INDIANA               verification:
     1.137    ANALYZER         INDIANA               	assuming : d ≤ 1
     1.137    ANALYZER         INDIANA               	verified : d ≤ 1
     1.137    ANALYZER         INDIANA               failing probe combinations:
     1.137    ANALYZER         INDIANA               	total : 0
     1.137    ANALYZER         INDIANA               	first : - 
     1.137    ANALYZER         INDIANA               Verified on core 9
----------------------------------------------------------------------------------------------------
     1.137    ANALYZER         INDIANA               [1;32mSUCCESS[0m


  TIME [s]    SERVICE          CONFIGURATION         INFO: FREQUENCY UPDATE
----------------------------------------------------------------------------------------------------
     1.139    ENVIRONMENT      INDIANA               [1;32mSUCCESS[0m

  TIME [s]    SERVICE          CONFIGURATION         INFO: VISUALIZATION
----------------------------------------------------------------------------------------------------
     1.143    VISUALIZER       GRAPHVIZ (DOT)        Exported full circuit to dot/circuit_sca.dot.
     1.143    VISUALIZER       GRAPHVIZ (DOT)        Exported subgraph of security flaws to dot/circuit_flaw_sca.dot.
----------------------------------------------------------------------------------------------------
     1.143    VISUALIZER       GRAPHVIZ (DOT)        [1;32mSUCCESS[0m


  TIME [s]    SERVICE          CONFIGURATION         INFO
----------------------------------------------------------------------------------------------------
     1.143    VERICA           SCA                   DONE!
