----------------------------------------------------------------------------------------------------
                              INDIANA -- INDISTINGUISHABILITY ANALYSIS                              

                              INDIANA -- INDISTINGUISHABILITY ANALYSIS                              

                                      Ruhr-Universität Bochum                                      
                              Pascal Sasdrich (pascal.sasdrich@rub.de)                              
                        Jan Richter-Brockmann (jan.richter-brockmann@rub.de)                        

                                         Copyright (c) 2025                                         
                                           Pascal Sasdrich                                          
                                        Jan Richter-Brockmann                                       

                                         All rights reserved                                       
----------------------------------------------------------------------------------------------------


  TIME [s]    SERVICE          CONFIGURATION         INFO: CELL LIBRARY
----------------------------------------------------------------------------------------------------
     0.001    PARSER           CELLLIB               source: cell/nang45.txt
     0.001    PARSER           CELLLIB               Parsed cell library with 14 gate type(s). 
----------------------------------------------------------------------------------------------------
     0.001    PARSER           CELLLIB               [1;32mSUCCESS[0m


  TIME [s]    SERVICE          CONFIGURATION         INFO: DESIGN UNDER TEST
----------------------------------------------------------------------------------------------------
   190.331    PARSER           VERILOG               source: test/indistinguishability/case-studies-paper/aes/aes-single-round-hpc2-d1.v
   190.333    PARSER           VERILOG               	module(s) : 1
   190.333    PARSER           VERILOG               	gate(s)   : 25856
   190.334    PARSER           VERILOG               	 - comb.  : 13312
   190.334    PARSER           VERILOG               	 - seq.   : 12544
   190.334    PARSER           VERILOG               	wire(s)   : 26960
   190.334    PARSER           VERILOG               	pin(s)    : 89810
   190.334    PARSER           VERILOG               WARNING: detected 383 unconnected wires!
   190.334    PARSER           VERILOG               WARNING: detected 12545 unconnected pins!
----------------------------------------------------------------------------------------------------
   190.334    PARSER           VERILOG               [1;32mSUCCESS[0m


  TIME [s]    SERVICE          CONFIGURATION         INFO: ANNOTATIONS
----------------------------------------------------------------------------------------------------
   190.357    PREPROCESSOR     ANNOTATION            1 input wire was tagged as clock input.
   190.358    PREPROCESSOR     ANNOTATION            0 input wires were tagged as control inputs.
   190.358    PREPROCESSOR     ANNOTATION            WARNING: 1 wire could not be tagged as control input in the MUT.
   190.358    PREPROCESSOR     ANNOTATION            	RST
   190.358    PREPROCESSOR     ANNOTATION            576 input wires were tagged as refresh inputs.
   190.358    PREPROCESSOR     ANNOTATION            0 output wires were tagged as error flags.
   190.358    PREPROCESSOR     ANNOTATION            0 input wires were tagged with PIIDs.
   190.358    PREPROCESSOR     ANNOTATION            768 wires were tagged with a share domain.
   190.358    PREPROCESSOR     ANNOTATION            WARNING: 3 wires could not be identified in the MUT.
   190.358    PREPROCESSOR     ANNOTATION            	ROUND_IN2
   190.358    PREPROCESSOR     ANNOTATION            	ROUND_KEY2
   190.358    PREPROCESSOR     ANNOTATION            	ROUND_OUT2
   190.358    PREPROCESSOR     ANNOTATION            768 wires were tagged with a share index.
   190.358    PREPROCESSOR     ANNOTATION            WARNING: 384 wires could not be identified in the MUT.
   190.358    PREPROCESSOR     ANNOTATION            	ROUND_IN2[0]
   190.358    PREPROCESSOR     ANNOTATION            	ROUND_IN2[1]
   190.358    PREPROCESSOR     ANNOTATION            	ROUND_IN2[2]
   190.358    PREPROCESSOR     ANNOTATION            	ROUND_IN2[3]
   190.358    PREPROCESSOR     ANNOTATION            	ROUND_IN2[4]
   190.358    PREPROCESSOR     ANNOTATION            	ROUND_IN2[5]
   190.358    PREPROCESSOR     ANNOTATION            	ROUND_IN2[6]
   190.358    PREPROCESSOR     ANNOTATION            	ROUND_IN2[7]
   190.358    PREPROCESSOR     ANNOTATION            	ROUND_IN2[8]
   190.358    PREPROCESSOR     ANNOTATION            	ROUND_IN2[9]
   190.358    PREPROCESSOR     ANNOTATION            	ROUND_IN2[10]
   190.358    PREPROCESSOR     ANNOTATION            	ROUND_IN2[11]
   190.358    PREPROCESSOR     ANNOTATION            	ROUND_IN2[12]
   190.358    PREPROCESSOR     ANNOTATION            	ROUND_IN2[13]
   190.358    PREPROCESSOR     ANNOTATION            	ROUND_IN2[14]
   190.358    PREPROCESSOR     ANNOTATION            	ROUND_IN2[15]
   190.358    PREPROCESSOR     ANNOTATION            	ROUND_IN2[16]
   190.358    PREPROCESSOR     ANNOTATION            	ROUND_IN2[17]
   190.358    PREPROCESSOR     ANNOTATION            	ROUND_IN2[18]
   190.358    PREPROCESSOR     ANNOTATION            	ROUND_IN2[19]
   190.358    PREPROCESSOR     ANNOTATION            	ROUND_IN2[20]
   190.358    PREPROCESSOR     ANNOTATION            	ROUND_IN2[21]
   190.358    PREPROCESSOR     ANNOTATION            	ROUND_IN2[22]
   190.358    PREPROCESSOR     ANNOTATION            	ROUND_IN2[23]
   190.358    PREPROCESSOR     ANNOTATION            	ROUND_IN2[24]
   190.358    PREPROCESSOR     ANNOTATION            	ROUND_IN2[25]
   190.358    PREPROCESSOR     ANNOTATION            	ROUND_IN2[26]
   190.358    PREPROCESSOR     ANNOTATION            	ROUND_IN2[27]
   190.358    PREPROCESSOR     ANNOTATION            	ROUND_IN2[28]
   190.358    PREPROCESSOR     ANNOTATION            	ROUND_IN2[29]
   190.358    PREPROCESSOR     ANNOTATION            	ROUND_IN2[30]
   190.358    PREPROCESSOR     ANNOTATION            	ROUND_IN2[31]
   190.358    PREPROCESSOR     ANNOTATION            	ROUND_IN2[32]
   190.358    PREPROCESSOR     ANNOTATION            	ROUND_IN2[33]
   190.358    PREPROCESSOR     ANNOTATION            	ROUND_IN2[34]
   190.358    PREPROCESSOR     ANNOTATION            	ROUND_IN2[35]
   190.358    PREPROCESSOR     ANNOTATION            	ROUND_IN2[36]
   190.358    PREPROCESSOR     ANNOTATION            	ROUND_IN2[37]
   190.358    PREPROCESSOR     ANNOTATION            	ROUND_IN2[38]
   190.358    PREPROCESSOR     ANNOTATION            	ROUND_IN2[39]
   190.358    PREPROCESSOR     ANNOTATION            	ROUND_IN2[40]
   190.358    PREPROCESSOR     ANNOTATION            	ROUND_IN2[41]
   190.358    PREPROCESSOR     ANNOTATION            	ROUND_IN2[42]
   190.358    PREPROCESSOR     ANNOTATION            	ROUND_IN2[43]
   190.358    PREPROCESSOR     ANNOTATION            	ROUND_IN2[44]
   190.358    PREPROCESSOR     ANNOTATION            	ROUND_IN2[45]
   190.358    PREPROCESSOR     ANNOTATION            	ROUND_IN2[46]
   190.358    PREPROCESSOR     ANNOTATION            	ROUND_IN2[47]
   190.358    PREPROCESSOR     ANNOTATION            	ROUND_IN2[48]
   190.358    PREPROCESSOR     ANNOTATION            	ROUND_IN2[49]
   190.358    PREPROCESSOR     ANNOTATION            	ROUND_IN2[50]
   190.358    PREPROCESSOR     ANNOTATION            	ROUND_IN2[51]
   190.358    PREPROCESSOR     ANNOTATION            	ROUND_IN2[52]
   190.358    PREPROCESSOR     ANNOTATION            	ROUND_IN2[53]
   190.358    PREPROCESSOR     ANNOTATION            	ROUND_IN2[54]
   190.358    PREPROCESSOR     ANNOTATION            	ROUND_IN2[55]
   190.358    PREPROCESSOR     ANNOTATION            	ROUND_IN2[56]
   190.358    PREPROCESSOR     ANNOTATION            	ROUND_IN2[57]
   190.358    PREPROCESSOR     ANNOTATION            	ROUND_IN2[58]
   190.358    PREPROCESSOR     ANNOTATION            	ROUND_IN2[59]
   190.358    PREPROCESSOR     ANNOTATION            	ROUND_IN2[60]
   190.358    PREPROCESSOR     ANNOTATION            	ROUND_IN2[61]
   190.358    PREPROCESSOR     ANNOTATION            	ROUND_IN2[62]
   190.358    PREPROCESSOR     ANNOTATION            	ROUND_IN2[63]
   190.358    PREPROCESSOR     ANNOTATION            	ROUND_IN2[64]
   190.358    PREPROCESSOR     ANNOTATION            	ROUND_IN2[65]
   190.358    PREPROCESSOR     ANNOTATION            	ROUND_IN2[66]
   190.358    PREPROCESSOR     ANNOTATION            	ROUND_IN2[67]
   190.358    PREPROCESSOR     ANNOTATION            	ROUND_IN2[68]
   190.358    PREPROCESSOR     ANNOTATION            	ROUND_IN2[69]
   190.358    PREPROCESSOR     ANNOTATION            	ROUND_IN2[70]
   190.358    PREPROCESSOR     ANNOTATION            	ROUND_IN2[71]
   190.358    PREPROCESSOR     ANNOTATION            	ROUND_IN2[72]
   190.358    PREPROCESSOR     ANNOTATION            	ROUND_IN2[73]
   190.358    PREPROCESSOR     ANNOTATION            	ROUND_IN2[74]
   190.358    PREPROCESSOR     ANNOTATION            	ROUND_IN2[75]
   190.358    PREPROCESSOR     ANNOTATION            	ROUND_IN2[76]
   190.358    PREPROCESSOR     ANNOTATION            	ROUND_IN2[77]
   190.358    PREPROCESSOR     ANNOTATION            	ROUND_IN2[78]
   190.358    PREPROCESSOR     ANNOTATION            	ROUND_IN2[79]
   190.358    PREPROCESSOR     ANNOTATION            	ROUND_IN2[80]
   190.358    PREPROCESSOR     ANNOTATION            	ROUND_IN2[81]
   190.358    PREPROCESSOR     ANNOTATION            	ROUND_IN2[82]
   190.358    PREPROCESSOR     ANNOTATION            	ROUND_IN2[83]
   190.358    PREPROCESSOR     ANNOTATION            	ROUND_IN2[84]
   190.358    PREPROCESSOR     ANNOTATION            	ROUND_IN2[85]
   190.358    PREPROCESSOR     ANNOTATION            	ROUND_IN2[86]
   190.358    PREPROCESSOR     ANNOTATION            	ROUND_IN2[87]
   190.358    PREPROCESSOR     ANNOTATION            	ROUND_IN2[88]
   190.358    PREPROCESSOR     ANNOTATION            	ROUND_IN2[89]
   190.358    PREPROCESSOR     ANNOTATION            	ROUND_IN2[90]
   190.358    PREPROCESSOR     ANNOTATION            	ROUND_IN2[91]
   190.358    PREPROCESSOR     ANNOTATION            	ROUND_IN2[92]
   190.358    PREPROCESSOR     ANNOTATION            	ROUND_IN2[93]
   190.358    PREPROCESSOR     ANNOTATION            	ROUND_IN2[94]
   190.358    PREPROCESSOR     ANNOTATION            	ROUND_IN2[95]
   190.358    PREPROCESSOR     ANNOTATION            	ROUND_IN2[96]
   190.358    PREPROCESSOR     ANNOTATION            	ROUND_IN2[97]
   190.358    PREPROCESSOR     ANNOTATION            	ROUND_IN2[98]
   190.359    PREPROCESSOR     ANNOTATION            	ROUND_IN2[99]
   190.359    PREPROCESSOR     ANNOTATION            	ROUND_IN2[100]
   190.359    PREPROCESSOR     ANNOTATION            	ROUND_IN2[101]
   190.359    PREPROCESSOR     ANNOTATION            	ROUND_IN2[102]
   190.359    PREPROCESSOR     ANNOTATION            	ROUND_IN2[103]
   190.359    PREPROCESSOR     ANNOTATION            	ROUND_IN2[104]
   190.359    PREPROCESSOR     ANNOTATION            	ROUND_IN2[105]
   190.359    PREPROCESSOR     ANNOTATION            	ROUND_IN2[106]
   190.359    PREPROCESSOR     ANNOTATION            	ROUND_IN2[107]
   190.359    PREPROCESSOR     ANNOTATION            	ROUND_IN2[108]
   190.359    PREPROCESSOR     ANNOTATION            	ROUND_IN2[109]
   190.359    PREPROCESSOR     ANNOTATION            	ROUND_IN2[110]
   190.359    PREPROCESSOR     ANNOTATION            	ROUND_IN2[111]
   190.359    PREPROCESSOR     ANNOTATION            	ROUND_IN2[112]
   190.359    PREPROCESSOR     ANNOTATION            	ROUND_IN2[113]
   190.359    PREPROCESSOR     ANNOTATION            	ROUND_IN2[114]
   190.359    PREPROCESSOR     ANNOTATION            	ROUND_IN2[115]
   190.359    PREPROCESSOR     ANNOTATION            	ROUND_IN2[116]
   190.359    PREPROCESSOR     ANNOTATION            	ROUND_IN2[117]
   190.359    PREPROCESSOR     ANNOTATION            	ROUND_IN2[118]
   190.359    PREPROCESSOR     ANNOTATION            	ROUND_IN2[119]
   190.359    PREPROCESSOR     ANNOTATION            	ROUND_IN2[120]
   190.359    PREPROCESSOR     ANNOTATION            	ROUND_IN2[121]
   190.359    PREPROCESSOR     ANNOTATION            	ROUND_IN2[122]
   190.359    PREPROCESSOR     ANNOTATION            	ROUND_IN2[123]
   190.359    PREPROCESSOR     ANNOTATION            	ROUND_IN2[124]
   190.359    PREPROCESSOR     ANNOTATION            	ROUND_IN2[125]
   190.359    PREPROCESSOR     ANNOTATION            	ROUND_IN2[126]
   190.359    PREPROCESSOR     ANNOTATION            	ROUND_IN2[127]
   190.359    PREPROCESSOR     ANNOTATION            	ROUND_KEY2[0]
   190.359    PREPROCESSOR     ANNOTATION            	ROUND_KEY2[1]
   190.359    PREPROCESSOR     ANNOTATION            	ROUND_KEY2[2]
   190.359    PREPROCESSOR     ANNOTATION            	ROUND_KEY2[3]
   190.359    PREPROCESSOR     ANNOTATION            	ROUND_KEY2[4]
   190.359    PREPROCESSOR     ANNOTATION            	ROUND_KEY2[5]
   190.359    PREPROCESSOR     ANNOTATION            	ROUND_KEY2[6]
   190.359    PREPROCESSOR     ANNOTATION            	ROUND_KEY2[7]
   190.359    PREPROCESSOR     ANNOTATION            	ROUND_KEY2[8]
   190.359    PREPROCESSOR     ANNOTATION            	ROUND_KEY2[9]
   190.359    PREPROCESSOR     ANNOTATION            	ROUND_KEY2[10]
   190.359    PREPROCESSOR     ANNOTATION            	ROUND_KEY2[11]
   190.359    PREPROCESSOR     ANNOTATION            	ROUND_KEY2[12]
   190.359    PREPROCESSOR     ANNOTATION            	ROUND_KEY2[13]
   190.359    PREPROCESSOR     ANNOTATION            	ROUND_KEY2[14]
   190.359    PREPROCESSOR     ANNOTATION            	ROUND_KEY2[15]
   190.359    PREPROCESSOR     ANNOTATION            	ROUND_KEY2[16]
   190.359    PREPROCESSOR     ANNOTATION            	ROUND_KEY2[17]
   190.359    PREPROCESSOR     ANNOTATION            	ROUND_KEY2[18]
   190.359    PREPROCESSOR     ANNOTATION            	ROUND_KEY2[19]
   190.359    PREPROCESSOR     ANNOTATION            	ROUND_KEY2[20]
   190.359    PREPROCESSOR     ANNOTATION            	ROUND_KEY2[21]
   190.359    PREPROCESSOR     ANNOTATION            	ROUND_KEY2[22]
   190.359    PREPROCESSOR     ANNOTATION            	ROUND_KEY2[23]
   190.359    PREPROCESSOR     ANNOTATION            	ROUND_KEY2[24]
   190.359    PREPROCESSOR     ANNOTATION            	ROUND_KEY2[25]
   190.359    PREPROCESSOR     ANNOTATION            	ROUND_KEY2[26]
   190.359    PREPROCESSOR     ANNOTATION            	ROUND_KEY2[27]
   190.359    PREPROCESSOR     ANNOTATION            	ROUND_KEY2[28]
   190.359    PREPROCESSOR     ANNOTATION            	ROUND_KEY2[29]
   190.359    PREPROCESSOR     ANNOTATION            	ROUND_KEY2[30]
   190.359    PREPROCESSOR     ANNOTATION            	ROUND_KEY2[31]
   190.359    PREPROCESSOR     ANNOTATION            	ROUND_KEY2[32]
   190.359    PREPROCESSOR     ANNOTATION            	ROUND_KEY2[33]
   190.359    PREPROCESSOR     ANNOTATION            	ROUND_KEY2[34]
   190.359    PREPROCESSOR     ANNOTATION            	ROUND_KEY2[35]
   190.359    PREPROCESSOR     ANNOTATION            	ROUND_KEY2[36]
   190.359    PREPROCESSOR     ANNOTATION            	ROUND_KEY2[37]
   190.359    PREPROCESSOR     ANNOTATION            	ROUND_KEY2[38]
   190.359    PREPROCESSOR     ANNOTATION            	ROUND_KEY2[39]
   190.359    PREPROCESSOR     ANNOTATION            	ROUND_KEY2[40]
   190.359    PREPROCESSOR     ANNOTATION            	ROUND_KEY2[41]
   190.359    PREPROCESSOR     ANNOTATION            	ROUND_KEY2[42]
   190.359    PREPROCESSOR     ANNOTATION            	ROUND_KEY2[43]
   190.359    PREPROCESSOR     ANNOTATION            	ROUND_KEY2[44]
   190.359    PREPROCESSOR     ANNOTATION            	ROUND_KEY2[45]
   190.359    PREPROCESSOR     ANNOTATION            	ROUND_KEY2[46]
   190.359    PREPROCESSOR     ANNOTATION            	ROUND_KEY2[47]
   190.359    PREPROCESSOR     ANNOTATION            	ROUND_KEY2[48]
   190.359    PREPROCESSOR     ANNOTATION            	ROUND_KEY2[49]
   190.359    PREPROCESSOR     ANNOTATION            	ROUND_KEY2[50]
   190.359    PREPROCESSOR     ANNOTATION            	ROUND_KEY2[51]
   190.359    PREPROCESSOR     ANNOTATION            	ROUND_KEY2[52]
   190.359    PREPROCESSOR     ANNOTATION            	ROUND_KEY2[53]
   190.359    PREPROCESSOR     ANNOTATION            	ROUND_KEY2[54]
   190.359    PREPROCESSOR     ANNOTATION            	ROUND_KEY2[55]
   190.359    PREPROCESSOR     ANNOTATION            	ROUND_KEY2[56]
   190.359    PREPROCESSOR     ANNOTATION            	ROUND_KEY2[57]
   190.359    PREPROCESSOR     ANNOTATION            	ROUND_KEY2[58]
   190.359    PREPROCESSOR     ANNOTATION            	ROUND_KEY2[59]
   190.359    PREPROCESSOR     ANNOTATION            	ROUND_KEY2[60]
   190.359    PREPROCESSOR     ANNOTATION            	ROUND_KEY2[61]
   190.359    PREPROCESSOR     ANNOTATION            	ROUND_KEY2[62]
   190.359    PREPROCESSOR     ANNOTATION            	ROUND_KEY2[63]
   190.359    PREPROCESSOR     ANNOTATION            	ROUND_KEY2[64]
   190.359    PREPROCESSOR     ANNOTATION            	ROUND_KEY2[65]
   190.359    PREPROCESSOR     ANNOTATION            	ROUND_KEY2[66]
   190.359    PREPROCESSOR     ANNOTATION            	ROUND_KEY2[67]
   190.359    PREPROCESSOR     ANNOTATION            	ROUND_KEY2[68]
   190.359    PREPROCESSOR     ANNOTATION            	ROUND_KEY2[69]
   190.359    PREPROCESSOR     ANNOTATION            	ROUND_KEY2[70]
   190.359    PREPROCESSOR     ANNOTATION            	ROUND_KEY2[71]
   190.359    PREPROCESSOR     ANNOTATION            	ROUND_KEY2[72]
   190.359    PREPROCESSOR     ANNOTATION            	ROUND_KEY2[73]
   190.359    PREPROCESSOR     ANNOTATION            	ROUND_KEY2[74]
   190.359    PREPROCESSOR     ANNOTATION            	ROUND_KEY2[75]
   190.359    PREPROCESSOR     ANNOTATION            	ROUND_KEY2[76]
   190.359    PREPROCESSOR     ANNOTATION            	ROUND_KEY2[77]
   190.359    PREPROCESSOR     ANNOTATION            	ROUND_KEY2[78]
   190.359    PREPROCESSOR     ANNOTATION            	ROUND_KEY2[79]
   190.359    PREPROCESSOR     ANNOTATION            	ROUND_KEY2[80]
   190.359    PREPROCESSOR     ANNOTATION            	ROUND_KEY2[81]
   190.359    PREPROCESSOR     ANNOTATION            	ROUND_KEY2[82]
   190.359    PREPROCESSOR     ANNOTATION            	ROUND_KEY2[83]
   190.359    PREPROCESSOR     ANNOTATION            	ROUND_KEY2[84]
   190.360    PREPROCESSOR     ANNOTATION            	ROUND_KEY2[85]
   190.360    PREPROCESSOR     ANNOTATION            	ROUND_KEY2[86]
   190.360    PREPROCESSOR     ANNOTATION            	ROUND_KEY2[87]
   190.360    PREPROCESSOR     ANNOTATION            	ROUND_KEY2[88]
   190.360    PREPROCESSOR     ANNOTATION            	ROUND_KEY2[89]
   190.360    PREPROCESSOR     ANNOTATION            	ROUND_KEY2[90]
   190.360    PREPROCESSOR     ANNOTATION            	ROUND_KEY2[91]
   190.360    PREPROCESSOR     ANNOTATION            	ROUND_KEY2[92]
   190.360    PREPROCESSOR     ANNOTATION            	ROUND_KEY2[93]
   190.360    PREPROCESSOR     ANNOTATION            	ROUND_KEY2[94]
   190.360    PREPROCESSOR     ANNOTATION            	ROUND_KEY2[95]
   190.360    PREPROCESSOR     ANNOTATION            	ROUND_KEY2[96]
   190.360    PREPROCESSOR     ANNOTATION            	ROUND_KEY2[97]
   190.360    PREPROCESSOR     ANNOTATION            	ROUND_KEY2[98]
   190.360    PREPROCESSOR     ANNOTATION            	ROUND_KEY2[99]
   190.360    PREPROCESSOR     ANNOTATION            	ROUND_KEY2[100]
   190.360    PREPROCESSOR     ANNOTATION            	ROUND_KEY2[101]
   190.360    PREPROCESSOR     ANNOTATION            	ROUND_KEY2[102]
   190.360    PREPROCESSOR     ANNOTATION            	ROUND_KEY2[103]
   190.360    PREPROCESSOR     ANNOTATION            	ROUND_KEY2[104]
   190.360    PREPROCESSOR     ANNOTATION            	ROUND_KEY2[105]
   190.360    PREPROCESSOR     ANNOTATION            	ROUND_KEY2[106]
   190.360    PREPROCESSOR     ANNOTATION            	ROUND_KEY2[107]
   190.360    PREPROCESSOR     ANNOTATION            	ROUND_KEY2[108]
   190.360    PREPROCESSOR     ANNOTATION            	ROUND_KEY2[109]
   190.360    PREPROCESSOR     ANNOTATION            	ROUND_KEY2[110]
   190.360    PREPROCESSOR     ANNOTATION            	ROUND_KEY2[111]
   190.360    PREPROCESSOR     ANNOTATION            	ROUND_KEY2[112]
   190.360    PREPROCESSOR     ANNOTATION            	ROUND_KEY2[113]
   190.360    PREPROCESSOR     ANNOTATION            	ROUND_KEY2[114]
   190.360    PREPROCESSOR     ANNOTATION            	ROUND_KEY2[115]
   190.360    PREPROCESSOR     ANNOTATION            	ROUND_KEY2[116]
   190.360    PREPROCESSOR     ANNOTATION            	ROUND_KEY2[117]
   190.360    PREPROCESSOR     ANNOTATION            	ROUND_KEY2[118]
   190.360    PREPROCESSOR     ANNOTATION            	ROUND_KEY2[119]
   190.360    PREPROCESSOR     ANNOTATION            	ROUND_KEY2[120]
   190.360    PREPROCESSOR     ANNOTATION            	ROUND_KEY2[121]
   190.360    PREPROCESSOR     ANNOTATION            	ROUND_KEY2[122]
   190.360    PREPROCESSOR     ANNOTATION            	ROUND_KEY2[123]
   190.360    PREPROCESSOR     ANNOTATION            	ROUND_KEY2[124]
   190.360    PREPROCESSOR     ANNOTATION            	ROUND_KEY2[125]
   190.360    PREPROCESSOR     ANNOTATION            	ROUND_KEY2[126]
   190.360    PREPROCESSOR     ANNOTATION            	ROUND_KEY2[127]
   190.360    PREPROCESSOR     ANNOTATION            	ROUND_OUT2[0]
   190.360    PREPROCESSOR     ANNOTATION            	ROUND_OUT2[1]
   190.360    PREPROCESSOR     ANNOTATION            	ROUND_OUT2[2]
   190.360    PREPROCESSOR     ANNOTATION            	ROUND_OUT2[3]
   190.360    PREPROCESSOR     ANNOTATION            	ROUND_OUT2[4]
   190.360    PREPROCESSOR     ANNOTATION            	ROUND_OUT2[5]
   190.360    PREPROCESSOR     ANNOTATION            	ROUND_OUT2[6]
   190.360    PREPROCESSOR     ANNOTATION            	ROUND_OUT2[7]
   190.360    PREPROCESSOR     ANNOTATION            	ROUND_OUT2[8]
   190.360    PREPROCESSOR     ANNOTATION            	ROUND_OUT2[9]
   190.360    PREPROCESSOR     ANNOTATION            	ROUND_OUT2[10]
   190.360    PREPROCESSOR     ANNOTATION            	ROUND_OUT2[11]
   190.360    PREPROCESSOR     ANNOTATION            	ROUND_OUT2[12]
   190.360    PREPROCESSOR     ANNOTATION            	ROUND_OUT2[13]
   190.360    PREPROCESSOR     ANNOTATION            	ROUND_OUT2[14]
   190.360    PREPROCESSOR     ANNOTATION            	ROUND_OUT2[15]
   190.360    PREPROCESSOR     ANNOTATION            	ROUND_OUT2[16]
   190.360    PREPROCESSOR     ANNOTATION            	ROUND_OUT2[17]
   190.360    PREPROCESSOR     ANNOTATION            	ROUND_OUT2[18]
   190.360    PREPROCESSOR     ANNOTATION            	ROUND_OUT2[19]
   190.360    PREPROCESSOR     ANNOTATION            	ROUND_OUT2[20]
   190.360    PREPROCESSOR     ANNOTATION            	ROUND_OUT2[21]
   190.360    PREPROCESSOR     ANNOTATION            	ROUND_OUT2[22]
   190.360    PREPROCESSOR     ANNOTATION            	ROUND_OUT2[23]
   190.360    PREPROCESSOR     ANNOTATION            	ROUND_OUT2[24]
   190.360    PREPROCESSOR     ANNOTATION            	ROUND_OUT2[25]
   190.360    PREPROCESSOR     ANNOTATION            	ROUND_OUT2[26]
   190.360    PREPROCESSOR     ANNOTATION            	ROUND_OUT2[27]
   190.360    PREPROCESSOR     ANNOTATION            	ROUND_OUT2[28]
   190.360    PREPROCESSOR     ANNOTATION            	ROUND_OUT2[29]
   190.360    PREPROCESSOR     ANNOTATION            	ROUND_OUT2[30]
   190.360    PREPROCESSOR     ANNOTATION            	ROUND_OUT2[31]
   190.360    PREPROCESSOR     ANNOTATION            	ROUND_OUT2[32]
   190.360    PREPROCESSOR     ANNOTATION            	ROUND_OUT2[33]
   190.360    PREPROCESSOR     ANNOTATION            	ROUND_OUT2[34]
   190.360    PREPROCESSOR     ANNOTATION            	ROUND_OUT2[35]
   190.360    PREPROCESSOR     ANNOTATION            	ROUND_OUT2[36]
   190.360    PREPROCESSOR     ANNOTATION            	ROUND_OUT2[37]
   190.360    PREPROCESSOR     ANNOTATION            	ROUND_OUT2[38]
   190.360    PREPROCESSOR     ANNOTATION            	ROUND_OUT2[39]
   190.360    PREPROCESSOR     ANNOTATION            	ROUND_OUT2[40]
   190.360    PREPROCESSOR     ANNOTATION            	ROUND_OUT2[41]
   190.360    PREPROCESSOR     ANNOTATION            	ROUND_OUT2[42]
   190.360    PREPROCESSOR     ANNOTATION            	ROUND_OUT2[43]
   190.360    PREPROCESSOR     ANNOTATION            	ROUND_OUT2[44]
   190.360    PREPROCESSOR     ANNOTATION            	ROUND_OUT2[45]
   190.360    PREPROCESSOR     ANNOTATION            	ROUND_OUT2[46]
   190.360    PREPROCESSOR     ANNOTATION            	ROUND_OUT2[47]
   190.360    PREPROCESSOR     ANNOTATION            	ROUND_OUT2[48]
   190.360    PREPROCESSOR     ANNOTATION            	ROUND_OUT2[49]
   190.360    PREPROCESSOR     ANNOTATION            	ROUND_OUT2[50]
   190.360    PREPROCESSOR     ANNOTATION            	ROUND_OUT2[51]
   190.360    PREPROCESSOR     ANNOTATION            	ROUND_OUT2[52]
   190.360    PREPROCESSOR     ANNOTATION            	ROUND_OUT2[53]
   190.360    PREPROCESSOR     ANNOTATION            	ROUND_OUT2[54]
   190.360    PREPROCESSOR     ANNOTATION            	ROUND_OUT2[55]
   190.360    PREPROCESSOR     ANNOTATION            	ROUND_OUT2[56]
   190.360    PREPROCESSOR     ANNOTATION            	ROUND_OUT2[57]
   190.360    PREPROCESSOR     ANNOTATION            	ROUND_OUT2[58]
   190.360    PREPROCESSOR     ANNOTATION            	ROUND_OUT2[59]
   190.360    PREPROCESSOR     ANNOTATION            	ROUND_OUT2[60]
   190.360    PREPROCESSOR     ANNOTATION            	ROUND_OUT2[61]
   190.360    PREPROCESSOR     ANNOTATION            	ROUND_OUT2[62]
   190.360    PREPROCESSOR     ANNOTATION            	ROUND_OUT2[63]
   190.360    PREPROCESSOR     ANNOTATION            	ROUND_OUT2[64]
   190.360    PREPROCESSOR     ANNOTATION            	ROUND_OUT2[65]
   190.360    PREPROCESSOR     ANNOTATION            	ROUND_OUT2[66]
   190.360    PREPROCESSOR     ANNOTATION            	ROUND_OUT2[67]
   190.360    PREPROCESSOR     ANNOTATION            	ROUND_OUT2[68]
   190.360    PREPROCESSOR     ANNOTATION            	ROUND_OUT2[69]
   190.361    PREPROCESSOR     ANNOTATION            	ROUND_OUT2[70]
   190.361    PREPROCESSOR     ANNOTATION            	ROUND_OUT2[71]
   190.361    PREPROCESSOR     ANNOTATION            	ROUND_OUT2[72]
   190.361    PREPROCESSOR     ANNOTATION            	ROUND_OUT2[73]
   190.361    PREPROCESSOR     ANNOTATION            	ROUND_OUT2[74]
   190.361    PREPROCESSOR     ANNOTATION            	ROUND_OUT2[75]
   190.361    PREPROCESSOR     ANNOTATION            	ROUND_OUT2[76]
   190.361    PREPROCESSOR     ANNOTATION            	ROUND_OUT2[77]
   190.361    PREPROCESSOR     ANNOTATION            	ROUND_OUT2[78]
   190.361    PREPROCESSOR     ANNOTATION            	ROUND_OUT2[79]
   190.361    PREPROCESSOR     ANNOTATION            	ROUND_OUT2[80]
   190.361    PREPROCESSOR     ANNOTATION            	ROUND_OUT2[81]
   190.361    PREPROCESSOR     ANNOTATION            	ROUND_OUT2[82]
   190.361    PREPROCESSOR     ANNOTATION            	ROUND_OUT2[83]
   190.361    PREPROCESSOR     ANNOTATION            	ROUND_OUT2[84]
   190.361    PREPROCESSOR     ANNOTATION            	ROUND_OUT2[85]
   190.361    PREPROCESSOR     ANNOTATION            	ROUND_OUT2[86]
   190.361    PREPROCESSOR     ANNOTATION            	ROUND_OUT2[87]
   190.361    PREPROCESSOR     ANNOTATION            	ROUND_OUT2[88]
   190.361    PREPROCESSOR     ANNOTATION            	ROUND_OUT2[89]
   190.361    PREPROCESSOR     ANNOTATION            	ROUND_OUT2[90]
   190.361    PREPROCESSOR     ANNOTATION            	ROUND_OUT2[91]
   190.361    PREPROCESSOR     ANNOTATION            	ROUND_OUT2[92]
   190.361    PREPROCESSOR     ANNOTATION            	ROUND_OUT2[93]
   190.361    PREPROCESSOR     ANNOTATION            	ROUND_OUT2[94]
   190.361    PREPROCESSOR     ANNOTATION            	ROUND_OUT2[95]
   190.361    PREPROCESSOR     ANNOTATION            	ROUND_OUT2[96]
   190.361    PREPROCESSOR     ANNOTATION            	ROUND_OUT2[97]
   190.361    PREPROCESSOR     ANNOTATION            	ROUND_OUT2[98]
   190.361    PREPROCESSOR     ANNOTATION            	ROUND_OUT2[99]
   190.361    PREPROCESSOR     ANNOTATION            	ROUND_OUT2[100]
   190.361    PREPROCESSOR     ANNOTATION            	ROUND_OUT2[101]
   190.361    PREPROCESSOR     ANNOTATION            	ROUND_OUT2[102]
   190.361    PREPROCESSOR     ANNOTATION            	ROUND_OUT2[103]
   190.361    PREPROCESSOR     ANNOTATION            	ROUND_OUT2[104]
   190.361    PREPROCESSOR     ANNOTATION            	ROUND_OUT2[105]
   190.361    PREPROCESSOR     ANNOTATION            	ROUND_OUT2[106]
   190.361    PREPROCESSOR     ANNOTATION            	ROUND_OUT2[107]
   190.361    PREPROCESSOR     ANNOTATION            	ROUND_OUT2[108]
   190.361    PREPROCESSOR     ANNOTATION            	ROUND_OUT2[109]
   190.361    PREPROCESSOR     ANNOTATION            	ROUND_OUT2[110]
   190.361    PREPROCESSOR     ANNOTATION            	ROUND_OUT2[111]
   190.361    PREPROCESSOR     ANNOTATION            	ROUND_OUT2[112]
   190.361    PREPROCESSOR     ANNOTATION            	ROUND_OUT2[113]
   190.361    PREPROCESSOR     ANNOTATION            	ROUND_OUT2[114]
   190.361    PREPROCESSOR     ANNOTATION            	ROUND_OUT2[115]
   190.361    PREPROCESSOR     ANNOTATION            	ROUND_OUT2[116]
   190.361    PREPROCESSOR     ANNOTATION            	ROUND_OUT2[117]
   190.361    PREPROCESSOR     ANNOTATION            	ROUND_OUT2[118]
   190.361    PREPROCESSOR     ANNOTATION            	ROUND_OUT2[119]
   190.361    PREPROCESSOR     ANNOTATION            	ROUND_OUT2[120]
   190.361    PREPROCESSOR     ANNOTATION            	ROUND_OUT2[121]
   190.361    PREPROCESSOR     ANNOTATION            	ROUND_OUT2[122]
   190.361    PREPROCESSOR     ANNOTATION            	ROUND_OUT2[123]
   190.361    PREPROCESSOR     ANNOTATION            	ROUND_OUT2[124]
   190.361    PREPROCESSOR     ANNOTATION            	ROUND_OUT2[125]
   190.361    PREPROCESSOR     ANNOTATION            	ROUND_OUT2[126]
   190.361    PREPROCESSOR     ANNOTATION            	ROUND_OUT2[127]
   190.361    PREPROCESSOR     ANNOTATION            0 wires were tagged with a fault domain.
----------------------------------------------------------------------------------------------------
   190.361    PREPROCESSOR     ANNOTATION            [1;32mSUCCESS[0m


  TIME [s]    SERVICE          CONFIGURATION         INFO: FILTERING
----------------------------------------------------------------------------------------------------
   190.382    PREPROCESSOR     FILTERING             Filtering for side-channel verification is disabled!
   190.382    PREPROCESSOR     FILTERING             Filtering for fault-injection verification is disabled!
----------------------------------------------------------------------------------------------------
   190.382    PREPROCESSOR     FILTERING             [1;32mSUCCESS[0m


  TIME [s]    SERVICE          CONFIGURATION         INFO
----------------------------------------------------------------------------------------------------
   190.382    PREPROCESSOR     MULTI-THREADING       cores: 16
   190.382    PREPROCESSOR     MULTI-THREADING       memory: 0 GB
   190.382    PREPROCESSOR     MULTI-THREADING       reordering: disabled
----------------------------------------------------------------------------------------------------
   190.382    PREPROCESSOR     MULTI-THREADING       [1;32mSUCCESS[0m


  TIME [s]    SERVICE          CONFIGURATION         INFO: MODEL POSTPROCESSING
----------------------------------------------------------------------------------------------------
   191.144    PREPROCESSOR     MODEL POSTPROCESSING  Removed clock tree from netlist (1 wire was removed).
   191.144    PREPROCESSOR     MODEL POSTPROCESSING  No control signals were found.
   191.144    PREPROCESSOR     MODEL POSTPROCESSING  Removed 12545 unconnected pins.
   191.144    PREPROCESSOR     MODEL POSTPROCESSING  Removed 15 unconnected wires.
----------------------------------------------------------------------------------------------------
   191.144    PREPROCESSOR     MODEL POSTPROCESSING  [1;32mSUCCESS[0m


  TIME [s]    SERVICE          CONFIGURATION         INFO: PROPERTIES
----------------------------------------------------------------------------------------------------
   196.959    PREPROCESSOR     MODEL PROPERTIES      Determined 256 shared inputs.
   196.959    PREPROCESSOR     MODEL PROPERTIES      	Minimum number of shares: 2
   196.959    PREPROCESSOR     MODEL PROPERTIES      Identified stage(s): 
   196.959    PREPROCESSOR     MODEL PROPERTIES      	logic    : 10
   196.959    PREPROCESSOR     MODEL PROPERTIES      	register : 9
----------------------------------------------------------------------------------------------------
   196.959    PREPROCESSOR     MODEL PROPERTIES      [1;32mSUCCESS[0m


  TIME [s]    SERVICE          CONFIGURATION         INFO: PARTITIONER
----------------------------------------------------------------------------------------------------
   207.326    PARTITIONER      BREADTH+DEPTH         Identified 148 partitions.
----------------------------------------------------------------------------------------------------
   207.326    PARTITIONER      BREADTH+DEPTH         [1;32mSUCCESS[0m


  TIME [s]    SERVICE          CONFIGURATION         INFO: Configure FIA
----------------------------------------------------------------------------------------------------
   207.326    PREPROCESSOR     FIA                   FIA preprocessor is disabled!
----------------------------------------------------------------------------------------------------
   207.326    PREPROCESSOR     FIA                   [1;32mSUCCESS[0m


  TIME [s]    SERVICE          CONFIGURATION         INFO: Configure SCA
----------------------------------------------------------------------------------------------------
   207.343    PREPROCESSOR     SCA                   Determined 12800 probe positions.
   207.343    PREPROCESSOR     SCA                   Determined 0 probe combinations.
----------------------------------------------------------------------------------------------------
   207.343    PREPROCESSOR     SCA                   [1;32mSUCCESS[0m


  TIME [s]    SERVICE          CONFIGURATION         INFO: MODULE ELABORATION
----------------------------------------------------------------------------------------------------
   207.464    PREPROCESSOR     ELABORATE             module  : virtual_module_0
   207.464    PREPROCESSOR     ELABORATE             	inputs  : 41
   207.464    PREPROCESSOR     ELABORATE             	outputs : 116
   207.465    PREPROCESSOR     ELABORATE             	wires   : 198
   207.465    PREPROCESSOR     ELABORATE             Elaborated on core 0
----------------------------------------------------------------------------------------------------
   207.465    PREPROCESSOR     ELABORATE             [1;32mSUCCESS[0m


  TIME [s]    SERVICE          CONFIGURATION         INFO: MODULE ELABORATION
----------------------------------------------------------------------------------------------------
   207.467    PREPROCESSOR     ELABORATE             module  : virtual_module_1
   207.467    PREPROCESSOR     ELABORATE             	inputs  : 41
   207.467    PREPROCESSOR     ELABORATE             	outputs : 116
   207.467    PREPROCESSOR     ELABORATE             	wires   : 198
   207.467    PREPROCESSOR     ELABORATE             Elaborated on core 0
----------------------------------------------------------------------------------------------------
   207.467    PREPROCESSOR     ELABORATE             [1;32mSUCCESS[0m


  TIME [s]    SERVICE          CONFIGURATION         INFO: MODULE ELABORATION
----------------------------------------------------------------------------------------------------
   207.470    PREPROCESSOR     ELABORATE             module  : virtual_module_2
   207.470    PREPROCESSOR     ELABORATE             	inputs  : 41
   207.470    PREPROCESSOR     ELABORATE             	outputs : 116
   207.470    PREPROCESSOR     ELABORATE             	wires   : 198
   207.470    PREPROCESSOR     ELABORATE             Elaborated on core 0
----------------------------------------------------------------------------------------------------
   207.470    PREPROCESSOR     ELABORATE             [1;32mSUCCESS[0m


  TIME [s]    SERVICE          CONFIGURATION         INFO: MODULE ELABORATION
----------------------------------------------------------------------------------------------------
   207.473    PREPROCESSOR     ELABORATE             module  : virtual_module_3
   207.473    PREPROCESSOR     ELABORATE             	inputs  : 41
   207.473    PREPROCESSOR     ELABORATE             	outputs : 116
   207.473    PREPROCESSOR     ELABORATE             	wires   : 198
   207.473    PREPROCESSOR     ELABORATE             Elaborated on core 0
----------------------------------------------------------------------------------------------------
   207.473    PREPROCESSOR     ELABORATE             [1;32mSUCCESS[0m


  TIME [s]    SERVICE          CONFIGURATION         INFO: MODULE ELABORATION
----------------------------------------------------------------------------------------------------
   207.476    PREPROCESSOR     ELABORATE             module  : virtual_module_4
   207.476    PREPROCESSOR     ELABORATE             	inputs  : 41
   207.476    PREPROCESSOR     ELABORATE             	outputs : 116
   207.476    PREPROCESSOR     ELABORATE             	wires   : 198
   207.476    PREPROCESSOR     ELABORATE             Elaborated on core 0
----------------------------------------------------------------------------------------------------
   207.476    PREPROCESSOR     ELABORATE             [1;32mSUCCESS[0m


  TIME [s]    SERVICE          CONFIGURATION         INFO: MODULE ELABORATION
----------------------------------------------------------------------------------------------------
   207.479    PREPROCESSOR     ELABORATE             module  : virtual_module_5
   207.479    PREPROCESSOR     ELABORATE             	inputs  : 41
   207.479    PREPROCESSOR     ELABORATE             	outputs : 116
   207.479    PREPROCESSOR     ELABORATE             	wires   : 198
   207.479    PREPROCESSOR     ELABORATE             Elaborated on core 0
----------------------------------------------------------------------------------------------------
   207.479    PREPROCESSOR     ELABORATE             [1;32mSUCCESS[0m


  TIME [s]    SERVICE          CONFIGURATION         INFO: MODULE ELABORATION
----------------------------------------------------------------------------------------------------
   207.482    PREPROCESSOR     ELABORATE             module  : virtual_module_6
   207.482    PREPROCESSOR     ELABORATE             	inputs  : 41
   207.482    PREPROCESSOR     ELABORATE             	outputs : 116
   207.482    PREPROCESSOR     ELABORATE             	wires   : 198
   207.482    PREPROCESSOR     ELABORATE             Elaborated on core 0
----------------------------------------------------------------------------------------------------
   207.482    PREPROCESSOR     ELABORATE             [1;32mSUCCESS[0m


  TIME [s]    SERVICE          CONFIGURATION         INFO: MODULE ELABORATION
----------------------------------------------------------------------------------------------------
   207.484    PREPROCESSOR     ELABORATE             module  : virtual_module_7
   207.484    PREPROCESSOR     ELABORATE             	inputs  : 41
   207.484    PREPROCESSOR     ELABORATE             	outputs : 116
   207.484    PREPROCESSOR     ELABORATE             	wires   : 198
   207.484    PREPROCESSOR     ELABORATE             Elaborated on core 0
----------------------------------------------------------------------------------------------------
   207.484    PREPROCESSOR     ELABORATE             [1;32mSUCCESS[0m


  TIME [s]    SERVICE          CONFIGURATION         INFO: MODULE ELABORATION
----------------------------------------------------------------------------------------------------
   207.487    PREPROCESSOR     ELABORATE             module  : virtual_module_8
   207.487    PREPROCESSOR     ELABORATE             	inputs  : 41
   207.487    PREPROCESSOR     ELABORATE             	outputs : 116
   207.487    PREPROCESSOR     ELABORATE             	wires   : 198
   207.487    PREPROCESSOR     ELABORATE             Elaborated on core 0
----------------------------------------------------------------------------------------------------
   207.487    PREPROCESSOR     ELABORATE             [1;32mSUCCESS[0m


  TIME [s]    SERVICE          CONFIGURATION         INFO: MODULE ELABORATION
----------------------------------------------------------------------------------------------------
   207.490    PREPROCESSOR     ELABORATE             module  : virtual_module_9
   207.490    PREPROCESSOR     ELABORATE             	inputs  : 41
   207.490    PREPROCESSOR     ELABORATE             	outputs : 116
   207.490    PREPROCESSOR     ELABORATE             	wires   : 198
   207.490    PREPROCESSOR     ELABORATE             Elaborated on core 0
----------------------------------------------------------------------------------------------------
   207.490    PREPROCESSOR     ELABORATE             [1;32mSUCCESS[0m


  TIME [s]    SERVICE          CONFIGURATION         INFO: MODULE ELABORATION
----------------------------------------------------------------------------------------------------
   207.493    PREPROCESSOR     ELABORATE             module  : virtual_module_10
   207.493    PREPROCESSOR     ELABORATE             	inputs  : 41
   207.493    PREPROCESSOR     ELABORATE             	outputs : 116
   207.493    PREPROCESSOR     ELABORATE             	wires   : 198
   207.493    PREPROCESSOR     ELABORATE             Elaborated on core 0
----------------------------------------------------------------------------------------------------
   207.493    PREPROCESSOR     ELABORATE             [1;32mSUCCESS[0m


  TIME [s]    SERVICE          CONFIGURATION         INFO: MODULE ELABORATION
----------------------------------------------------------------------------------------------------
   207.496    PREPROCESSOR     ELABORATE             module  : virtual_module_11
   207.496    PREPROCESSOR     ELABORATE             	inputs  : 41
   207.496    PREPROCESSOR     ELABORATE             	outputs : 116
   207.496    PREPROCESSOR     ELABORATE             	wires   : 198
   207.496    PREPROCESSOR     ELABORATE             Elaborated on core 0
----------------------------------------------------------------------------------------------------
   207.496    PREPROCESSOR     ELABORATE             [1;32mSUCCESS[0m


  TIME [s]    SERVICE          CONFIGURATION         INFO: MODULE ELABORATION
----------------------------------------------------------------------------------------------------
   207.499    PREPROCESSOR     ELABORATE             module  : virtual_module_12
   207.499    PREPROCESSOR     ELABORATE             	inputs  : 41
   207.499    PREPROCESSOR     ELABORATE             	outputs : 116
   207.499    PREPROCESSOR     ELABORATE             	wires   : 198
   207.499    PREPROCESSOR     ELABORATE             Elaborated on core 0
----------------------------------------------------------------------------------------------------
   207.499    PREPROCESSOR     ELABORATE             [1;32mSUCCESS[0m


  TIME [s]    SERVICE          CONFIGURATION         INFO: MODULE ELABORATION
----------------------------------------------------------------------------------------------------
   207.502    PREPROCESSOR     ELABORATE             module  : virtual_module_13
   207.502    PREPROCESSOR     ELABORATE             	inputs  : 41
   207.502    PREPROCESSOR     ELABORATE             	outputs : 116
   207.502    PREPROCESSOR     ELABORATE             	wires   : 198
   207.502    PREPROCESSOR     ELABORATE             Elaborated on core 0
----------------------------------------------------------------------------------------------------
   207.502    PREPROCESSOR     ELABORATE             [1;32mSUCCESS[0m


  TIME [s]    SERVICE          CONFIGURATION         INFO: MODULE ELABORATION
----------------------------------------------------------------------------------------------------
   207.505    PREPROCESSOR     ELABORATE             module  : virtual_module_14
   207.505    PREPROCESSOR     ELABORATE             	inputs  : 41
   207.505    PREPROCESSOR     ELABORATE             	outputs : 116
   207.505    PREPROCESSOR     ELABORATE             	wires   : 198
   207.505    PREPROCESSOR     ELABORATE             Elaborated on core 0
----------------------------------------------------------------------------------------------------
   207.505    PREPROCESSOR     ELABORATE             [1;32mSUCCESS[0m


  TIME [s]    SERVICE          CONFIGURATION         INFO: MODULE ELABORATION
----------------------------------------------------------------------------------------------------
   207.508    PREPROCESSOR     ELABORATE             module  : virtual_module_15
   207.508    PREPROCESSOR     ELABORATE             	inputs  : 41
   207.508    PREPROCESSOR     ELABORATE             	outputs : 116
   207.508    PREPROCESSOR     ELABORATE             	wires   : 198
   207.508    PREPROCESSOR     ELABORATE             Elaborated on core 0
----------------------------------------------------------------------------------------------------
   207.508    PREPROCESSOR     ELABORATE             [1;32mSUCCESS[0m


  TIME [s]    SERVICE          CONFIGURATION         INFO: ANALYSIS REPORT
----------------------------------------------------------------------------------------------------
   224.676    ANALYZER         INDIANA               module: virtual_module_14
   224.676    ANALYZER         INDIANA               model parameters:
   224.676    ANALYZER         INDIANA               	glitches    : yes
   224.676    ANALYZER         INDIANA               	transitions : no
   224.676    ANALYZER         INDIANA               	couplings   : no
   224.676    ANALYZER         INDIANA               verification:
   224.677    ANALYZER         INDIANA               	assuming : d ≤ 1
   224.677    ANALYZER         INDIANA               	verified : d ≤ 1
   224.677    ANALYZER         INDIANA               failing probe combinations:
   224.677    ANALYZER         INDIANA               	total : 0
   224.677    ANALYZER         INDIANA               	first : - 
   224.677    ANALYZER         INDIANA               Verified on core 13
----------------------------------------------------------------------------------------------------
   224.678    ANALYZER         INDIANA               [1;32mSUCCESS[0m


  TIME [s]    SERVICE          CONFIGURATION         INFO: ANALYSIS REPORT
----------------------------------------------------------------------------------------------------
   224.693    ANALYZER         INDIANA               module: virtual_module_13
   224.693    ANALYZER         INDIANA               model parameters:
   224.693    ANALYZER         INDIANA               	glitches    : yes
   224.693    ANALYZER         INDIANA               	transitions : no
   224.693    ANALYZER         INDIANA               	couplings   : no
   224.694    ANALYZER         INDIANA               verification:
   224.694    ANALYZER         INDIANA               	assuming : d ≤ 1
   224.694    ANALYZER         INDIANA               	verified : d ≤ 1
   224.694    ANALYZER         INDIANA               failing probe combinations:
   224.694    ANALYZER         INDIANA               	total : 0
   224.694    ANALYZER         INDIANA               	first : - 
   224.694    ANALYZER         INDIANA               Verified on core 1
----------------------------------------------------------------------------------------------------
   224.694    ANALYZER         INDIANA               [1;32mSUCCESS[0m


  TIME [s]    SERVICE          CONFIGURATION         INFO: ANALYSIS REPORT
----------------------------------------------------------------------------------------------------
   224.719    ANALYZER         INDIANA               module: virtual_module_15
   224.719    ANALYZER         INDIANA               model parameters:
   224.719    ANALYZER         INDIANA               	glitches    : yes
   224.719    ANALYZER         INDIANA               	transitions : no
   224.719    ANALYZER         INDIANA               	couplings   : no
   224.719    ANALYZER         INDIANA               verification:
   224.719    ANALYZER         INDIANA               	assuming : d ≤ 1
   224.720    ANALYZER         INDIANA               	verified : d ≤ 1
   224.720    ANALYZER         INDIANA               failing probe combinations:
   224.720    ANALYZER         INDIANA               	total : 0
   224.720    ANALYZER         INDIANA               	first : - 
   224.720    ANALYZER         INDIANA               Verified on core 2
----------------------------------------------------------------------------------------------------
   224.720    ANALYZER         INDIANA               [1;32mSUCCESS[0m


  TIME [s]    SERVICE          CONFIGURATION         INFO: ANALYSIS REPORT
----------------------------------------------------------------------------------------------------
   225.164    ANALYZER         INDIANA               module: virtual_module_12
   225.165    ANALYZER         INDIANA               model parameters:
   225.165    ANALYZER         INDIANA               	glitches    : yes
   225.165    ANALYZER         INDIANA               	transitions : no
   225.165    ANALYZER         INDIANA               	couplings   : no
   225.165    ANALYZER         INDIANA               verification:
   225.165    ANALYZER         INDIANA               	assuming : d ≤ 1
   225.166    ANALYZER         INDIANA               	verified : d ≤ 1
   225.166    ANALYZER         INDIANA               failing probe combinations:
   225.166    ANALYZER         INDIANA               	total : 0
   225.166    ANALYZER         INDIANA               	first : - 
   225.166    ANALYZER         INDIANA               Verified on core 10
----------------------------------------------------------------------------------------------------
   225.166    ANALYZER         INDIANA               [1;32mSUCCESS[0m


  TIME [s]    SERVICE          CONFIGURATION         INFO: ANALYSIS REPORT
----------------------------------------------------------------------------------------------------
   230.351    ANALYZER         INDIANA               module: virtual_module_0
   230.351    ANALYZER         INDIANA               model parameters:
   230.351    ANALYZER         INDIANA               	glitches    : yes
   230.352    ANALYZER         INDIANA               	transitions : no
   230.352    ANALYZER         INDIANA               	couplings   : no
   230.352    ANALYZER         INDIANA               verification:
   230.352    ANALYZER         INDIANA               	assuming : d ≤ 1
   230.352    ANALYZER         INDIANA               	verified : d ≤ 1
   230.352    ANALYZER         INDIANA               failing probe combinations:
   230.353    ANALYZER         INDIANA               	total : 0
   230.353    ANALYZER         INDIANA               	first : - 
   230.353    ANALYZER         INDIANA               Verified on core 14
----------------------------------------------------------------------------------------------------
   230.353    ANALYZER         INDIANA               [1;32mSUCCESS[0m


  TIME [s]    SERVICE          CONFIGURATION         INFO: ANALYSIS REPORT
----------------------------------------------------------------------------------------------------
   257.003    ANALYZER         INDIANA               module: virtual_module_3
   257.003    ANALYZER         INDIANA               model parameters:
   257.003    ANALYZER         INDIANA               	glitches    : yes
   257.003    ANALYZER         INDIANA               	transitions : no
   257.004    ANALYZER         INDIANA               	couplings   : no
   257.004    ANALYZER         INDIANA               verification:
   257.004    ANALYZER         INDIANA               	assuming : d ≤ 1
   257.004    ANALYZER         INDIANA               	verified : d ≤ 1
   257.004    ANALYZER         INDIANA               failing probe combinations:
   257.004    ANALYZER         INDIANA               	total : 0
   257.005    ANALYZER         INDIANA               	first : - 
   257.005    ANALYZER         INDIANA               Verified on core 4
----------------------------------------------------------------------------------------------------
   257.005    ANALYZER         INDIANA               [1;32mSUCCESS[0m


  TIME [s]    SERVICE          CONFIGURATION         INFO: ANALYSIS REPORT
----------------------------------------------------------------------------------------------------
   257.097    ANALYZER         INDIANA               module: virtual_module_7
   257.097    ANALYZER         INDIANA               model parameters:
   257.097    ANALYZER         INDIANA               	glitches    : yes
   257.097    ANALYZER         INDIANA               	transitions : no
   257.098    ANALYZER         INDIANA               	couplings   : no
   257.098    ANALYZER         INDIANA               verification:
   257.098    ANALYZER         INDIANA               	assuming : d ≤ 1
   257.098    ANALYZER         INDIANA               	verified : d ≤ 1
   257.098    ANALYZER         INDIANA               failing probe combinations:
   257.098    ANALYZER         INDIANA               	total : 0
   257.099    ANALYZER         INDIANA               	first : - 
   257.099    ANALYZER         INDIANA               Verified on core 3
----------------------------------------------------------------------------------------------------
   257.099    ANALYZER         INDIANA               [1;32mSUCCESS[0m


  TIME [s]    SERVICE          CONFIGURATION         INFO: ANALYSIS REPORT
----------------------------------------------------------------------------------------------------
   257.702    ANALYZER         INDIANA               module: virtual_module_1
   257.702    ANALYZER         INDIANA               model parameters:
   257.702    ANALYZER         INDIANA               	glitches    : yes
   257.702    ANALYZER         INDIANA               	transitions : no
   257.702    ANALYZER         INDIANA               	couplings   : no
   257.703    ANALYZER         INDIANA               verification:
   257.703    ANALYZER         INDIANA               	assuming : d ≤ 1
   257.703    ANALYZER         INDIANA               	verified : d ≤ 1
   257.703    ANALYZER         INDIANA               failing probe combinations:
   257.703    ANALYZER         INDIANA               	total : 0
   257.704    ANALYZER         INDIANA               	first : - 
   257.704    ANALYZER         INDIANA               Verified on core 11
----------------------------------------------------------------------------------------------------
   257.704    ANALYZER         INDIANA               [1;32mSUCCESS[0m


  TIME [s]    SERVICE          CONFIGURATION         INFO: ANALYSIS REPORT
----------------------------------------------------------------------------------------------------
   257.735    ANALYZER         INDIANA               module: virtual_module_8
   257.735    ANALYZER         INDIANA               model parameters:
   257.736    ANALYZER         INDIANA               	glitches    : yes
   257.736    ANALYZER         INDIANA               	transitions : no
   257.736    ANALYZER         INDIANA               	couplings   : no
   257.736    ANALYZER         INDIANA               verification:
   257.736    ANALYZER         INDIANA               	assuming : d ≤ 1
   257.736    ANALYZER         INDIANA               	verified : d ≤ 1
   257.737    ANALYZER         INDIANA               failing probe combinations:
   257.737    ANALYZER         INDIANA               	total : 0
   257.737    ANALYZER         INDIANA               	first : - 
   257.737    ANALYZER         INDIANA               Verified on core 8
----------------------------------------------------------------------------------------------------
   257.737    ANALYZER         INDIANA               [1;32mSUCCESS[0m


  TIME [s]    SERVICE          CONFIGURATION         INFO: ANALYSIS REPORT
----------------------------------------------------------------------------------------------------
   257.977    ANALYZER         INDIANA               module: virtual_module_5
   257.977    ANALYZER         INDIANA               model parameters:
   257.977    ANALYZER         INDIANA               	glitches    : yes
   257.977    ANALYZER         INDIANA               	transitions : no
   257.977    ANALYZER         INDIANA               	couplings   : no
   257.977    ANALYZER         INDIANA               verification:
   257.978    ANALYZER         INDIANA               	assuming : d ≤ 1
   257.978    ANALYZER         INDIANA               	verified : d ≤ 1
   257.978    ANALYZER         INDIANA               failing probe combinations:
   257.978    ANALYZER         INDIANA               	total : 0
   257.978    ANALYZER         INDIANA               	first : - 
   257.978    ANALYZER         INDIANA               Verified on core 9
----------------------------------------------------------------------------------------------------
   257.979    ANALYZER         INDIANA               [1;32mSUCCESS[0m


  TIME [s]    SERVICE          CONFIGURATION         INFO: ANALYSIS REPORT
----------------------------------------------------------------------------------------------------
   258.027    ANALYZER         INDIANA               module: virtual_module_6
   258.027    ANALYZER         INDIANA               model parameters:
   258.027    ANALYZER         INDIANA               	glitches    : yes
   258.027    ANALYZER         INDIANA               	transitions : no
   258.027    ANALYZER         INDIANA               	couplings   : no
   258.027    ANALYZER         INDIANA               verification:
   258.027    ANALYZER         INDIANA               	assuming : d ≤ 1
   258.027    ANALYZER         INDIANA               	verified : d ≤ 1
   258.027    ANALYZER         INDIANA               failing probe combinations:
   258.027    ANALYZER         INDIANA               	total : 0
   258.028    ANALYZER         INDIANA               	first : - 
   258.028    ANALYZER         INDIANA               Verified on core 12
----------------------------------------------------------------------------------------------------
   258.028    ANALYZER         INDIANA               [1;32mSUCCESS[0m


  TIME [s]    SERVICE          CONFIGURATION         INFO: ANALYSIS REPORT
----------------------------------------------------------------------------------------------------
   258.164    ANALYZER         INDIANA               module: virtual_module_11
   258.165    ANALYZER         INDIANA               model parameters:
   258.165    ANALYZER         INDIANA               	glitches    : yes
   258.165    ANALYZER         INDIANA               	transitions : no
   258.165    ANALYZER         INDIANA               	couplings   : no
   258.165    ANALYZER         INDIANA               verification:
   258.165    ANALYZER         INDIANA               	assuming : d ≤ 1
   258.165    ANALYZER         INDIANA               	verified : d ≤ 1
   258.166    ANALYZER         INDIANA               failing probe combinations:
   258.166    ANALYZER         INDIANA               	total : 0
   258.166    ANALYZER         INDIANA               	first : - 
   258.166    ANALYZER         INDIANA               Verified on core 7
----------------------------------------------------------------------------------------------------
   258.166    ANALYZER         INDIANA               [1;32mSUCCESS[0m


  TIME [s]    SERVICE          CONFIGURATION         INFO: ANALYSIS REPORT
----------------------------------------------------------------------------------------------------
   258.260    ANALYZER         INDIANA               module: virtual_module_4
   258.260    ANALYZER         INDIANA               model parameters:
   258.260    ANALYZER         INDIANA               	glitches    : yes
   258.260    ANALYZER         INDIANA               	transitions : no
   258.260    ANALYZER         INDIANA               	couplings   : no
   258.260    ANALYZER         INDIANA               verification:
   258.261    ANALYZER         INDIANA               	assuming : d ≤ 1
   258.261    ANALYZER         INDIANA               	verified : d ≤ 1
   258.261    ANALYZER         INDIANA               failing probe combinations:
   258.261    ANALYZER         INDIANA               	total : 0
   258.261    ANALYZER         INDIANA               	first : - 
   258.261    ANALYZER         INDIANA               Verified on core 6
----------------------------------------------------------------------------------------------------
   258.261    ANALYZER         INDIANA               [1;32mSUCCESS[0m


  TIME [s]    SERVICE          CONFIGURATION         INFO: ANALYSIS REPORT
----------------------------------------------------------------------------------------------------
   258.277    ANALYZER         INDIANA               module: virtual_module_2
   258.277    ANALYZER         INDIANA               model parameters:
   258.277    ANALYZER         INDIANA               	glitches    : yes
   258.277    ANALYZER         INDIANA               	transitions : no
   258.277    ANALYZER         INDIANA               	couplings   : no
   258.277    ANALYZER         INDIANA               verification:
   258.278    ANALYZER         INDIANA               	assuming : d ≤ 1
   258.278    ANALYZER         INDIANA               	verified : d ≤ 1
   258.278    ANALYZER         INDIANA               failing probe combinations:
   258.278    ANALYZER         INDIANA               	total : 0
   258.278    ANALYZER         INDIANA               	first : - 
   258.278    ANALYZER         INDIANA               Verified on core 5
----------------------------------------------------------------------------------------------------
   258.278    ANALYZER         INDIANA               [1;32mSUCCESS[0m


  TIME [s]    SERVICE          CONFIGURATION         INFO: ANALYSIS REPORT
----------------------------------------------------------------------------------------------------
   258.319    ANALYZER         INDIANA               module: virtual_module_9
   258.319    ANALYZER         INDIANA               model parameters:
   258.319    ANALYZER         INDIANA               	glitches    : yes
   258.319    ANALYZER         INDIANA               	transitions : no
   258.319    ANALYZER         INDIANA               	couplings   : no
   258.319    ANALYZER         INDIANA               verification:
   258.319    ANALYZER         INDIANA               	assuming : d ≤ 1
   258.319    ANALYZER         INDIANA               	verified : d ≤ 1
   258.319    ANALYZER         INDIANA               failing probe combinations:
   258.319    ANALYZER         INDIANA               	total : 0
   258.320    ANALYZER         INDIANA               	first : - 
   258.320    ANALYZER         INDIANA               Verified on core 15
----------------------------------------------------------------------------------------------------
   258.320    ANALYZER         INDIANA               [1;32mSUCCESS[0m


  TIME [s]    SERVICE          CONFIGURATION         INFO: ANALYSIS REPORT
----------------------------------------------------------------------------------------------------
   258.533    ANALYZER         INDIANA               module: virtual_module_10
   258.534    ANALYZER         INDIANA               model parameters:
   258.534    ANALYZER         INDIANA               	glitches    : yes
   258.534    ANALYZER         INDIANA               	transitions : no
   258.534    ANALYZER         INDIANA               	couplings   : no
   258.534    ANALYZER         INDIANA               verification:
   258.534    ANALYZER         INDIANA               	assuming : d ≤ 1
   258.535    ANALYZER         INDIANA               	verified : d ≤ 1
   258.535    ANALYZER         INDIANA               failing probe combinations:
   258.535    ANALYZER         INDIANA               	total : 0
   258.535    ANALYZER         INDIANA               	first : - 
   258.535    ANALYZER         INDIANA               Verified on core 0
----------------------------------------------------------------------------------------------------
   258.536    ANALYZER         INDIANA               [1;32mSUCCESS[0m

