----------------------------------------------------------------------------------------------------
                              INDIANA -- INDISTINGUISHABILITY ANALYSIS                              

                              INDIANA -- INDISTINGUISHABILITY ANALYSIS                              

                                      Ruhr-Universität Bochum                                      
                              Pascal Sasdrich (pascal.sasdrich@rub.de)                              
                        Jan Richter-Brockmann (jan.richter-brockmann@rub.de)                        

                                         Copyright (c) 2025                                         
                                           Pascal Sasdrich                                          
                                        Jan Richter-Brockmann                                       

                                         All rights reserved                                       
----------------------------------------------------------------------------------------------------


  TIME [s]    SERVICE          CONFIGURATION         INFO: CELL LIBRARY
----------------------------------------------------------------------------------------------------
     0.005    PARSER           CELLLIB               source: cell/nang45.txt
     0.005    PARSER           CELLLIB               Parsed cell library with 14 gate type(s). 
----------------------------------------------------------------------------------------------------
     0.005    PARSER           CELLLIB               [1;32mSUCCESS[0m


  TIME [s]    SERVICE          CONFIGURATION         INFO: DESIGN UNDER TEST
----------------------------------------------------------------------------------------------------
   116.468    PARSER           VERILOG               source: test/indistinguishability/case-studies-paper/aes/aes-single-round-hpc1-d1.v
   116.469    PARSER           VERILOG               	module(s) : 1
   116.469    PARSER           VERILOG               	gate(s)   : 20672
   116.470    PARSER           VERILOG               	 - comb.  : 11584
   116.470    PARSER           VERILOG               	 - seq.   : 9088
   116.470    PARSER           VERILOG               	wire(s)   : 22352
   116.470    PARSER           VERILOG               	pin(s)    : 71954
   116.470    PARSER           VERILOG               WARNING: detected 383 unconnected wires!
   116.470    PARSER           VERILOG               WARNING: detected 9089 unconnected pins!
----------------------------------------------------------------------------------------------------
   116.470    PARSER           VERILOG               [1;32mSUCCESS[0m


  TIME [s]    SERVICE          CONFIGURATION         INFO: ANNOTATIONS
----------------------------------------------------------------------------------------------------
   116.490    PREPROCESSOR     ANNOTATION            1 input wire was tagged as clock input.
   116.490    PREPROCESSOR     ANNOTATION            0 input wires were tagged as control inputs.
   116.490    PREPROCESSOR     ANNOTATION            WARNING: 1 wire could not be tagged as control input in the MUT.
   116.490    PREPROCESSOR     ANNOTATION            	RST
   116.491    PREPROCESSOR     ANNOTATION            1152 input wires were tagged as refresh inputs.
   116.491    PREPROCESSOR     ANNOTATION            0 output wires were tagged as error flags.
   116.491    PREPROCESSOR     ANNOTATION            0 input wires were tagged with PIIDs.
   116.491    PREPROCESSOR     ANNOTATION            768 wires were tagged with a share domain.
   116.491    PREPROCESSOR     ANNOTATION            WARNING: 3 wires could not be identified in the MUT.
   116.491    PREPROCESSOR     ANNOTATION            	ROUND_IN2
   116.491    PREPROCESSOR     ANNOTATION            	ROUND_KEY2
   116.491    PREPROCESSOR     ANNOTATION            	ROUND_OUT2
   116.491    PREPROCESSOR     ANNOTATION            768 wires were tagged with a share index.
   116.491    PREPROCESSOR     ANNOTATION            WARNING: 384 wires could not be identified in the MUT.
   116.491    PREPROCESSOR     ANNOTATION            	ROUND_IN2[0]
   116.491    PREPROCESSOR     ANNOTATION            	ROUND_IN2[1]
   116.491    PREPROCESSOR     ANNOTATION            	ROUND_IN2[2]
   116.491    PREPROCESSOR     ANNOTATION            	ROUND_IN2[3]
   116.491    PREPROCESSOR     ANNOTATION            	ROUND_IN2[4]
   116.491    PREPROCESSOR     ANNOTATION            	ROUND_IN2[5]
   116.491    PREPROCESSOR     ANNOTATION            	ROUND_IN2[6]
   116.491    PREPROCESSOR     ANNOTATION            	ROUND_IN2[7]
   116.491    PREPROCESSOR     ANNOTATION            	ROUND_IN2[8]
   116.491    PREPROCESSOR     ANNOTATION            	ROUND_IN2[9]
   116.491    PREPROCESSOR     ANNOTATION            	ROUND_IN2[10]
   116.491    PREPROCESSOR     ANNOTATION            	ROUND_IN2[11]
   116.491    PREPROCESSOR     ANNOTATION            	ROUND_IN2[12]
   116.491    PREPROCESSOR     ANNOTATION            	ROUND_IN2[13]
   116.491    PREPROCESSOR     ANNOTATION            	ROUND_IN2[14]
   116.491    PREPROCESSOR     ANNOTATION            	ROUND_IN2[15]
   116.491    PREPROCESSOR     ANNOTATION            	ROUND_IN2[16]
   116.491    PREPROCESSOR     ANNOTATION            	ROUND_IN2[17]
   116.491    PREPROCESSOR     ANNOTATION            	ROUND_IN2[18]
   116.491    PREPROCESSOR     ANNOTATION            	ROUND_IN2[19]
   116.491    PREPROCESSOR     ANNOTATION            	ROUND_IN2[20]
   116.491    PREPROCESSOR     ANNOTATION            	ROUND_IN2[21]
   116.491    PREPROCESSOR     ANNOTATION            	ROUND_IN2[22]
   116.491    PREPROCESSOR     ANNOTATION            	ROUND_IN2[23]
   116.491    PREPROCESSOR     ANNOTATION            	ROUND_IN2[24]
   116.491    PREPROCESSOR     ANNOTATION            	ROUND_IN2[25]
   116.491    PREPROCESSOR     ANNOTATION            	ROUND_IN2[26]
   116.491    PREPROCESSOR     ANNOTATION            	ROUND_IN2[27]
   116.491    PREPROCESSOR     ANNOTATION            	ROUND_IN2[28]
   116.491    PREPROCESSOR     ANNOTATION            	ROUND_IN2[29]
   116.491    PREPROCESSOR     ANNOTATION            	ROUND_IN2[30]
   116.491    PREPROCESSOR     ANNOTATION            	ROUND_IN2[31]
   116.491    PREPROCESSOR     ANNOTATION            	ROUND_IN2[32]
   116.491    PREPROCESSOR     ANNOTATION            	ROUND_IN2[33]
   116.491    PREPROCESSOR     ANNOTATION            	ROUND_IN2[34]
   116.491    PREPROCESSOR     ANNOTATION            	ROUND_IN2[35]
   116.491    PREPROCESSOR     ANNOTATION            	ROUND_IN2[36]
   116.491    PREPROCESSOR     ANNOTATION            	ROUND_IN2[37]
   116.491    PREPROCESSOR     ANNOTATION            	ROUND_IN2[38]
   116.491    PREPROCESSOR     ANNOTATION            	ROUND_IN2[39]
   116.491    PREPROCESSOR     ANNOTATION            	ROUND_IN2[40]
   116.491    PREPROCESSOR     ANNOTATION            	ROUND_IN2[41]
   116.491    PREPROCESSOR     ANNOTATION            	ROUND_IN2[42]
   116.491    PREPROCESSOR     ANNOTATION            	ROUND_IN2[43]
   116.491    PREPROCESSOR     ANNOTATION            	ROUND_IN2[44]
   116.491    PREPROCESSOR     ANNOTATION            	ROUND_IN2[45]
   116.491    PREPROCESSOR     ANNOTATION            	ROUND_IN2[46]
   116.491    PREPROCESSOR     ANNOTATION            	ROUND_IN2[47]
   116.491    PREPROCESSOR     ANNOTATION            	ROUND_IN2[48]
   116.491    PREPROCESSOR     ANNOTATION            	ROUND_IN2[49]
   116.491    PREPROCESSOR     ANNOTATION            	ROUND_IN2[50]
   116.491    PREPROCESSOR     ANNOTATION            	ROUND_IN2[51]
   116.491    PREPROCESSOR     ANNOTATION            	ROUND_IN2[52]
   116.491    PREPROCESSOR     ANNOTATION            	ROUND_IN2[53]
   116.491    PREPROCESSOR     ANNOTATION            	ROUND_IN2[54]
   116.491    PREPROCESSOR     ANNOTATION            	ROUND_IN2[55]
   116.491    PREPROCESSOR     ANNOTATION            	ROUND_IN2[56]
   116.491    PREPROCESSOR     ANNOTATION            	ROUND_IN2[57]
   116.491    PREPROCESSOR     ANNOTATION            	ROUND_IN2[58]
   116.491    PREPROCESSOR     ANNOTATION            	ROUND_IN2[59]
   116.491    PREPROCESSOR     ANNOTATION            	ROUND_IN2[60]
   116.491    PREPROCESSOR     ANNOTATION            	ROUND_IN2[61]
   116.491    PREPROCESSOR     ANNOTATION            	ROUND_IN2[62]
   116.491    PREPROCESSOR     ANNOTATION            	ROUND_IN2[63]
   116.491    PREPROCESSOR     ANNOTATION            	ROUND_IN2[64]
   116.491    PREPROCESSOR     ANNOTATION            	ROUND_IN2[65]
   116.491    PREPROCESSOR     ANNOTATION            	ROUND_IN2[66]
   116.491    PREPROCESSOR     ANNOTATION            	ROUND_IN2[67]
   116.491    PREPROCESSOR     ANNOTATION            	ROUND_IN2[68]
   116.491    PREPROCESSOR     ANNOTATION            	ROUND_IN2[69]
   116.491    PREPROCESSOR     ANNOTATION            	ROUND_IN2[70]
   116.491    PREPROCESSOR     ANNOTATION            	ROUND_IN2[71]
   116.491    PREPROCESSOR     ANNOTATION            	ROUND_IN2[72]
   116.491    PREPROCESSOR     ANNOTATION            	ROUND_IN2[73]
   116.491    PREPROCESSOR     ANNOTATION            	ROUND_IN2[74]
   116.491    PREPROCESSOR     ANNOTATION            	ROUND_IN2[75]
   116.491    PREPROCESSOR     ANNOTATION            	ROUND_IN2[76]
   116.491    PREPROCESSOR     ANNOTATION            	ROUND_IN2[77]
   116.491    PREPROCESSOR     ANNOTATION            	ROUND_IN2[78]
   116.491    PREPROCESSOR     ANNOTATION            	ROUND_IN2[79]
   116.491    PREPROCESSOR     ANNOTATION            	ROUND_IN2[80]
   116.491    PREPROCESSOR     ANNOTATION            	ROUND_IN2[81]
   116.491    PREPROCESSOR     ANNOTATION            	ROUND_IN2[82]
   116.491    PREPROCESSOR     ANNOTATION            	ROUND_IN2[83]
   116.491    PREPROCESSOR     ANNOTATION            	ROUND_IN2[84]
   116.491    PREPROCESSOR     ANNOTATION            	ROUND_IN2[85]
   116.491    PREPROCESSOR     ANNOTATION            	ROUND_IN2[86]
   116.491    PREPROCESSOR     ANNOTATION            	ROUND_IN2[87]
   116.491    PREPROCESSOR     ANNOTATION            	ROUND_IN2[88]
   116.491    PREPROCESSOR     ANNOTATION            	ROUND_IN2[89]
   116.491    PREPROCESSOR     ANNOTATION            	ROUND_IN2[90]
   116.491    PREPROCESSOR     ANNOTATION            	ROUND_IN2[91]
   116.492    PREPROCESSOR     ANNOTATION            	ROUND_IN2[92]
   116.492    PREPROCESSOR     ANNOTATION            	ROUND_IN2[93]
   116.492    PREPROCESSOR     ANNOTATION            	ROUND_IN2[94]
   116.492    PREPROCESSOR     ANNOTATION            	ROUND_IN2[95]
   116.492    PREPROCESSOR     ANNOTATION            	ROUND_IN2[96]
   116.492    PREPROCESSOR     ANNOTATION            	ROUND_IN2[97]
   116.492    PREPROCESSOR     ANNOTATION            	ROUND_IN2[98]
   116.492    PREPROCESSOR     ANNOTATION            	ROUND_IN2[99]
   116.492    PREPROCESSOR     ANNOTATION            	ROUND_IN2[100]
   116.492    PREPROCESSOR     ANNOTATION            	ROUND_IN2[101]
   116.492    PREPROCESSOR     ANNOTATION            	ROUND_IN2[102]
   116.492    PREPROCESSOR     ANNOTATION            	ROUND_IN2[103]
   116.492    PREPROCESSOR     ANNOTATION            	ROUND_IN2[104]
   116.492    PREPROCESSOR     ANNOTATION            	ROUND_IN2[105]
   116.492    PREPROCESSOR     ANNOTATION            	ROUND_IN2[106]
   116.492    PREPROCESSOR     ANNOTATION            	ROUND_IN2[107]
   116.492    PREPROCESSOR     ANNOTATION            	ROUND_IN2[108]
   116.492    PREPROCESSOR     ANNOTATION            	ROUND_IN2[109]
   116.492    PREPROCESSOR     ANNOTATION            	ROUND_IN2[110]
   116.492    PREPROCESSOR     ANNOTATION            	ROUND_IN2[111]
   116.492    PREPROCESSOR     ANNOTATION            	ROUND_IN2[112]
   116.492    PREPROCESSOR     ANNOTATION            	ROUND_IN2[113]
   116.492    PREPROCESSOR     ANNOTATION            	ROUND_IN2[114]
   116.492    PREPROCESSOR     ANNOTATION            	ROUND_IN2[115]
   116.492    PREPROCESSOR     ANNOTATION            	ROUND_IN2[116]
   116.492    PREPROCESSOR     ANNOTATION            	ROUND_IN2[117]
   116.492    PREPROCESSOR     ANNOTATION            	ROUND_IN2[118]
   116.492    PREPROCESSOR     ANNOTATION            	ROUND_IN2[119]
   116.492    PREPROCESSOR     ANNOTATION            	ROUND_IN2[120]
   116.492    PREPROCESSOR     ANNOTATION            	ROUND_IN2[121]
   116.492    PREPROCESSOR     ANNOTATION            	ROUND_IN2[122]
   116.492    PREPROCESSOR     ANNOTATION            	ROUND_IN2[123]
   116.492    PREPROCESSOR     ANNOTATION            	ROUND_IN2[124]
   116.492    PREPROCESSOR     ANNOTATION            	ROUND_IN2[125]
   116.492    PREPROCESSOR     ANNOTATION            	ROUND_IN2[126]
   116.492    PREPROCESSOR     ANNOTATION            	ROUND_IN2[127]
   116.492    PREPROCESSOR     ANNOTATION            	ROUND_KEY2[0]
   116.492    PREPROCESSOR     ANNOTATION            	ROUND_KEY2[1]
   116.492    PREPROCESSOR     ANNOTATION            	ROUND_KEY2[2]
   116.492    PREPROCESSOR     ANNOTATION            	ROUND_KEY2[3]
   116.492    PREPROCESSOR     ANNOTATION            	ROUND_KEY2[4]
   116.492    PREPROCESSOR     ANNOTATION            	ROUND_KEY2[5]
   116.492    PREPROCESSOR     ANNOTATION            	ROUND_KEY2[6]
   116.492    PREPROCESSOR     ANNOTATION            	ROUND_KEY2[7]
   116.492    PREPROCESSOR     ANNOTATION            	ROUND_KEY2[8]
   116.492    PREPROCESSOR     ANNOTATION            	ROUND_KEY2[9]
   116.492    PREPROCESSOR     ANNOTATION            	ROUND_KEY2[10]
   116.492    PREPROCESSOR     ANNOTATION            	ROUND_KEY2[11]
   116.492    PREPROCESSOR     ANNOTATION            	ROUND_KEY2[12]
   116.492    PREPROCESSOR     ANNOTATION            	ROUND_KEY2[13]
   116.492    PREPROCESSOR     ANNOTATION            	ROUND_KEY2[14]
   116.492    PREPROCESSOR     ANNOTATION            	ROUND_KEY2[15]
   116.492    PREPROCESSOR     ANNOTATION            	ROUND_KEY2[16]
   116.492    PREPROCESSOR     ANNOTATION            	ROUND_KEY2[17]
   116.492    PREPROCESSOR     ANNOTATION            	ROUND_KEY2[18]
   116.492    PREPROCESSOR     ANNOTATION            	ROUND_KEY2[19]
   116.492    PREPROCESSOR     ANNOTATION            	ROUND_KEY2[20]
   116.492    PREPROCESSOR     ANNOTATION            	ROUND_KEY2[21]
   116.492    PREPROCESSOR     ANNOTATION            	ROUND_KEY2[22]
   116.492    PREPROCESSOR     ANNOTATION            	ROUND_KEY2[23]
   116.492    PREPROCESSOR     ANNOTATION            	ROUND_KEY2[24]
   116.492    PREPROCESSOR     ANNOTATION            	ROUND_KEY2[25]
   116.492    PREPROCESSOR     ANNOTATION            	ROUND_KEY2[26]
   116.492    PREPROCESSOR     ANNOTATION            	ROUND_KEY2[27]
   116.492    PREPROCESSOR     ANNOTATION            	ROUND_KEY2[28]
   116.492    PREPROCESSOR     ANNOTATION            	ROUND_KEY2[29]
   116.492    PREPROCESSOR     ANNOTATION            	ROUND_KEY2[30]
   116.492    PREPROCESSOR     ANNOTATION            	ROUND_KEY2[31]
   116.492    PREPROCESSOR     ANNOTATION            	ROUND_KEY2[32]
   116.492    PREPROCESSOR     ANNOTATION            	ROUND_KEY2[33]
   116.492    PREPROCESSOR     ANNOTATION            	ROUND_KEY2[34]
   116.492    PREPROCESSOR     ANNOTATION            	ROUND_KEY2[35]
   116.492    PREPROCESSOR     ANNOTATION            	ROUND_KEY2[36]
   116.492    PREPROCESSOR     ANNOTATION            	ROUND_KEY2[37]
   116.492    PREPROCESSOR     ANNOTATION            	ROUND_KEY2[38]
   116.492    PREPROCESSOR     ANNOTATION            	ROUND_KEY2[39]
   116.492    PREPROCESSOR     ANNOTATION            	ROUND_KEY2[40]
   116.492    PREPROCESSOR     ANNOTATION            	ROUND_KEY2[41]
   116.492    PREPROCESSOR     ANNOTATION            	ROUND_KEY2[42]
   116.492    PREPROCESSOR     ANNOTATION            	ROUND_KEY2[43]
   116.492    PREPROCESSOR     ANNOTATION            	ROUND_KEY2[44]
   116.492    PREPROCESSOR     ANNOTATION            	ROUND_KEY2[45]
   116.492    PREPROCESSOR     ANNOTATION            	ROUND_KEY2[46]
   116.492    PREPROCESSOR     ANNOTATION            	ROUND_KEY2[47]
   116.492    PREPROCESSOR     ANNOTATION            	ROUND_KEY2[48]
   116.492    PREPROCESSOR     ANNOTATION            	ROUND_KEY2[49]
   116.492    PREPROCESSOR     ANNOTATION            	ROUND_KEY2[50]
   116.492    PREPROCESSOR     ANNOTATION            	ROUND_KEY2[51]
   116.492    PREPROCESSOR     ANNOTATION            	ROUND_KEY2[52]
   116.492    PREPROCESSOR     ANNOTATION            	ROUND_KEY2[53]
   116.492    PREPROCESSOR     ANNOTATION            	ROUND_KEY2[54]
   116.492    PREPROCESSOR     ANNOTATION            	ROUND_KEY2[55]
   116.492    PREPROCESSOR     ANNOTATION            	ROUND_KEY2[56]
   116.492    PREPROCESSOR     ANNOTATION            	ROUND_KEY2[57]
   116.492    PREPROCESSOR     ANNOTATION            	ROUND_KEY2[58]
   116.492    PREPROCESSOR     ANNOTATION            	ROUND_KEY2[59]
   116.492    PREPROCESSOR     ANNOTATION            	ROUND_KEY2[60]
   116.492    PREPROCESSOR     ANNOTATION            	ROUND_KEY2[61]
   116.492    PREPROCESSOR     ANNOTATION            	ROUND_KEY2[62]
   116.492    PREPROCESSOR     ANNOTATION            	ROUND_KEY2[63]
   116.492    PREPROCESSOR     ANNOTATION            	ROUND_KEY2[64]
   116.492    PREPROCESSOR     ANNOTATION            	ROUND_KEY2[65]
   116.492    PREPROCESSOR     ANNOTATION            	ROUND_KEY2[66]
   116.492    PREPROCESSOR     ANNOTATION            	ROUND_KEY2[67]
   116.492    PREPROCESSOR     ANNOTATION            	ROUND_KEY2[68]
   116.492    PREPROCESSOR     ANNOTATION            	ROUND_KEY2[69]
   116.493    PREPROCESSOR     ANNOTATION            	ROUND_KEY2[70]
   116.493    PREPROCESSOR     ANNOTATION            	ROUND_KEY2[71]
   116.493    PREPROCESSOR     ANNOTATION            	ROUND_KEY2[72]
   116.493    PREPROCESSOR     ANNOTATION            	ROUND_KEY2[73]
   116.493    PREPROCESSOR     ANNOTATION            	ROUND_KEY2[74]
   116.493    PREPROCESSOR     ANNOTATION            	ROUND_KEY2[75]
   116.493    PREPROCESSOR     ANNOTATION            	ROUND_KEY2[76]
   116.493    PREPROCESSOR     ANNOTATION            	ROUND_KEY2[77]
   116.493    PREPROCESSOR     ANNOTATION            	ROUND_KEY2[78]
   116.493    PREPROCESSOR     ANNOTATION            	ROUND_KEY2[79]
   116.493    PREPROCESSOR     ANNOTATION            	ROUND_KEY2[80]
   116.493    PREPROCESSOR     ANNOTATION            	ROUND_KEY2[81]
   116.493    PREPROCESSOR     ANNOTATION            	ROUND_KEY2[82]
   116.493    PREPROCESSOR     ANNOTATION            	ROUND_KEY2[83]
   116.493    PREPROCESSOR     ANNOTATION            	ROUND_KEY2[84]
   116.493    PREPROCESSOR     ANNOTATION            	ROUND_KEY2[85]
   116.493    PREPROCESSOR     ANNOTATION            	ROUND_KEY2[86]
   116.493    PREPROCESSOR     ANNOTATION            	ROUND_KEY2[87]
   116.493    PREPROCESSOR     ANNOTATION            	ROUND_KEY2[88]
   116.493    PREPROCESSOR     ANNOTATION            	ROUND_KEY2[89]
   116.493    PREPROCESSOR     ANNOTATION            	ROUND_KEY2[90]
   116.493    PREPROCESSOR     ANNOTATION            	ROUND_KEY2[91]
   116.493    PREPROCESSOR     ANNOTATION            	ROUND_KEY2[92]
   116.493    PREPROCESSOR     ANNOTATION            	ROUND_KEY2[93]
   116.493    PREPROCESSOR     ANNOTATION            	ROUND_KEY2[94]
   116.493    PREPROCESSOR     ANNOTATION            	ROUND_KEY2[95]
   116.493    PREPROCESSOR     ANNOTATION            	ROUND_KEY2[96]
   116.493    PREPROCESSOR     ANNOTATION            	ROUND_KEY2[97]
   116.493    PREPROCESSOR     ANNOTATION            	ROUND_KEY2[98]
   116.493    PREPROCESSOR     ANNOTATION            	ROUND_KEY2[99]
   116.493    PREPROCESSOR     ANNOTATION            	ROUND_KEY2[100]
   116.493    PREPROCESSOR     ANNOTATION            	ROUND_KEY2[101]
   116.493    PREPROCESSOR     ANNOTATION            	ROUND_KEY2[102]
   116.493    PREPROCESSOR     ANNOTATION            	ROUND_KEY2[103]
   116.493    PREPROCESSOR     ANNOTATION            	ROUND_KEY2[104]
   116.493    PREPROCESSOR     ANNOTATION            	ROUND_KEY2[105]
   116.493    PREPROCESSOR     ANNOTATION            	ROUND_KEY2[106]
   116.493    PREPROCESSOR     ANNOTATION            	ROUND_KEY2[107]
   116.493    PREPROCESSOR     ANNOTATION            	ROUND_KEY2[108]
   116.493    PREPROCESSOR     ANNOTATION            	ROUND_KEY2[109]
   116.493    PREPROCESSOR     ANNOTATION            	ROUND_KEY2[110]
   116.493    PREPROCESSOR     ANNOTATION            	ROUND_KEY2[111]
   116.493    PREPROCESSOR     ANNOTATION            	ROUND_KEY2[112]
   116.493    PREPROCESSOR     ANNOTATION            	ROUND_KEY2[113]
   116.493    PREPROCESSOR     ANNOTATION            	ROUND_KEY2[114]
   116.493    PREPROCESSOR     ANNOTATION            	ROUND_KEY2[115]
   116.493    PREPROCESSOR     ANNOTATION            	ROUND_KEY2[116]
   116.493    PREPROCESSOR     ANNOTATION            	ROUND_KEY2[117]
   116.493    PREPROCESSOR     ANNOTATION            	ROUND_KEY2[118]
   116.493    PREPROCESSOR     ANNOTATION            	ROUND_KEY2[119]
   116.493    PREPROCESSOR     ANNOTATION            	ROUND_KEY2[120]
   116.493    PREPROCESSOR     ANNOTATION            	ROUND_KEY2[121]
   116.493    PREPROCESSOR     ANNOTATION            	ROUND_KEY2[122]
   116.493    PREPROCESSOR     ANNOTATION            	ROUND_KEY2[123]
   116.493    PREPROCESSOR     ANNOTATION            	ROUND_KEY2[124]
   116.493    PREPROCESSOR     ANNOTATION            	ROUND_KEY2[125]
   116.493    PREPROCESSOR     ANNOTATION            	ROUND_KEY2[126]
   116.493    PREPROCESSOR     ANNOTATION            	ROUND_KEY2[127]
   116.493    PREPROCESSOR     ANNOTATION            	ROUND_OUT2[0]
   116.493    PREPROCESSOR     ANNOTATION            	ROUND_OUT2[1]
   116.493    PREPROCESSOR     ANNOTATION            	ROUND_OUT2[2]
   116.493    PREPROCESSOR     ANNOTATION            	ROUND_OUT2[3]
   116.493    PREPROCESSOR     ANNOTATION            	ROUND_OUT2[4]
   116.493    PREPROCESSOR     ANNOTATION            	ROUND_OUT2[5]
   116.493    PREPROCESSOR     ANNOTATION            	ROUND_OUT2[6]
   116.493    PREPROCESSOR     ANNOTATION            	ROUND_OUT2[7]
   116.493    PREPROCESSOR     ANNOTATION            	ROUND_OUT2[8]
   116.493    PREPROCESSOR     ANNOTATION            	ROUND_OUT2[9]
   116.493    PREPROCESSOR     ANNOTATION            	ROUND_OUT2[10]
   116.493    PREPROCESSOR     ANNOTATION            	ROUND_OUT2[11]
   116.493    PREPROCESSOR     ANNOTATION            	ROUND_OUT2[12]
   116.493    PREPROCESSOR     ANNOTATION            	ROUND_OUT2[13]
   116.493    PREPROCESSOR     ANNOTATION            	ROUND_OUT2[14]
   116.493    PREPROCESSOR     ANNOTATION            	ROUND_OUT2[15]
   116.493    PREPROCESSOR     ANNOTATION            	ROUND_OUT2[16]
   116.493    PREPROCESSOR     ANNOTATION            	ROUND_OUT2[17]
   116.493    PREPROCESSOR     ANNOTATION            	ROUND_OUT2[18]
   116.493    PREPROCESSOR     ANNOTATION            	ROUND_OUT2[19]
   116.493    PREPROCESSOR     ANNOTATION            	ROUND_OUT2[20]
   116.493    PREPROCESSOR     ANNOTATION            	ROUND_OUT2[21]
   116.493    PREPROCESSOR     ANNOTATION            	ROUND_OUT2[22]
   116.493    PREPROCESSOR     ANNOTATION            	ROUND_OUT2[23]
   116.493    PREPROCESSOR     ANNOTATION            	ROUND_OUT2[24]
   116.493    PREPROCESSOR     ANNOTATION            	ROUND_OUT2[25]
   116.493    PREPROCESSOR     ANNOTATION            	ROUND_OUT2[26]
   116.493    PREPROCESSOR     ANNOTATION            	ROUND_OUT2[27]
   116.493    PREPROCESSOR     ANNOTATION            	ROUND_OUT2[28]
   116.493    PREPROCESSOR     ANNOTATION            	ROUND_OUT2[29]
   116.493    PREPROCESSOR     ANNOTATION            	ROUND_OUT2[30]
   116.493    PREPROCESSOR     ANNOTATION            	ROUND_OUT2[31]
   116.493    PREPROCESSOR     ANNOTATION            	ROUND_OUT2[32]
   116.493    PREPROCESSOR     ANNOTATION            	ROUND_OUT2[33]
   116.493    PREPROCESSOR     ANNOTATION            	ROUND_OUT2[34]
   116.493    PREPROCESSOR     ANNOTATION            	ROUND_OUT2[35]
   116.493    PREPROCESSOR     ANNOTATION            	ROUND_OUT2[36]
   116.493    PREPROCESSOR     ANNOTATION            	ROUND_OUT2[37]
   116.493    PREPROCESSOR     ANNOTATION            	ROUND_OUT2[38]
   116.493    PREPROCESSOR     ANNOTATION            	ROUND_OUT2[39]
   116.493    PREPROCESSOR     ANNOTATION            	ROUND_OUT2[40]
   116.493    PREPROCESSOR     ANNOTATION            	ROUND_OUT2[41]
   116.493    PREPROCESSOR     ANNOTATION            	ROUND_OUT2[42]
   116.493    PREPROCESSOR     ANNOTATION            	ROUND_OUT2[43]
   116.493    PREPROCESSOR     ANNOTATION            	ROUND_OUT2[44]
   116.493    PREPROCESSOR     ANNOTATION            	ROUND_OUT2[45]
   116.493    PREPROCESSOR     ANNOTATION            	ROUND_OUT2[46]
   116.493    PREPROCESSOR     ANNOTATION            	ROUND_OUT2[47]
   116.494    PREPROCESSOR     ANNOTATION            	ROUND_OUT2[48]
   116.494    PREPROCESSOR     ANNOTATION            	ROUND_OUT2[49]
   116.494    PREPROCESSOR     ANNOTATION            	ROUND_OUT2[50]
   116.494    PREPROCESSOR     ANNOTATION            	ROUND_OUT2[51]
   116.494    PREPROCESSOR     ANNOTATION            	ROUND_OUT2[52]
   116.494    PREPROCESSOR     ANNOTATION            	ROUND_OUT2[53]
   116.494    PREPROCESSOR     ANNOTATION            	ROUND_OUT2[54]
   116.494    PREPROCESSOR     ANNOTATION            	ROUND_OUT2[55]
   116.494    PREPROCESSOR     ANNOTATION            	ROUND_OUT2[56]
   116.494    PREPROCESSOR     ANNOTATION            	ROUND_OUT2[57]
   116.494    PREPROCESSOR     ANNOTATION            	ROUND_OUT2[58]
   116.494    PREPROCESSOR     ANNOTATION            	ROUND_OUT2[59]
   116.494    PREPROCESSOR     ANNOTATION            	ROUND_OUT2[60]
   116.494    PREPROCESSOR     ANNOTATION            	ROUND_OUT2[61]
   116.494    PREPROCESSOR     ANNOTATION            	ROUND_OUT2[62]
   116.494    PREPROCESSOR     ANNOTATION            	ROUND_OUT2[63]
   116.494    PREPROCESSOR     ANNOTATION            	ROUND_OUT2[64]
   116.494    PREPROCESSOR     ANNOTATION            	ROUND_OUT2[65]
   116.494    PREPROCESSOR     ANNOTATION            	ROUND_OUT2[66]
   116.494    PREPROCESSOR     ANNOTATION            	ROUND_OUT2[67]
   116.494    PREPROCESSOR     ANNOTATION            	ROUND_OUT2[68]
   116.494    PREPROCESSOR     ANNOTATION            	ROUND_OUT2[69]
   116.494    PREPROCESSOR     ANNOTATION            	ROUND_OUT2[70]
   116.494    PREPROCESSOR     ANNOTATION            	ROUND_OUT2[71]
   116.494    PREPROCESSOR     ANNOTATION            	ROUND_OUT2[72]
   116.494    PREPROCESSOR     ANNOTATION            	ROUND_OUT2[73]
   116.494    PREPROCESSOR     ANNOTATION            	ROUND_OUT2[74]
   116.494    PREPROCESSOR     ANNOTATION            	ROUND_OUT2[75]
   116.494    PREPROCESSOR     ANNOTATION            	ROUND_OUT2[76]
   116.494    PREPROCESSOR     ANNOTATION            	ROUND_OUT2[77]
   116.494    PREPROCESSOR     ANNOTATION            	ROUND_OUT2[78]
   116.494    PREPROCESSOR     ANNOTATION            	ROUND_OUT2[79]
   116.494    PREPROCESSOR     ANNOTATION            	ROUND_OUT2[80]
   116.494    PREPROCESSOR     ANNOTATION            	ROUND_OUT2[81]
   116.494    PREPROCESSOR     ANNOTATION            	ROUND_OUT2[82]
   116.494    PREPROCESSOR     ANNOTATION            	ROUND_OUT2[83]
   116.494    PREPROCESSOR     ANNOTATION            	ROUND_OUT2[84]
   116.494    PREPROCESSOR     ANNOTATION            	ROUND_OUT2[85]
   116.494    PREPROCESSOR     ANNOTATION            	ROUND_OUT2[86]
   116.494    PREPROCESSOR     ANNOTATION            	ROUND_OUT2[87]
   116.494    PREPROCESSOR     ANNOTATION            	ROUND_OUT2[88]
   116.494    PREPROCESSOR     ANNOTATION            	ROUND_OUT2[89]
   116.494    PREPROCESSOR     ANNOTATION            	ROUND_OUT2[90]
   116.494    PREPROCESSOR     ANNOTATION            	ROUND_OUT2[91]
   116.494    PREPROCESSOR     ANNOTATION            	ROUND_OUT2[92]
   116.494    PREPROCESSOR     ANNOTATION            	ROUND_OUT2[93]
   116.494    PREPROCESSOR     ANNOTATION            	ROUND_OUT2[94]
   116.494    PREPROCESSOR     ANNOTATION            	ROUND_OUT2[95]
   116.494    PREPROCESSOR     ANNOTATION            	ROUND_OUT2[96]
   116.494    PREPROCESSOR     ANNOTATION            	ROUND_OUT2[97]
   116.494    PREPROCESSOR     ANNOTATION            	ROUND_OUT2[98]
   116.494    PREPROCESSOR     ANNOTATION            	ROUND_OUT2[99]
   116.494    PREPROCESSOR     ANNOTATION            	ROUND_OUT2[100]
   116.494    PREPROCESSOR     ANNOTATION            	ROUND_OUT2[101]
   116.494    PREPROCESSOR     ANNOTATION            	ROUND_OUT2[102]
   116.494    PREPROCESSOR     ANNOTATION            	ROUND_OUT2[103]
   116.494    PREPROCESSOR     ANNOTATION            	ROUND_OUT2[104]
   116.494    PREPROCESSOR     ANNOTATION            	ROUND_OUT2[105]
   116.494    PREPROCESSOR     ANNOTATION            	ROUND_OUT2[106]
   116.494    PREPROCESSOR     ANNOTATION            	ROUND_OUT2[107]
   116.494    PREPROCESSOR     ANNOTATION            	ROUND_OUT2[108]
   116.494    PREPROCESSOR     ANNOTATION            	ROUND_OUT2[109]
   116.494    PREPROCESSOR     ANNOTATION            	ROUND_OUT2[110]
   116.494    PREPROCESSOR     ANNOTATION            	ROUND_OUT2[111]
   116.494    PREPROCESSOR     ANNOTATION            	ROUND_OUT2[112]
   116.494    PREPROCESSOR     ANNOTATION            	ROUND_OUT2[113]
   116.494    PREPROCESSOR     ANNOTATION            	ROUND_OUT2[114]
   116.494    PREPROCESSOR     ANNOTATION            	ROUND_OUT2[115]
   116.494    PREPROCESSOR     ANNOTATION            	ROUND_OUT2[116]
   116.494    PREPROCESSOR     ANNOTATION            	ROUND_OUT2[117]
   116.494    PREPROCESSOR     ANNOTATION            	ROUND_OUT2[118]
   116.494    PREPROCESSOR     ANNOTATION            	ROUND_OUT2[119]
   116.494    PREPROCESSOR     ANNOTATION            	ROUND_OUT2[120]
   116.494    PREPROCESSOR     ANNOTATION            	ROUND_OUT2[121]
   116.494    PREPROCESSOR     ANNOTATION            	ROUND_OUT2[122]
   116.494    PREPROCESSOR     ANNOTATION            	ROUND_OUT2[123]
   116.494    PREPROCESSOR     ANNOTATION            	ROUND_OUT2[124]
   116.494    PREPROCESSOR     ANNOTATION            	ROUND_OUT2[125]
   116.494    PREPROCESSOR     ANNOTATION            	ROUND_OUT2[126]
   116.494    PREPROCESSOR     ANNOTATION            	ROUND_OUT2[127]
   116.494    PREPROCESSOR     ANNOTATION            0 wires were tagged with a fault domain.
----------------------------------------------------------------------------------------------------
   116.494    PREPROCESSOR     ANNOTATION            [1;32mSUCCESS[0m


  TIME [s]    SERVICE          CONFIGURATION         INFO: FILTERING
----------------------------------------------------------------------------------------------------
   116.511    PREPROCESSOR     FILTERING             Filtering for side-channel verification is disabled!
   116.511    PREPROCESSOR     FILTERING             Filtering for fault-injection verification is disabled!
----------------------------------------------------------------------------------------------------
   116.511    PREPROCESSOR     FILTERING             [1;32mSUCCESS[0m


  TIME [s]    SERVICE          CONFIGURATION         INFO
----------------------------------------------------------------------------------------------------
   116.511    PREPROCESSOR     MULTI-THREADING       cores: 16
   116.511    PREPROCESSOR     MULTI-THREADING       memory: 0 GB
   116.511    PREPROCESSOR     MULTI-THREADING       reordering: disabled
----------------------------------------------------------------------------------------------------
   116.511    PREPROCESSOR     MULTI-THREADING       [1;32mSUCCESS[0m


  TIME [s]    SERVICE          CONFIGURATION         INFO: MODEL POSTPROCESSING
----------------------------------------------------------------------------------------------------
   117.096    PREPROCESSOR     MODEL POSTPROCESSING  Removed clock tree from netlist (1 wire was removed).
   117.096    PREPROCESSOR     MODEL POSTPROCESSING  No control signals were found.
   117.096    PREPROCESSOR     MODEL POSTPROCESSING  Removed 9089 unconnected pins.
   117.096    PREPROCESSOR     MODEL POSTPROCESSING  Removed 15 unconnected wires.
----------------------------------------------------------------------------------------------------
   117.096    PREPROCESSOR     MODEL POSTPROCESSING  [1;32mSUCCESS[0m


  TIME [s]    SERVICE          CONFIGURATION         INFO: PROPERTIES
----------------------------------------------------------------------------------------------------
   124.920    PREPROCESSOR     MODEL PROPERTIES      Determined 256 shared inputs.
   124.920    PREPROCESSOR     MODEL PROPERTIES      	Minimum number of shares: 2
   124.920    PREPROCESSOR     MODEL PROPERTIES      Identified stage(s): 
   124.920    PREPROCESSOR     MODEL PROPERTIES      	logic    : 10
   124.920    PREPROCESSOR     MODEL PROPERTIES      	register : 9
----------------------------------------------------------------------------------------------------
   124.920    PREPROCESSOR     MODEL PROPERTIES      [1;32mSUCCESS[0m


  TIME [s]    SERVICE          CONFIGURATION         INFO: PARTITIONER
----------------------------------------------------------------------------------------------------
   133.385    PARTITIONER      BREADTH+DEPTH         Identified 148 partitions.
----------------------------------------------------------------------------------------------------
   133.385    PARTITIONER      BREADTH+DEPTH         [1;32mSUCCESS[0m


  TIME [s]    SERVICE          CONFIGURATION         INFO: Configure FIA
----------------------------------------------------------------------------------------------------
   133.385    PREPROCESSOR     FIA                   FIA preprocessor is disabled!
----------------------------------------------------------------------------------------------------
   133.385    PREPROCESSOR     FIA                   [1;32mSUCCESS[0m


  TIME [s]    SERVICE          CONFIGURATION         INFO: Configure SCA
----------------------------------------------------------------------------------------------------
   133.396    PREPROCESSOR     SCA                   Determined 9344 probe positions.
   133.396    PREPROCESSOR     SCA                   Determined 0 probe combinations.
----------------------------------------------------------------------------------------------------
   133.396    PREPROCESSOR     SCA                   [1;32mSUCCESS[0m


  TIME [s]    SERVICE          CONFIGURATION         INFO: MODULE ELABORATION
----------------------------------------------------------------------------------------------------
   133.495    PREPROCESSOR     ELABORATE             module  : virtual_module_0
   133.495    PREPROCESSOR     ELABORATE             	inputs  : 41
   133.495    PREPROCESSOR     ELABORATE             	outputs : 80
   133.495    PREPROCESSOR     ELABORATE             	wires   : 153
   133.495    PREPROCESSOR     ELABORATE             Elaborated on core 0
----------------------------------------------------------------------------------------------------
   133.495    PREPROCESSOR     ELABORATE             [1;32mSUCCESS[0m


  TIME [s]    SERVICE          CONFIGURATION         INFO: MODULE ELABORATION
----------------------------------------------------------------------------------------------------
   133.497    PREPROCESSOR     ELABORATE             module  : virtual_module_1
   133.497    PREPROCESSOR     ELABORATE             	inputs  : 41
   133.497    PREPROCESSOR     ELABORATE             	outputs : 80
   133.497    PREPROCESSOR     ELABORATE             	wires   : 153
   133.497    PREPROCESSOR     ELABORATE             Elaborated on core 0
----------------------------------------------------------------------------------------------------
   133.497    PREPROCESSOR     ELABORATE             [1;32mSUCCESS[0m


  TIME [s]    SERVICE          CONFIGURATION         INFO: MODULE ELABORATION
----------------------------------------------------------------------------------------------------
   133.499    PREPROCESSOR     ELABORATE             module  : virtual_module_2
   133.499    PREPROCESSOR     ELABORATE             	inputs  : 41
   133.499    PREPROCESSOR     ELABORATE             	outputs : 80
   133.499    PREPROCESSOR     ELABORATE             	wires   : 153
   133.499    PREPROCESSOR     ELABORATE             Elaborated on core 0
----------------------------------------------------------------------------------------------------
   133.499    PREPROCESSOR     ELABORATE             [1;32mSUCCESS[0m


  TIME [s]    SERVICE          CONFIGURATION         INFO: MODULE ELABORATION
----------------------------------------------------------------------------------------------------
   133.501    PREPROCESSOR     ELABORATE             module  : virtual_module_3
   133.501    PREPROCESSOR     ELABORATE             	inputs  : 41
   133.501    PREPROCESSOR     ELABORATE             	outputs : 80
   133.501    PREPROCESSOR     ELABORATE             	wires   : 153
   133.501    PREPROCESSOR     ELABORATE             Elaborated on core 0
----------------------------------------------------------------------------------------------------
   133.501    PREPROCESSOR     ELABORATE             [1;32mSUCCESS[0m


  TIME [s]    SERVICE          CONFIGURATION         INFO: MODULE ELABORATION
----------------------------------------------------------------------------------------------------
   133.502    PREPROCESSOR     ELABORATE             module  : virtual_module_4
   133.502    PREPROCESSOR     ELABORATE             	inputs  : 41
   133.502    PREPROCESSOR     ELABORATE             	outputs : 80
   133.502    PREPROCESSOR     ELABORATE             	wires   : 153
   133.503    PREPROCESSOR     ELABORATE             Elaborated on core 0
----------------------------------------------------------------------------------------------------
   133.503    PREPROCESSOR     ELABORATE             [1;32mSUCCESS[0m


  TIME [s]    SERVICE          CONFIGURATION         INFO: MODULE ELABORATION
----------------------------------------------------------------------------------------------------
   133.504    PREPROCESSOR     ELABORATE             module  : virtual_module_5
   133.504    PREPROCESSOR     ELABORATE             	inputs  : 41
   133.504    PREPROCESSOR     ELABORATE             	outputs : 80
   133.504    PREPROCESSOR     ELABORATE             	wires   : 153
   133.504    PREPROCESSOR     ELABORATE             Elaborated on core 0
----------------------------------------------------------------------------------------------------
   133.504    PREPROCESSOR     ELABORATE             [1;32mSUCCESS[0m


  TIME [s]    SERVICE          CONFIGURATION         INFO: MODULE ELABORATION
----------------------------------------------------------------------------------------------------
   133.506    PREPROCESSOR     ELABORATE             module  : virtual_module_6
   133.506    PREPROCESSOR     ELABORATE             	inputs  : 41
   133.506    PREPROCESSOR     ELABORATE             	outputs : 80
   133.506    PREPROCESSOR     ELABORATE             	wires   : 153
   133.506    PREPROCESSOR     ELABORATE             Elaborated on core 0
----------------------------------------------------------------------------------------------------
   133.506    PREPROCESSOR     ELABORATE             [1;32mSUCCESS[0m


  TIME [s]    SERVICE          CONFIGURATION         INFO: MODULE ELABORATION
----------------------------------------------------------------------------------------------------
   133.508    PREPROCESSOR     ELABORATE             module  : virtual_module_7
   133.508    PREPROCESSOR     ELABORATE             	inputs  : 41
   133.508    PREPROCESSOR     ELABORATE             	outputs : 80
   133.508    PREPROCESSOR     ELABORATE             	wires   : 153
   133.508    PREPROCESSOR     ELABORATE             Elaborated on core 0
----------------------------------------------------------------------------------------------------
   133.508    PREPROCESSOR     ELABORATE             [1;32mSUCCESS[0m


  TIME [s]    SERVICE          CONFIGURATION         INFO: MODULE ELABORATION
----------------------------------------------------------------------------------------------------
   133.510    PREPROCESSOR     ELABORATE             module  : virtual_module_8
   133.510    PREPROCESSOR     ELABORATE             	inputs  : 41
   133.510    PREPROCESSOR     ELABORATE             	outputs : 80
   133.510    PREPROCESSOR     ELABORATE             	wires   : 153
   133.510    PREPROCESSOR     ELABORATE             Elaborated on core 0
----------------------------------------------------------------------------------------------------
   133.510    PREPROCESSOR     ELABORATE             [1;32mSUCCESS[0m


  TIME [s]    SERVICE          CONFIGURATION         INFO: MODULE ELABORATION
----------------------------------------------------------------------------------------------------
   133.511    PREPROCESSOR     ELABORATE             module  : virtual_module_9
   133.511    PREPROCESSOR     ELABORATE             	inputs  : 41
   133.511    PREPROCESSOR     ELABORATE             	outputs : 80
   133.511    PREPROCESSOR     ELABORATE             	wires   : 153
   133.511    PREPROCESSOR     ELABORATE             Elaborated on core 0
----------------------------------------------------------------------------------------------------
   133.511    PREPROCESSOR     ELABORATE             [1;32mSUCCESS[0m


  TIME [s]    SERVICE          CONFIGURATION         INFO: MODULE ELABORATION
----------------------------------------------------------------------------------------------------
   133.513    PREPROCESSOR     ELABORATE             module  : virtual_module_10
   133.513    PREPROCESSOR     ELABORATE             	inputs  : 41
   133.513    PREPROCESSOR     ELABORATE             	outputs : 80
   133.513    PREPROCESSOR     ELABORATE             	wires   : 153
   133.513    PREPROCESSOR     ELABORATE             Elaborated on core 0
----------------------------------------------------------------------------------------------------
   133.513    PREPROCESSOR     ELABORATE             [1;32mSUCCESS[0m


  TIME [s]    SERVICE          CONFIGURATION         INFO: MODULE ELABORATION
----------------------------------------------------------------------------------------------------
   133.515    PREPROCESSOR     ELABORATE             module  : virtual_module_11
   133.515    PREPROCESSOR     ELABORATE             	inputs  : 41
   133.515    PREPROCESSOR     ELABORATE             	outputs : 80
   133.515    PREPROCESSOR     ELABORATE             	wires   : 153
   133.515    PREPROCESSOR     ELABORATE             Elaborated on core 0
----------------------------------------------------------------------------------------------------
   133.515    PREPROCESSOR     ELABORATE             [1;32mSUCCESS[0m


  TIME [s]    SERVICE          CONFIGURATION         INFO: MODULE ELABORATION
----------------------------------------------------------------------------------------------------
   133.517    PREPROCESSOR     ELABORATE             module  : virtual_module_12
   133.517    PREPROCESSOR     ELABORATE             	inputs  : 41
   133.517    PREPROCESSOR     ELABORATE             	outputs : 80
   133.517    PREPROCESSOR     ELABORATE             	wires   : 153
   133.517    PREPROCESSOR     ELABORATE             Elaborated on core 0
----------------------------------------------------------------------------------------------------
   133.517    PREPROCESSOR     ELABORATE             [1;32mSUCCESS[0m


  TIME [s]    SERVICE          CONFIGURATION         INFO: MODULE ELABORATION
----------------------------------------------------------------------------------------------------
   133.518    PREPROCESSOR     ELABORATE             module  : virtual_module_13
   133.518    PREPROCESSOR     ELABORATE             	inputs  : 41
   133.518    PREPROCESSOR     ELABORATE             	outputs : 80
   133.518    PREPROCESSOR     ELABORATE             	wires   : 153
   133.518    PREPROCESSOR     ELABORATE             Elaborated on core 0
----------------------------------------------------------------------------------------------------
   133.518    PREPROCESSOR     ELABORATE             [1;32mSUCCESS[0m


  TIME [s]    SERVICE          CONFIGURATION         INFO: MODULE ELABORATION
----------------------------------------------------------------------------------------------------
   133.520    PREPROCESSOR     ELABORATE             module  : virtual_module_14
   133.520    PREPROCESSOR     ELABORATE             	inputs  : 41
   133.520    PREPROCESSOR     ELABORATE             	outputs : 80
   133.520    PREPROCESSOR     ELABORATE             	wires   : 153
   133.520    PREPROCESSOR     ELABORATE             Elaborated on core 0
----------------------------------------------------------------------------------------------------
   133.520    PREPROCESSOR     ELABORATE             [1;32mSUCCESS[0m


  TIME [s]    SERVICE          CONFIGURATION         INFO: MODULE ELABORATION
----------------------------------------------------------------------------------------------------
   133.522    PREPROCESSOR     ELABORATE             module  : virtual_module_15
   133.522    PREPROCESSOR     ELABORATE             	inputs  : 41
   133.522    PREPROCESSOR     ELABORATE             	outputs : 80
   133.522    PREPROCESSOR     ELABORATE             	wires   : 153
   133.522    PREPROCESSOR     ELABORATE             Elaborated on core 0
----------------------------------------------------------------------------------------------------
   133.522    PREPROCESSOR     ELABORATE             [1;32mSUCCESS[0m


  TIME [s]    SERVICE          CONFIGURATION         INFO: ANALYSIS REPORT
----------------------------------------------------------------------------------------------------
   141.490    ANALYZER         INDIANA               module: virtual_module_10
   141.490    ANALYZER         INDIANA               model parameters:
   141.491    ANALYZER         INDIANA               	glitches    : yes
   141.491    ANALYZER         INDIANA               	transitions : no
   141.491    ANALYZER         INDIANA               	couplings   : no
   141.491    ANALYZER         INDIANA               verification:
   141.492    ANALYZER         INDIANA               	assuming : d ≤ 1
   141.492    ANALYZER         INDIANA               	verified : d ≤ 1
   141.492    ANALYZER         INDIANA               failing probe combinations:
   141.492    ANALYZER         INDIANA               	total : 0
   141.493    ANALYZER         INDIANA               	first : - 
   141.493    ANALYZER         INDIANA               Verified on core 0
----------------------------------------------------------------------------------------------------
   141.493    ANALYZER         INDIANA               [1;32mSUCCESS[0m


  TIME [s]    SERVICE          CONFIGURATION         INFO: ANALYSIS REPORT
----------------------------------------------------------------------------------------------------
   141.736    ANALYZER         INDIANA               module: virtual_module_7
   141.736    ANALYZER         INDIANA               model parameters:
   141.736    ANALYZER         INDIANA               	glitches    : yes
   141.737    ANALYZER         INDIANA               	transitions : no
   141.737    ANALYZER         INDIANA               	couplings   : no
   141.737    ANALYZER         INDIANA               verification:
   141.737    ANALYZER         INDIANA               	assuming : d ≤ 1
   141.738    ANALYZER         INDIANA               	verified : d ≤ 1
   141.738    ANALYZER         INDIANA               failing probe combinations:
   141.738    ANALYZER         INDIANA               	total : 0
   141.738    ANALYZER         INDIANA               	first : - 
   141.739    ANALYZER         INDIANA               Verified on core 8
----------------------------------------------------------------------------------------------------
   141.739    ANALYZER         INDIANA               [1;32mSUCCESS[0m


  TIME [s]    SERVICE          CONFIGURATION         INFO: ANALYSIS REPORT
----------------------------------------------------------------------------------------------------
   141.802    ANALYZER         INDIANA               module: virtual_module_15
   141.802    ANALYZER         INDIANA               model parameters:
   141.802    ANALYZER         INDIANA               	glitches    : yes
   141.802    ANALYZER         INDIANA               	transitions : no
   141.803    ANALYZER         INDIANA               	couplings   : no
   141.803    ANALYZER         INDIANA               verification:
   141.803    ANALYZER         INDIANA               	assuming : d ≤ 1
   141.803    ANALYZER         INDIANA               	verified : d ≤ 1
   141.803    ANALYZER         INDIANA               failing probe combinations:
   141.804    ANALYZER         INDIANA               	total : 0
   141.804    ANALYZER         INDIANA               	first : - 
   141.804    ANALYZER         INDIANA               Verified on core 1
----------------------------------------------------------------------------------------------------
   141.805    ANALYZER         INDIANA               [1;32mSUCCESS[0m


  TIME [s]    SERVICE          CONFIGURATION         INFO: ANALYSIS REPORT
----------------------------------------------------------------------------------------------------
   141.868    ANALYZER         INDIANA               module: virtual_module_13
   141.868    ANALYZER         INDIANA               model parameters:
   141.868    ANALYZER         INDIANA               	glitches    : yes
   141.868    ANALYZER         INDIANA               	transitions : no
   141.869    ANALYZER         INDIANA               	couplings   : no
   141.869    ANALYZER         INDIANA               verification:
   141.869    ANALYZER         INDIANA               	assuming : d ≤ 1
   141.869    ANALYZER         INDIANA               	verified : d ≤ 1
   141.870    ANALYZER         INDIANA               failing probe combinations:
   141.870    ANALYZER         INDIANA               	total : 0
   141.870    ANALYZER         INDIANA               	first : - 
   141.870    ANALYZER         INDIANA               Verified on core 2
----------------------------------------------------------------------------------------------------
   141.871    ANALYZER         INDIANA               [1;32mSUCCESS[0m


  TIME [s]    SERVICE          CONFIGURATION         INFO: ANALYSIS REPORT
----------------------------------------------------------------------------------------------------
   141.888    ANALYZER         INDIANA               module: virtual_module_14
   141.888    ANALYZER         INDIANA               model parameters:
   141.888    ANALYZER         INDIANA               	glitches    : yes
   141.889    ANALYZER         INDIANA               	transitions : no
   141.889    ANALYZER         INDIANA               	couplings   : no
   141.889    ANALYZER         INDIANA               verification:
   141.889    ANALYZER         INDIANA               	assuming : d ≤ 1
   141.890    ANALYZER         INDIANA               	verified : d ≤ 1
   141.890    ANALYZER         INDIANA               failing probe combinations:
   141.890    ANALYZER         INDIANA               	total : 0
   141.890    ANALYZER         INDIANA               	first : - 
   141.891    ANALYZER         INDIANA               Verified on core 3
----------------------------------------------------------------------------------------------------
   141.891    ANALYZER         INDIANA               [1;32mSUCCESS[0m


  TIME [s]    SERVICE          CONFIGURATION         INFO: ANALYSIS REPORT
----------------------------------------------------------------------------------------------------
   141.934    ANALYZER         INDIANA               module: virtual_module_11
   141.934    ANALYZER         INDIANA               model parameters:
   141.935    ANALYZER         INDIANA               	glitches    : yes
   141.935    ANALYZER         INDIANA               	transitions : no
   141.935    ANALYZER         INDIANA               	couplings   : no
   141.935    ANALYZER         INDIANA               verification:
   141.935    ANALYZER         INDIANA               	assuming : d ≤ 1
   141.936    ANALYZER         INDIANA               	verified : d ≤ 1
   141.936    ANALYZER         INDIANA               failing probe combinations:
   141.936    ANALYZER         INDIANA               	total : 0
   141.936    ANALYZER         INDIANA               	first : - 
   141.936    ANALYZER         INDIANA               Verified on core 13
----------------------------------------------------------------------------------------------------
   141.937    ANALYZER         INDIANA               [1;32mSUCCESS[0m


  TIME [s]    SERVICE          CONFIGURATION         INFO: ANALYSIS REPORT
----------------------------------------------------------------------------------------------------
   141.941    ANALYZER         INDIANA               module: virtual_module_8
   141.941    ANALYZER         INDIANA               model parameters:
   141.941    ANALYZER         INDIANA               	glitches    : yes
   141.942    ANALYZER         INDIANA               	transitions : no
   141.942    ANALYZER         INDIANA               	couplings   : no
   141.942    ANALYZER         INDIANA               verification:
   141.942    ANALYZER         INDIANA               	assuming : d ≤ 1
   141.942    ANALYZER         INDIANA               	verified : d ≤ 1
   141.943    ANALYZER         INDIANA               failing probe combinations:
   141.943    ANALYZER         INDIANA               	total : 0
   141.943    ANALYZER         INDIANA               	first : - 
   141.943    ANALYZER         INDIANA               Verified on core 12
----------------------------------------------------------------------------------------------------
   141.944    ANALYZER         INDIANA               [1;32mSUCCESS[0m


  TIME [s]    SERVICE          CONFIGURATION         INFO: ANALYSIS REPORT
----------------------------------------------------------------------------------------------------
   141.963    ANALYZER         INDIANA               module: virtual_module_9
   141.963    ANALYZER         INDIANA               model parameters:
   141.964    ANALYZER         INDIANA               	glitches    : yes
   141.964    ANALYZER         INDIANA               	transitions : no
   141.964    ANALYZER         INDIANA               	couplings   : no
   141.964    ANALYZER         INDIANA               verification:
   141.964    ANALYZER         INDIANA               	assuming : d ≤ 1
   141.964    ANALYZER         INDIANA               	verified : d ≤ 1
   141.964    ANALYZER         INDIANA               failing probe combinations:
   141.965    ANALYZER         INDIANA               	total : 0
   141.965    ANALYZER         INDIANA               	first : - 
   141.965    ANALYZER         INDIANA               Verified on core 7
----------------------------------------------------------------------------------------------------
   141.965    ANALYZER         INDIANA               [1;32mSUCCESS[0m


  TIME [s]    SERVICE          CONFIGURATION         INFO: ANALYSIS REPORT
----------------------------------------------------------------------------------------------------
   141.965    ANALYZER         INDIANA               module: virtual_module_12
   141.966    ANALYZER         INDIANA               model parameters:
   141.966    ANALYZER         INDIANA               	glitches    : yes
   141.966    ANALYZER         INDIANA               	transitions : no
   141.966    ANALYZER         INDIANA               	couplings   : no
   141.966    ANALYZER         INDIANA               verification:
   141.966    ANALYZER         INDIANA               	assuming : d ≤ 1
   141.966    ANALYZER         INDIANA               	verified : d ≤ 1
   141.966    ANALYZER         INDIANA               failing probe combinations:
   141.966    ANALYZER         INDIANA               	total : 0
   141.966    ANALYZER         INDIANA               	first : - 
   141.966    ANALYZER         INDIANA               Verified on core 14
----------------------------------------------------------------------------------------------------
   141.967    ANALYZER         INDIANA               [1;32mSUCCESS[0m


  TIME [s]    SERVICE          CONFIGURATION         INFO: ANALYSIS REPORT
----------------------------------------------------------------------------------------------------
   142.006    ANALYZER         INDIANA               module: virtual_module_6
   142.006    ANALYZER         INDIANA               model parameters:
   142.006    ANALYZER         INDIANA               	glitches    : yes
   142.006    ANALYZER         INDIANA               	transitions : no
   142.006    ANALYZER         INDIANA               	couplings   : no
   142.006    ANALYZER         INDIANA               verification:
   142.006    ANALYZER         INDIANA               	assuming : d ≤ 1
   142.006    ANALYZER         INDIANA               	verified : d ≤ 1
   142.006    ANALYZER         INDIANA               failing probe combinations:
   142.006    ANALYZER         INDIANA               	total : 0
   142.006    ANALYZER         INDIANA               	first : - 
   142.006    ANALYZER         INDIANA               Verified on core 6
----------------------------------------------------------------------------------------------------
   142.006    ANALYZER         INDIANA               [1;32mSUCCESS[0m


  TIME [s]    SERVICE          CONFIGURATION         INFO: ANALYSIS REPORT
----------------------------------------------------------------------------------------------------
   152.472    ANALYZER         INDIANA               module: virtual_module_0
   152.473    ANALYZER         INDIANA               model parameters:
   152.473    ANALYZER         INDIANA               	glitches    : yes
   152.473    ANALYZER         INDIANA               	transitions : no
   152.473    ANALYZER         INDIANA               	couplings   : no
   152.473    ANALYZER         INDIANA               verification:
   152.474    ANALYZER         INDIANA               	assuming : d ≤ 1
   152.474    ANALYZER         INDIANA               	verified : d ≤ 1
   152.474    ANALYZER         INDIANA               failing probe combinations:
   152.474    ANALYZER         INDIANA               	total : 0
   152.474    ANALYZER         INDIANA               	first : - 
   152.475    ANALYZER         INDIANA               Verified on core 11
----------------------------------------------------------------------------------------------------
   152.475    ANALYZER         INDIANA               [1;32mSUCCESS[0m


  TIME [s]    SERVICE          CONFIGURATION         INFO: ANALYSIS REPORT
----------------------------------------------------------------------------------------------------
   152.661    ANALYZER         INDIANA               module: virtual_module_1
   152.661    ANALYZER         INDIANA               model parameters:
   152.662    ANALYZER         INDIANA               	glitches    : yes
   152.662    ANALYZER         INDIANA               	transitions : no
   152.662    ANALYZER         INDIANA               	couplings   : no
   152.662    ANALYZER         INDIANA               verification:
   152.663    ANALYZER         INDIANA               	assuming : d ≤ 1
   152.663    ANALYZER         INDIANA               	verified : d ≤ 1
   152.663    ANALYZER         INDIANA               failing probe combinations:
   152.664    ANALYZER         INDIANA               	total : 0
   152.664    ANALYZER         INDIANA               	first : - 
   152.664    ANALYZER         INDIANA               Verified on core 15
----------------------------------------------------------------------------------------------------
   152.665    ANALYZER         INDIANA               [1;32mSUCCESS[0m


  TIME [s]    SERVICE          CONFIGURATION         INFO: ANALYSIS REPORT
----------------------------------------------------------------------------------------------------
   152.675    ANALYZER         INDIANA               module: virtual_module_4
   152.675    ANALYZER         INDIANA               model parameters:
   152.675    ANALYZER         INDIANA               	glitches    : yes
   152.675    ANALYZER         INDIANA               	transitions : no
   152.675    ANALYZER         INDIANA               	couplings   : no
   152.675    ANALYZER         INDIANA               verification:
   152.676    ANALYZER         INDIANA               	assuming : d ≤ 1
   152.676    ANALYZER         INDIANA               	verified : d ≤ 1
   152.676    ANALYZER         INDIANA               failing probe combinations:
   152.676    ANALYZER         INDIANA               	total : 0
   152.676    ANALYZER         INDIANA               	first : - 
   152.677    ANALYZER         INDIANA               Verified on core 10
----------------------------------------------------------------------------------------------------
   152.677    ANALYZER         INDIANA               [1;32mSUCCESS[0m


  TIME [s]    SERVICE          CONFIGURATION         INFO: ANALYSIS REPORT
----------------------------------------------------------------------------------------------------
   152.745    ANALYZER         INDIANA               module: virtual_module_3
   152.745    ANALYZER         INDIANA               model parameters:
   152.745    ANALYZER         INDIANA               	glitches    : yes
   152.745    ANALYZER         INDIANA               	transitions : no
   152.745    ANALYZER         INDIANA               	couplings   : no
   152.746    ANALYZER         INDIANA               verification:
   152.746    ANALYZER         INDIANA               	assuming : d ≤ 1
   152.746    ANALYZER         INDIANA               	verified : d ≤ 1
   152.746    ANALYZER         INDIANA               failing probe combinations:
   152.747    ANALYZER         INDIANA               	total : 0
   152.747    ANALYZER         INDIANA               	first : - 
   152.747    ANALYZER         INDIANA               Verified on core 9
----------------------------------------------------------------------------------------------------
   152.748    ANALYZER         INDIANA               [1;32mSUCCESS[0m


  TIME [s]    SERVICE          CONFIGURATION         INFO: ANALYSIS REPORT
----------------------------------------------------------------------------------------------------
   152.831    ANALYZER         INDIANA               module: virtual_module_2
   152.832    ANALYZER         INDIANA               model parameters:
   152.832    ANALYZER         INDIANA               	glitches    : yes
   152.832    ANALYZER         INDIANA               	transitions : no
   152.833    ANALYZER         INDIANA               	couplings   : no
   152.833    ANALYZER         INDIANA               verification:
   152.833    ANALYZER         INDIANA               	assuming : d ≤ 1
   152.833    ANALYZER         INDIANA               	verified : d ≤ 1
   152.834    ANALYZER         INDIANA               failing probe combinations:
   152.834    ANALYZER         INDIANA               	total : 0
   152.834    ANALYZER         INDIANA               	first : - 
   152.834    ANALYZER         INDIANA               Verified on core 5
----------------------------------------------------------------------------------------------------
   152.835    ANALYZER         INDIANA               [1;32mSUCCESS[0m


  TIME [s]    SERVICE          CONFIGURATION         INFO: ANALYSIS REPORT
----------------------------------------------------------------------------------------------------
   153.052    ANALYZER         INDIANA               module: virtual_module_5
   153.052    ANALYZER         INDIANA               model parameters:
   153.052    ANALYZER         INDIANA               	glitches    : yes
   153.053    ANALYZER         INDIANA               	transitions : no
   153.053    ANALYZER         INDIANA               	couplings   : no
   153.053    ANALYZER         INDIANA               verification:
   153.054    ANALYZER         INDIANA               	assuming : d ≤ 1
   153.054    ANALYZER         INDIANA               	verified : d ≤ 1
   153.054    ANALYZER         INDIANA               failing probe combinations:
   153.054    ANALYZER         INDIANA               	total : 0
   153.055    ANALYZER         INDIANA               	first : - 
   153.055    ANALYZER         INDIANA               Verified on core 4
----------------------------------------------------------------------------------------------------
   153.055    ANALYZER         INDIANA               [1;32mSUCCESS[0m

